
> student-management-frontend@1.17.7 pretest
> node ../tools/enforce-vitest-policy.cjs


> student-management-frontend@1.17.7 test
> vitest


[1m[44m DEV [49m[22m [34mv4.0.16 [39m[90mD:/SMS/student-management-system/frontend[39m

stderr | src/features/students/components/AddStudentModal.test.tsx
[i18n] Search translation keys loaded: 6 keys

stderr | src/features/export-admin/__tests__/SupportingComponents.test.tsx
[i18n] Search translation keys loaded: 6 keys

stderr | src/features/export-admin/__tests__/ExportDashboard.test.tsx
[i18n] Search translation keys loaded: 6 keys

stderr | src/features/export-admin/__tests__/ExportAdmin.integration.test.tsx
[i18n] Search translation keys loaded: 6 keys

 [31mÎ­Î¶Ïˆ[39m src/features/export-admin/__tests__/ExportDashboard.test.tsx [2m([22m[2m10 tests[22m[2m | [22m[31m10 failed[39m[2m)[22m[32m 35[2mms[22m[39m
[31m     [31mâ”œÎ©[31m renders dashboard title and description[39m[32m 16[2mms[22m[39m
[31m     [31mâ”œÎ©[31m renders refresh button[39m[32m 2[2mms[22m[39m
[31m     [31mâ”œÎ©[31m displays quick stats cards[39m[32m 2[2mms[22m[39m
[31m     [31mâ”œÎ©[31m renders all 6 tab triggers[39m[32m 2[2mms[22m[39m
[31m     [31mâ”œÎ©[31m shows ExportJobList by default (jobs tab)[39m[32m 2[2mms[22m[39m
[31m     [31mâ”œÎ©[31m switches to schedules tab on click[39m[32m 3[2mms[22m[39m
[31m     [31mâ”œÎ©[31m switches to metrics tab on click[39m[32m 2[2mms[22m[39m
[31m     [31mâ”œÎ©[31m switches to settings tab on click[39m[32m 2[2mms[22m[39m
[31m     [31mâ”œÎ©[31m calls onRefresh when refresh button clicked[39m[32m 2[2mms[22m[39m
[31m     [31mâ”œÎ©[31m displays error alert when jobs fail to load[39m[32m 2[2mms[22m[39m
 [31mÎ­Î¶Ïˆ[39m src/features/export-admin/__tests__/SupportingComponents.test.tsx [2m([22m[2m19 tests[22m[2m | [22m[31m1 failed[39m[2m)[22m[33m 661[2mms[22m[39m
     [32mÎ­ÎµÎ¥[39m renders email configuration title[32m 40[2mms[22m[39m
     [32mÎ­ÎµÎ¥[39m renders all SMTP form fields[32m 9[2mms[22m[39m
     [32mÎ­ÎµÎ¥[39m renders save and test buttons[32m 123[2mms[22m[39m
     [32mÎ­ÎµÎ¥[39m allows input in form fields[32m 248[2mms[22m[39m
     [32mÎ­ÎµÎ¥[39m renders settings title[32m 5[2mms[22m[39m
     [32mÎ­ÎµÎ¥[39m renders all settings fields with hints[32m 41[2mms[22m[39m
     [32mÎ­ÎµÎ¥[39m renders save settings button[32m 17[2mms[22m[39m
     [32mÎ­ÎµÎ¥[39m accepts numeric input in settings fields[32m 45[2mms[22m[39m
     [32mÎ­ÎµÎ¥[39m renders modal when open with job data[32m 19[2mms[22m[39m
     [32mÎ­ÎµÎ¥[39m displays job details correctly[32m 6[2mms[22m[39m
     [32mÎ­ÎµÎ¥[39m displays progress bar with correct percentage[32m 6[2mms[22m[39m
     [32mÎ­ÎµÎ¥[39m calls onClose when close button clicked[32m 60[2mms[22m[39m
     [32mÎ­ÎµÎ¥[39m displays error section when job has error[32m 4[2mms[22m[39m
     [32mÎ­ÎµÎ¥[39m does not render when isOpen is false[32m 1[2mms[22m[39m
     [32mÎ­ÎµÎ¥[39m renders all metric cards[32m 4[2mms[22m[39m
[31m     [31mâ”œÎ©[31m displays metric values correctly[39m[32m 11[2mms[22m[39m
     [32mÎ­ÎµÎ¥[39m renders format breakdown section[32m 10[2mms[22m[39m
     [32mÎ­ÎµÎ¥[39m renders chart container[32m 6[2mms[22m[39m
     [32mÎ­ÎµÎ¥[39m displays duration trend chart[32m 5[2mms[22m[39m
 [31mÎ­Î¶Ïˆ[39m src/features/export-admin/__tests__/ExportAdmin.integration.test.tsx [2m([22m[2m5 tests[22m[2m | [22m[31m5 failed[39m[2m)[22m[32m 28[2mms[22m[39m
[31m     [31mâ”œÎ©[31m renders dashboard with jobs tab[39m[32m 17[2mms[22m[39m
[31m     [31mâ”œÎ©[31m switches to schedules tab[39m[32m 3[2mms[22m[39m
[31m     [31mâ”œÎ©[31m displays job details correctly[39m[32m 2[2mms[22m[39m
[31m     [31mâ”œÎ©[31m allows deleting a job[39m[32m 2[2mms[22m[39m
[31m     [31mâ”œÎ©[31m filters job list with search[39m[32m 2[2mms[22m[39m
stderr | src/features/students/components/EditStudentModal.test.tsx
[i18n] Search translation keys loaded: 6 keys

stderr | src/features/courses/components/AddCourseModal.test.tsx
[i18n] Search translation keys loaded: 6 keys

stderr | src/components/__tests__/SavedSearches.test.tsx
[i18n] Search translation keys loaded: 6 keys

stderr | src/components/__tests__/SavedSearches.test.tsx > SavedSearches Component > Saving Searches > should limit to 10 saved searches per type
Each child in a list should have a unique "key" prop.

Check the render method of `SavedSearches`. See https://react.dev/link/warning-keys for more information.

stderr | src/components/__tests__/SavedSearches.test.tsx > SavedSearches Component > Error Handling > should handle corrupted localStorage
Error loading saved searches: SyntaxError: Unexpected token 'i', "invalid json" is not valid JSON
    at JSON.parse (<anonymous>)
    at D:/SMS/student-management-system/frontend/src/components/SavedSearches.tsx:75:29
    at D:/SMS/student-management-system/frontend/src/components/SavedSearches.tsx:110:5
    at Object.react_stack_bottom_frame (D:\SMS\student-management-system\frontend\node_modules\react-dom\cjs\react-dom-client.development.js:25989:20)
    at runWithFiberInDEV (D:\SMS\student-management-system\frontend\node_modules\react-dom\cjs\react-dom-client.development.js:874:13)
    at commitHookEffectListMount (D:\SMS\student-management-system\frontend\node_modules\react-dom\cjs\react-dom-client.development.js:13249:29)
    at commitHookPassiveMountEffects (D:\SMS\student-management-system\frontend\node_modules\react-dom\cjs\react-dom-client.development.js:13336:11)
    at commitPassiveMountOnFiber (D:\SMS\student-management-system\frontend\node_modules\react-dom\cjs\react-dom-client.development.js:15484:13)
    at recursivelyTraversePassiveMountEffects (D:\SMS\student-management-system\frontend\node_modules\react-dom\cjs\react-dom-client.development.js:15439:11)
    at commitPassiveMountOnFiber (D:\SMS\student-management-system\frontend\node_modules\react-dom\cjs\react-dom-client.development.js:15718:11)

stderr | src/components/__tests__/SavedSearches.test.tsx > SavedSearches Component > Error Handling > should show error message if save fails
Error saving search: Error: Storage full
    at Object.<anonymous> (D:/SMS/student-management-system/frontend/src/components/__tests__/SavedSearches.test.tsx:551:15)
    at Object.Mock [as setItem] (file:///D:/SMS/student-management-system/frontend/node_modules/@vitest/spy/dist/index.js:285:34)
    at handleSaveSearch (D:/SMS/student-management-system/frontend/src/components/SavedSearches.tsx:155:20)
    at executeDispatch (D:\SMS\student-management-system\frontend\node_modules\react-dom\cjs\react-dom-client.development.js:19116:9)
    at runWithFiberInDEV (D:\SMS\student-management-system\frontend\node_modules\react-dom\cjs\react-dom-client.development.js:874:13)
    at processDispatchQueue (D:\SMS\student-management-system\frontend\node_modules\react-dom\cjs\react-dom-client.development.js:19166:19)
    at D:\SMS\student-management-system\frontend\node_modules\react-dom\cjs\react-dom-client.development.js:19767:9
    at batchedUpdates$1 (D:\SMS\student-management-system\frontend\node_modules\react-dom\cjs\react-dom-client.development.js:3255:40)
    at dispatchEventForPluginEventSystem (D:\SMS\student-management-system\frontend\node_modules\react-dom\cjs\react-dom-client.development.js:19320:7)
    at dispatchEvent (D:\SMS\student-management-system\frontend\node_modules\react-dom\cjs\react-dom-client.development.js:23585:11)

 [32mÎ­ÎµÎ¥[39m src/features/students/components/EditStudentModal.test.tsx [2m([22m[2m24 tests[22m[2m)[22m[33m 5117[2mms[22m[39m
       [33m[2mÎ­ÎµÎ¥[22m[39m allows editing all text fields [33m 311[2mms[22m[39m
       [33m[2mÎ­ÎµÎ¥[22m[39m shows validation error for invalid email format (schema validation) [33m 360[2mms[22m[39m
       [33m[2mÎ­ÎµÎ¥[22m[39m validates phone number max length [33m 506[2mms[22m[39m
       [33m[2mÎ­ÎµÎ¥[22m[39m converts email to lowercase on submission [33m 450[2mms[22m[39m
       [33m[2mÎ­ÎµÎ¥[22m[39m calls onUpdate with modified student data [33m 384[2mms[22m[39m
       [33m[2mÎ­ÎµÎ¥[22m[39m updates phone and mobile_phone together [33m 308[2mms[22m[39m
       [33m[2mÎ­ÎµÎ¥[22m[39m handles submission with all fields modified [33m 975[2mms[22m[39m
       [33m[2mÎ­ÎµÎ¥[22m[39m handles special characters in name fields [33m 545[2mms[22m[39m
 [32mÎ­ÎµÎ¥[39m src/features/courses/components/AddCourseModal.test.tsx [2m([22m[2m26 tests[22m[2m)[22m[33m 4368[2mms[22m[39m
       [33m[2mÎ­ÎµÎ¥[22m[39m allows typing in course name field [33m 527[2mms[22m[39m
       [33m[2mÎ­ÎµÎ¥[22m[39m validates course code max length [33m 921[2mms[22m[39m
       [33m[2mÎ­ÎµÎ¥[22m[39m validates credits range (0-20) [33m 542[2mms[22m[39m
       [33m[2mÎ­ÎµÎ¥[22m[39m updates semester preview when custom text is entered [33m 301[2mms[22m[39m
 [32mÎ­ÎµÎ¥[39m src/components/__tests__/SavedSearches.test.tsx [2m([22m[2m25 tests[22m[2m)[22m[33m 4286[2mms[22m[39m
       [33m[2mÎ­ÎµÎ¥[22m[39m should save search with custom name [33m 369[2mms[22m[39m
       [33m[2mÎ­ÎµÎ¥[22m[39m should prevent saving empty name [33m 339[2mms[22m[39m
       [33m[2mÎ­ÎµÎ¥[22m[39m should limit to 10 saved searches per type [33m 331[2mms[22m[39m
       [33m[2mÎ­ÎµÎ¥[22m[39m should display success message after save [33m 350[2mms[22m[39m
       [33m[2mÎ­ÎµÎ¥[22m[39m should save searches to localStorage [33m 369[2mms[22m[39m
       [33m[2mÎ­ÎµÎ¥[22m[39m should separate searches by search type [33m 798[2mms[22m[39m
       [33m[2mÎ­ÎµÎ¥[22m[39m should allow saving first search [33m 357[2mms[22m[39m
stderr | src/components/__tests__/AdvancedFilters.test.tsx
[i18n] Search translation keys loaded: 6 keys

stderr | src/components/__tests__/SearchBar.test.tsx
[i18n] Search translation keys loaded: 6 keys

stderr | src/hooks/useApiWithRecovery.test.tsx
[i18n] Search translation keys loaded: 6 keys

stderr | src/hooks/useApiWithRecovery.test.tsx > useApiWithRecovery > edge cases > should handle undefined response
Query data cannot be undefined. Please make sure to return a value other than undefined from your query function. Affected query key: ["test"]

 [32mÎ­ÎµÎ¥[39m src/hooks/useApiWithRecovery.test.tsx [2m([22m[2m25 tests[22m[2m)[22m[33m 1704[2mms[22m[39m
 [32mÎ­ÎµÎ¥[39m src/components/__tests__/AdvancedFilters.test.tsx [2m([22m[2m41 tests[22m[2m)[22m[33m 2306[2mms[22m[39m
       [33m[2mÎ­ÎµÎ¥[22m[39m should allow entering email [33m 310[2mms[22m[39m
       [33m[2mÎ­ÎµÎ¥[22m[39m should handle multiple field entries [33m 418[2mms[22m[39m
 [32mÎ­ÎµÎ¥[39m src/components/__tests__/SearchBar.test.tsx [2m([22m[2m27 tests[22m[2m)[22m[33m 2233[2mms[22m[39m
stderr | src/features/operations/components/AppearanceThemeSelector.test.tsx
[i18n] Search translation keys loaded: 6 keys

stderr | src/features/students/components/NotesSection.test.tsx
[i18n] Search translation keys loaded: 6 keys

stderr | src/features/courses/components/EditCourseModal.test.tsx
[i18n] Search translation keys loaded: 6 keys

stderr | src/features/students/components/NotesSection.test.tsx
[API Client] VITE_API_URL env var: http://localhost:8000/api/v1
[API Client] Using API_BASE_URL: /api/v1
Using Vite dev proxy for localhost API (CORS-safe): /api/v1

 [32mÎ­ÎµÎ¥[39m src/features/operations/components/AppearanceThemeSelector.test.tsx [2m([22m[2m23 tests[22m[2m)[22m[33m 1688[2mms[22m[39m
       [33m[2mÎ­ÎµÎ¥[22m[39m handles rapid theme changes [33m 341[2mms[22m[39m
 [32mÎ­ÎµÎ¥[39m src/features/courses/components/EditCourseModal.test.tsx [2m([22m[2m21 tests[22m[2m)[22m[33m 1458[2mms[22m[39m
       [33m[2mÎ­ÎµÎ¥[22m[39m allows editing course name [33m 401[2mms[22m[39m
 [32mÎ­ÎµÎ¥[39m src/features/students/components/NotesSection.test.tsx [2m([22m[2m24 tests[22m[2m)[22m[33m 1583[2mms[22m[39m
stderr | src/features/export-admin/__tests__/ExportScheduler.test.tsx
[i18n] Search translation keys loaded: 6 keys

stderr | src/components/__tests__/NotificationCenter.test.tsx
[i18n] Search translation keys loaded: 6 keys

 [32mÎ­ÎµÎ¥[39m src/features/students/components/AddStudentModal.test.tsx [2m([22m[2m26 tests[22m[2m)[22m[33m 14492[2mms[22m[39m
       [33m[2mÎ­ÎµÎ¥[22m[39m allows typing in all text fields [33m 911[2mms[22m[39m
       [33m[2mÎ­ÎµÎ¥[22m[39m allows typing in address textarea [33m 323[2mms[22m[39m
       [33m[2mÎ­ÎµÎ¥[22m[39m shows validation error for invalid email (schema validation) [33m 683[2mms[22m[39m
       [33m[2mÎ­ÎµÎ¥[22m[39m shows validation error for invalid student ID pattern [33m 725[2mms[22m[39m
       [33m[2mÎ­ÎµÎ¥[22m[39m shows validation error for too long student ID [33m 1312[2mms[22m[39m
       [33m[2mÎ­ÎµÎ¥[22m[39m normalizes whitespace and lowercases email on submit [33m 975[2mms[22m[39m
       [33m[2mÎ­ÎµÎ¥[22m[39m converts email to lowercase [33m 661[2mms[22m[39m
       [33m[2mÎ­ÎµÎ¥[22m[39m calls onAdd with valid form data [33m 901[2mms[22m[39m
       [33m[2mÎ­ÎµÎ¥[22m[39m calls onClose after successful submission [33m 714[2mms[22m[39m
       [33m[2mÎ­ÎµÎ¥[22m[39m includes default values for optional backend fields [33m 683[2mms[22m[39m
       [33m[2mÎ­ÎµÎ¥[22m[39m handles submission with optional fields empty [33m 668[2mms[22m[39m
       [33m[2mÎ­ÎµÎ¥[22m[39m submits with all fields filled including optional [33m 1314[2mms[22m[39m
       [33m[2mÎ­ÎµÎ¥[22m[39m disables submit button during submission [33m 643[2mms[22m[39m
       [33m[2mÎ­ÎµÎ¥[22m[39m handles special characters in names [33m 960[2mms[22m[39m
       [33m[2mÎ­ÎµÎ¥[22m[39m handles very long phone numbers within limit [33m 1113[2mms[22m[39m
       [33m[2mÎ­ÎµÎ¥[22m[39m validates phone number max length [33m 1138[2mms[22m[39m
stderr | src/features/search/SearchFacets.test.tsx
[i18n] Search translation keys loaded: 6 keys

 [32mÎ­ÎµÎ¥[39m src/components/__tests__/NotificationCenter.test.tsx [2m([22m[2m21 tests[22m[2m)[22m[33m 1099[2mms[22m[39m
stderr | src/features/admin/__tests__/PermissionsPage.test.tsx
[i18n] Search translation keys loaded: 6 keys

 [32mÎ­ÎµÎ¥[39m src/features/export-admin/__tests__/ExportScheduler.test.tsx [2m([22m[2m12 tests[22m[2m)[22m[33m 1421[2mms[22m[39m
     [33m[2mÎ­ÎµÎ¥[22m[39m submits form with correct data [33m 452[2mms[22m[39m
 [32mÎ­ÎµÎ¥[39m src/features/search/SearchFacets.test.tsx [2m([22m[2m17 tests[22m[2m)[22m[33m 1115[2mms[22m[39m
stderr | src/pages/__tests__/AdminPermissionsPage.test.tsx
[i18n] Search translation keys loaded: 6 keys

stderr | src/components/notifications/__tests__/NotificationBell.test.tsx
[i18n] Search translation keys loaded: 6 keys

 [32mÎ­ÎµÎ¥[39m src/features/admin/__tests__/PermissionsPage.test.tsx [2m([22m[2m2 tests[22m[2m)[22m[33m 1103[2mms[22m[39m
     [33m[2mÎ­ÎµÎ¥[22m[39m allows granting, revoking, and auditing permissions [33m 890[2mms[22m[39m
stderr | src/features/search/SearchIntegration.test.tsx
[i18n] Search translation keys loaded: 6 keys

stderr | src/features/search/SearchIntegration.test.tsx
[API Client] VITE_API_URL env var: http://localhost:8000/api/v1
[API Client] Using API_BASE_URL: /api/v1
Using Vite dev proxy for localhost API (CORS-safe): /api/v1

 [32mÎ­ÎµÎ¥[39m src/components/notifications/__tests__/NotificationBell.test.tsx [2m([22m[2m19 tests[22m[2m)[22m[33m 663[2mms[22m[39m
 [32mÎ­ÎµÎ¥[39m src/pages/__tests__/AdminPermissionsPage.test.tsx [2m([22m[2m2 tests[22m[2m)[22m[33m 1037[2mms[22m[39m
     [33m[2mÎ­ÎµÎ¥[22m[39m allows granting, revoking, and auditing permissions [33m 812[2mms[22m[39m
stderr | src/features/search/useSearch.test.tsx
[i18n] Search translation keys loaded: 6 keys

stderr | src/features/search/useSearch.test.tsx > useSearch Hook > initializes with default state
Failed to fetch saved searches: TypeError: __vite_ssr_import_2__.default.get is not a function
    at queryFn (D:/SMS/student-management-system/frontend/src/features/search/useSearch.ts:159:42)
    at Object.fetchFn [as fn] (file:///D:/SMS/student-management-system/frontend/node_modules/@tanstack/query-core/build/modern/query.js:224:14)
    at run (file:///D:/SMS/student-management-system/frontend/node_modules/@tanstack/query-core/build/modern/retryer.js:77:49)
    at Object.start (file:///D:/SMS/student-management-system/frontend/node_modules/@tanstack/query-core/build/modern/retryer.js:119:9)
    at Query.fetch (file:///D:/SMS/student-management-system/frontend/node_modules/@tanstack/query-core/build/modern/query.js:271:40)
    at QueryObserver.#executeFetch (file:///D:/SMS/student-management-system/frontend/node_modules/@tanstack/query-core/build/modern/queryObserver.js:179:38)
    at QueryObserver.onSubscribe (file:///D:/SMS/student-management-system/frontend/node_modules/@tanstack/query-core/build/modern/queryObserver.js:52:27)
    at QueryObserver.subscribe (file:///D:/SMS/student-management-system/frontend/node_modules/@tanstack/query-core/build/modern/subscribable.js:9:10)
    at file:///D:/SMS/student-management-system/frontend/node_modules/@tanstack/react-query/build/modern/useBaseQuery.js:59:56
    at subscribeToStore (D:\SMS\student-management-system\frontend\node_modules\react-dom\cjs\react-dom-client.development.js:8244:14)

stderr | src/features/search/useSearch.test.tsx > useSearch Hook > updates search query
Failed to fetch saved searches: TypeError: __vite_ssr_import_2__.default.get is not a function
    at queryFn (D:/SMS/student-management-system/frontend/src/features/search/useSearch.ts:159:42)
    at Object.fetchFn [as fn] (file:///D:/SMS/student-management-system/frontend/node_modules/@tanstack/query-core/build/modern/query.js:224:14)
    at run (file:///D:/SMS/student-management-system/frontend/node_modules/@tanstack/query-core/build/modern/retryer.js:77:49)
    at Object.start (file:///D:/SMS/student-management-system/frontend/node_modules/@tanstack/query-core/build/modern/retryer.js:119:9)
    at Query.fetch (file:///D:/SMS/student-management-system/frontend/node_modules/@tanstack/query-core/build/modern/query.js:271:40)
    at QueryObserver.#executeFetch (file:///D:/SMS/student-management-system/frontend/node_modules/@tanstack/query-core/build/modern/queryObserver.js:179:38)
    at QueryObserver.onSubscribe (file:///D:/SMS/student-management-system/frontend/node_modules/@tanstack/query-core/build/modern/queryObserver.js:52:27)
    at QueryObserver.subscribe (file:///D:/SMS/student-management-system/frontend/node_modules/@tanstack/query-core/build/modern/subscribable.js:9:10)
    at file:///D:/SMS/student-management-system/frontend/node_modules/@tanstack/react-query/build/modern/useBaseQuery.js:59:56
    at subscribeToStore (D:\SMS\student-management-system\frontend\node_modules\react-dom\cjs\react-dom-client.development.js:8244:14)

stderr | src/features/search/useSearch.test.tsx > useSearch Hook > updates search type
Failed to fetch saved searches: TypeError: __vite_ssr_import_2__.default.get is not a function
    at queryFn (D:/SMS/student-management-system/frontend/src/features/search/useSearch.ts:159:42)
    at Object.fetchFn [as fn] (file:///D:/SMS/student-management-system/frontend/node_modules/@tanstack/query-core/build/modern/query.js:224:14)
    at run (file:///D:/SMS/student-management-system/frontend/node_modules/@tanstack/query-core/build/modern/retryer.js:77:49)
    at Object.start (file:///D:/SMS/student-management-system/frontend/node_modules/@tanstack/query-core/build/modern/retryer.js:119:9)
    at Query.fetch (file:///D:/SMS/student-management-system/frontend/node_modules/@tanstack/query-core/build/modern/query.js:271:40)
    at QueryObserver.#executeFetch (file:///D:/SMS/student-management-system/frontend/node_modules/@tanstack/query-core/build/modern/queryObserver.js:179:38)
    at QueryObserver.onSubscribe (file:///D:/SMS/student-management-system/frontend/node_modules/@tanstack/query-core/build/modern/queryObserver.js:52:27)
    at QueryObserver.subscribe (file:///D:/SMS/student-management-system/frontend/node_modules/@tanstack/query-core/build/modern/subscribable.js:9:10)
    at file:///D:/SMS/student-management-system/frontend/node_modules/@tanstack/react-query/build/modern/useBaseQuery.js:59:56
    at subscribeToStore (D:\SMS\student-management-system\frontend\node_modules\react-dom\cjs\react-dom-client.development.js:8244:14)

stderr | src/features/search/useSearch.test.tsx > useSearch Hook > debounces search query
Failed to fetch saved searches: TypeError: __vite_ssr_import_2__.default.get is not a function
    at queryFn (D:/SMS/student-management-system/frontend/src/features/search/useSearch.ts:159:42)
    at Object.fetchFn [as fn] (file:///D:/SMS/student-management-system/frontend/node_modules/@tanstack/query-core/build/modern/query.js:224:14)
    at run (file:///D:/SMS/student-management-system/frontend/node_modules/@tanstack/query-core/build/modern/retryer.js:77:49)
    at Object.start (file:///D:/SMS/student-management-system/frontend/node_modules/@tanstack/query-core/build/modern/retryer.js:119:9)
    at Query.fetch (file:///D:/SMS/student-management-system/frontend/node_modules/@tanstack/query-core/build/modern/query.js:271:40)
    at QueryObserver.#executeFetch (file:///D:/SMS/student-management-system/frontend/node_modules/@tanstack/query-core/build/modern/queryObserver.js:179:38)
    at QueryObserver.onSubscribe (file:///D:/SMS/student-management-system/frontend/node_modules/@tanstack/query-core/build/modern/queryObserver.js:52:27)
    at QueryObserver.subscribe (file:///D:/SMS/student-management-system/frontend/node_modules/@tanstack/query-core/build/modern/subscribable.js:9:10)
    at file:///D:/SMS/student-management-system/frontend/node_modules/@tanstack/react-query/build/modern/useBaseQuery.js:59:56
    at subscribeToStore (D:\SMS\student-management-system\frontend\node_modules\react-dom\cjs\react-dom-client.development.js:8244:14)

 [32mÎ­ÎµÎ¥[39m src/features/search/SearchIntegration.test.tsx [2m([22m[2m12 tests[22m[2m)[22m[33m 900[2mms[22m[39m
stderr | src/features/search/useSearch.test.tsx > useSearch Hook > resets page when query changes
Failed to fetch saved searches: TypeError: __vite_ssr_import_2__.default.get is not a function
    at queryFn (D:/SMS/student-management-system/frontend/src/features/search/useSearch.ts:159:42)
    at Object.fetchFn [as fn] (file:///D:/SMS/student-management-system/frontend/node_modules/@tanstack/query-core/build/modern/query.js:224:14)
    at run (file:///D:/SMS/student-management-system/frontend/node_modules/@tanstack/query-core/build/modern/retryer.js:77:49)
    at Object.start (file:///D:/SMS/student-management-system/frontend/node_modules/@tanstack/query-core/build/modern/retryer.js:119:9)
    at Query.fetch (file:///D:/SMS/student-management-system/frontend/node_modules/@tanstack/query-core/build/modern/query.js:271:40)
    at QueryObserver.#executeFetch (file:///D:/SMS/student-management-system/frontend/node_modules/@tanstack/query-core/build/modern/queryObserver.js:179:38)
    at QueryObserver.onSubscribe (file:///D:/SMS/student-management-system/frontend/node_modules/@tanstack/query-core/build/modern/queryObserver.js:52:27)
    at QueryObserver.subscribe (file:///D:/SMS/student-management-system/frontend/node_modules/@tanstack/query-core/build/modern/subscribable.js:9:10)
    at file:///D:/SMS/student-management-system/frontend/node_modules/@tanstack/react-query/build/modern/useBaseQuery.js:59:56
    at subscribeToStore (D:\SMS\student-management-system\frontend\node_modules\react-dom\cjs\react-dom-client.development.js:8244:14)

stderr | src/hooks/useCoursesQuery.test.ts
[i18n] Search translation keys loaded: 6 keys

stderr | src/features/search/useSearch.test.tsx > useSearch Hook > adds a filter criterion
Failed to fetch saved searches: TypeError: __vite_ssr_import_2__.default.get is not a function
    at queryFn (D:/SMS/student-management-system/frontend/src/features/search/useSearch.ts:159:42)
    at Object.fetchFn [as fn] (file:///D:/SMS/student-management-system/frontend/node_modules/@tanstack/query-core/build/modern/query.js:224:14)
    at run (file:///D:/SMS/student-management-system/frontend/node_modules/@tanstack/query-core/build/modern/retryer.js:77:49)
    at Object.start (file:///D:/SMS/student-management-system/frontend/node_modules/@tanstack/query-core/build/modern/retryer.js:119:9)
    at Query.fetch (file:///D:/SMS/student-management-system/frontend/node_modules/@tanstack/query-core/build/modern/query.js:271:40)
    at QueryObserver.#executeFetch (file:///D:/SMS/student-management-system/frontend/node_modules/@tanstack/query-core/build/modern/queryObserver.js:179:38)
    at QueryObserver.onSubscribe (file:///D:/SMS/student-management-system/frontend/node_modules/@tanstack/query-core/build/modern/queryObserver.js:52:27)
    at QueryObserver.subscribe (file:///D:/SMS/student-management-system/frontend/node_modules/@tanstack/query-core/build/modern/subscribable.js:9:10)
    at file:///D:/SMS/student-management-system/frontend/node_modules/@tanstack/react-query/build/modern/useBaseQuery.js:59:56
    at subscribeToStore (D:\SMS\student-management-system\frontend\node_modules\react-dom\cjs\react-dom-client.development.js:8244:14)

stderr | src/features/search/useSearch.test.tsx > useSearch Hook > removes a filter criterion by index
Failed to fetch saved searches: TypeError: __vite_ssr_import_2__.default.get is not a function
    at queryFn (D:/SMS/student-management-system/frontend/src/features/search/useSearch.ts:159:42)
    at Object.fetchFn [as fn] (file:///D:/SMS/student-management-system/frontend/node_modules/@tanstack/query-core/build/modern/query.js:224:14)
    at run (file:///D:/SMS/student-management-system/frontend/node_modules/@tanstack/query-core/build/modern/retryer.js:77:49)
    at Object.start (file:///D:/SMS/student-management-system/frontend/node_modules/@tanstack/query-core/build/modern/retryer.js:119:9)
    at Query.fetch (file:///D:/SMS/student-management-system/frontend/node_modules/@tanstack/query-core/build/modern/query.js:271:40)
    at QueryObserver.#executeFetch (file:///D:/SMS/student-management-system/frontend/node_modules/@tanstack/query-core/build/modern/queryObserver.js:179:38)
    at QueryObserver.onSubscribe (file:///D:/SMS/student-management-system/frontend/node_modules/@tanstack/query-core/build/modern/queryObserver.js:52:27)
    at QueryObserver.subscribe (file:///D:/SMS/student-management-system/frontend/node_modules/@tanstack/query-core/build/modern/subscribable.js:9:10)
    at file:///D:/SMS/student-management-system/frontend/node_modules/@tanstack/react-query/build/modern/useBaseQuery.js:59:56
    at subscribeToStore (D:\SMS\student-management-system\frontend\node_modules\react-dom\cjs\react-dom-client.development.js:8244:14)

stderr | src/features/search/useSearch.test.tsx > useSearch Hook > updates a filter criterion
Failed to fetch saved searches: TypeError: __vite_ssr_import_2__.default.get is not a function
    at queryFn (D:/SMS/student-management-system/frontend/src/features/search/useSearch.ts:159:42)
    at Object.fetchFn [as fn] (file:///D:/SMS/student-management-system/frontend/node_modules/@tanstack/query-core/build/modern/query.js:224:14)
    at run (file:///D:/SMS/student-management-system/frontend/node_modules/@tanstack/query-core/build/modern/retryer.js:77:49)
    at Object.start (file:///D:/SMS/student-management-system/frontend/node_modules/@tanstack/query-core/build/modern/retryer.js:119:9)
    at Query.fetch (file:///D:/SMS/student-management-system/frontend/node_modules/@tanstack/query-core/build/modern/query.js:271:40)
    at QueryObserver.#executeFetch (file:///D:/SMS/student-management-system/frontend/node_modules/@tanstack/query-core/build/modern/queryObserver.js:179:38)
    at QueryObserver.onSubscribe (file:///D:/SMS/student-management-system/frontend/node_modules/@tanstack/query-core/build/modern/queryObserver.js:52:27)
    at QueryObserver.subscribe (file:///D:/SMS/student-management-system/frontend/node_modules/@tanstack/query-core/build/modern/subscribable.js:9:10)
    at file:///D:/SMS/student-management-system/frontend/node_modules/@tanstack/react-query/build/modern/useBaseQuery.js:59:56
    at subscribeToStore (D:\SMS\student-management-system\frontend\node_modules\react-dom\cjs\react-dom-client.development.js:8244:14)

stderr | src/features/search/useSearch.test.tsx > useSearch Hook > clears all search parameters
Failed to fetch saved searches: TypeError: __vite_ssr_import_2__.default.get is not a function
    at queryFn (D:/SMS/student-management-system/frontend/src/features/search/useSearch.ts:159:42)
    at Object.fetchFn [as fn] (file:///D:/SMS/student-management-system/frontend/node_modules/@tanstack/query-core/build/modern/query.js:224:14)
    at run (file:///D:/SMS/student-management-system/frontend/node_modules/@tanstack/query-core/build/modern/retryer.js:77:49)
    at Object.start (file:///D:/SMS/student-management-system/frontend/node_modules/@tanstack/query-core/build/modern/retryer.js:119:9)
    at Query.fetch (file:///D:/SMS/student-management-system/frontend/node_modules/@tanstack/query-core/build/modern/query.js:271:40)
    at QueryObserver.#executeFetch (file:///D:/SMS/student-management-system/frontend/node_modules/@tanstack/query-core/build/modern/queryObserver.js:179:38)
    at QueryObserver.onSubscribe (file:///D:/SMS/student-management-system/frontend/node_modules/@tanstack/query-core/build/modern/queryObserver.js:52:27)
    at QueryObserver.subscribe (file:///D:/SMS/student-management-system/frontend/node_modules/@tanstack/query-core/build/modern/subscribable.js:9:10)
    at file:///D:/SMS/student-management-system/frontend/node_modules/@tanstack/react-query/build/modern/useBaseQuery.js:59:56
    at subscribeToStore (D:\SMS\student-management-system\frontend\node_modules\react-dom\cjs\react-dom-client.development.js:8244:14)

stderr | src/features/search/useSearch.test.tsx > useSearch Hook > loads a saved search
Failed to fetch saved searches: TypeError: __vite_ssr_import_2__.default.get is not a function
    at queryFn (D:/SMS/student-management-system/frontend/src/features/search/useSearch.ts:159:42)
    at Object.fetchFn [as fn] (file:///D:/SMS/student-management-system/frontend/node_modules/@tanstack/query-core/build/modern/query.js:224:14)
    at run (file:///D:/SMS/student-management-system/frontend/node_modules/@tanstack/query-core/build/modern/retryer.js:77:49)
    at Object.start (file:///D:/SMS/student-management-system/frontend/node_modules/@tanstack/query-core/build/modern/retryer.js:119:9)
    at Query.fetch (file:///D:/SMS/student-management-system/frontend/node_modules/@tanstack/query-core/build/modern/query.js:271:40)
    at QueryObserver.#executeFetch (file:///D:/SMS/student-management-system/frontend/node_modules/@tanstack/query-core/build/modern/queryObserver.js:179:38)
    at QueryObserver.onSubscribe (file:///D:/SMS/student-management-system/frontend/node_modules/@tanstack/query-core/build/modern/queryObserver.js:52:27)
    at QueryObserver.subscribe (file:///D:/SMS/student-management-system/frontend/node_modules/@tanstack/query-core/build/modern/subscribable.js:9:10)
    at file:///D:/SMS/student-management-system/frontend/node_modules/@tanstack/react-query/build/modern/useBaseQuery.js:59:56
    at subscribeToStore (D:\SMS\student-management-system\frontend\node_modules\react-dom\cjs\react-dom-client.development.js:8244:14)

stderr | src/features/search/useSearch.test.tsx > useSearch Hook > updates search limit
Failed to fetch saved searches: TypeError: __vite_ssr_import_2__.default.get is not a function
    at queryFn (D:/SMS/student-management-system/frontend/src/features/search/useSearch.ts:159:42)
    at Object.fetchFn [as fn] (file:///D:/SMS/student-management-system/frontend/node_modules/@tanstack/query-core/build/modern/query.js:224:14)
    at run (file:///D:/SMS/student-management-system/frontend/node_modules/@tanstack/query-core/build/modern/retryer.js:77:49)
    at Object.start (file:///D:/SMS/student-management-system/frontend/node_modules/@tanstack/query-core/build/modern/retryer.js:119:9)
    at Query.fetch (file:///D:/SMS/student-management-system/frontend/node_modules/@tanstack/query-core/build/modern/query.js:271:40)
    at QueryObserver.#executeFetch (file:///D:/SMS/student-management-system/frontend/node_modules/@tanstack/query-core/build/modern/queryObserver.js:179:38)
    at QueryObserver.onSubscribe (file:///D:/SMS/student-management-system/frontend/node_modules/@tanstack/query-core/build/modern/queryObserver.js:52:27)
    at QueryObserver.subscribe (file:///D:/SMS/student-management-system/frontend/node_modules/@tanstack/query-core/build/modern/subscribable.js:9:10)
    at file:///D:/SMS/student-management-system/frontend/node_modules/@tanstack/react-query/build/modern/useBaseQuery.js:59:56
    at subscribeToStore (D:\SMS\student-management-system\frontend\node_modules\react-dom\cjs\react-dom-client.development.js:8244:14)

stderr | src/features/search/useSearch.test.tsx > useSearch Hook > updates sort order
Failed to fetch saved searches: TypeError: __vite_ssr_import_2__.default.get is not a function
    at queryFn (D:/SMS/student-management-system/frontend/src/features/search/useSearch.ts:159:42)
    at Object.fetchFn [as fn] (file:///D:/SMS/student-management-system/frontend/node_modules/@tanstack/query-core/build/modern/query.js:224:14)
    at run (file:///D:/SMS/student-management-system/frontend/node_modules/@tanstack/query-core/build/modern/retryer.js:77:49)
    at Object.start (file:///D:/SMS/student-management-system/frontend/node_modules/@tanstack/query-core/build/modern/retryer.js:119:9)
    at Query.fetch (file:///D:/SMS/student-management-system/frontend/node_modules/@tanstack/query-core/build/modern/query.js:271:40)
    at QueryObserver.#executeFetch (file:///D:/SMS/student-management-system/frontend/node_modules/@tanstack/query-core/build/modern/queryObserver.js:179:38)
    at QueryObserver.onSubscribe (file:///D:/SMS/student-management-system/frontend/node_modules/@tanstack/query-core/build/modern/queryObserver.js:52:27)
    at QueryObserver.subscribe (file:///D:/SMS/student-management-system/frontend/node_modules/@tanstack/query-core/build/modern/subscribable.js:9:10)
    at file:///D:/SMS/student-management-system/frontend/node_modules/@tanstack/react-query/build/modern/useBaseQuery.js:59:56
    at subscribeToStore (D:\SMS\student-management-system\frontend\node_modules\react-dom\cjs\react-dom-client.development.js:8244:14)

stderr | src/features/search/useSearch.test.tsx > useSearch Hook > handles multiple filters on same field
Failed to fetch saved searches: TypeError: __vite_ssr_import_2__.default.get is not a function
    at queryFn (D:/SMS/student-management-system/frontend/src/features/search/useSearch.ts:159:42)
    at Object.fetchFn [as fn] (file:///D:/SMS/student-management-system/frontend/node_modules/@tanstack/query-core/build/modern/query.js:224:14)
    at run (file:///D:/SMS/student-management-system/frontend/node_modules/@tanstack/query-core/build/modern/retryer.js:77:49)
    at Object.start (file:///D:/SMS/student-management-system/frontend/node_modules/@tanstack/query-core/build/modern/retryer.js:119:9)
    at Query.fetch (file:///D:/SMS/student-management-system/frontend/node_modules/@tanstack/query-core/build/modern/query.js:271:40)
    at QueryObserver.#executeFetch (file:///D:/SMS/student-management-system/frontend/node_modules/@tanstack/query-core/build/modern/queryObserver.js:179:38)
    at QueryObserver.onSubscribe (file:///D:/SMS/student-management-system/frontend/node_modules/@tanstack/query-core/build/modern/queryObserver.js:52:27)
    at QueryObserver.subscribe (file:///D:/SMS/student-management-system/frontend/node_modules/@tanstack/query-core/build/modern/subscribable.js:9:10)
    at file:///D:/SMS/student-management-system/frontend/node_modules/@tanstack/react-query/build/modern/useBaseQuery.js:59:56
    at subscribeToStore (D:\SMS\student-management-system\frontend\node_modules\react-dom\cjs\react-dom-client.development.js:8244:14)

stderr | src/features/search/useSearch.test.tsx > useSearch Hook > disables query when no search criteria provided
Failed to fetch saved searches: TypeError: __vite_ssr_import_2__.default.get is not a function
    at queryFn (D:/SMS/student-management-system/frontend/src/features/search/useSearch.ts:159:42)
    at Object.fetchFn [as fn] (file:///D:/SMS/student-management-system/frontend/node_modules/@tanstack/query-core/build/modern/query.js:224:14)
    at run (file:///D:/SMS/student-management-system/frontend/node_modules/@tanstack/query-core/build/modern/retryer.js:77:49)
    at Object.start (file:///D:/SMS/student-management-system/frontend/node_modules/@tanstack/query-core/build/modern/retryer.js:119:9)
    at Query.fetch (file:///D:/SMS/student-management-system/frontend/node_modules/@tanstack/query-core/build/modern/query.js:271:40)
    at QueryObserver.#executeFetch (file:///D:/SMS/student-management-system/frontend/node_modules/@tanstack/query-core/build/modern/queryObserver.js:179:38)
    at QueryObserver.onSubscribe (file:///D:/SMS/student-management-system/frontend/node_modules/@tanstack/query-core/build/modern/queryObserver.js:52:27)
    at QueryObserver.subscribe (file:///D:/SMS/student-management-system/frontend/node_modules/@tanstack/query-core/build/modern/subscribable.js:9:10)
    at file:///D:/SMS/student-management-system/frontend/node_modules/@tanstack/react-query/build/modern/useBaseQuery.js:59:56
    at subscribeToStore (D:\SMS\student-management-system\frontend\node_modules\react-dom\cjs\react-dom-client.development.js:8244:14)

stderr | src/features/search/useSearch.test.tsx > useSearch Hook > returns empty state messages correctly
Failed to fetch saved searches: TypeError: __vite_ssr_import_2__.default.get is not a function
    at queryFn (D:/SMS/student-management-system/frontend/src/features/search/useSearch.ts:159:42)
    at Object.fetchFn [as fn] (file:///D:/SMS/student-management-system/frontend/node_modules/@tanstack/query-core/build/modern/query.js:224:14)
    at run (file:///D:/SMS/student-management-system/frontend/node_modules/@tanstack/query-core/build/modern/retryer.js:77:49)
    at Object.start (file:///D:/SMS/student-management-system/frontend/node_modules/@tanstack/query-core/build/modern/retryer.js:119:9)
    at Query.fetch (file:///D:/SMS/student-management-system/frontend/node_modules/@tanstack/query-core/build/modern/query.js:271:40)
    at QueryObserver.#executeFetch (file:///D:/SMS/student-management-system/frontend/node_modules/@tanstack/query-core/build/modern/queryObserver.js:179:38)
    at QueryObserver.onSubscribe (file:///D:/SMS/student-management-system/frontend/node_modules/@tanstack/query-core/build/modern/queryObserver.js:52:27)
    at QueryObserver.subscribe (file:///D:/SMS/student-management-system/frontend/node_modules/@tanstack/query-core/build/modern/subscribable.js:9:10)
    at file:///D:/SMS/student-management-system/frontend/node_modules/@tanstack/react-query/build/modern/useBaseQuery.js:59:56
    at subscribeToStore (D:\SMS\student-management-system\frontend\node_modules\react-dom\cjs\react-dom-client.development.js:8244:14)

stderr | src/features/export-admin/__tests__/ExportJobList.test.tsx
[i18n] Search translation keys loaded: 6 keys

stderr | src/features/search/useSearch.test.tsx > useSearch Hook > updates page number
Failed to fetch saved searches: TypeError: __vite_ssr_import_2__.default.get is not a function
    at queryFn (D:/SMS/student-management-system/frontend/src/features/search/useSearch.ts:159:42)
    at Object.fetchFn [as fn] (file:///D:/SMS/student-management-system/frontend/node_modules/@tanstack/query-core/build/modern/query.js:224:14)
    at run (file:///D:/SMS/student-management-system/frontend/node_modules/@tanstack/query-core/build/modern/retryer.js:77:49)
    at Object.start (file:///D:/SMS/student-management-system/frontend/node_modules/@tanstack/query-core/build/modern/retryer.js:119:9)
    at Query.fetch (file:///D:/SMS/student-management-system/frontend/node_modules/@tanstack/query-core/build/modern/query.js:271:40)
    at QueryObserver.#executeFetch (file:///D:/SMS/student-management-system/frontend/node_modules/@tanstack/query-core/build/modern/queryObserver.js:179:38)
    at QueryObserver.onSubscribe (file:///D:/SMS/student-management-system/frontend/node_modules/@tanstack/query-core/build/modern/queryObserver.js:52:27)
    at QueryObserver.subscribe (file:///D:/SMS/student-management-system/frontend/node_modules/@tanstack/query-core/build/modern/subscribable.js:9:10)
    at file:///D:/SMS/student-management-system/frontend/node_modules/@tanstack/react-query/build/modern/useBaseQuery.js:59:56
    at subscribeToStore (D:\SMS\student-management-system\frontend\node_modules\react-dom\cjs\react-dom-client.development.js:8244:14)

stderr | src/features/search/useSearch.test.tsx > useSearch Hook > initializes with empty saved searches list
Failed to fetch saved searches: TypeError: __vite_ssr_import_2__.default.get is not a function
    at queryFn (D:/SMS/student-management-system/frontend/src/features/search/useSearch.ts:159:42)
    at Object.fetchFn [as fn] (file:///D:/SMS/student-management-system/frontend/node_modules/@tanstack/query-core/build/modern/query.js:224:14)
    at run (file:///D:/SMS/student-management-system/frontend/node_modules/@tanstack/query-core/build/modern/retryer.js:77:49)
    at Object.start (file:///D:/SMS/student-management-system/frontend/node_modules/@tanstack/query-core/build/modern/retryer.js:119:9)
    at Query.fetch (file:///D:/SMS/student-management-system/frontend/node_modules/@tanstack/query-core/build/modern/query.js:271:40)
    at QueryObserver.#executeFetch (file:///D:/SMS/student-management-system/frontend/node_modules/@tanstack/query-core/build/modern/queryObserver.js:179:38)
    at QueryObserver.onSubscribe (file:///D:/SMS/student-management-system/frontend/node_modules/@tanstack/query-core/build/modern/queryObserver.js:52:27)
    at QueryObserver.subscribe (file:///D:/SMS/student-management-system/frontend/node_modules/@tanstack/query-core/build/modern/subscribable.js:9:10)
    at file:///D:/SMS/student-management-system/frontend/node_modules/@tanstack/react-query/build/modern/useBaseQuery.js:59:56
    at subscribeToStore (D:\SMS\student-management-system\frontend\node_modules\react-dom\cjs\react-dom-client.development.js:8244:14)

 [32mÎ­ÎµÎ¥[39m src/features/search/useSearch.test.tsx [2m([22m[2m17 tests[22m[2m)[22m[33m 810[2mms[22m[39m
     [33m[2mÎ­ÎµÎ¥[22m[39m debounces search query [33m 382[2mms[22m[39m
     [33m[2mÎ­ÎµÎ¥[22m[39m resets page when query changes [33m 369[2mms[22m[39m
stderr | src/hooks/useCoursesQuery.test.ts > useCoursesQuery hooks > useCourses - basic fetching > sets error state on failure
[useCourses] Error: Network fail Error: Network fail
    at D:/SMS/student-management-system/frontend/src/hooks/useCoursesQuery.test.ts:116:21
    at file:///D:/SMS/student-management-system/frontend/node_modules/@vitest/runner/dist/index.js:145:11
    at file:///D:/SMS/student-management-system/frontend/node_modules/@vitest/runner/dist/index.js:915:26
    at file:///D:/SMS/student-management-system/frontend/node_modules/@vitest/runner/dist/index.js:1243:20
    at new Promise (<anonymous>)
    at runWithTimeout (file:///D:/SMS/student-management-system/frontend/node_modules/@vitest/runner/dist/index.js:1209:10)
    at file:///D:/SMS/student-management-system/frontend/node_modules/@vitest/runner/dist/index.js:1653:37
    at Traces.$ (file:///D:/SMS/student-management-system/frontend/node_modules/vitest/dist/chunks/traces.U4xDYhzZ.js:115:27)
    at trace (file:///D:/SMS/student-management-system/frontend/node_modules/vitest/dist/chunks/test.B8ej_ZHS.js:239:21)
    at runTest (file:///D:/SMS/student-management-system/frontend/node_modules/@vitest/runner/dist/index.js:1653:12)

stderr | src/features/search/SearchSortControls.test.tsx
[i18n] Search translation keys loaded: 6 keys

 [32mÎ­ÎµÎ¥[39m src/hooks/useCoursesQuery.test.ts [2m([22m[2m15 tests[22m[2m)[22m[33m 812[2mms[22m[39m
 [32mÎ­ÎµÎ¥[39m src/features/search/SearchSortControls.test.tsx [2m([22m[2m11 tests[22m[2m)[22m[33m 613[2mms[22m[39m
stderr | src/components/__tests__/NotificationBell.test.tsx
[i18n] Search translation keys loaded: 6 keys

 [32mÎ­ÎµÎ¥[39m src/features/export-admin/__tests__/ExportJobList.test.tsx [2m([22m[2m11 tests[22m[2m)[22m[33m 960[2mms[22m[39m
stderr | src/features/search/SearchView.test.tsx
[i18n] Search translation keys loaded: 6 keys

 [32mÎ­ÎµÎ¥[39m src/components/__tests__/NotificationBell.test.tsx [2m([22m[2m27 tests[22m[2m)[22m[33m 628[2mms[22m[39m
stderr | src/features/search/SearchView.test.tsx
[API Client] VITE_API_URL env var: http://localhost:8000/api/v1
[API Client] Using API_BASE_URL: /api/v1
Using Vite dev proxy for localhost API (CORS-safe): /api/v1

stderr | src/features/students/components/StudentCard.test.tsx
[i18n] Search translation keys loaded: 6 keys

stderr | src/features/students/components/StudentCard.test.tsx
[API Client] VITE_API_URL env var: http://localhost:8000/api/v1
[API Client] Using API_BASE_URL: /api/v1
Using Vite dev proxy for localhost API (CORS-safe): /api/v1

 [32mÎ­ÎµÎ¥[39m src/features/search/SearchView.test.tsx [2m([22m[2m16 tests[22m[2m)[22m[33m 711[2mms[22m[39m
stderr | src/hooks/useStudentsQuery.test.ts
[i18n] Search translation keys loaded: 6 keys

stderr | src/hooks/useStudentsQuery.test.ts
[API Client] VITE_API_URL env var: http://localhost:8000/api/v1
[API Client] Using API_BASE_URL: /api/v1
Using Vite dev proxy for localhost API (CORS-safe): /api/v1

stderr | src/hooks/useStudentsQuery.test.tsx
[i18n] Search translation keys loaded: 6 keys

 [32mÎ­ÎµÎ¥[39m src/features/students/components/StudentCard.test.tsx [2m([22m[2m33 tests[22m[2m)[22m[33m 656[2mms[22m[39m
stderr | src/hooks/useStudentsQuery.test.tsx
[API Client] VITE_API_URL env var: http://localhost:8000/api/v1
[API Client] Using API_BASE_URL: /api/v1
Using Vite dev proxy for localhost API (CORS-safe): /api/v1

 [32mÎ­ÎµÎ¥[39m src/hooks/useStudentsQuery.test.ts [2m([22m[2m12 tests[22m[2m)[22m[33m 571[2mms[22m[39m
 [32mÎ­ÎµÎ¥[39m src/hooks/useStudentsQuery.test.tsx [2m([22m[2m12 tests[22m[2m)[22m[33m 569[2mms[22m[39m
stderr | src/features/search/SavedSearches.test.tsx
[i18n] Search translation keys loaded: 6 keys

stderr | src/components/__tests__/SearchResults.test.tsx
[i18n] Search translation keys loaded: 6 keys

 [32mÎ­ÎµÎ¥[39m src/features/search/SavedSearches.test.tsx [2m([22m[2m10 tests[22m[2m)[22m[33m 492[2mms[22m[39m
stderr | src/features/search/SearchPagination.test.tsx
[i18n] Search translation keys loaded: 6 keys

stderr | src/features/analytics/hooks/__tests__/useAnalytics.test.ts
[i18n] Search translation keys loaded: 6 keys

stderr | src/features/analytics/hooks/__tests__/useAnalytics.test.ts > useAnalytics Hook > returns initial state with loading true
An update to TestComponent inside a test was not wrapped in act(...).

When testing, code that causes React state updates should be wrapped into act(...):

act(() => {
  /* fire events that update state */
});
/* assert on the output */

This ensures that you're testing the behavior the user would see in the browser. Learn more at https://react.dev/link/wrap-tests-with-act
An update to TestComponent inside a test was not wrapped in act(...).

When testing, code that causes React state updates should be wrapped into act(...):

act(() => {
  /* fire events that update state */
});
/* assert on the output */

This ensures that you're testing the behavior the user would see in the browser. Learn more at https://react.dev/link/wrap-tests-with-act
An update to TestComponent inside a test was not wrapped in act(...).

When testing, code that causes React state updates should be wrapped into act(...):

act(() => {
  /* fire events that update state */
});
/* assert on the output */

This ensures that you're testing the behavior the user would see in the browser. Learn more at https://react.dev/link/wrap-tests-with-act

stderr | src/features/analytics/hooks/__tests__/useAnalytics.test.ts > useAnalytics Hook > returns initial state with loading true
An update to TestComponent inside a test was not wrapped in act(...).

When testing, code that causes React state updates should be wrapped into act(...):

act(() => {
  /* fire events that update state */
});
/* assert on the output */

This ensures that you're testing the behavior the user would see in the browser. Learn more at https://react.dev/link/wrap-tests-with-act

stderr | src/features/analytics/hooks/__tests__/useAnalytics.test.ts > useAnalytics Hook > handles error when fetching fails
Error fetching performance: Error: Network error
    at D:/SMS/student-management-system/frontend/src/features/analytics/hooks/__tests__/useAnalytics.test.ts:80:19
    at file:///D:/SMS/student-management-system/frontend/node_modules/@vitest/runner/dist/index.js:145:11
    at file:///D:/SMS/student-management-system/frontend/node_modules/@vitest/runner/dist/index.js:915:26
    at file:///D:/SMS/student-management-system/frontend/node_modules/@vitest/runner/dist/index.js:1243:20
    at new Promise (<anonymous>)
    at runWithTimeout (file:///D:/SMS/student-management-system/frontend/node_modules/@vitest/runner/dist/index.js:1209:10)
    at file:///D:/SMS/student-management-system/frontend/node_modules/@vitest/runner/dist/index.js:1653:37
    at Traces.$ (file:///D:/SMS/student-management-system/frontend/node_modules/vitest/dist/chunks/traces.U4xDYhzZ.js:115:27)
    at trace (file:///D:/SMS/student-management-system/frontend/node_modules/vitest/dist/chunks/test.B8ej_ZHS.js:239:21)
    at runTest (file:///D:/SMS/student-management-system/frontend/node_modules/@vitest/runner/dist/index.js:1653:12)
Error fetching trends: Error: Network error
    at D:/SMS/student-management-system/frontend/src/features/analytics/hooks/__tests__/useAnalytics.test.ts:80:19
    at file:///D:/SMS/student-management-system/frontend/node_modules/@vitest/runner/dist/index.js:145:11
    at file:///D:/SMS/student-management-system/frontend/node_modules/@vitest/runner/dist/index.js:915:26
    at file:///D:/SMS/student-management-system/frontend/node_modules/@vitest/runner/dist/index.js:1243:20
    at new Promise (<anonymous>)
    at runWithTimeout (file:///D:/SMS/student-management-system/frontend/node_modules/@vitest/runner/dist/index.js:1209:10)
    at file:///D:/SMS/student-management-system/frontend/node_modules/@vitest/runner/dist/index.js:1653:37
    at Traces.$ (file:///D:/SMS/student-management-system/frontend/node_modules/vitest/dist/chunks/traces.U4xDYhzZ.js:115:27)
    at trace (file:///D:/SMS/student-management-system/frontend/node_modules/vitest/dist/chunks/test.B8ej_ZHS.js:239:21)
    at runTest (file:///D:/SMS/student-management-system/frontend/node_modules/@vitest/runner/dist/index.js:1653:12)
Error fetching attendance: Error: Network error
    at D:/SMS/student-management-system/frontend/src/features/analytics/hooks/__tests__/useAnalytics.test.ts:80:19
    at file:///D:/SMS/student-management-system/frontend/node_modules/@vitest/runner/dist/index.js:145:11
    at file:///D:/SMS/student-management-system/frontend/node_modules/@vitest/runner/dist/index.js:915:26
    at file:///D:/SMS/student-management-system/frontend/node_modules/@vitest/runner/dist/index.js:1243:20
    at new Promise (<anonymous>)
    at runWithTimeout (file:///D:/SMS/student-management-system/frontend/node_modules/@vitest/runner/dist/index.js:1209:10)
    at file:///D:/SMS/student-management-system/frontend/node_modules/@vitest/runner/dist/index.js:1653:37
    at Traces.$ (file:///D:/SMS/student-management-system/frontend/node_modules/vitest/dist/chunks/traces.U4xDYhzZ.js:115:27)
    at trace (file:///D:/SMS/student-management-system/frontend/node_modules/vitest/dist/chunks/test.B8ej_ZHS.js:239:21)
    at runTest (file:///D:/SMS/student-management-system/frontend/node_modules/@vitest/runner/dist/index.js:1653:12)

 [32mÎ­ÎµÎ¥[39m src/components/__tests__/SearchResults.test.tsx [2m([22m[2m36 tests[22m[2m)[22m[33m 532[2mms[22m[39m
 [32mÎ­ÎµÎ¥[39m src/features/search/SearchPagination.test.tsx [2m([22m[2m18 tests[22m[2m)[22m[33m 560[2mms[22m[39m
stderr | src/features/analytics/hooks/__tests__/useAnalytics.test.ts > useAnalytics Hook > provides refetch function
An update to TestComponent inside a test was not wrapped in act(...).

When testing, code that causes React state updates should be wrapped into act(...):

act(() => {
  /* fire events that update state */
});
/* assert on the output */

This ensures that you're testing the behavior the user would see in the browser. Learn more at https://react.dev/link/wrap-tests-with-act
An update to TestComponent inside a test was not wrapped in act(...).

When testing, code that causes React state updates should be wrapped into act(...):

act(() => {
  /* fire events that update state */
});
/* assert on the output */

This ensures that you're testing the behavior the user would see in the browser. Learn more at https://react.dev/link/wrap-tests-with-act

stderr | src/features/analytics/hooks/__tests__/useAnalytics.test.ts > useAnalytics Hook > provides refetch function
An update to TestComponent inside a test was not wrapped in act(...).

When testing, code that causes React state updates should be wrapped into act(...):

act(() => {
  /* fire events that update state */
});
/* assert on the output */

This ensures that you're testing the behavior the user would see in the browser. Learn more at https://react.dev/link/wrap-tests-with-act

stderr | src/features/analytics/hooks/__tests__/useAnalytics.test.ts > useAnalytics Hook > provides refetch function
An update to TestComponent inside a test was not wrapped in act(...).

When testing, code that causes React state updates should be wrapped into act(...):

act(() => {
  /* fire events that update state */
});
/* assert on the output */

This ensures that you're testing the behavior the user would see in the browser. Learn more at https://react.dev/link/wrap-tests-with-act

stderr | src/features/analytics/hooks/__tests__/useAnalytics.test.ts > useAnalytics Hook > handles partial data loading
Error fetching trends: Error: Trends API down
    at D:/SMS/student-management-system/frontend/src/features/analytics/hooks/__tests__/useAnalytics.test.ts:151:30
    at file:///D:/SMS/student-management-system/frontend/node_modules/@vitest/runner/dist/index.js:145:11
    at file:///D:/SMS/student-management-system/frontend/node_modules/@vitest/runner/dist/index.js:915:26
    at file:///D:/SMS/student-management-system/frontend/node_modules/@vitest/runner/dist/index.js:1243:20
    at new Promise (<anonymous>)
    at runWithTimeout (file:///D:/SMS/student-management-system/frontend/node_modules/@vitest/runner/dist/index.js:1209:10)
    at file:///D:/SMS/student-management-system/frontend/node_modules/@vitest/runner/dist/index.js:1653:37
    at Traces.$ (file:///D:/SMS/student-management-system/frontend/node_modules/vitest/dist/chunks/traces.U4xDYhzZ.js:115:27)
    at trace (file:///D:/SMS/student-management-system/frontend/node_modules/vitest/dist/chunks/test.B8ej_ZHS.js:239:21)
    at runTest (file:///D:/SMS/student-management-system/frontend/node_modules/@vitest/runner/dist/index.js:1653:12)
Error fetching attendance: Error: Attendance API down
    at D:/SMS/student-management-system/frontend/src/features/analytics/hooks/__tests__/useAnalytics.test.ts:152:30
    at file:///D:/SMS/student-management-system/frontend/node_modules/@vitest/runner/dist/index.js:145:11
    at file:///D:/SMS/student-management-system/frontend/node_modules/@vitest/runner/dist/index.js:915:26
    at file:///D:/SMS/student-management-system/frontend/node_modules/@vitest/runner/dist/index.js:1243:20
    at new Promise (<anonymous>)
    at runWithTimeout (file:///D:/SMS/student-management-system/frontend/node_modules/@vitest/runner/dist/index.js:1209:10)
    at file:///D:/SMS/student-management-system/frontend/node_modules/@vitest/runner/dist/index.js:1653:37
    at Traces.$ (file:///D:/SMS/student-management-system/frontend/node_modules/vitest/dist/chunks/traces.U4xDYhzZ.js:115:27)
    at trace (file:///D:/SMS/student-management-system/frontend/node_modules/vitest/dist/chunks/test.B8ej_ZHS.js:239:21)
    at runTest (file:///D:/SMS/student-management-system/frontend/node_modules/@vitest/runner/dist/index.js:1653:12)

 [32mÎ­ÎµÎ¥[39m src/features/analytics/hooks/__tests__/useAnalytics.test.ts [2m([22m[2m8 tests[22m[2m)[22m[33m 489[2mms[22m[39m
stderr | src/components/notifications/__tests__/NotificationItem.test.tsx
[i18n] Search translation keys loaded: 6 keys

stderr | src/features/search/useSearchFacets.test.tsx
[i18n] Search translation keys loaded: 6 keys

 [32mÎ­ÎµÎ¥[39m src/components/notifications/__tests__/NotificationItem.test.tsx [2m([22m[2m43 tests[22m[2m)[22m[33m 529[2mms[22m[39m
stderr | src/features/search/AdvancedFilters.test.tsx
[i18n] Search translation keys loaded: 6 keys

stderr | src/hooks/__tests__/useSearch.test.ts
[i18n] Search translation keys loaded: 6 keys

 [32mÎ­ÎµÎ¥[39m src/features/search/useSearchFacets.test.tsx [2m([22m[2m11 tests[22m[2m)[22m[33m 382[2mms[22m[39m
stderr | src/hooks/__tests__/useSearch.test.ts > useSearch Hook > Load More > should load more results for search
An update to TestComponent inside a test was not wrapped in act(...).

When testing, code that causes React state updates should be wrapped into act(...):

act(() => {
  /* fire events that update state */
});
/* assert on the output */

This ensures that you're testing the behavior the user would see in the browser. Learn more at https://react.dev/link/wrap-tests-with-act

 [32mÎ­ÎµÎ¥[39m src/features/search/AdvancedFilters.test.tsx [2m([22m[2m11 tests[22m[2m)[22m[33m 495[2mms[22m[39m
stderr | src/hooks/__tests__/useSearch.test.ts > useSearch Hook > Load More > should load more results for filters
An update to TestComponent inside a test was not wrapped in act(...).

When testing, code that causes React state updates should be wrapped into act(...):

act(() => {
  /* fire events that update state */
});
/* assert on the output */

This ensures that you're testing the behavior the user would see in the browser. Learn more at https://react.dev/link/wrap-tests-with-act

stderr | src/hooks/__tests__/useSearch.test.ts > useSearch Hook > Load More > should load more results for filters
An update to TestComponent inside a test was not wrapped in act(...).

When testing, code that causes React state updates should be wrapped into act(...):

act(() => {
  /* fire events that update state */
});
/* assert on the output */

This ensures that you're testing the behavior the user would see in the browser. Learn more at https://react.dev/link/wrap-tests-with-act

stderr | src/hooks/__tests__/useSearch.test.ts > useSearch Hook > Load More > should load more results for filters
An update to TestComponent inside a test was not wrapped in act(...).

When testing, code that causes React state updates should be wrapped into act(...):

act(() => {
  /* fire events that update state */
});
/* assert on the output */

This ensures that you're testing the behavior the user would see in the browser. Learn more at https://react.dev/link/wrap-tests-with-act

 [32mÎ­ÎµÎ¥[39m src/hooks/__tests__/useSearch.test.ts [2m([22m[2m20 tests[22m[2m)[22m[33m 451[2mms[22m[39m
stderr | src/features/students/components/GradeDistribution.test.tsx
[i18n] Search translation keys loaded: 6 keys

 [32mÎ­ÎµÎ¥[39m src/features/students/components/GradeDistribution.test.tsx [2m([22m[2m22 tests[22m[2m)[22m[33m 336[2mms[22m[39m
stderr | src/features/students/components/CourseGradeBreakdown.test.tsx
[i18n] Search translation keys loaded: 6 keys

stderr | src/ThemeContext.test.tsx
[i18n] Search translation keys loaded: 6 keys

stderr | src/features/advanced-search/__tests__/SearchResults.test.tsx
[i18n] Search translation keys loaded: 6 keys

stderr | src/ThemeContext.test.tsx > ThemeContext > setTheme > updates state even if localStorage fails
[ThemeProvider] Failed to save theme: Error: QuotaExceededError
    at Proxy.<anonymous> (D:/SMS/student-management-system/frontend/src/ThemeContext.test.tsx:175:15)
    at Proxy.setItem (file:///D:/SMS/student-management-system/frontend/node_modules/@vitest/spy/dist/index.js:285:34)
    at Object.setThemeImmediate [as setTheme] (D:/SMS/student-management-system/frontend/src/ThemeContext.tsx:142:20)
    at D:/SMS/student-management-system/frontend/src/ThemeContext.test.tsx:181:24
    at D:\SMS\student-management-system\frontend\node_modules\@testing-library\react\dist\act-compat.js:47:24
    at process.env.NODE_ENV.exports.act (D:\SMS\student-management-system\frontend\node_modules\react\cjs\react.development.js:814:22)
    at D:\SMS\student-management-system\frontend\node_modules\@testing-library\react\dist\act-compat.js:46:25
    at D:/SMS/student-management-system/frontend/src/ThemeContext.test.tsx:180:7
    at file:///D:/SMS/student-management-system/frontend/node_modules/@vitest/runner/dist/index.js:145:11
    at file:///D:/SMS/student-management-system/frontend/node_modules/@vitest/runner/dist/index.js:915:26

 [32mÎ­ÎµÎ¥[39m src/features/students/components/CourseGradeBreakdown.test.tsx [2m([22m[2m24 tests[22m[2m)[22m[33m 374[2mms[22m[39m
stderr | src\features\students\components\CourseGradeBreakdown.tsx:49:23
Failed to load course info 999 TypeError: fetch failed
    at node:internal/deps/undici/undici:13510:13
    at processTicksAndRejections (node:internal/process/task_queues:95:5)
    at D:/SMS/student-management-system/frontend/src/features/students/components/CourseGradeBreakdown.tsx:41:32
    at async Promise.all (index 0)
    at fetchMissingCourses (D:/SMS/student-management-system/frontend/src/features/students/components/CourseGradeBreakdown.tsx:38:32) {
  [cause]: AggregateError:
      at internalConnectMultiple (node:net:1122:18)
      at afterConnectMultiple (node:net:1689:7) {
    code: 'ECONNREFUSED',
    [errors]: [ [Error], [Error] ]
  }
}

 [32mÎ­ÎµÎ¥[39m src/ThemeContext.test.tsx [2m([22m[2m35 tests[22m[2m)[22m[33m 335[2mms[22m[39m
 [32mÎ­ÎµÎ¥[39m src/features/advanced-search/__tests__/SearchResults.test.tsx [2m([22m[2m35 tests[22m[2m)[22m[33m 351[2mms[22m[39m
stderr | src/features/search/SearchBar.test.tsx
[i18n] Search translation keys loaded: 6 keys

stderr | src/components/notifications/__tests__/NotificationDropdown.test.tsx
[i18n] Search translation keys loaded: 6 keys

 [32mÎ­ÎµÎ¥[39m src/features/search/SearchBar.test.tsx [2m([22m[2m9 tests[22m[2m)[22m[33m 337[2mms[22m[39m
stderr | src/features/advanced-search/__tests__/AdvancedSearchPage.integration.test.tsx
[i18n] Search translation keys loaded: 6 keys

 [32mÎ­ÎµÎ¥[39m src/components/notifications/__tests__/NotificationDropdown.test.tsx [2m([22m[2m21 tests[22m[2m)[22m[33m 311[2mms[22m[39m
stderr | src/features/advanced-search/__tests__/AdvancedSearchPage.integration.test.tsx
[API Client] VITE_API_URL env var: http://localhost:8000/api/v1
[API Client] Using API_BASE_URL: /api/v1
Using Vite dev proxy for localhost API (CORS-safe): /api/v1

10:37:03 â•§Î‘.â•¬â•. [vite] (client) warning: Duplicate "role" attribute in JSX element
291 |                    role="option"
292 |                    onMouseEnter={() => setHighlightedIndex(index)}
293 |                    role="option"
    |                    ^
294 |                    aria-selected={index === highlightedIndex}
295 |                    data-testid={`search-history-item-${index}`}

  Plugin: vite:esbuild
  File: D:/SMS/student-management-system/frontend/src/features/advanced-search/components/SearchBar.tsx
stderr | src/hooks/__tests__/useNotifications.test.ts
[i18n] Search translation keys loaded: 6 keys

stderr | src/hooks/__tests__/useNotifications.test.ts > useNotifications Hook > fetchNotifications > should handle fetch errors
Failed to fetch notifications: Error: Failed to fetch
    at D:/SMS/student-management-system/frontend/src/hooks/__tests__/useNotifications.test.ts:123:21
    at file:///D:/SMS/student-management-system/frontend/node_modules/@vitest/runner/dist/index.js:145:11
    at file:///D:/SMS/student-management-system/frontend/node_modules/@vitest/runner/dist/index.js:915:26
    at file:///D:/SMS/student-management-system/frontend/node_modules/@vitest/runner/dist/index.js:1243:20
    at new Promise (<anonymous>)
    at runWithTimeout (file:///D:/SMS/student-management-system/frontend/node_modules/@vitest/runner/dist/index.js:1209:10)
    at file:///D:/SMS/student-management-system/frontend/node_modules/@vitest/runner/dist/index.js:1653:37
    at Traces.$ (file:///D:/SMS/student-management-system/frontend/node_modules/vitest/dist/chunks/traces.U4xDYhzZ.js:115:27)
    at trace (file:///D:/SMS/student-management-system/frontend/node_modules/vitest/dist/chunks/test.B8ej_ZHS.js:239:21)
    at runTest (file:///D:/SMS/student-management-system/frontend/node_modules/@vitest/runner/dist/index.js:1653:12)

stderr | src/hooks/__tests__/useNotifications.test.ts > useNotifications Hook > markAsRead > should handle mark as read errors
Failed to mark notification as read: Error: Failed to mark as read
    at D:/SMS/student-management-system/frontend/src/hooks/__tests__/useNotifications.test.ts:253:21
    at file:///D:/SMS/student-management-system/frontend/node_modules/@vitest/runner/dist/index.js:145:11
    at file:///D:/SMS/student-management-system/frontend/node_modules/@vitest/runner/dist/index.js:915:26
    at file:///D:/SMS/student-management-system/frontend/node_modules/@vitest/runner/dist/index.js:1243:20
    at new Promise (<anonymous>)
    at runWithTimeout (file:///D:/SMS/student-management-system/frontend/node_modules/@vitest/runner/dist/index.js:1209:10)
    at file:///D:/SMS/student-management-system/frontend/node_modules/@vitest/runner/dist/index.js:1653:37
    at Traces.$ (file:///D:/SMS/student-management-system/frontend/node_modules/vitest/dist/chunks/traces.U4xDYhzZ.js:115:27)
    at trace (file:///D:/SMS/student-management-system/frontend/node_modules/vitest/dist/chunks/test.B8ej_ZHS.js:239:21)
    at runTest (file:///D:/SMS/student-management-system/frontend/node_modules/@vitest/runner/dist/index.js:1653:12)

stderr | src/hooks/__tests__/useNotifications.test.ts > useNotifications Hook > Error Handling > should set error state on API failure
Failed to fetch notifications: Error: API Error
    at D:/SMS/student-management-system/frontend/src/hooks/__tests__/useNotifications.test.ts:464:21
    at file:///D:/SMS/student-management-system/frontend/node_modules/@vitest/runner/dist/index.js:145:11
    at file:///D:/SMS/student-management-system/frontend/node_modules/@vitest/runner/dist/index.js:915:26
    at file:///D:/SMS/student-management-system/frontend/node_modules/@vitest/runner/dist/index.js:1243:20
    at new Promise (<anonymous>)
    at runWithTimeout (file:///D:/SMS/student-management-system/frontend/node_modules/@vitest/runner/dist/index.js:1209:10)
    at file:///D:/SMS/student-management-system/frontend/node_modules/@vitest/runner/dist/index.js:1653:37
    at Traces.$ (file:///D:/SMS/student-management-system/frontend/node_modules/vitest/dist/chunks/traces.U4xDYhzZ.js:115:27)
    at trace (file:///D:/SMS/student-management-system/frontend/node_modules/vitest/dist/chunks/test.B8ej_ZHS.js:239:21)
    at runTest (file:///D:/SMS/student-management-system/frontend/node_modules/@vitest/runner/dist/index.js:1653:12)

 [32mÎ­ÎµÎ¥[39m src/hooks/__tests__/useNotifications.test.ts [2m([22m[2m15 tests[22m[2m)[22m[32m 284[2mms[22m[39m
 [32mÎ­ÎµÎ¥[39m src/features/advanced-search/__tests__/AdvancedSearchPage.integration.test.tsx [2m([22m[2m5 tests[22m[2m)[22m[32m 241[2mms[22m[39m
stderr | src/features/advanced-search/__tests__/SearchBar.test.tsx
[i18n] Search translation keys loaded: 6 keys

stderr | src/features/notifications/components/NotificationItem.test.tsx
[i18n] Search translation keys loaded: 6 keys

 [32mÎ­ÎµÎ¥[39m src/features/advanced-search/__tests__/SearchBar.test.tsx [2m([22m[2m20 tests[22m[2m)[22m[32m 224[2mms[22m[39m
stderr | src/features/notifications/components/NotificationItem.test.tsx > NotificationItem > should support keyboard navigation for mark as read button
An update to NotificationItem inside a test was not wrapped in act(...).

When testing, code that causes React state updates should be wrapped into act(...):

act(() => {
  /* fire events that update state */
});
/* assert on the output */

This ensures that you're testing the behavior the user would see in the browser. Learn more at https://react.dev/link/wrap-tests-with-act

 [32mÎ­ÎµÎ¥[39m src/features/notifications/components/NotificationItem.test.tsx [2m([22m[2m8 tests[22m[2m)[22m[32m 227[2mms[22m[39m
stderr | src/services/__tests__/notificationWebSocket.test.ts
[i18n] Search translation keys loaded: 6 keys

stderr | src/services/__tests__/notificationWebSocket.test.ts > NotificationWebSocketClient > Connection State > should report connected after successful connection
[WebSocket] Connected to notifications server

stderr | src/features/analytics/components/__tests__/AnalyticsDashboard.test.tsx
[i18n] Search translation keys loaded: 6 keys

stderr | src/services/__tests__/notificationWebSocket.test.ts > NotificationWebSocketClient > Connection State > should report not connected after disconnect
[WebSocket] Connected to notifications server

stderr | src/services/__tests__/notificationWebSocket.test.ts > NotificationWebSocketClient > Connection State > should report not connected after disconnect
[WebSocket] Disconnected

stderr | src/services/__tests__/notificationWebSocket.test.ts > NotificationWebSocketClient > Connection State > should report not connected after disconnect
[WebSocket] Connection closed
[WebSocket] Attempting to reconnect in 3000ms (attempt 1)

stderr | src/services/__tests__/notificationWebSocket.test.ts > NotificationWebSocketClient > URL Construction > should construct correct WebSocket URL
[WebSocket] Connected to notifications server

stderr | src/services/__tests__/notificationWebSocket.test.ts > NotificationWebSocketClient > URL Construction > should encode special characters in token
[WebSocket] Connected to notifications server

stderr | src/services/__tests__/notificationWebSocket.test.ts > NotificationWebSocketClient > Callbacks > should call onConnect callback
[WebSocket] Connected to notifications server

stderr | src/services/__tests__/notificationWebSocket.test.ts > NotificationWebSocketClient > Callbacks > should call onDisconnect callback
[WebSocket] Connected to notifications server

stderr | src/services/__tests__/notificationWebSocket.test.ts > NotificationWebSocketClient > Callbacks > should call onDisconnect callback
[WebSocket] Disconnected

stderr | src/services/__tests__/notificationWebSocket.test.ts > NotificationWebSocketClient > Callbacks > should call onDisconnect callback
[WebSocket] Connection closed
[WebSocket] Attempting to reconnect in 3000ms (attempt 1)

stderr | src/services/__tests__/notificationWebSocket.test.ts > NotificationWebSocketClient > Error Handling > should handle disconnect when not connected
[WebSocket] Disconnected

stderr | src/services/__tests__/notificationWebSocket.test.ts > NotificationWebSocketClient > Error Handling > should handle multiple disconnect calls
[WebSocket] Connected to notifications server

stderr | src/services/__tests__/notificationWebSocket.test.ts > NotificationWebSocketClient > Error Handling > should handle multiple disconnect calls
[WebSocket] Disconnected
[WebSocket] Disconnected
[WebSocket] Disconnected

stderr | src/services/__tests__/notificationWebSocket.test.ts > NotificationWebSocketClient > Default Options > should use default callbacks if not provided
[WebSocket] Connection closed
[WebSocket] Attempting to reconnect in 3000ms (attempt 1)

stderr | src/services/__tests__/notificationWebSocket.test.ts > NotificationWebSocketClient > Default Options > should use default callbacks if not provided
[WebSocket] Connected to notifications server

 [32mÎ­ÎµÎ¥[39m src/services/__tests__/notificationWebSocket.test.ts [2m([22m[2m12 tests[22m[2m)[22m[32m 228[2mms[22m[39m
 [32mÎ­ÎµÎ¥[39m src/features/analytics/components/__tests__/AnalyticsDashboard.test.tsx [2m([22m[2m7 tests[22m[2m)[22m[32m 208[2mms[22m[39m
stderr | src/utils/calendarUtils.test.ts
[i18n] Search translation keys loaded: 6 keys

stderr | src/features/students/components/GradeStatistics.test.tsx
[i18n] Search translation keys loaded: 6 keys

 [32mÎ­ÎµÎ¥[39m src/utils/calendarUtils.test.ts [2m([22m[2m27 tests[22m[2m)[22m[32m 163[2mms[22m[39m
 [32mÎ­ÎµÎ¥[39m src/features/students/components/GradeStatistics.test.tsx [2m([22m[2m18 tests[22m[2m)[22m[32m 176[2mms[22m[39m
stderr | src/features/analytics/components/__tests__/CardComponents.test.tsx
[i18n] Search translation keys loaded: 6 keys

stderr | src/features/advanced-search/__tests__/AdvancedFilters.test.tsx
[i18n] Search translation keys loaded: 6 keys

 [32mÎ­ÎµÎ¥[39m src/features/analytics/components/__tests__/CardComponents.test.tsx [2m([22m[2m21 tests[22m[2m)[22m[32m 165[2mms[22m[39m
 [32mÎ­ÎµÎ¥[39m src/features/advanced-search/__tests__/AdvancedFilters.test.tsx [2m([22m[2m9 tests[22m[2m)[22m[32m 140[2mms[22m[39m
stderr | src/features/grading/components/__tests__/GradingView.decimal.test.tsx
[i18n] Search translation keys loaded: 6 keys

stderr | src/features/grading/components/GradeDisplay.test.tsx
[i18n] Search translation keys loaded: 6 keys

 [32mÎ­ÎµÎ¥[39m src/features/grading/components/__tests__/GradingView.decimal.test.tsx [2m([22m[2m6 tests[22m[2m)[22m[32m 128[2mms[22m[39m
 [32mÎ­ÎµÎ¥[39m src/features/grading/components/GradeDisplay.test.tsx [2m([22m[2m42 tests[22m[2m)[22m[32m 113[2mms[22m[39m
stderr | src/features/students/components/AttendanceDetails.test.tsx
[i18n] Search translation keys loaded: 6 keys

 [32mÎ­ÎµÎ¥[39m src/features/students/components/AttendanceDetails.test.tsx [2m([22m[2m22 tests[22m[2m)[22m[32m 95[2mms[22m[39m
stderr | src/hooks/useAutosave.test.ts
[i18n] Search translation keys loaded: 6 keys

stderr | src/hooks/useAutosave.test.ts > useAutosave hook > saveNow > should handle errors in saveNow
[useAutosave] Save failed: Error: Save failed
    at D:/SMS/student-management-system/frontend/src/hooks/useAutosave.test.ts:345:25
    at file:///D:/SMS/student-management-system/frontend/node_modules/@vitest/runner/dist/index.js:145:11
    at file:///D:/SMS/student-management-system/frontend/node_modules/@vitest/runner/dist/index.js:915:26
    at file:///D:/SMS/student-management-system/frontend/node_modules/@vitest/runner/dist/index.js:1243:20
    at new Promise (<anonymous>)
    at runWithTimeout (file:///D:/SMS/student-management-system/frontend/node_modules/@vitest/runner/dist/index.js:1209:10)
    at file:///D:/SMS/student-management-system/frontend/node_modules/@vitest/runner/dist/index.js:1653:37
    at Traces.$ (file:///D:/SMS/student-management-system/frontend/node_modules/vitest/dist/chunks/traces.U4xDYhzZ.js:115:27)
    at trace (file:///D:/SMS/student-management-system/frontend/node_modules/vitest/dist/chunks/test.B8ej_ZHS.js:239:21)
    at runTest (file:///D:/SMS/student-management-system/frontend/node_modules/@vitest/runner/dist/index.js:1653:12)

stderr | src/hooks/useAutosave.test.ts > useAutosave hook > callbacks > should call onError on save failure
[useAutosave] Save failed: Error: Save failed
    at D:/SMS/student-management-system/frontend/src/hooks/useAutosave.test.ts:463:25
    at file:///D:/SMS/student-management-system/frontend/node_modules/@vitest/runner/dist/index.js:145:11
    at file:///D:/SMS/student-management-system/frontend/node_modules/@vitest/runner/dist/index.js:915:26
    at file:///D:/SMS/student-management-system/frontend/node_modules/@vitest/runner/dist/index.js:1243:20
    at new Promise (<anonymous>)
    at runWithTimeout (file:///D:/SMS/student-management-system/frontend/node_modules/@vitest/runner/dist/index.js:1209:10)
    at file:///D:/SMS/student-management-system/frontend/node_modules/@vitest/runner/dist/index.js:1653:37
    at Traces.$ (file:///D:/SMS/student-management-system/frontend/node_modules/vitest/dist/chunks/traces.U4xDYhzZ.js:115:27)
    at trace (file:///D:/SMS/student-management-system/frontend/node_modules/vitest/dist/chunks/test.B8ej_ZHS.js:239:21)
    at runTest (file:///D:/SMS/student-management-system/frontend/node_modules/@vitest/runner/dist/index.js:1653:12)

stderr | src/hooks/useAutosave.test.ts > useAutosave hook > callbacks > should not call onSuccess if error occurs
[useAutosave] Save failed: Error: Save failed
    at D:/SMS/student-management-system/frontend/src/hooks/useAutosave.test.ts:483:50
    at file:///D:/SMS/student-management-system/frontend/node_modules/@vitest/runner/dist/index.js:145:11
    at file:///D:/SMS/student-management-system/frontend/node_modules/@vitest/runner/dist/index.js:915:26
    at file:///D:/SMS/student-management-system/frontend/node_modules/@vitest/runner/dist/index.js:1243:20
    at new Promise (<anonymous>)
    at runWithTimeout (file:///D:/SMS/student-management-system/frontend/node_modules/@vitest/runner/dist/index.js:1209:10)
    at file:///D:/SMS/student-management-system/frontend/node_modules/@vitest/runner/dist/index.js:1653:37
    at Traces.$ (file:///D:/SMS/student-management-system/frontend/node_modules/vitest/dist/chunks/traces.U4xDYhzZ.js:115:27)
    at trace (file:///D:/SMS/student-management-system/frontend/node_modules/vitest/dist/chunks/test.B8ej_ZHS.js:239:21)
    at runTest (file:///D:/SMS/student-management-system/frontend/node_modules/@vitest/runner/dist/index.js:1653:12)

 [32mÎ­ÎµÎ¥[39m src/hooks/useAutosave.test.ts [2m([22m[2m28 tests[22m[2m)[22m[32m 68[2mms[22m[39m
stderr | src/contexts/AuthContext.test.tsx
[i18n] Search translation keys loaded: 6 keys

stderr | src/hooks/useVirtualScroll.test.ts
[i18n] Search translation keys loaded: 6 keys

stderr | src/contexts/AuthContext.test.tsx
[API Client] VITE_API_URL env var: http://localhost:8000/api/v1
[API Client] Using API_BASE_URL: /api/v1
Using Vite dev proxy for localhost API (CORS-safe): /api/v1

 [32mÎ­ÎµÎ¥[39m src/hooks/useVirtualScroll.test.ts [2m([22m[2m42 tests[22m[2m)[22m[32m 47[2mms[22m[39m
 [32mÎ­ÎµÎ¥[39m src/contexts/AuthContext.test.tsx [2m([22m[2m19 tests[22m[2m)[22m[32m 62[2mms[22m[39m
stderr | src/hooks/usePerformanceMonitor.test.ts
[i18n] Search translation keys loaded: 6 keys

stderr | src/hooks/usePerformanceMonitor.test.ts > usePerformanceMonitor hook > usePerformanceMonitor > should log warning when render time exceeds threshold
[Performance] TestComponent render exceeded threshold { renderCount: 1, duration: 4800, threshold: 100 }

stderr | src/hooks/usePerformanceMonitor.test.ts > usePerformanceMonitor hook > usePerformanceMonitor > should include component name in warning message
[Performance] MyTestComponent render exceeded threshold { renderCount: 1, duration: 4800, threshold: 100 }

stderr | src/hooks/usePerformanceMonitor.test.ts > usePerformanceMonitor hook > usePerformanceMonitor > should include render count in warning object
[Performance] TestComponent render exceeded threshold { renderCount: 1, duration: 4800, threshold: 100 }

stderr | src/hooks/usePerformanceMonitor.test.ts > usePerformanceMonitor hook > usePerformanceMonitor > should track duration in warning object
[Performance] TestComponent render exceeded threshold { renderCount: 1, duration: 4800, threshold: 100 }

stderr | src/hooks/usePerformanceMonitor.test.ts > usePerformanceMonitor hook > usePerformanceMonitor > should send analytics event when available
[Performance] TestComponent render exceeded threshold { renderCount: 1, duration: 4800, threshold: 100 }

stderr | src/hooks/usePerformanceMonitor.test.ts > usePerformanceMonitor hook > usePerformanceMonitor > should not crash when analytics is not available
[Performance] TestComponent render exceeded threshold { renderCount: 1, duration: 4800, threshold: 100 }

stderr | src/hooks/usePerformanceMonitor.test.ts > usePerformanceMonitor hook > usePerformanceMonitor > should use default threshold of 100ms
[Performance] TestComponent render exceeded threshold { renderCount: 1, duration: 3232, threshold: 100 }

stderr | src/hooks/usePerformanceMonitor.test.ts > usePerformanceMonitor hook > usePerformanceMonitor > should accumulate total time across multiple renders
[Performance] TestComponent render exceeded threshold { renderCount: 1, duration: 380, threshold: 100 }
[Performance] TestComponent render exceeded threshold { renderCount: 2, duration: 210, threshold: 100 }

stderr | src/hooks/usePerformanceMonitor.test.ts > usePerformanceMonitor hook > useApiPerformance > should use default threshold of 1000ms
[Performance] Slow API request detected for /api/students {
  duration: 1500,
  name: 'https://example.com/api/students',
  threshold: 1000
}

stderr | src/hooks/usePerformanceMonitor.test.ts > usePerformanceMonitor hook > useApiPerformance > should log warning for slow API requests
[Performance] Slow API request detected for /api/students {
  duration: 600,
  name: 'https://example.com/api/students',
  threshold: 500
}

stderr | src/hooks/usePerformanceMonitor.test.ts > usePerformanceMonitor hook > useApiPerformance > should send analytics event for slow API requests
[Performance] Slow API request detected for /api/students {
  duration: 600,
  name: 'https://example.com/api/students',
  threshold: 500
}

stderr | src/hooks/usePerformanceMonitor.test.ts > usePerformanceMonitor hook > useApiPerformance > should handle multiple entries in single observation
[Performance] Slow API request detected for /api/students {
  duration: 600,
  name: 'https://example.com/api/students/1',
  threshold: 500
}
[Performance] Slow API request detected for /api/students {
  duration: 700,
  name: 'https://example.com/api/students/3',
  threshold: 500
}

 [32mÎ­ÎµÎ¥[39m src/hooks/usePerformanceMonitor.test.ts [2m([22m[2m26 tests[22m[2m)[22m[32m 46[2mms[22m[39m
stderr | src/hooks/useErrorRecovery.test.ts
[i18n] Search translation keys loaded: 6 keys

stderr | src/hooks/useErrorRecovery.test.ts > useErrorRecovery hook > retry strategies > should increment retry count with backoff strategy
An update to TestComponent inside a test was not wrapped in act(...).

When testing, code that causes React state updates should be wrapped into act(...):

act(() => {
  /* fire events that update state */
});
/* assert on the output */

This ensures that you're testing the behavior the user would see in the browser. Learn more at https://react.dev/link/wrap-tests-with-act

stderr | src/hooks/useErrorRecovery.test.ts > useErrorRecovery hook > retry strategies > should respect maxRetries limit
An update to TestComponent inside a test was not wrapped in act(...).

When testing, code that causes React state updates should be wrapped into act(...):

act(() => {
  /* fire events that update state */
});
/* assert on the output */

This ensures that you're testing the behavior the user would see in the browser. Learn more at https://react.dev/link/wrap-tests-with-act
An update to TestComponent inside a test was not wrapped in act(...).

When testing, code that causes React state updates should be wrapped into act(...):

act(() => {
  /* fire events that update state */
});
/* assert on the output */

This ensures that you're testing the behavior the user would see in the browser. Learn more at https://react.dev/link/wrap-tests-with-act

stderr | src/hooks/useErrorRecovery.test.ts > useErrorRecovery hook > exponential backoff calculation > should calculate correct exponential backoff delays
An update to TestComponent inside a test was not wrapped in act(...).

When testing, code that causes React state updates should be wrapped into act(...):

act(() => {
  /* fire events that update state */
});
/* assert on the output */

This ensures that you're testing the behavior the user would see in the browser. Learn more at https://react.dev/link/wrap-tests-with-act
An update to TestComponent inside a test was not wrapped in act(...).

When testing, code that causes React state updates should be wrapped into act(...):

act(() => {
  /* fire events that update state */
});
/* assert on the output */

This ensures that you're testing the behavior the user would see in the browser. Learn more at https://react.dev/link/wrap-tests-with-act

stderr | src/hooks/useErrorRecovery.test.ts > useErrorRecovery hook > shouldRetry > should return false when max retries exceeded
An update to TestComponent inside a test was not wrapped in act(...).

When testing, code that causes React state updates should be wrapped into act(...):

act(() => {
  /* fire events that update state */
});
/* assert on the output */

This ensures that you're testing the behavior the user would see in the browser. Learn more at https://react.dev/link/wrap-tests-with-act

stderr | src/hooks/useErrorRecovery.test.ts > useErrorRecovery hook > edge cases > should cap exponential backoff to avoid extremely long delays
An update to TestComponent inside a test was not wrapped in act(...).

When testing, code that causes React state updates should be wrapped into act(...):

act(() => {
  /* fire events that update state */
});
/* assert on the output */

This ensures that you're testing the behavior the user would see in the browser. Learn more at https://react.dev/link/wrap-tests-with-act
An update to TestComponent inside a test was not wrapped in act(...).

When testing, code that causes React state updates should be wrapped into act(...):

act(() => {
  /* fire events that update state */
});
/* assert on the output */

This ensures that you're testing the behavior the user would see in the browser. Learn more at https://react.dev/link/wrap-tests-with-act

 [32mÎ­ÎµÎ¥[39m src/hooks/useErrorRecovery.test.ts [2m([22m[2m18 tests[22m[2m)[22m[32m 42[2mms[22m[39m
stderr | src/LanguageContext.test.tsx
[i18n] Search translation keys loaded: 6 keys

 [32mÎ­ÎµÎ¥[39m src/LanguageContext.test.tsx [2m([22m[2m12 tests[22m[2m)[22m[32m 41[2mms[22m[39m
stderr | src/hooks/useFormValidation.test.ts
[i18n] Search translation keys loaded: 6 keys

 [32mÎ­ÎµÎ¥[39m src/hooks/useFormValidation.test.ts [2m([22m[2m17 tests[22m[2m)[22m[32m 40[2mms[22m[39m
stderr | src/hooks/useStudentModals.test.ts
[i18n] Search translation keys loaded: 6 keys

 [32mÎ­ÎµÎ¥[39m src/hooks/useStudentModals.test.ts [2m([22m[2m27 tests[22m[2m)[22m[32m 37[2mms[22m[39m
stderr | src/hooks/useCourseModals.test.ts
[i18n] Search translation keys loaded: 6 keys

 [32mÎ­ÎµÎ¥[39m src/hooks/useCourseModals.test.ts [2m([22m[2m29 tests[22m[2m)[22m[32m 37[2mms[22m[39m
stderr | src/hooks/useModal.test.ts
[i18n] Search translation keys loaded: 6 keys

 [32mÎ­ÎµÎ¥[39m src/hooks/useModal.test.ts [2m([22m[2m21 tests[22m[2m)[22m[32m 33[2mms[22m[39m
stderr | src/schemas/grade.schema.test.ts
[i18n] Search translation keys loaded: 6 keys

 [32mÎ­ÎµÎ¥[39m src/schemas/grade.schema.test.ts [2m([22m[2m60 tests[22m[2m)[22m[32m 26[2mms[22m[39m
stderr | src/schemas/attendance.schema.test.ts
[i18n] Search translation keys loaded: 6 keys

 [32mÎ­ÎµÎ¥[39m src/schemas/attendance.schema.test.ts [2m([22m[2m53 tests[22m[2m)[22m[32m 21[2mms[22m[39m
stderr | src/schemas/course.schema.test.ts
[i18n] Search translation keys loaded: 6 keys

 [32mÎ­ÎµÎ¥[39m src/schemas/course.schema.test.ts [2m([22m[2m53 tests[22m[2m)[22m[32m 19[2mms[22m[39m
stderr | src/schemas/student.schema.test.ts
[i18n] Search translation keys loaded: 6 keys

 [32mÎ­ÎµÎ¥[39m src/schemas/student.schema.test.ts [2m([22m[2m48 tests[22m[2m)[22m[32m 18[2mms[22m[39m
stderr | src/api/__tests__/api.client.test.ts
[i18n] Search translation keys loaded: 6 keys

stderr | src/api/__tests__/api.client.test.ts
[API Client] VITE_API_URL env var: http://localhost:8000/api/v1
[API Client] Using API_BASE_URL: /api/v1
Using Vite dev proxy for localhost API (CORS-safe): /api/v1

 [32mÎ­ÎµÎ¥[39m src/api/__tests__/api.client.test.ts [2m([22m[2m12 tests[22m[2m)[22m[32m 9[2mms[22m[39m
stderr | src/stores/useAttendanceStore.test.ts
[i18n] Search translation keys loaded: 6 keys

 [32mÎ­ÎµÎ¥[39m src/stores/useAttendanceStore.test.ts [2m([22m[2m33 tests[22m[2m)[22m[32m 9[2mms[22m[39m
stderr | src/stores/useCoursesStore.test.ts
[i18n] Search translation keys loaded: 6 keys

 [32mÎ­ÎµÎ¥[39m src/stores/useCoursesStore.test.ts [2m([22m[2m34 tests[22m[2m)[22m[32m 8[2mms[22m[39m
stderr | src/stores/useGradesStore.test.ts
[i18n] Search translation keys loaded: 6 keys

 [32mÎ­ÎµÎ¥[39m src/stores/useGradesStore.test.ts [2m([22m[2m32 tests[22m[2m)[22m[32m 8[2mms[22m[39m
stderr | src/stores/useStudentsStore.test.ts
[i18n] Search translation keys loaded: 6 keys

 [32mÎ­ÎµÎ¥[39m src/stores/useStudentsStore.test.ts [2m([22m[2m34 tests[22m[2m)[22m[32m 8[2mms[22m[39m
stderr | src/utils/categoryLabels.test.ts
[i18n] Search translation keys loaded: 6 keys

 [32mÎ­ÎµÎ¥[39m src/utils/categoryLabels.test.ts [2m([22m[2m29 tests[22m[2m)[22m[32m 7[2mms[22m[39m
stderr | src/utils/errorMessage.test.ts
[i18n] Search translation keys loaded: 6 keys

 [32mÎ­ÎµÎ¥[39m src/utils/errorMessage.test.ts [2m([22m[2m31 tests[22m[2m)[22m[32m 5[2mms[22m[39m
stderr | src/utils/gradeUtils.test.ts
[i18n] Search translation keys loaded: 6 keys

 [32mÎ­ÎµÎ¥[39m src/utils/gradeUtils.test.ts [2m([22m[2m32 tests[22m[2m)[22m[32m 6[2mms[22m[39m
stderr | src/utils/date.test.ts
[i18n] Search translation keys loaded: 6 keys

 [32mÎ­ÎµÎ¥[39m src/utils/date.test.ts [2m([22m[2m27 tests[22m[2m)[22m[32m 6[2mms[22m[39m
stderr | src/i18n/__tests__/translations.test.ts
[i18n] Search translation keys loaded: 6 keys

 [32mÎ­ÎµÎ¥[39m src/i18n/__tests__/translations.test.ts [2m([22m[2m7 tests[22m[2m)[22m[32m 5[2mms[22m[39m
stderr | src/components/views/CoursesView.test.tsx
[i18n] Search translation keys loaded: 6 keys

stderr | src/features/importExport/ImportWizard.test.tsx
[i18n] Search translation keys loaded: 6 keys

 [32mÎ­ÎµÎ¥[39m src/components/views/CoursesView.test.tsx [2m([22m[2m2 tests[22m[2m)[22m[33m 317[2mms[22m[39m
stderr | src/api/__tests__/api.request.interceptor.test.ts
[i18n] Search translation keys loaded: 6 keys

stderr | src/features/importExport/ImportWizard.test.tsx
[API Client] VITE_API_URL env var: http://localhost:8000/api/v1
[API Client] Using API_BASE_URL: /api/v1
Using Vite dev proxy for localhost API (CORS-safe): /api/v1

stderr | src/api/__tests__/api.request.interceptor.test.ts
[API Client] VITE_API_URL env var: http://localhost:8000/api/v1
[API Client] Using API_BASE_URL: /api/v1
Using Vite dev proxy for localhost API (CORS-safe): /api/v1

stderr | src/api/__tests__/api.request.interceptor.test.ts > apiClient request interceptor > attaches Authorization header when access token exists
[API] Attaching auth header for:

stderr | src/api/__tests__/api.request.interceptor.test.ts > apiClient request interceptor > does nothing when no token present
[API] No token available for:

stderr | src/api/__tests__/api.request.interceptor.test.ts > apiClient request interceptor > is resilient if headers missing or getter throws
[API] No token available for:
[API] No token available for:

 [31mÎ­Î¶Ïˆ[39m src/api/__tests__/api.request.interceptor.test.ts [2m([22m[2m3 tests[22m[2m | [22m[31m1 failed[39m[2m)[22m[32m 6[2mms[22m[39m
[31m     [31mâ”œÎ©[31m attaches Authorization header when access token exists[39m[32m 4[2mms[22m[39m
     [32mÎ­ÎµÎ¥[39m does nothing when no token present[32m 0[2mms[22m[39m
     [32mÎ­ÎµÎ¥[39m is resilient if headers missing or getter throws[32m 1[2mms[22m[39m
 [32mÎ­ÎµÎ¥[39m src/features/importExport/ImportWizard.test.tsx [2m([22m[2m3 tests[22m[2m)[22m[32m 107[2mms[22m[39m
stderr | src/api/__tests__/api.fallback.test.ts
[i18n] Search translation keys loaded: 6 keys

stderr | src/api/__tests__/api.fallback.test.ts
[API Client] VITE_API_URL env var: http://localhost:8000/api/v1
[API Client] Using API_BASE_URL: /api/v1
Using Vite dev proxy for localhost API (CORS-safe): /api/v1

 [32mÎ­ÎµÎ¥[39m src/api/__tests__/api.fallback.test.ts [2m([22m[2m3 tests[22m[2m)[22m[32m 4[2mms[22m[39m
stderr | src/features/importExport/ExportDialog.test.tsx
[i18n] Search translation keys loaded: 6 keys

stderr | src/contexts/AppearanceThemeContext.test.tsx
[i18n] Search translation keys loaded: 6 keys

 [32mÎ­ÎµÎ¥[39m src/contexts/AppearanceThemeContext.test.tsx [2m([22m[2m2 tests[22m[2m)[22m[32m 15[2mms[22m[39m
stderr | src/features/advanced-search/__tests__/SearchHistorySidebar.test.tsx
[i18n] Search translation keys loaded: 6 keys

stderr | src/features/importExport/ExportDialog.test.tsx
[API Client] VITE_API_URL env var: http://localhost:8000/api/v1
[API Client] Using API_BASE_URL: /api/v1
Using Vite dev proxy for localhost API (CORS-safe): /api/v1

 [32mÎ­ÎµÎ¥[39m src/features/advanced-search/__tests__/SearchHistorySidebar.test.tsx [2m([22m[2m2 tests[22m[2m)[22m[32m 35[2mms[22m[39m
 [32mÎ­ÎµÎ¥[39m src/features/importExport/ExportDialog.test.tsx [2m([22m[2m1 test[22m[2m)[22m[32m 185[2mms[22m[39m
stderr | src/features/advanced-search/__tests__/FacetedNavigation.test.tsx
[i18n] Search translation keys loaded: 6 keys

 [32mÎ­ÎµÎ¥[39m src/features/advanced-search/__tests__/FacetedNavigation.test.tsx [2m([22m[2m2 tests[22m[2m)[22m[32m 148[2mms[22m[39m
stderr | src/services/__tests__/authService.test.ts
[i18n] Search translation keys loaded: 6 keys

stderr | src/features/importExport/HistoryTable.test.tsx
[i18n] Search translation keys loaded: 6 keys

 [32mÎ­ÎµÎ¥[39m src/services/__tests__/authService.test.ts [2m([22m[2m2 tests[22m[2m)[22m[32m 3[2mms[22m[39m
 [32mÎ­ÎµÎ¥[39m src/features/importExport/HistoryTable.test.tsx [2m([22m[2m1 test[22m[2m)[22m[32m 24[2mms[22m[39m
stderr | src/components/import-export/__tests__/ImportExportPage.test.tsx
[i18n] Search translation keys loaded: 6 keys

stderr | src/utils/__tests__/normalize.test.ts
[i18n] Search translation keys loaded: 6 keys

 [32mÎ­ÎµÎ¥[39m src/utils/__tests__/normalize.test.ts [2m([22m[2m4 tests[22m[2m)[22m[32m 3[2mms[22m[39m
 [32mÎ­ÎµÎ¥[39m src/components/import-export/__tests__/ImportExportPage.test.tsx [2m([22m[2m1 test[22m[2m)[22m[32m 30[2mms[22m[39m
stderr | src/components/common/ServerControl.test.tsx
[i18n] Search translation keys loaded: 6 keys

stderr | src/typescriptBasics.test.ts
[i18n] Search translation keys loaded: 6 keys

 [32mÎ­ÎµÎ¥[39m src/typescriptBasics.test.ts [2m([22m[2m4 tests[22m[2m)[22m[32m 2[2mms[22m[39m
 [32mÎ­ÎµÎ¥[39m src/components/common/ServerControl.test.tsx [2m([22m[2m1 test[22m[2m)[22m[32m 49[2mms[22m[39m
stderr | src/features/advanced-search/__tests__/AdvancedQueryBuilder.test.tsx
[i18n] Search translation keys loaded: 6 keys

stderr | src/components/import-export/__tests__/ImportExportComponents.test.tsx
[i18n] Search translation keys loaded: 6 keys

 [32mÎ­ÎµÎ¥[39m src/components/import-export/__tests__/ImportExportComponents.test.tsx [2m([22m[2m1 test[22m[2m)[22m[32m 2[2mms[22m[39m
 [32mÎ­ÎµÎ¥[39m src/features/advanced-search/__tests__/AdvancedQueryBuilder.test.tsx [2m([22m[2m1 test[22m[2m)[22m[32m 36[2mms[22m[39m
stderr | src/utils/basicUtils.test.ts
[i18n] Search translation keys loaded: 6 keys

 [32mÎ­ÎµÎ¥[39m src/utils/basicUtils.test.ts [2m([22m[2m4 tests[22m[2m)[22m[32m 3[2mms[22m[39m
stderr | src/features/importExport/useImportExport.test.ts
[i18n] Search translation keys loaded: 6 keys

 [32mÎ­ÎµÎ¥[39m src/features/importExport/useImportExport.test.ts [2m([22m[2m1 test[22m[2m)[22m[32m 11[2mms[22m[39m
stderr | src/sanity.test.ts
[i18n] Search translation keys loaded: 6 keys

 [32mÎ­ÎµÎ¥[39m src/sanity.test.ts [2m([22m[2m1 test[22m[2m)[22m[32m 2[2mms[22m[39m

Î­ÎŸÏˆÎ­ÎŸÏˆÎ­ÎŸÏˆÎ­ÎŸÏˆÎ­ÎŸÏˆÎ­ÎŸÏˆ Failed Tests 17 Î­ÎŸÏˆÎ­ÎŸÏˆÎ­ÎŸÏˆÎ­ÎŸÏˆÎ­ÎŸÏˆÎ­ÎŸÏˆÎ­ÎŸÏˆ

 FAIL  src/api/__tests__/api.request.interceptor.test.ts > apiClient request interceptor > attaches Authorization header when access token exists
AssertionError: expected "getAccessToken" to be called at least once
 Î­Î¶Ïˆ src/api/__tests__/api.request.interceptor.test.ts:22:17
     20|
     21|     // Assert that the helper consulted the auth service
     22|     expect(spy).toHaveBeenCalled();
       |                 ^
     23|     expect(config.headers.Authorization).toBe('Bearer TOK123');
     24|   });

Î­ÎŸÏˆÎ­ÎŸÏˆÎ­ÎŸÏˆÎ­ÎŸÏˆÎ­ÎŸÏˆÎ­ÎŸÏˆÎ­ÎŸÏˆÎ­ÎŸÏˆÎ­ÎŸÏˆÎ­ÎŸÏˆÎ­ÎŸÏˆÎ­ÎŸÏˆÎ­ÎŸÏˆÎ­ÎŸÏˆÎ­ÎŸÏˆÎ­ÎŸÏˆÎ­ÎŸÏˆÎ­ÎŸÏˆÎ­ÎŸÏˆÎ­ÎŸÏˆÎ­ÎŸÏˆÎ­ÎŸÏˆÎ­ÎŸÏˆ[1/17]Î­ÎŸÏˆ

 FAIL  src/features/export-admin/__tests__/ExportAdmin.integration.test.tsx > ExportAdmin integration > renders dashboard with jobs tab
 FAIL  src/features/export-admin/__tests__/ExportAdmin.integration.test.tsx > ExportAdmin integration > switches to schedules tab
 FAIL  src/features/export-admin/__tests__/ExportAdmin.integration.test.tsx > ExportAdmin integration > displays job details correctly
 FAIL  src/features/export-admin/__tests__/ExportAdmin.integration.test.tsx > ExportAdmin integration > allows deleting a job
 FAIL  src/features/export-admin/__tests__/ExportAdmin.integration.test.tsx > ExportAdmin integration > filters job list with search
 FAIL  src/features/export-admin/__tests__/ExportDashboard.test.tsx > ExportDashboard > renders dashboard title and description
 FAIL  src/features/export-admin/__tests__/ExportDashboard.test.tsx > ExportDashboard > renders refresh button
 FAIL  src/features/export-admin/__tests__/ExportDashboard.test.tsx > ExportDashboard > displays quick stats cards
 FAIL  src/features/export-admin/__tests__/ExportDashboard.test.tsx > ExportDashboard > renders all 6 tab triggers
 FAIL  src/features/export-admin/__tests__/ExportDashboard.test.tsx > ExportDashboard > shows ExportJobList by default (jobs tab)
 FAIL  src/features/export-admin/__tests__/ExportDashboard.test.tsx > ExportDashboard > switches to schedules tab on click
 FAIL  src/features/export-admin/__tests__/ExportDashboard.test.tsx > ExportDashboard > switches to metrics tab on click
 FAIL  src/features/export-admin/__tests__/ExportDashboard.test.tsx > ExportDashboard > switches to settings tab on click
 FAIL  src/features/export-admin/__tests__/ExportDashboard.test.tsx > ExportDashboard > calls onRefresh when refresh button clicked
 FAIL  src/features/export-admin/__tests__/ExportDashboard.test.tsx > ExportDashboard > displays error alert when jobs fail to load
Error: [vitest] No "useExportJob" export is defined on the "../hooks/useExportAdmin" mock. Did you forget to return it from "vi.mock"?
If you need to partially mock a module, you can use "importOriginal" helper inside:

vi.mock(import("../hooks/useExportAdmin"), async (importOriginal) => {
  const actual = await importOriginal()
  return {
    ...actual,
    // your mocked methods
  }
})

 Î­Î¶Ïˆ ExportDashboard src/features/export-admin/components/ExportDashboard.tsx:51:37
     49|   });
     50|
     51|   const { data: selectedJobData } = useExportJob(selectedJobId);
       |                                     ^
     52|   const { data: schedulesData } = useExportSchedules();
     53|   const { data: metricsData } = useExportMetrics(7);
 Î­Î¶Ïˆ Object.react_stack_bottom_frame node_modules/react-dom/cjs/react-dom-client.development.js:25904:20
 Î­Î¶Ïˆ renderWithHooks node_modules/react-dom/cjs/react-dom-client.development.js:7662:22
 Î­Î¶Ïˆ updateFunctionComponent node_modules/react-dom/cjs/react-dom-client.development.js:10166:19
 Î­Î¶Ïˆ beginWork node_modules/react-dom/cjs/react-dom-client.development.js:11778:18
 Î­Î¶Ïˆ runWithFiberInDEV node_modules/react-dom/cjs/react-dom-client.development.js:874:13
 Î­Î¶Ïˆ performUnitOfWork node_modules/react-dom/cjs/react-dom-client.development.js:17641:22
 Î­Î¶Ïˆ workLoopSync node_modules/react-dom/cjs/react-dom-client.development.js:17469:41

Î­ÎŸÏˆÎ­ÎŸÏˆÎ­ÎŸÏˆÎ­ÎŸÏˆÎ­ÎŸÏˆÎ­ÎŸÏˆÎ­ÎŸÏˆÎ­ÎŸÏˆÎ­ÎŸÏˆÎ­ÎŸÏˆÎ­ÎŸÏˆÎ­ÎŸÏˆÎ­ÎŸÏˆÎ­ÎŸÏˆÎ­ÎŸÏˆÎ­ÎŸÏˆÎ­ÎŸÏˆÎ­ÎŸÏˆÎ­ÎŸÏˆÎ­ÎŸÏˆÎ­ÎŸÏˆÎ­ÎŸÏˆÎ­ÎŸÏˆ[2/17]Î­ÎŸÏˆ

 FAIL  src/features/export-admin/__tests__/SupportingComponents.test.tsx > PerformanceAnalytics > displays metric values correctly
TestingLibraryElementError: Unable to find an element with the text: 120.50s. This could be because the text is broken up by multiple elements. In this case, you can provide a function for your text matcher to make your matcher more flexible.

Ignored nodes: comments, script, style
<body>
  <div>
    <div
      class="space-y-4"
    >
      <div
        class="grid gap-4 md:grid-cols-3"
      >
        <div
          class="rounded-xl border bg-card text-card-foreground shadow"
        >
          <div
            class="flex flex-col space-y-1.5 p-6 pb-2"
          >
            <div
              class="font-semibold tracking-tight text-sm"
            >
              Avg Duration
            </div>
          </div>
          <div
            class="p-6 pt-0"
          >
            <div
              class="text-2xl font-bold"
            >
              120.50
              detail.seconds
            </div>
          </div>
        </div>
        <div
          class="rounded-xl border bg-card text-card-foreground shadow"
        >
          <div
            class="flex flex-col space-y-1.5 p-6 pb-2"
          >
            <div
              class="font-semibold tracking-tight text-sm"
            >
              Success Rate
            </div>
          </div>
          <div
            class="p-6 pt-0"
          >
            <div
              class="text-2xl font-bold"
            >
              95.7
              %
            </div>
          </div>
        </div>
        <div
          class="rounded-xl border bg-card text-card-foreground shadow"
        >
          <div
            class="flex flex-col space-y-1.5 p-6 pb-2"
          >
            <div
              class="font-semibold tracking-tight text-sm"
            >
              Total Exports
            </div>
          </div>
          <div
            class="p-6 pt-0"
          >
            <div
              class="text-2xl font-bold"
            >
              342
            </div>
          </div>
        </div>
      </div>
      <div
        class="rounded-xl border bg-card text-card-foreground shadow"
      >
        <div
          class="flex flex-col space-y-1.5 p-6"
        >
          <div
            class="font-semibold leading-none tracking-tight"
          >
            Export Format Breakdown
          </div>
        </div>
        <div
          class="p-6 pt-0"
        >
          <div
            class="grid gap-4 md:grid-cols-3"
          >
            <div
              class="rounded-lg border p-4"
            >
              <p
                class="text-sm font-medium capitalize"
              >
                excel
              </p>
              <p
                class="text-2xl font-bold"
              >
                180
              </p>
              <p
                class="text-xs text-muted-foreground"
              >
                96.2
                %
                success
              </p>
            </div>
            <div
              class="rounded-lg border p-4"
            >
              <p
                class="text-sm font-medium capitalize"
              >
                csv
              </p>
              <p
                class="text-2xl font-bold"
              >
                120
              </p>
              <p
                class="text-xs text-muted-foreground"
              >
                94.1
                %
                success
              </p>
            </div>
            <div
              class="rounded-lg border p-4"
            >
              <p
                class="text-sm font-medium capitalize"
              >
                pdf
              </p>
              <p
                class="text-2xl font-bold"
              >
                42
              </p>
              <p
                class="text-xs text-muted-foreground"
              >
                92.4
                %
                success
              </p>
            </div>
          </div>
        </div>
      </div>
    </div>
  </div>
</body>
 Î­Î¶Ïˆ Object.getElementError node_modules/@testing-library/dom/dist/config.js:37:19
 Î­Î¶Ïˆ node_modules/@testing-library/dom/dist/query-helpers.js:76:38
 Î­Î¶Ïˆ node_modules/@testing-library/dom/dist/query-helpers.js:52:17
 Î­Î¶Ïˆ node_modules/@testing-library/dom/dist/query-helpers.js:95:19
 Î­Î¶Ïˆ src/features/export-admin/__tests__/SupportingComponents.test.tsx:328:19
    326|     renderWithProviders(<PerformanceAnalytics metrics={mockMetrics} />Î­Î‘Î¿
    327|
    328|     expect(screen.getByText('120.50s')).toBeInTheDocument();
       |                   ^
    329|     expect(screen.getByText('95.7%')).toBeInTheDocument();
    330|     expect(screen.getByText('342')).toBeInTheDocument();

Î­ÎŸÏˆÎ­ÎŸÏˆÎ­ÎŸÏˆÎ­ÎŸÏˆÎ­ÎŸÏˆÎ­ÎŸÏˆÎ­ÎŸÏˆÎ­ÎŸÏˆÎ­ÎŸÏˆÎ­ÎŸÏˆÎ­ÎŸÏˆÎ­ÎŸÏˆÎ­ÎŸÏˆÎ­ÎŸÏˆÎ­ÎŸÏˆÎ­ÎŸÏˆÎ­ÎŸÏˆÎ­ÎŸÏˆÎ­ÎŸÏˆÎ­ÎŸÏˆÎ­ÎŸÏˆÎ­ÎŸÏˆÎ­ÎŸÏˆ[3/17]Î­ÎŸÏˆ


[2m Test Files [22m [1m[31m4 failed[39m[22m[2m | [22m[1m[32m95 passed[39m[22m[90m (99)[39m
[2m      Tests [22m [1m[31m17 failed[39m[22m[2m | [22m[1m[32m1796 passed[39m[22m[90m (1813)[39m
[2m   Start at [22m 10:36:32
[2m   Duration [22m 47.30s[2m (transform 3.37s, setup 25.39s, import 15.70s, tests 63.58s, environment 66.20s)[22m

[1m[41m FAIL [49m[22m [31mTests failed. Watching for file changes...[39m
       [2mpress [22m[1mh[22m[2m to show help[22m[2m, [22m[2mpress [22m[1mq[22m[2m to quit[22m
c[3J[1m[44m RERUN [49m[22m [34m[2mrerun all tests [22m[39m

stderr | src/features/export-admin/__tests__/SupportingComponents.test.tsx
[i18n] Search translation keys loaded: 6 keys

stderr | src/api/__tests__/api.request.interceptor.test.ts
[i18n] Search translation keys loaded: 6 keys

stderr | src/features/export-admin/__tests__/ExportDashboard.test.tsx
[i18n] Search translation keys loaded: 6 keys

stderr | src/features/export-admin/__tests__/ExportAdmin.integration.test.tsx
[i18n] Search translation keys loaded: 6 keys

stderr | src/api/__tests__/api.request.interceptor.test.ts
[API Client] VITE_API_URL env var: http://localhost:8000/api/v1
[API Client] Using API_BASE_URL: /api/v1
Using Vite dev proxy for localhost API (CORS-safe): /api/v1

stderr | src/api/__tests__/api.request.interceptor.test.ts > apiClient request interceptor > attaches Authorization header when access token exists
[API] Attaching auth header for:

stderr | src/api/__tests__/api.request.interceptor.test.ts > apiClient request interceptor > does nothing when no token present
[API] No token available for:

stderr | src/api/__tests__/api.request.interceptor.test.ts > apiClient request interceptor > is resilient if headers missing or getter throws
[API] No token available for:
[API] No token available for:

 [31mÎ­Î¶Ïˆ[39m src/api/__tests__/api.request.interceptor.test.ts [2m([22m[2m3 tests[22m[2m | [22m[31m1 failed[39m[2m)[22m[32m 8[2mms[22m[39m
[31m     [31mâ”œÎ©[31m attaches Authorization header when access token exists[39m[32m 4[2mms[22m[39m
     [32mÎ­ÎµÎ¥[39m does nothing when no token present[32m 1[2mms[22m[39m
     [32mÎ­ÎµÎ¥[39m is resilient if headers missing or getter throws[32m 1[2mms[22m[39m
 [31mÎ­Î¶Ïˆ[39m src/features/export-admin/__tests__/ExportDashboard.test.tsx [2m([22m[2m10 tests[22m[2m | [22m[31m10 failed[39m[2m)[22m[32m 34[2mms[22m[39m
[31m     [31mâ”œÎ©[31m renders dashboard title and description[39m[32m 16[2mms[22m[39m
[31m     [31mâ”œÎ©[31m renders refresh button[39m[32m 2[2mms[22m[39m
[31m     [31mâ”œÎ©[31m displays quick stats cards[39m[32m 2[2mms[22m[39m
[31m     [31mâ”œÎ©[31m renders all 6 tab triggers[39m[32m 2[2mms[22m[39m
[31m     [31mâ”œÎ©[31m shows ExportJobList by default (jobs tab)[39m[32m 2[2mms[22m[39m
[31m     [31mâ”œÎ©[31m switches to schedules tab on click[39m[32m 3[2mms[22m[39m
[31m     [31mâ”œÎ©[31m switches to metrics tab on click[39m[32m 2[2mms[22m[39m
[31m     [31mâ”œÎ©[31m switches to settings tab on click[39m[32m 1[2mms[22m[39m
[31m     [31mâ”œÎ©[31m calls onRefresh when refresh button clicked[39m[32m 2[2mms[22m[39m
[31m     [31mâ”œÎ©[31m displays error alert when jobs fail to load[39m[32m 2[2mms[22m[39m
stderr | src/features/students/components/AddStudentModal.test.tsx
[i18n] Search translation keys loaded: 6 keys

 [31mÎ­Î¶Ïˆ[39m src/features/export-admin/__tests__/ExportAdmin.integration.test.tsx [2m([22m[2m5 tests[22m[2m | [22m[31m5 failed[39m[2m)[22m[32m 28[2mms[22m[39m
[31m     [31mâ”œÎ©[31m renders dashboard with jobs tab[39m[32m 17[2mms[22m[39m
[31m     [31mâ”œÎ©[31m switches to schedules tab[39m[32m 4[2mms[22m[39m
[31m     [31mâ”œÎ©[31m displays job details correctly[39m[32m 2[2mms[22m[39m
[31m     [31mâ”œÎ©[31m allows deleting a job[39m[32m 2[2mms[22m[39m
[31m     [31mâ”œÎ©[31m filters job list with search[39m[32m 2[2mms[22m[39m
 [31mÎ­Î¶Ïˆ[39m src/features/export-admin/__tests__/SupportingComponents.test.tsx [2m([22m[2m19 tests[22m[2m | [22m[31m1 failed[39m[2m)[22m[33m 757[2mms[22m[39m
     [32mÎ­ÎµÎ¥[39m renders email configuration title[32m 54[2mms[22m[39m
     [32mÎ­ÎµÎ¥[39m renders all SMTP form fields[32m 12[2mms[22m[39m
     [32mÎ­ÎµÎ¥[39m renders save and test buttons[32m 153[2mms[22m[39m
     [32mÎ­ÎµÎ¥[39m allows input in form fields[32m 280[2mms[22m[39m
     [32mÎ­ÎµÎ¥[39m renders settings title[32m 5[2mms[22m[39m
     [32mÎ­ÎµÎ¥[39m renders all settings fields with hints[32m 42[2mms[22m[39m
     [32mÎ­ÎµÎ¥[39m renders save settings button[32m 21[2mms[22m[39m
     [32mÎ­ÎµÎ¥[39m accepts numeric input in settings fields[32m 39[2mms[22m[39m
     [32mÎ­ÎµÎ¥[39m renders modal when open with job data[32m 17[2mms[22m[39m
     [32mÎ­ÎµÎ¥[39m displays job details correctly[32m 8[2mms[22m[39m
     [32mÎ­ÎµÎ¥[39m displays progress bar with correct percentage[32m 5[2mms[22m[39m
     [32mÎ­ÎµÎ¥[39m calls onClose when close button clicked[32m 65[2mms[22m[39m
     [32mÎ­ÎµÎ¥[39m displays error section when job has error[32m 16[2mms[22m[39m
     [32mÎ­ÎµÎ¥[39m does not render when isOpen is false[32m 1[2mms[22m[39m
     [32mÎ­ÎµÎ¥[39m renders all metric cards[32m 5[2mms[22m[39m
[31m     [31mâ”œÎ©[31m displays metric values correctly[39m[32m 13[2mms[22m[39m
     [32mÎ­ÎµÎ¥[39m renders format breakdown section[32m 6[2mms[22m[39m
     [32mÎ­ÎµÎ¥[39m renders chart container[32m 6[2mms[22m[39m
     [32mÎ­ÎµÎ¥[39m displays duration trend chart[32m 4[2mms[22m[39m
stderr | src/features/students/components/EditStudentModal.test.tsx
[i18n] Search translation keys loaded: 6 keys

stderr | src/components/__tests__/SavedSearches.test.tsx
[i18n] Search translation keys loaded: 6 keys

stderr | src/features/courses/components/AddCourseModal.test.tsx
[i18n] Search translation keys loaded: 6 keys

stderr | src/components/__tests__/SavedSearches.test.tsx > SavedSearches Component > Saving Searches > should limit to 10 saved searches per type
Each child in a list should have a unique "key" prop.

Check the render method of `SavedSearches`. See https://react.dev/link/warning-keys for more information.

stderr | src/components/__tests__/SavedSearches.test.tsx > SavedSearches Component > Error Handling > should handle corrupted localStorage
Error loading saved searches: SyntaxError: Unexpected token 'i', "invalid json" is not valid JSON
    at JSON.parse (<anonymous>)
    at D:/SMS/student-management-system/frontend/src/components/SavedSearches.tsx:75:29
    at D:/SMS/student-management-system/frontend/src/components/SavedSearches.tsx:110:5
    at Object.react_stack_bottom_frame (D:\SMS\student-management-system\frontend\node_modules\react-dom\cjs\react-dom-client.development.js:25989:20)
    at runWithFiberInDEV (D:\SMS\student-management-system\frontend\node_modules\react-dom\cjs\react-dom-client.development.js:874:13)
    at commitHookEffectListMount (D:\SMS\student-management-system\frontend\node_modules\react-dom\cjs\react-dom-client.development.js:13249:29)
    at commitHookPassiveMountEffects (D:\SMS\student-management-system\frontend\node_modules\react-dom\cjs\react-dom-client.development.js:13336:11)
    at commitPassiveMountOnFiber (D:\SMS\student-management-system\frontend\node_modules\react-dom\cjs\react-dom-client.development.js:15484:13)
    at recursivelyTraversePassiveMountEffects (D:\SMS\student-management-system\frontend\node_modules\react-dom\cjs\react-dom-client.development.js:15439:11)
    at commitPassiveMountOnFiber (D:\SMS\student-management-system\frontend\node_modules\react-dom\cjs\react-dom-client.development.js:15718:11)

stderr | src/components/__tests__/SavedSearches.test.tsx > SavedSearches Component > Error Handling > should show error message if save fails
Error saving search: Error: Storage full
    at Object.<anonymous> (D:/SMS/student-management-system/frontend/src/components/__tests__/SavedSearches.test.tsx:551:15)
    at Object.Mock [as setItem] (file:///D:/SMS/student-management-system/frontend/node_modules/@vitest/spy/dist/index.js:285:34)
    at handleSaveSearch (D:/SMS/student-management-system/frontend/src/components/SavedSearches.tsx:155:20)
    at executeDispatch (D:\SMS\student-management-system\frontend\node_modules\react-dom\cjs\react-dom-client.development.js:19116:9)
    at runWithFiberInDEV (D:\SMS\student-management-system\frontend\node_modules\react-dom\cjs\react-dom-client.development.js:874:13)
    at processDispatchQueue (D:\SMS\student-management-system\frontend\node_modules\react-dom\cjs\react-dom-client.development.js:19166:19)
    at D:\SMS\student-management-system\frontend\node_modules\react-dom\cjs\react-dom-client.development.js:19767:9
    at batchedUpdates$1 (D:\SMS\student-management-system\frontend\node_modules\react-dom\cjs\react-dom-client.development.js:3255:40)
    at dispatchEventForPluginEventSystem (D:\SMS\student-management-system\frontend\node_modules\react-dom\cjs\react-dom-client.development.js:19320:7)
    at dispatchEvent (D:\SMS\student-management-system\frontend\node_modules\react-dom\cjs\react-dom-client.development.js:23585:11)

 [32mÎ­ÎµÎ¥[39m src/features/students/components/EditStudentModal.test.tsx [2m([22m[2m24 tests[22m[2m)[22m[33m 5130[2mms[22m[39m
       [33m[2mÎ­ÎµÎ¥[22m[39m allows editing all text fields [33m 335[2mms[22m[39m
       [33m[2mÎ­ÎµÎ¥[22m[39m shows validation error for invalid email format (schema validation) [33m 367[2mms[22m[39m
       [33m[2mÎ­ÎµÎ¥[22m[39m validates phone number max length [33m 490[2mms[22m[39m
       [33m[2mÎ­ÎµÎ¥[22m[39m converts email to lowercase on submission [33m 430[2mms[22m[39m
       [33m[2mÎ­ÎµÎ¥[22m[39m calls onUpdate with modified student data [33m 360[2mms[22m[39m
       [33m[2mÎ­ÎµÎ¥[22m[39m updates phone and mobile_phone together [33m 326[2mms[22m[39m
       [33m[2mÎ­ÎµÎ¥[22m[39m handles submission with all fields modified [33m 980[2mms[22m[39m
       [33m[2mÎ­ÎµÎ¥[22m[39m handles special characters in name fields [33m 541[2mms[22m[39m
 [32mÎ­ÎµÎ¥[39m src/components/__tests__/SavedSearches.test.tsx [2m([22m[2m25 tests[22m[2m)[22m[33m 4123[2mms[22m[39m
       [33m[2mÎ­ÎµÎ¥[22m[39m should save search with custom name [33m 365[2mms[22m[39m
       [33m[2mÎ­ÎµÎ¥[22m[39m should prevent saving empty name [33m 322[2mms[22m[39m
       [33m[2mÎ­ÎµÎ¥[22m[39m should limit to 10 saved searches per type [33m 307[2mms[22m[39m
       [33m[2mÎ­ÎµÎ¥[22m[39m should display success message after save [33m 310[2mms[22m[39m
       [33m[2mÎ­ÎµÎ¥[22m[39m should save searches to localStorage [33m 377[2mms[22m[39m
       [33m[2mÎ­ÎµÎ¥[22m[39m should separate searches by search type [33m 778[2mms[22m[39m
 [32mÎ­ÎµÎ¥[39m src/features/courses/components/AddCourseModal.test.tsx [2m([22m[2m26 tests[22m[2m)[22m[33m 4349[2mms[22m[39m
       [33m[2mÎ­ÎµÎ¥[22m[39m allows typing in course name field [33m 537[2mms[22m[39m
       [33m[2mÎ­ÎµÎ¥[22m[39m validates course code max length [33m 887[2mms[22m[39m
       [33m[2mÎ­ÎµÎ¥[22m[39m validates credits range (0-20) [33m 528[2mms[22m[39m
       [33m[2mÎ­ÎµÎ¥[22m[39m updates semester preview when custom text is entered [33m 328[2mms[22m[39m
stderr | src/components/__tests__/AdvancedFilters.test.tsx
[i18n] Search translation keys loaded: 6 keys

stderr | src/components/__tests__/SearchBar.test.tsx
[i18n] Search translation keys loaded: 6 keys

stderr | src/hooks/useApiWithRecovery.test.tsx
[i18n] Search translation keys loaded: 6 keys

stderr | src/hooks/useApiWithRecovery.test.tsx > useApiWithRecovery > edge cases > should handle undefined response
Query data cannot be undefined. Please make sure to return a value other than undefined from your query function. Affected query key: ["test"]

 [32mÎ­ÎµÎ¥[39m src/hooks/useApiWithRecovery.test.tsx [2m([22m[2m25 tests[22m[2m)[22m[33m 1713[2mms[22m[39m
 [32mÎ­ÎµÎ¥[39m src/components/__tests__/AdvancedFilters.test.tsx [2m([22m[2m41 tests[22m[2m)[22m[33m 2346[2mms[22m[39m
       [33m[2mÎ­ÎµÎ¥[22m[39m should allow entering email [33m 314[2mms[22m[39m
       [33m[2mÎ­ÎµÎ¥[22m[39m should handle multiple field entries [33m 420[2mms[22m[39m
 [32mÎ­ÎµÎ¥[39m src/components/__tests__/SearchBar.test.tsx [2m([22m[2m27 tests[22m[2m)[22m[33m 2166[2mms[22m[39m
stderr | src/features/operations/components/AppearanceThemeSelector.test.tsx
[i18n] Search translation keys loaded: 6 keys

stderr | src/features/students/components/NotesSection.test.tsx
[i18n] Search translation keys loaded: 6 keys

stderr | src/features/courses/components/EditCourseModal.test.tsx
[i18n] Search translation keys loaded: 6 keys

stderr | src/features/students/components/NotesSection.test.tsx
[API Client] VITE_API_URL env var: http://localhost:8000/api/v1
[API Client] Using API_BASE_URL: /api/v1
Using Vite dev proxy for localhost API (CORS-safe): /api/v1

 [32mÎ­ÎµÎ¥[39m src/features/operations/components/AppearanceThemeSelector.test.tsx [2m([22m[2m23 tests[22m[2m)[22m[33m 1514[2mms[22m[39m
       [33m[2mÎ­ÎµÎ¥[22m[39m handles rapid theme changes [33m 314[2mms[22m[39m
 [32mÎ­ÎµÎ¥[39m src/features/courses/components/EditCourseModal.test.tsx [2m([22m[2m21 tests[22m[2m)[22m[33m 1434[2mms[22m[39m
       [33m[2mÎ­ÎµÎ¥[22m[39m allows editing course name [33m 420[2mms[22m[39m
 [32mÎ­ÎµÎ¥[39m src/features/students/components/NotesSection.test.tsx [2m([22m[2m24 tests[22m[2m)[22m[33m 1527[2mms[22m[39m
stderr | src/features/export-admin/__tests__/ExportScheduler.test.tsx
[i18n] Search translation keys loaded: 6 keys

stderr | src/features/search/SearchFacets.test.tsx
[i18n] Search translation keys loaded: 6 keys

stderr | src/features/admin/__tests__/PermissionsPage.test.tsx
[i18n] Search translation keys loaded: 6 keys

 [32mÎ­ÎµÎ¥[39m src/features/export-admin/__tests__/ExportScheduler.test.tsx [2m([22m[2m12 tests[22m[2m)[22m[33m 1418[2mms[22m[39m
     [33m[2mÎ­ÎµÎ¥[22m[39m submits form with correct data [33m 475[2mms[22m[39m
 [32mÎ­ÎµÎ¥[39m src/features/search/SearchFacets.test.tsx [2m([22m[2m17 tests[22m[2m)[22m[33m 1013[2mms[22m[39m
 [32mÎ­ÎµÎ¥[39m src/features/admin/__tests__/PermissionsPage.test.tsx [2m([22m[2m2 tests[22m[2m)[22m[33m 1024[2mms[22m[39m
     [33m[2mÎ­ÎµÎ¥[22m[39m allows granting, revoking, and auditing permissions [33m 849[2mms[22m[39m
 [32mÎ­ÎµÎ¥[39m src/features/students/components/AddStudentModal.test.tsx [2m([22m[2m26 tests[22m[2m)[22m[33m 14262[2mms[22m[39m
       [33m[2mÎ­ÎµÎ¥[22m[39m allows typing in all text fields [33m 887[2mms[22m[39m
       [33m[2mÎ­ÎµÎ¥[22m[39m allows typing in address textarea [33m 364[2mms[22m[39m
       [33m[2mÎ­ÎµÎ¥[22m[39m shows validation error for invalid email (schema validation) [33m 674[2mms[22m[39m
       [33m[2mÎ­ÎµÎ¥[22m[39m shows validation error for invalid student ID pattern [33m 698[2mms[22m[39m
       [33m[2mÎ­ÎµÎ¥[22m[39m shows validation error for too long student ID [33m 1371[2mms[22m[39m
       [33m[2mÎ­ÎµÎ¥[22m[39m normalizes whitespace and lowercases email on submit [33m 950[2mms[22m[39m
       [33m[2mÎ­ÎµÎ¥[22m[39m converts email to lowercase [33m 683[2mms[22m[39m
       [33m[2mÎ­ÎµÎ¥[22m[39m calls onAdd with valid form data [33m 933[2mms[22m[39m
       [33m[2mÎ­ÎµÎ¥[22m[39m calls onClose after successful submission [33m 685[2mms[22m[39m
       [33m[2mÎ­ÎµÎ¥[22m[39m includes default values for optional backend fields [33m 640[2mms[22m[39m
       [33m[2mÎ­ÎµÎ¥[22m[39m handles submission with optional fields empty [33m 683[2mms[22m[39m
       [33m[2mÎ­ÎµÎ¥[22m[39m submits with all fields filled including optional [33m 1390[2mms[22m[39m
       [33m[2mÎ­ÎµÎ¥[22m[39m disables submit button during submission [33m 571[2mms[22m[39m
       [33m[2mÎ­ÎµÎ¥[22m[39m handles special characters in names [33m 906[2mms[22m[39m
       [33m[2mÎ­ÎµÎ¥[22m[39m handles very long phone numbers within limit [33m 1057[2mms[22m[39m
       [33m[2mÎ­ÎµÎ¥[22m[39m validates phone number max length [33m 990[2mms[22m[39m
stderr | src/components/__tests__/NotificationCenter.test.tsx
[i18n] Search translation keys loaded: 6 keys

stderr | src/pages/__tests__/AdminPermissionsPage.test.tsx
[i18n] Search translation keys loaded: 6 keys

stderr | src/features/export-admin/__tests__/ExportJobList.test.tsx
[i18n] Search translation keys loaded: 6 keys

stderr | src/features/search/SearchIntegration.test.tsx
[i18n] Search translation keys loaded: 6 keys

stderr | src/features/search/SearchIntegration.test.tsx
[API Client] VITE_API_URL env var: http://localhost:8000/api/v1
[API Client] Using API_BASE_URL: /api/v1
Using Vite dev proxy for localhost API (CORS-safe): /api/v1

 [32mÎ­ÎµÎ¥[39m src/components/__tests__/NotificationCenter.test.tsx [2m([22m[2m21 tests[22m[2m)[22m[33m 1142[2mms[22m[39m
 [32mÎ­ÎµÎ¥[39m src/pages/__tests__/AdminPermissionsPage.test.tsx [2m([22m[2m2 tests[22m[2m)[22m[33m 956[2mms[22m[39m
     [33m[2mÎ­ÎµÎ¥[22m[39m allows granting, revoking, and auditing permissions [33m 745[2mms[22m[39m
 [32mÎ­ÎµÎ¥[39m src/features/search/SearchIntegration.test.tsx [2m([22m[2m12 tests[22m[2m)[22m[33m 868[2mms[22m[39m
 [32mÎ­ÎµÎ¥[39m src/features/export-admin/__tests__/ExportJobList.test.tsx [2m([22m[2m11 tests[22m[2m)[22m[33m 751[2mms[22m[39m
stderr | src/features/search/useSearch.test.tsx
[i18n] Search translation keys loaded: 6 keys

stderr | src/hooks/useCoursesQuery.test.ts
[i18n] Search translation keys loaded: 6 keys

stderr | src/features/search/useSearch.test.tsx > useSearch Hook > initializes with default state
Failed to fetch saved searches: TypeError: __vite_ssr_import_2__.default.get is not a function
    at queryFn (D:/SMS/student-management-system/frontend/src/features/search/useSearch.ts:159:42)
    at Object.fetchFn [as fn] (file:///D:/SMS/student-management-system/frontend/node_modules/@tanstack/query-core/build/modern/query.js:224:14)
    at run (file:///D:/SMS/student-management-system/frontend/node_modules/@tanstack/query-core/build/modern/retryer.js:77:49)
    at Object.start (file:///D:/SMS/student-management-system/frontend/node_modules/@tanstack/query-core/build/modern/retryer.js:119:9)
    at Query.fetch (file:///D:/SMS/student-management-system/frontend/node_modules/@tanstack/query-core/build/modern/query.js:271:40)
    at QueryObserver.#executeFetch (file:///D:/SMS/student-management-system/frontend/node_modules/@tanstack/query-core/build/modern/queryObserver.js:179:38)
    at QueryObserver.onSubscribe (file:///D:/SMS/student-management-system/frontend/node_modules/@tanstack/query-core/build/modern/queryObserver.js:52:27)
    at QueryObserver.subscribe (file:///D:/SMS/student-management-system/frontend/node_modules/@tanstack/query-core/build/modern/subscribable.js:9:10)
    at file:///D:/SMS/student-management-system/frontend/node_modules/@tanstack/react-query/build/modern/useBaseQuery.js:59:56
    at subscribeToStore (D:\SMS\student-management-system\frontend\node_modules\react-dom\cjs\react-dom-client.development.js:8244:14)

stderr | src/features/search/useSearch.test.tsx > useSearch Hook > updates search query
Failed to fetch saved searches: TypeError: __vite_ssr_import_2__.default.get is not a function
    at queryFn (D:/SMS/student-management-system/frontend/src/features/search/useSearch.ts:159:42)
    at Object.fetchFn [as fn] (file:///D:/SMS/student-management-system/frontend/node_modules/@tanstack/query-core/build/modern/query.js:224:14)
    at run (file:///D:/SMS/student-management-system/frontend/node_modules/@tanstack/query-core/build/modern/retryer.js:77:49)
    at Object.start (file:///D:/SMS/student-management-system/frontend/node_modules/@tanstack/query-core/build/modern/retryer.js:119:9)
    at Query.fetch (file:///D:/SMS/student-management-system/frontend/node_modules/@tanstack/query-core/build/modern/query.js:271:40)
    at QueryObserver.#executeFetch (file:///D:/SMS/student-management-system/frontend/node_modules/@tanstack/query-core/build/modern/queryObserver.js:179:38)
    at QueryObserver.onSubscribe (file:///D:/SMS/student-management-system/frontend/node_modules/@tanstack/query-core/build/modern/queryObserver.js:52:27)
    at QueryObserver.subscribe (file:///D:/SMS/student-management-system/frontend/node_modules/@tanstack/query-core/build/modern/subscribable.js:9:10)
    at file:///D:/SMS/student-management-system/frontend/node_modules/@tanstack/react-query/build/modern/useBaseQuery.js:59:56
    at subscribeToStore (D:\SMS\student-management-system\frontend\node_modules\react-dom\cjs\react-dom-client.development.js:8244:14)

stderr | src/features/search/useSearch.test.tsx > useSearch Hook > updates search type
Failed to fetch saved searches: TypeError: __vite_ssr_import_2__.default.get is not a function
    at queryFn (D:/SMS/student-management-system/frontend/src/features/search/useSearch.ts:159:42)
    at Object.fetchFn [as fn] (file:///D:/SMS/student-management-system/frontend/node_modules/@tanstack/query-core/build/modern/query.js:224:14)
    at run (file:///D:/SMS/student-management-system/frontend/node_modules/@tanstack/query-core/build/modern/retryer.js:77:49)
    at Object.start (file:///D:/SMS/student-management-system/frontend/node_modules/@tanstack/query-core/build/modern/retryer.js:119:9)
    at Query.fetch (file:///D:/SMS/student-management-system/frontend/node_modules/@tanstack/query-core/build/modern/query.js:271:40)
    at QueryObserver.#executeFetch (file:///D:/SMS/student-management-system/frontend/node_modules/@tanstack/query-core/build/modern/queryObserver.js:179:38)
    at QueryObserver.onSubscribe (file:///D:/SMS/student-management-system/frontend/node_modules/@tanstack/query-core/build/modern/queryObserver.js:52:27)
    at QueryObserver.subscribe (file:///D:/SMS/student-management-system/frontend/node_modules/@tanstack/query-core/build/modern/subscribable.js:9:10)
    at file:///D:/SMS/student-management-system/frontend/node_modules/@tanstack/react-query/build/modern/useBaseQuery.js:59:56
    at subscribeToStore (D:\SMS\student-management-system\frontend\node_modules\react-dom\cjs\react-dom-client.development.js:8244:14)

stderr | src/features/search/useSearch.test.tsx > useSearch Hook > debounces search query
Failed to fetch saved searches: TypeError: __vite_ssr_import_2__.default.get is not a function
    at queryFn (D:/SMS/student-management-system/frontend/src/features/search/useSearch.ts:159:42)
    at Object.fetchFn [as fn] (file:///D:/SMS/student-management-system/frontend/node_modules/@tanstack/query-core/build/modern/query.js:224:14)
    at run (file:///D:/SMS/student-management-system/frontend/node_modules/@tanstack/query-core/build/modern/retryer.js:77:49)
    at Object.start (file:///D:/SMS/student-management-system/frontend/node_modules/@tanstack/query-core/build/modern/retryer.js:119:9)
    at Query.fetch (file:///D:/SMS/student-management-system/frontend/node_modules/@tanstack/query-core/build/modern/query.js:271:40)
    at QueryObserver.#executeFetch (file:///D:/SMS/student-management-system/frontend/node_modules/@tanstack/query-core/build/modern/queryObserver.js:179:38)
    at QueryObserver.onSubscribe (file:///D:/SMS/student-management-system/frontend/node_modules/@tanstack/query-core/build/modern/queryObserver.js:52:27)
    at QueryObserver.subscribe (file:///D:/SMS/student-management-system/frontend/node_modules/@tanstack/query-core/build/modern/subscribable.js:9:10)
    at file:///D:/SMS/student-management-system/frontend/node_modules/@tanstack/react-query/build/modern/useBaseQuery.js:59:56
    at subscribeToStore (D:\SMS\student-management-system\frontend\node_modules\react-dom\cjs\react-dom-client.development.js:8244:14)

stderr | src/hooks/useCoursesQuery.test.ts > useCoursesQuery hooks > useCourses - basic fetching > sets error state on failure
[useCourses] Error: Network fail Error: Network fail
    at D:/SMS/student-management-system/frontend/src/hooks/useCoursesQuery.test.ts:116:21
    at file:///D:/SMS/student-management-system/frontend/node_modules/@vitest/runner/dist/index.js:145:11
    at file:///D:/SMS/student-management-system/frontend/node_modules/@vitest/runner/dist/index.js:915:26
    at file:///D:/SMS/student-management-system/frontend/node_modules/@vitest/runner/dist/index.js:1243:20
    at new Promise (<anonymous>)
    at runWithTimeout (file:///D:/SMS/student-management-system/frontend/node_modules/@vitest/runner/dist/index.js:1209:10)
    at file:///D:/SMS/student-management-system/frontend/node_modules/@vitest/runner/dist/index.js:1653:37
    at Traces.$ (file:///D:/SMS/student-management-system/frontend/node_modules/vitest/dist/chunks/traces.U4xDYhzZ.js:115:27)
    at trace (file:///D:/SMS/student-management-system/frontend/node_modules/vitest/dist/chunks/test.B8ej_ZHS.js:239:21)
    at runTest (file:///D:/SMS/student-management-system/frontend/node_modules/@vitest/runner/dist/index.js:1653:12)

stderr | src/features/search/SearchView.test.tsx
[i18n] Search translation keys loaded: 6 keys

stderr | src/components/notifications/__tests__/NotificationBell.test.tsx
[i18n] Search translation keys loaded: 6 keys

stderr | src/features/search/useSearch.test.tsx > useSearch Hook > resets page when query changes
Failed to fetch saved searches: TypeError: __vite_ssr_import_2__.default.get is not a function
    at queryFn (D:/SMS/student-management-system/frontend/src/features/search/useSearch.ts:159:42)
    at Object.fetchFn [as fn] (file:///D:/SMS/student-management-system/frontend/node_modules/@tanstack/query-core/build/modern/query.js:224:14)
    at run (file:///D:/SMS/student-management-system/frontend/node_modules/@tanstack/query-core/build/modern/retryer.js:77:49)
    at Object.start (file:///D:/SMS/student-management-system/frontend/node_modules/@tanstack/query-core/build/modern/retryer.js:119:9)
    at Query.fetch (file:///D:/SMS/student-management-system/frontend/node_modules/@tanstack/query-core/build/modern/query.js:271:40)
    at QueryObserver.#executeFetch (file:///D:/SMS/student-management-system/frontend/node_modules/@tanstack/query-core/build/modern/queryObserver.js:179:38)
    at QueryObserver.onSubscribe (file:///D:/SMS/student-management-system/frontend/node_modules/@tanstack/query-core/build/modern/queryObserver.js:52:27)
    at QueryObserver.subscribe (file:///D:/SMS/student-management-system/frontend/node_modules/@tanstack/query-core/build/modern/subscribable.js:9:10)
    at file:///D:/SMS/student-management-system/frontend/node_modules/@tanstack/react-query/build/modern/useBaseQuery.js:59:56
    at subscribeToStore (D:\SMS\student-management-system\frontend\node_modules\react-dom\cjs\react-dom-client.development.js:8244:14)

stderr | src/features/search/SearchView.test.tsx
[API Client] VITE_API_URL env var: http://localhost:8000/api/v1
[API Client] Using API_BASE_URL: /api/v1
Using Vite dev proxy for localhost API (CORS-safe): /api/v1

stderr | src/features/search/useSearch.test.tsx > useSearch Hook > adds a filter criterion
Failed to fetch saved searches: TypeError: __vite_ssr_import_2__.default.get is not a function
    at queryFn (D:/SMS/student-management-system/frontend/src/features/search/useSearch.ts:159:42)
    at Object.fetchFn [as fn] (file:///D:/SMS/student-management-system/frontend/node_modules/@tanstack/query-core/build/modern/query.js:224:14)
    at run (file:///D:/SMS/student-management-system/frontend/node_modules/@tanstack/query-core/build/modern/retryer.js:77:49)
    at Object.start (file:///D:/SMS/student-management-system/frontend/node_modules/@tanstack/query-core/build/modern/retryer.js:119:9)
    at Query.fetch (file:///D:/SMS/student-management-system/frontend/node_modules/@tanstack/query-core/build/modern/query.js:271:40)
    at QueryObserver.#executeFetch (file:///D:/SMS/student-management-system/frontend/node_modules/@tanstack/query-core/build/modern/queryObserver.js:179:38)
    at QueryObserver.onSubscribe (file:///D:/SMS/student-management-system/frontend/node_modules/@tanstack/query-core/build/modern/queryObserver.js:52:27)
    at QueryObserver.subscribe (file:///D:/SMS/student-management-system/frontend/node_modules/@tanstack/query-core/build/modern/subscribable.js:9:10)
    at file:///D:/SMS/student-management-system/frontend/node_modules/@tanstack/react-query/build/modern/useBaseQuery.js:59:56
    at subscribeToStore (D:\SMS\student-management-system\frontend\node_modules\react-dom\cjs\react-dom-client.development.js:8244:14)

stderr | src/features/search/useSearch.test.tsx > useSearch Hook > removes a filter criterion by index
Failed to fetch saved searches: TypeError: __vite_ssr_import_2__.default.get is not a function
    at queryFn (D:/SMS/student-management-system/frontend/src/features/search/useSearch.ts:159:42)
    at Object.fetchFn [as fn] (file:///D:/SMS/student-management-system/frontend/node_modules/@tanstack/query-core/build/modern/query.js:224:14)
    at run (file:///D:/SMS/student-management-system/frontend/node_modules/@tanstack/query-core/build/modern/retryer.js:77:49)
    at Object.start (file:///D:/SMS/student-management-system/frontend/node_modules/@tanstack/query-core/build/modern/retryer.js:119:9)
    at Query.fetch (file:///D:/SMS/student-management-system/frontend/node_modules/@tanstack/query-core/build/modern/query.js:271:40)
    at QueryObserver.#executeFetch (file:///D:/SMS/student-management-system/frontend/node_modules/@tanstack/query-core/build/modern/queryObserver.js:179:38)
    at QueryObserver.onSubscribe (file:///D:/SMS/student-management-system/frontend/node_modules/@tanstack/query-core/build/modern/queryObserver.js:52:27)
    at QueryObserver.subscribe (file:///D:/SMS/student-management-system/frontend/node_modules/@tanstack/query-core/build/modern/subscribable.js:9:10)
    at file:///D:/SMS/student-management-system/frontend/node_modules/@tanstack/react-query/build/modern/useBaseQuery.js:59:56
    at subscribeToStore (D:\SMS\student-management-system\frontend\node_modules\react-dom\cjs\react-dom-client.development.js:8244:14)

stderr | src/features/search/useSearch.test.tsx > useSearch Hook > updates a filter criterion
Failed to fetch saved searches: TypeError: __vite_ssr_import_2__.default.get is not a function
    at queryFn (D:/SMS/student-management-system/frontend/src/features/search/useSearch.ts:159:42)
    at Object.fetchFn [as fn] (file:///D:/SMS/student-management-system/frontend/node_modules/@tanstack/query-core/build/modern/query.js:224:14)
    at run (file:///D:/SMS/student-management-system/frontend/node_modules/@tanstack/query-core/build/modern/retryer.js:77:49)
    at Object.start (file:///D:/SMS/student-management-system/frontend/node_modules/@tanstack/query-core/build/modern/retryer.js:119:9)
    at Query.fetch (file:///D:/SMS/student-management-system/frontend/node_modules/@tanstack/query-core/build/modern/query.js:271:40)
    at QueryObserver.#executeFetch (file:///D:/SMS/student-management-system/frontend/node_modules/@tanstack/query-core/build/modern/queryObserver.js:179:38)
    at QueryObserver.onSubscribe (file:///D:/SMS/student-management-system/frontend/node_modules/@tanstack/query-core/build/modern/queryObserver.js:52:27)
    at QueryObserver.subscribe (file:///D:/SMS/student-management-system/frontend/node_modules/@tanstack/query-core/build/modern/subscribable.js:9:10)
    at file:///D:/SMS/student-management-system/frontend/node_modules/@tanstack/react-query/build/modern/useBaseQuery.js:59:56
    at subscribeToStore (D:\SMS\student-management-system\frontend\node_modules\react-dom\cjs\react-dom-client.development.js:8244:14)

stderr | src/features/search/useSearch.test.tsx > useSearch Hook > clears all search parameters
Failed to fetch saved searches: TypeError: __vite_ssr_import_2__.default.get is not a function
    at queryFn (D:/SMS/student-management-system/frontend/src/features/search/useSearch.ts:159:42)
    at Object.fetchFn [as fn] (file:///D:/SMS/student-management-system/frontend/node_modules/@tanstack/query-core/build/modern/query.js:224:14)
    at run (file:///D:/SMS/student-management-system/frontend/node_modules/@tanstack/query-core/build/modern/retryer.js:77:49)
    at Object.start (file:///D:/SMS/student-management-system/frontend/node_modules/@tanstack/query-core/build/modern/retryer.js:119:9)
    at Query.fetch (file:///D:/SMS/student-management-system/frontend/node_modules/@tanstack/query-core/build/modern/query.js:271:40)
    at QueryObserver.#executeFetch (file:///D:/SMS/student-management-system/frontend/node_modules/@tanstack/query-core/build/modern/queryObserver.js:179:38)
    at QueryObserver.onSubscribe (file:///D:/SMS/student-management-system/frontend/node_modules/@tanstack/query-core/build/modern/queryObserver.js:52:27)
    at QueryObserver.subscribe (file:///D:/SMS/student-management-system/frontend/node_modules/@tanstack/query-core/build/modern/subscribable.js:9:10)
    at file:///D:/SMS/student-management-system/frontend/node_modules/@tanstack/react-query/build/modern/useBaseQuery.js:59:56
    at subscribeToStore (D:\SMS\student-management-system\frontend\node_modules\react-dom\cjs\react-dom-client.development.js:8244:14)

stderr | src/features/search/useSearch.test.tsx > useSearch Hook > loads a saved search
Failed to fetch saved searches: TypeError: __vite_ssr_import_2__.default.get is not a function
    at queryFn (D:/SMS/student-management-system/frontend/src/features/search/useSearch.ts:159:42)
    at Object.fetchFn [as fn] (file:///D:/SMS/student-management-system/frontend/node_modules/@tanstack/query-core/build/modern/query.js:224:14)
    at run (file:///D:/SMS/student-management-system/frontend/node_modules/@tanstack/query-core/build/modern/retryer.js:77:49)
    at Object.start (file:///D:/SMS/student-management-system/frontend/node_modules/@tanstack/query-core/build/modern/retryer.js:119:9)
    at Query.fetch (file:///D:/SMS/student-management-system/frontend/node_modules/@tanstack/query-core/build/modern/query.js:271:40)
    at QueryObserver.#executeFetch (file:///D:/SMS/student-management-system/frontend/node_modules/@tanstack/query-core/build/modern/queryObserver.js:179:38)
    at QueryObserver.onSubscribe (file:///D:/SMS/student-management-system/frontend/node_modules/@tanstack/query-core/build/modern/queryObserver.js:52:27)
    at QueryObserver.subscribe (file:///D:/SMS/student-management-system/frontend/node_modules/@tanstack/query-core/build/modern/subscribable.js:9:10)
    at file:///D:/SMS/student-management-system/frontend/node_modules/@tanstack/react-query/build/modern/useBaseQuery.js:59:56
    at subscribeToStore (D:\SMS\student-management-system\frontend\node_modules\react-dom\cjs\react-dom-client.development.js:8244:14)

stderr | src/features/search/useSearch.test.tsx > useSearch Hook > updates search limit
Failed to fetch saved searches: TypeError: __vite_ssr_import_2__.default.get is not a function
    at queryFn (D:/SMS/student-management-system/frontend/src/features/search/useSearch.ts:159:42)
    at Object.fetchFn [as fn] (file:///D:/SMS/student-management-system/frontend/node_modules/@tanstack/query-core/build/modern/query.js:224:14)
    at run (file:///D:/SMS/student-management-system/frontend/node_modules/@tanstack/query-core/build/modern/retryer.js:77:49)
    at Object.start (file:///D:/SMS/student-management-system/frontend/node_modules/@tanstack/query-core/build/modern/retryer.js:119:9)
    at Query.fetch (file:///D:/SMS/student-management-system/frontend/node_modules/@tanstack/query-core/build/modern/query.js:271:40)
    at QueryObserver.#executeFetch (file:///D:/SMS/student-management-system/frontend/node_modules/@tanstack/query-core/build/modern/queryObserver.js:179:38)
    at QueryObserver.onSubscribe (file:///D:/SMS/student-management-system/frontend/node_modules/@tanstack/query-core/build/modern/queryObserver.js:52:27)
    at QueryObserver.subscribe (file:///D:/SMS/student-management-system/frontend/node_modules/@tanstack/query-core/build/modern/subscribable.js:9:10)
    at file:///D:/SMS/student-management-system/frontend/node_modules/@tanstack/react-query/build/modern/useBaseQuery.js:59:56
    at subscribeToStore (D:\SMS\student-management-system\frontend\node_modules\react-dom\cjs\react-dom-client.development.js:8244:14)

stderr | src/features/search/useSearch.test.tsx > useSearch Hook > updates sort order
Failed to fetch saved searches: TypeError: __vite_ssr_import_2__.default.get is not a function
    at queryFn (D:/SMS/student-management-system/frontend/src/features/search/useSearch.ts:159:42)
    at Object.fetchFn [as fn] (file:///D:/SMS/student-management-system/frontend/node_modules/@tanstack/query-core/build/modern/query.js:224:14)
    at run (file:///D:/SMS/student-management-system/frontend/node_modules/@tanstack/query-core/build/modern/retryer.js:77:49)
    at Object.start (file:///D:/SMS/student-management-system/frontend/node_modules/@tanstack/query-core/build/modern/retryer.js:119:9)
    at Query.fetch (file:///D:/SMS/student-management-system/frontend/node_modules/@tanstack/query-core/build/modern/query.js:271:40)
    at QueryObserver.#executeFetch (file:///D:/SMS/student-management-system/frontend/node_modules/@tanstack/query-core/build/modern/queryObserver.js:179:38)
    at QueryObserver.onSubscribe (file:///D:/SMS/student-management-system/frontend/node_modules/@tanstack/query-core/build/modern/queryObserver.js:52:27)
    at QueryObserver.subscribe (file:///D:/SMS/student-management-system/frontend/node_modules/@tanstack/query-core/build/modern/subscribable.js:9:10)
    at file:///D:/SMS/student-management-system/frontend/node_modules/@tanstack/react-query/build/modern/useBaseQuery.js:59:56
    at subscribeToStore (D:\SMS\student-management-system\frontend\node_modules\react-dom\cjs\react-dom-client.development.js:8244:14)

stderr | src/features/search/useSearch.test.tsx > useSearch Hook > handles multiple filters on same field
Failed to fetch saved searches: TypeError: __vite_ssr_import_2__.default.get is not a function
    at queryFn (D:/SMS/student-management-system/frontend/src/features/search/useSearch.ts:159:42)
    at Object.fetchFn [as fn] (file:///D:/SMS/student-management-system/frontend/node_modules/@tanstack/query-core/build/modern/query.js:224:14)
    at run (file:///D:/SMS/student-management-system/frontend/node_modules/@tanstack/query-core/build/modern/retryer.js:77:49)
    at Object.start (file:///D:/SMS/student-management-system/frontend/node_modules/@tanstack/query-core/build/modern/retryer.js:119:9)
    at Query.fetch (file:///D:/SMS/student-management-system/frontend/node_modules/@tanstack/query-core/build/modern/query.js:271:40)
    at QueryObserver.#executeFetch (file:///D:/SMS/student-management-system/frontend/node_modules/@tanstack/query-core/build/modern/queryObserver.js:179:38)
    at QueryObserver.onSubscribe (file:///D:/SMS/student-management-system/frontend/node_modules/@tanstack/query-core/build/modern/queryObserver.js:52:27)
    at QueryObserver.subscribe (file:///D:/SMS/student-management-system/frontend/node_modules/@tanstack/query-core/build/modern/subscribable.js:9:10)
    at file:///D:/SMS/student-management-system/frontend/node_modules/@tanstack/react-query/build/modern/useBaseQuery.js:59:56
    at subscribeToStore (D:\SMS\student-management-system\frontend\node_modules\react-dom\cjs\react-dom-client.development.js:8244:14)

stderr | src/features/search/useSearch.test.tsx > useSearch Hook > disables query when no search criteria provided
Failed to fetch saved searches: TypeError: __vite_ssr_import_2__.default.get is not a function
    at queryFn (D:/SMS/student-management-system/frontend/src/features/search/useSearch.ts:159:42)
    at Object.fetchFn [as fn] (file:///D:/SMS/student-management-system/frontend/node_modules/@tanstack/query-core/build/modern/query.js:224:14)
    at run (file:///D:/SMS/student-management-system/frontend/node_modules/@tanstack/query-core/build/modern/retryer.js:77:49)
    at Object.start (file:///D:/SMS/student-management-system/frontend/node_modules/@tanstack/query-core/build/modern/retryer.js:119:9)
    at Query.fetch (file:///D:/SMS/student-management-system/frontend/node_modules/@tanstack/query-core/build/modern/query.js:271:40)
    at QueryObserver.#executeFetch (file:///D:/SMS/student-management-system/frontend/node_modules/@tanstack/query-core/build/modern/queryObserver.js:179:38)
    at QueryObserver.onSubscribe (file:///D:/SMS/student-management-system/frontend/node_modules/@tanstack/query-core/build/modern/queryObserver.js:52:27)
    at QueryObserver.subscribe (file:///D:/SMS/student-management-system/frontend/node_modules/@tanstack/query-core/build/modern/subscribable.js:9:10)
    at file:///D:/SMS/student-management-system/frontend/node_modules/@tanstack/react-query/build/modern/useBaseQuery.js:59:56
    at subscribeToStore (D:\SMS\student-management-system\frontend\node_modules\react-dom\cjs\react-dom-client.development.js:8244:14)

stderr | src/features/search/useSearch.test.tsx > useSearch Hook > returns empty state messages correctly
Failed to fetch saved searches: TypeError: __vite_ssr_import_2__.default.get is not a function
    at queryFn (D:/SMS/student-management-system/frontend/src/features/search/useSearch.ts:159:42)
    at Object.fetchFn [as fn] (file:///D:/SMS/student-management-system/frontend/node_modules/@tanstack/query-core/build/modern/query.js:224:14)
    at run (file:///D:/SMS/student-management-system/frontend/node_modules/@tanstack/query-core/build/modern/retryer.js:77:49)
    at Object.start (file:///D:/SMS/student-management-system/frontend/node_modules/@tanstack/query-core/build/modern/retryer.js:119:9)
    at Query.fetch (file:///D:/SMS/student-management-system/frontend/node_modules/@tanstack/query-core/build/modern/query.js:271:40)
    at QueryObserver.#executeFetch (file:///D:/SMS/student-management-system/frontend/node_modules/@tanstack/query-core/build/modern/queryObserver.js:179:38)
    at QueryObserver.onSubscribe (file:///D:/SMS/student-management-system/frontend/node_modules/@tanstack/query-core/build/modern/queryObserver.js:52:27)
    at QueryObserver.subscribe (file:///D:/SMS/student-management-system/frontend/node_modules/@tanstack/query-core/build/modern/subscribable.js:9:10)
    at file:///D:/SMS/student-management-system/frontend/node_modules/@tanstack/react-query/build/modern/useBaseQuery.js:59:56
    at subscribeToStore (D:\SMS\student-management-system\frontend\node_modules\react-dom\cjs\react-dom-client.development.js:8244:14)

stderr | src/features/search/useSearch.test.tsx > useSearch Hook > updates page number
Failed to fetch saved searches: TypeError: __vite_ssr_import_2__.default.get is not a function
    at queryFn (D:/SMS/student-management-system/frontend/src/features/search/useSearch.ts:159:42)
    at Object.fetchFn [as fn] (file:///D:/SMS/student-management-system/frontend/node_modules/@tanstack/query-core/build/modern/query.js:224:14)
    at run (file:///D:/SMS/student-management-system/frontend/node_modules/@tanstack/query-core/build/modern/retryer.js:77:49)
    at Object.start (file:///D:/SMS/student-management-system/frontend/node_modules/@tanstack/query-core/build/modern/retryer.js:119:9)
    at Query.fetch (file:///D:/SMS/student-management-system/frontend/node_modules/@tanstack/query-core/build/modern/query.js:271:40)
    at QueryObserver.#executeFetch (file:///D:/SMS/student-management-system/frontend/node_modules/@tanstack/query-core/build/modern/queryObserver.js:179:38)
    at QueryObserver.onSubscribe (file:///D:/SMS/student-management-system/frontend/node_modules/@tanstack/query-core/build/modern/queryObserver.js:52:27)
    at QueryObserver.subscribe (file:///D:/SMS/student-management-system/frontend/node_modules/@tanstack/query-core/build/modern/subscribable.js:9:10)
    at file:///D:/SMS/student-management-system/frontend/node_modules/@tanstack/react-query/build/modern/useBaseQuery.js:59:56
    at subscribeToStore (D:\SMS\student-management-system\frontend\node_modules\react-dom\cjs\react-dom-client.development.js:8244:14)

stderr | src/features/search/useSearch.test.tsx > useSearch Hook > initializes with empty saved searches list
Failed to fetch saved searches: TypeError: __vite_ssr_import_2__.default.get is not a function
    at queryFn (D:/SMS/student-management-system/frontend/src/features/search/useSearch.ts:159:42)
    at Object.fetchFn [as fn] (file:///D:/SMS/student-management-system/frontend/node_modules/@tanstack/query-core/build/modern/query.js:224:14)
    at run (file:///D:/SMS/student-management-system/frontend/node_modules/@tanstack/query-core/build/modern/retryer.js:77:49)
    at Object.start (file:///D:/SMS/student-management-system/frontend/node_modules/@tanstack/query-core/build/modern/retryer.js:119:9)
    at Query.fetch (file:///D:/SMS/student-management-system/frontend/node_modules/@tanstack/query-core/build/modern/query.js:271:40)
    at QueryObserver.#executeFetch (file:///D:/SMS/student-management-system/frontend/node_modules/@tanstack/query-core/build/modern/queryObserver.js:179:38)
    at QueryObserver.onSubscribe (file:///D:/SMS/student-management-system/frontend/node_modules/@tanstack/query-core/build/modern/queryObserver.js:52:27)
    at QueryObserver.subscribe (file:///D:/SMS/student-management-system/frontend/node_modules/@tanstack/query-core/build/modern/subscribable.js:9:10)
    at file:///D:/SMS/student-management-system/frontend/node_modules/@tanstack/react-query/build/modern/useBaseQuery.js:59:56
    at subscribeToStore (D:\SMS\student-management-system\frontend\node_modules\react-dom\cjs\react-dom-client.development.js:8244:14)

 [32mÎ­ÎµÎ¥[39m src/features/search/useSearch.test.tsx [2m([22m[2m17 tests[22m[2m)[22m[33m 831[2mms[22m[39m
     [33m[2mÎ­ÎµÎ¥[22m[39m debounces search query [33m 387[2mms[22m[39m
     [33m[2mÎ­ÎµÎ¥[22m[39m resets page when query changes [33m 389[2mms[22m[39m
 [32mÎ­ÎµÎ¥[39m src/hooks/useCoursesQuery.test.ts [2m([22m[2m15 tests[22m[2m)[22m[33m 799[2mms[22m[39m
 [32mÎ­ÎµÎ¥[39m src/components/notifications/__tests__/NotificationBell.test.tsx [2m([22m[2m19 tests[22m[2m)[22m[33m 645[2mms[22m[39m
 [32mÎ­ÎµÎ¥[39m src/features/search/SearchView.test.tsx [2m([22m[2m16 tests[22m[2m)[22m[33m 625[2mms[22m[39m
stderr | src/features/students/components/StudentCard.test.tsx
[i18n] Search translation keys loaded: 6 keys

stderr | src/components/__tests__/NotificationBell.test.tsx
[i18n] Search translation keys loaded: 6 keys

stderr | src/features/students/components/StudentCard.test.tsx
[API Client] VITE_API_URL env var: http://localhost:8000/api/v1
[API Client] Using API_BASE_URL: /api/v1
Using Vite dev proxy for localhost API (CORS-safe): /api/v1

stderr | src/features/search/SearchSortControls.test.tsx
[i18n] Search translation keys loaded: 6 keys

stderr | src/hooks/useStudentsQuery.test.ts
[i18n] Search translation keys loaded: 6 keys

stderr | src/hooks/useStudentsQuery.test.ts
[API Client] VITE_API_URL env var: http://localhost:8000/api/v1
[API Client] Using API_BASE_URL: /api/v1
Using Vite dev proxy for localhost API (CORS-safe): /api/v1

 [32mÎ­ÎµÎ¥[39m src/components/__tests__/NotificationBell.test.tsx [2m([22m[2m27 tests[22m[2m)[22m[33m 676[2mms[22m[39m
 [32mÎ­ÎµÎ¥[39m src/features/students/components/StudentCard.test.tsx [2m([22m[2m33 tests[22m[2m)[22m[33m 579[2mms[22m[39m
 [32mÎ­ÎµÎ¥[39m src/features/search/SearchSortControls.test.tsx [2m([22m[2m11 tests[22m[2m)[22m[33m 649[2mms[22m[39m
 [32mÎ­ÎµÎ¥[39m src/hooks/useStudentsQuery.test.ts [2m([22m[2m12 tests[22m[2m)[22m[33m 589[2mms[22m[39m
stderr | src/hooks/useStudentsQuery.test.tsx
[i18n] Search translation keys loaded: 6 keys

stderr | src/hooks/useStudentsQuery.test.tsx
[API Client] VITE_API_URL env var: http://localhost:8000/api/v1
[API Client] Using API_BASE_URL: /api/v1
Using Vite dev proxy for localhost API (CORS-safe): /api/v1

stderr | src/features/search/SearchPagination.test.tsx
[i18n] Search translation keys loaded: 6 keys

stderr | src/components/__tests__/SearchResults.test.tsx
[i18n] Search translation keys loaded: 6 keys

stderr | src/components/notifications/__tests__/NotificationItem.test.tsx
[i18n] Search translation keys loaded: 6 keys

 [32mÎ­ÎµÎ¥[39m src/hooks/useStudentsQuery.test.tsx [2m([22m[2m12 tests[22m[2m)[22m[33m 575[2mms[22m[39m
 [32mÎ­ÎµÎ¥[39m src/features/search/SearchPagination.test.tsx [2m([22m[2m18 tests[22m[2m)[22m[33m 485[2mms[22m[39m
 [32mÎ­ÎµÎ¥[39m src/components/notifications/__tests__/NotificationItem.test.tsx [2m([22m[2m43 tests[22m[2m)[22m[33m 527[2mms[22m[39m
 [32mÎ­ÎµÎ¥[39m src/components/__tests__/SearchResults.test.tsx [2m([22m[2m36 tests[22m[2m)[22m[33m 564[2mms[22m[39m
stderr | src/features/search/AdvancedFilters.test.tsx
[i18n] Search translation keys loaded: 6 keys

stderr | src/features/search/SavedSearches.test.tsx
[i18n] Search translation keys loaded: 6 keys

stderr | src/features/analytics/hooks/__tests__/useAnalytics.test.ts
[i18n] Search translation keys loaded: 6 keys

stderr | src/features/analytics/hooks/__tests__/useAnalytics.test.ts > useAnalytics Hook > returns initial state with loading true
An update to TestComponent inside a test was not wrapped in act(...).

When testing, code that causes React state updates should be wrapped into act(...):

act(() => {
  /* fire events that update state */
});
/* assert on the output */

This ensures that you're testing the behavior the user would see in the browser. Learn more at https://react.dev/link/wrap-tests-with-act
An update to TestComponent inside a test was not wrapped in act(...).

When testing, code that causes React state updates should be wrapped into act(...):

act(() => {
  /* fire events that update state */
});
/* assert on the output */

This ensures that you're testing the behavior the user would see in the browser. Learn more at https://react.dev/link/wrap-tests-with-act
An update to TestComponent inside a test was not wrapped in act(...).

When testing, code that causes React state updates should be wrapped into act(...):

act(() => {
  /* fire events that update state */
});
/* assert on the output */

This ensures that you're testing the behavior the user would see in the browser. Learn more at https://react.dev/link/wrap-tests-with-act

stderr | src/features/analytics/hooks/__tests__/useAnalytics.test.ts > useAnalytics Hook > returns initial state with loading true
An update to TestComponent inside a test was not wrapped in act(...).

When testing, code that causes React state updates should be wrapped into act(...):

act(() => {
  /* fire events that update state */
});
/* assert on the output */

This ensures that you're testing the behavior the user would see in the browser. Learn more at https://react.dev/link/wrap-tests-with-act

stderr | src/features/analytics/hooks/__tests__/useAnalytics.test.ts > useAnalytics Hook > handles error when fetching fails
Error fetching performance: Error: Network error
    at D:/SMS/student-management-system/frontend/src/features/analytics/hooks/__tests__/useAnalytics.test.ts:80:19
    at file:///D:/SMS/student-management-system/frontend/node_modules/@vitest/runner/dist/index.js:145:11
    at file:///D:/SMS/student-management-system/frontend/node_modules/@vitest/runner/dist/index.js:915:26
    at file:///D:/SMS/student-management-system/frontend/node_modules/@vitest/runner/dist/index.js:1243:20
    at new Promise (<anonymous>)
    at runWithTimeout (file:///D:/SMS/student-management-system/frontend/node_modules/@vitest/runner/dist/index.js:1209:10)
    at file:///D:/SMS/student-management-system/frontend/node_modules/@vitest/runner/dist/index.js:1653:37
    at Traces.$ (file:///D:/SMS/student-management-system/frontend/node_modules/vitest/dist/chunks/traces.U4xDYhzZ.js:115:27)
    at trace (file:///D:/SMS/student-management-system/frontend/node_modules/vitest/dist/chunks/test.B8ej_ZHS.js:239:21)
    at runTest (file:///D:/SMS/student-management-system/frontend/node_modules/@vitest/runner/dist/index.js:1653:12)
Error fetching trends: Error: Network error
    at D:/SMS/student-management-system/frontend/src/features/analytics/hooks/__tests__/useAnalytics.test.ts:80:19
    at file:///D:/SMS/student-management-system/frontend/node_modules/@vitest/runner/dist/index.js:145:11
    at file:///D:/SMS/student-management-system/frontend/node_modules/@vitest/runner/dist/index.js:915:26
    at file:///D:/SMS/student-management-system/frontend/node_modules/@vitest/runner/dist/index.js:1243:20
    at new Promise (<anonymous>)
    at runWithTimeout (file:///D:/SMS/student-management-system/frontend/node_modules/@vitest/runner/dist/index.js:1209:10)
    at file:///D:/SMS/student-management-system/frontend/node_modules/@vitest/runner/dist/index.js:1653:37
    at Traces.$ (file:///D:/SMS/student-management-system/frontend/node_modules/vitest/dist/chunks/traces.U4xDYhzZ.js:115:27)
    at trace (file:///D:/SMS/student-management-system/frontend/node_modules/vitest/dist/chunks/test.B8ej_ZHS.js:239:21)
    at runTest (file:///D:/SMS/student-management-system/frontend/node_modules/@vitest/runner/dist/index.js:1653:12)
Error fetching attendance: Error: Network error
    at D:/SMS/student-management-system/frontend/src/features/analytics/hooks/__tests__/useAnalytics.test.ts:80:19
    at file:///D:/SMS/student-management-system/frontend/node_modules/@vitest/runner/dist/index.js:145:11
    at file:///D:/SMS/student-management-system/frontend/node_modules/@vitest/runner/dist/index.js:915:26
    at file:///D:/SMS/student-management-system/frontend/node_modules/@vitest/runner/dist/index.js:1243:20
    at new Promise (<anonymous>)
    at runWithTimeout (file:///D:/SMS/student-management-system/frontend/node_modules/@vitest/runner/dist/index.js:1209:10)
    at file:///D:/SMS/student-management-system/frontend/node_modules/@vitest/runner/dist/index.js:1653:37
    at Traces.$ (file:///D:/SMS/student-management-system/frontend/node_modules/vitest/dist/chunks/traces.U4xDYhzZ.js:115:27)
    at trace (file:///D:/SMS/student-management-system/frontend/node_modules/vitest/dist/chunks/test.B8ej_ZHS.js:239:21)
    at runTest (file:///D:/SMS/student-management-system/frontend/node_modules/@vitest/runner/dist/index.js:1653:12)

stderr | src/hooks/__tests__/useSearch.test.ts
[i18n] Search translation keys loaded: 6 keys

stderr | src/features/analytics/hooks/__tests__/useAnalytics.test.ts > useAnalytics Hook > provides refetch function
An update to TestComponent inside a test was not wrapped in act(...).

When testing, code that causes React state updates should be wrapped into act(...):

act(() => {
  /* fire events that update state */
});
/* assert on the output */

This ensures that you're testing the behavior the user would see in the browser. Learn more at https://react.dev/link/wrap-tests-with-act
An update to TestComponent inside a test was not wrapped in act(...).

When testing, code that causes React state updates should be wrapped into act(...):

act(() => {
  /* fire events that update state */
});
/* assert on the output */

This ensures that you're testing the behavior the user would see in the browser. Learn more at https://react.dev/link/wrap-tests-with-act

stderr | src/features/analytics/hooks/__tests__/useAnalytics.test.ts > useAnalytics Hook > provides refetch function
An update to TestComponent inside a test was not wrapped in act(...).

When testing, code that causes React state updates should be wrapped into act(...):

act(() => {
  /* fire events that update state */
});
/* assert on the output */

This ensures that you're testing the behavior the user would see in the browser. Learn more at https://react.dev/link/wrap-tests-with-act

stderr | src/features/analytics/hooks/__tests__/useAnalytics.test.ts > useAnalytics Hook > provides refetch function
An update to TestComponent inside a test was not wrapped in act(...).

When testing, code that causes React state updates should be wrapped into act(...):

act(() => {
  /* fire events that update state */
});
/* assert on the output */

This ensures that you're testing the behavior the user would see in the browser. Learn more at https://react.dev/link/wrap-tests-with-act

 [32mÎ­ÎµÎ¥[39m src/features/search/AdvancedFilters.test.tsx [2m([22m[2m11 tests[22m[2m)[22m[33m 455[2mms[22m[39m
stderr | src/features/analytics/hooks/__tests__/useAnalytics.test.ts > useAnalytics Hook > handles partial data loading
Error fetching trends: Error: Trends API down
    at D:/SMS/student-management-system/frontend/src/features/analytics/hooks/__tests__/useAnalytics.test.ts:151:30
    at file:///D:/SMS/student-management-system/frontend/node_modules/@vitest/runner/dist/index.js:145:11
    at file:///D:/SMS/student-management-system/frontend/node_modules/@vitest/runner/dist/index.js:915:26
    at file:///D:/SMS/student-management-system/frontend/node_modules/@vitest/runner/dist/index.js:1243:20
    at new Promise (<anonymous>)
    at runWithTimeout (file:///D:/SMS/student-management-system/frontend/node_modules/@vitest/runner/dist/index.js:1209:10)
    at file:///D:/SMS/student-management-system/frontend/node_modules/@vitest/runner/dist/index.js:1653:37
    at Traces.$ (file:///D:/SMS/student-management-system/frontend/node_modules/vitest/dist/chunks/traces.U4xDYhzZ.js:115:27)
    at trace (file:///D:/SMS/student-management-system/frontend/node_modules/vitest/dist/chunks/test.B8ej_ZHS.js:239:21)
    at runTest (file:///D:/SMS/student-management-system/frontend/node_modules/@vitest/runner/dist/index.js:1653:12)
Error fetching attendance: Error: Attendance API down
    at D:/SMS/student-management-system/frontend/src/features/analytics/hooks/__tests__/useAnalytics.test.ts:152:30
    at file:///D:/SMS/student-management-system/frontend/node_modules/@vitest/runner/dist/index.js:145:11
    at file:///D:/SMS/student-management-system/frontend/node_modules/@vitest/runner/dist/index.js:915:26
    at file:///D:/SMS/student-management-system/frontend/node_modules/@vitest/runner/dist/index.js:1243:20
    at new Promise (<anonymous>)
    at runWithTimeout (file:///D:/SMS/student-management-system/frontend/node_modules/@vitest/runner/dist/index.js:1209:10)
    at file:///D:/SMS/student-management-system/frontend/node_modules/@vitest/runner/dist/index.js:1653:37
    at Traces.$ (file:///D:/SMS/student-management-system/frontend/node_modules/vitest/dist/chunks/traces.U4xDYhzZ.js:115:27)
    at trace (file:///D:/SMS/student-management-system/frontend/node_modules/vitest/dist/chunks/test.B8ej_ZHS.js:239:21)
    at runTest (file:///D:/SMS/student-management-system/frontend/node_modules/@vitest/runner/dist/index.js:1653:12)

 [32mÎ­ÎµÎ¥[39m src/features/search/SavedSearches.test.tsx [2m([22m[2m10 tests[22m[2m)[22m[33m 515[2mms[22m[39m
 [32mÎ­ÎµÎ¥[39m src/features/analytics/hooks/__tests__/useAnalytics.test.ts [2m([22m[2m8 tests[22m[2m)[22m[33m 492[2mms[22m[39m
stderr | src/hooks/__tests__/useSearch.test.ts > useSearch Hook > Load More > should load more results for search
An update to TestComponent inside a test was not wrapped in act(...).

When testing, code that causes React state updates should be wrapped into act(...):

act(() => {
  /* fire events that update state */
});
/* assert on the output */

This ensures that you're testing the behavior the user would see in the browser. Learn more at https://react.dev/link/wrap-tests-with-act

stderr | src/hooks/__tests__/useSearch.test.ts > useSearch Hook > Load More > should load more results for filters
An update to TestComponent inside a test was not wrapped in act(...).

When testing, code that causes React state updates should be wrapped into act(...):

act(() => {
  /* fire events that update state */
});
/* assert on the output */

This ensures that you're testing the behavior the user would see in the browser. Learn more at https://react.dev/link/wrap-tests-with-act

stderr | src/hooks/__tests__/useSearch.test.ts > useSearch Hook > Load More > should load more results for filters
An update to TestComponent inside a test was not wrapped in act(...).

When testing, code that causes React state updates should be wrapped into act(...):

act(() => {
  /* fire events that update state */
});
/* assert on the output */

This ensures that you're testing the behavior the user would see in the browser. Learn more at https://react.dev/link/wrap-tests-with-act

stderr | src/hooks/__tests__/useSearch.test.ts > useSearch Hook > Load More > should load more results for filters
An update to TestComponent inside a test was not wrapped in act(...).

When testing, code that causes React state updates should be wrapped into act(...):

act(() => {
  /* fire events that update state */
});
/* assert on the output */

This ensures that you're testing the behavior the user would see in the browser. Learn more at https://react.dev/link/wrap-tests-with-act

 [32mÎ­ÎµÎ¥[39m src/hooks/__tests__/useSearch.test.ts [2m([22m[2m20 tests[22m[2m)[22m[33m 393[2mms[22m[39m
stderr | src/features/search/useSearchFacets.test.tsx
[i18n] Search translation keys loaded: 6 keys

stderr | src/features/students/components/CourseGradeBreakdown.test.tsx
[i18n] Search translation keys loaded: 6 keys

stderr | src/features/advanced-search/__tests__/SearchResults.test.tsx
[i18n] Search translation keys loaded: 6 keys

stderr | src/features/search/SearchBar.test.tsx
[i18n] Search translation keys loaded: 6 keys

 [32mÎ­ÎµÎ¥[39m src/features/search/useSearchFacets.test.tsx [2m([22m[2m11 tests[22m[2m)[22m[33m 419[2mms[22m[39m
stderr | src/features/students/components/CourseGradeBreakdown.test.tsx
Failed to load course info 999 TypeError: fetch failed
    at node:internal/deps/undici/undici:13510:13
    at processTicksAndRejections (node:internal/process/task_queues:95:5)
    at D:/SMS/student-management-system/frontend/src/features/students/components/CourseGradeBreakdown.tsx:41:32
    at async Promise.all (index 0)
    at fetchMissingCourses (D:/SMS/student-management-system/frontend/src/features/students/components/CourseGradeBreakdown.tsx:38:32) {
  [cause]: AggregateError:
      at internalConnectMultiple (node:net:1122:18)
      at afterConnectMultiple (node:net:1689:7) {
    code: 'ECONNREFUSED',
    [errors]: [ [Error], [Error] ]
  }
}

 [32mÎ­ÎµÎ¥[39m src/features/students/components/CourseGradeBreakdown.test.tsx [2m([22m[2m24 tests[22m[2m)[22m[33m 350[2mms[22m[39m
 [32mÎ­ÎµÎ¥[39m src/features/advanced-search/__tests__/SearchResults.test.tsx [2m([22m[2m35 tests[22m[2m)[22m[33m 332[2mms[22m[39m
 [32mÎ­ÎµÎ¥[39m src/features/search/SearchBar.test.tsx [2m([22m[2m9 tests[22m[2m)[22m[33m 308[2mms[22m[39m
stderr | src/features/students/components/GradeDistribution.test.tsx
[i18n] Search translation keys loaded: 6 keys

stderr | src/ThemeContext.test.tsx
[i18n] Search translation keys loaded: 6 keys

stderr | src/ThemeContext.test.tsx > ThemeContext > setTheme > updates state even if localStorage fails
[ThemeProvider] Failed to save theme: Error: QuotaExceededError
    at Proxy.<anonymous> (D:/SMS/student-management-system/frontend/src/ThemeContext.test.tsx:175:15)
    at Proxy.setItem (file:///D:/SMS/student-management-system/frontend/node_modules/@vitest/spy/dist/index.js:285:34)
    at Object.setThemeImmediate [as setTheme] (D:/SMS/student-management-system/frontend/src/ThemeContext.tsx:142:20)
    at D:/SMS/student-management-system/frontend/src/ThemeContext.test.tsx:181:24
    at D:\SMS\student-management-system\frontend\node_modules\@testing-library\react\dist\act-compat.js:47:24
    at process.env.NODE_ENV.exports.act (D:\SMS\student-management-system\frontend\node_modules\react\cjs\react.development.js:814:22)
    at D:\SMS\student-management-system\frontend\node_modules\@testing-library\react\dist\act-compat.js:46:25
    at D:/SMS/student-management-system/frontend/src/ThemeContext.test.tsx:180:7
    at file:///D:/SMS/student-management-system/frontend/node_modules/@vitest/runner/dist/index.js:145:11
    at file:///D:/SMS/student-management-system/frontend/node_modules/@vitest/runner/dist/index.js:915:26

stderr | src/components/views/CoursesView.test.tsx
[i18n] Search translation keys loaded: 6 keys

stderr | src/components/notifications/__tests__/NotificationDropdown.test.tsx
[i18n] Search translation keys loaded: 6 keys

 [32mÎ­ÎµÎ¥[39m src/features/students/components/GradeDistribution.test.tsx [2m([22m[2m22 tests[22m[2m)[22m[33m 364[2mms[22m[39m
 [32mÎ­ÎµÎ¥[39m src/ThemeContext.test.tsx [2m([22m[2m35 tests[22m[2m)[22m[33m 424[2mms[22m[39m
 [32mÎ­ÎµÎ¥[39m src/components/views/CoursesView.test.tsx [2m([22m[2m2 tests[22m[2m)[22m[33m 302[2mms[22m[39m
 [32mÎ­ÎµÎ¥[39m src/components/notifications/__tests__/NotificationDropdown.test.tsx [2m([22m[2m21 tests[22m[2m)[22m[33m 321[2mms[22m[39m
stderr | src/hooks/__tests__/useNotifications.test.ts
[i18n] Search translation keys loaded: 6 keys

stderr | src/hooks/__tests__/useNotifications.test.ts > useNotifications Hook > fetchNotifications > should handle fetch errors
Failed to fetch notifications: Error: Failed to fetch
    at D:/SMS/student-management-system/frontend/src/hooks/__tests__/useNotifications.test.ts:123:21
    at file:///D:/SMS/student-management-system/frontend/node_modules/@vitest/runner/dist/index.js:145:11
    at file:///D:/SMS/student-management-system/frontend/node_modules/@vitest/runner/dist/index.js:915:26
    at file:///D:/SMS/student-management-system/frontend/node_modules/@vitest/runner/dist/index.js:1243:20
    at new Promise (<anonymous>)
    at runWithTimeout (file:///D:/SMS/student-management-system/frontend/node_modules/@vitest/runner/dist/index.js:1209:10)
    at file:///D:/SMS/student-management-system/frontend/node_modules/@vitest/runner/dist/index.js:1653:37
    at Traces.$ (file:///D:/SMS/student-management-system/frontend/node_modules/vitest/dist/chunks/traces.U4xDYhzZ.js:115:27)
    at trace (file:///D:/SMS/student-management-system/frontend/node_modules/vitest/dist/chunks/test.B8ej_ZHS.js:239:21)
    at runTest (file:///D:/SMS/student-management-system/frontend/node_modules/@vitest/runner/dist/index.js:1653:12)

stderr | src/features/advanced-search/__tests__/AdvancedSearchPage.integration.test.tsx
[i18n] Search translation keys loaded: 6 keys

stderr | src/hooks/__tests__/useNotifications.test.ts > useNotifications Hook > markAsRead > should handle mark as read errors
Failed to mark notification as read: Error: Failed to mark as read
    at D:/SMS/student-management-system/frontend/src/hooks/__tests__/useNotifications.test.ts:253:21
    at file:///D:/SMS/student-management-system/frontend/node_modules/@vitest/runner/dist/index.js:145:11
    at file:///D:/SMS/student-management-system/frontend/node_modules/@vitest/runner/dist/index.js:915:26
    at file:///D:/SMS/student-management-system/frontend/node_modules/@vitest/runner/dist/index.js:1243:20
    at new Promise (<anonymous>)
    at runWithTimeout (file:///D:/SMS/student-management-system/frontend/node_modules/@vitest/runner/dist/index.js:1209:10)
    at file:///D:/SMS/student-management-system/frontend/node_modules/@vitest/runner/dist/index.js:1653:37
    at Traces.$ (file:///D:/SMS/student-management-system/frontend/node_modules/vitest/dist/chunks/traces.U4xDYhzZ.js:115:27)
    at trace (file:///D:/SMS/student-management-system/frontend/node_modules/vitest/dist/chunks/test.B8ej_ZHS.js:239:21)
    at runTest (file:///D:/SMS/student-management-system/frontend/node_modules/@vitest/runner/dist/index.js:1653:12)

stderr | src/hooks/__tests__/useNotifications.test.ts > useNotifications Hook > Error Handling > should set error state on API failure
Failed to fetch notifications: Error: API Error
    at D:/SMS/student-management-system/frontend/src/hooks/__tests__/useNotifications.test.ts:464:21
    at file:///D:/SMS/student-management-system/frontend/node_modules/@vitest/runner/dist/index.js:145:11
    at file:///D:/SMS/student-management-system/frontend/node_modules/@vitest/runner/dist/index.js:915:26
    at file:///D:/SMS/student-management-system/frontend/node_modules/@vitest/runner/dist/index.js:1243:20
    at new Promise (<anonymous>)
    at runWithTimeout (file:///D:/SMS/student-management-system/frontend/node_modules/@vitest/runner/dist/index.js:1209:10)
    at file:///D:/SMS/student-management-system/frontend/node_modules/@vitest/runner/dist/index.js:1653:37
    at Traces.$ (file:///D:/SMS/student-management-system/frontend/node_modules/vitest/dist/chunks/traces.U4xDYhzZ.js:115:27)
    at trace (file:///D:/SMS/student-management-system/frontend/node_modules/vitest/dist/chunks/test.B8ej_ZHS.js:239:21)
    at runTest (file:///D:/SMS/student-management-system/frontend/node_modules/@vitest/runner/dist/index.js:1653:12)

stderr | src/features/advanced-search/__tests__/AdvancedSearchPage.integration.test.tsx
[API Client] VITE_API_URL env var: http://localhost:8000/api/v1
[API Client] Using API_BASE_URL: /api/v1
Using Vite dev proxy for localhost API (CORS-safe): /api/v1

 [32mÎ­ÎµÎ¥[39m src/hooks/__tests__/useNotifications.test.ts [2m([22m[2m15 tests[22m[2m)[22m[32m 266[2mms[22m[39m
stderr | src/services/__tests__/notificationWebSocket.test.ts
[i18n] Search translation keys loaded: 6 keys

stderr | src/services/__tests__/notificationWebSocket.test.ts > NotificationWebSocketClient > Connection State > should report connected after successful connection
[WebSocket] Connected to notifications server

stderr | src/services/__tests__/notificationWebSocket.test.ts > NotificationWebSocketClient > Connection State > should report not connected after disconnect
[WebSocket] Connected to notifications server

stderr | src/services/__tests__/notificationWebSocket.test.ts > NotificationWebSocketClient > Connection State > should report not connected after disconnect
[WebSocket] Disconnected

stderr | src/services/__tests__/notificationWebSocket.test.ts > NotificationWebSocketClient > Connection State > should report not connected after disconnect
[WebSocket] Connection closed
[WebSocket] Attempting to reconnect in 3000ms (attempt 1)

stderr | src/features/notifications/components/NotificationItem.test.tsx
[i18n] Search translation keys loaded: 6 keys

stderr | src/services/__tests__/notificationWebSocket.test.ts > NotificationWebSocketClient > URL Construction > should construct correct WebSocket URL
[WebSocket] Connected to notifications server

stderr | src/services/__tests__/notificationWebSocket.test.ts > NotificationWebSocketClient > URL Construction > should encode special characters in token
[WebSocket] Connected to notifications server

stderr | src/services/__tests__/notificationWebSocket.test.ts > NotificationWebSocketClient > Callbacks > should call onConnect callback
[WebSocket] Connected to notifications server

stderr | src/services/__tests__/notificationWebSocket.test.ts > NotificationWebSocketClient > Callbacks > should call onDisconnect callback
[WebSocket] Connected to notifications server

stderr | src/services/__tests__/notificationWebSocket.test.ts > NotificationWebSocketClient > Callbacks > should call onDisconnect callback
[WebSocket] Disconnected

stderr | src/services/__tests__/notificationWebSocket.test.ts > NotificationWebSocketClient > Callbacks > should call onDisconnect callback
[WebSocket] Connection closed
[WebSocket] Attempting to reconnect in 3000ms (attempt 1)

stderr | src/services/__tests__/notificationWebSocket.test.ts > NotificationWebSocketClient > Error Handling > should handle disconnect when not connected
[WebSocket] Disconnected

stderr | src/services/__tests__/notificationWebSocket.test.ts > NotificationWebSocketClient > Error Handling > should handle multiple disconnect calls
[WebSocket] Connected to notifications server

stderr | src/services/__tests__/notificationWebSocket.test.ts > NotificationWebSocketClient > Error Handling > should handle multiple disconnect calls
[WebSocket] Disconnected
[WebSocket] Disconnected
[WebSocket] Disconnected

stderr | src/services/__tests__/notificationWebSocket.test.ts > NotificationWebSocketClient > Default Options > should use default callbacks if not provided
[WebSocket] Connection closed
[WebSocket] Attempting to reconnect in 3000ms (attempt 1)

stderr | src/services/__tests__/notificationWebSocket.test.ts > NotificationWebSocketClient > Default Options > should use default callbacks if not provided
[WebSocket] Connected to notifications server

 [32mÎ­ÎµÎ¥[39m src/services/__tests__/notificationWebSocket.test.ts [2m([22m[2m12 tests[22m[2m)[22m[32m 231[2mms[22m[39m
stderr | src/features/notifications/components/NotificationItem.test.tsx > NotificationItem > should support keyboard navigation for mark as read button
An update to NotificationItem inside a test was not wrapped in act(...).

When testing, code that causes React state updates should be wrapped into act(...):

act(() => {
  /* fire events that update state */
});
/* assert on the output */

This ensures that you're testing the behavior the user would see in the browser. Learn more at https://react.dev/link/wrap-tests-with-act

 [32mÎ­ÎµÎ¥[39m src/features/notifications/components/NotificationItem.test.tsx [2m([22m[2m8 tests[22m[2m)[22m[32m 211[2mms[22m[39m
 [32mÎ­ÎµÎ¥[39m src/features/advanced-search/__tests__/AdvancedSearchPage.integration.test.tsx [2m([22m[2m5 tests[22m[2m)[22m[32m 273[2mms[22m[39m
stderr | src/features/advanced-search/__tests__/SearchBar.test.tsx
[i18n] Search translation keys loaded: 6 keys

stderr | src/features/analytics/components/__tests__/AnalyticsDashboard.test.tsx
[i18n] Search translation keys loaded: 6 keys

stderr | src/features/importExport/ExportDialog.test.tsx
[i18n] Search translation keys loaded: 6 keys

stderr | src/features/importExport/ExportDialog.test.tsx
[API Client] VITE_API_URL env var: http://localhost:8000/api/v1
[API Client] Using API_BASE_URL: /api/v1
Using Vite dev proxy for localhost API (CORS-safe): /api/v1

 [32mÎ­ÎµÎ¥[39m src/features/advanced-search/__tests__/SearchBar.test.tsx [2m([22m[2m20 tests[22m[2m)[22m[32m 205[2mms[22m[39m
stderr | src/features/students/components/GradeStatistics.test.tsx
[i18n] Search translation keys loaded: 6 keys

 [32mÎ­ÎµÎ¥[39m src/features/analytics/components/__tests__/AnalyticsDashboard.test.tsx [2m([22m[2m7 tests[22m[2m)[22m[32m 223[2mms[22m[39m
 [32mÎ­ÎµÎ¥[39m src/features/importExport/ExportDialog.test.tsx [2m([22m[2m1 test[22m[2m)[22m[32m 207[2mms[22m[39m
 [32mÎ­ÎµÎ¥[39m src/features/students/components/GradeStatistics.test.tsx [2m([22m[2m18 tests[22m[2m)[22m[32m 219[2mms[22m[39m
stderr | src/features/analytics/components/__tests__/CardComponents.test.tsx
[i18n] Search translation keys loaded: 6 keys

stderr | src/utils/calendarUtils.test.ts
[i18n] Search translation keys loaded: 6 keys

stderr | src/features/advanced-search/__tests__/FacetedNavigation.test.tsx
[i18n] Search translation keys loaded: 6 keys

 [32mÎ­ÎµÎ¥[39m src/features/analytics/components/__tests__/CardComponents.test.tsx [2m([22m[2m21 tests[22m[2m)[22m[32m 162[2mms[22m[39m
stderr | src/features/advanced-search/__tests__/AdvancedFilters.test.tsx
[i18n] Search translation keys loaded: 6 keys

 [32mÎ­ÎµÎ¥[39m src/features/advanced-search/__tests__/FacetedNavigation.test.tsx [2m([22m[2m2 tests[22m[2m)[22m[32m 141[2mms[22m[39m
 [32mÎ­ÎµÎ¥[39m src/utils/calendarUtils.test.ts [2m([22m[2m27 tests[22m[2m)[22m[32m 168[2mms[22m[39m
 [32mÎ­ÎµÎ¥[39m src/features/advanced-search/__tests__/AdvancedFilters.test.tsx [2m([22m[2m9 tests[22m[2m)[22m[32m 229[2mms[22m[39m
stderr | src/features/grading/components/__tests__/GradingView.decimal.test.tsx
[i18n] Search translation keys loaded: 6 keys

stderr | src/features/grading/components/GradeDisplay.test.tsx
[i18n] Search translation keys loaded: 6 keys

 [32mÎ­ÎµÎ¥[39m src/features/grading/components/__tests__/GradingView.decimal.test.tsx [2m([22m[2m6 tests[22m[2m)[22m[32m 161[2mms[22m[39m
stderr | src/features/importExport/ImportWizard.test.tsx
[i18n] Search translation keys loaded: 6 keys

stderr | src/features/importExport/ImportWizard.test.tsx
[API Client] VITE_API_URL env var: http://localhost:8000/api/v1
[API Client] Using API_BASE_URL: /api/v1
Using Vite dev proxy for localhost API (CORS-safe): /api/v1

 [32mÎ­ÎµÎ¥[39m src/features/grading/components/GradeDisplay.test.tsx [2m([22m[2m42 tests[22m[2m)[22m[32m 129[2mms[22m[39m
 [32mÎ­ÎµÎ¥[39m src/features/importExport/ImportWizard.test.tsx [2m([22m[2m3 tests[22m[2m)[22m[32m 118[2mms[22m[39m
stderr | src/features/students/components/AttendanceDetails.test.tsx
[i18n] Search translation keys loaded: 6 keys

 [32mÎ­ÎµÎ¥[39m src/features/students/components/AttendanceDetails.test.tsx [2m([22m[2m22 tests[22m[2m)[22m[32m 96[2mms[22m[39m
stderr | src/hooks/useAutosave.test.ts
[i18n] Search translation keys loaded: 6 keys

stderr | src/hooks/useAutosave.test.ts > useAutosave hook > saveNow > should handle errors in saveNow
[useAutosave] Save failed: Error: Save failed
    at D:/SMS/student-management-system/frontend/src/hooks/useAutosave.test.ts:345:25
    at file:///D:/SMS/student-management-system/frontend/node_modules/@vitest/runner/dist/index.js:145:11
    at file:///D:/SMS/student-management-system/frontend/node_modules/@vitest/runner/dist/index.js:915:26
    at file:///D:/SMS/student-management-system/frontend/node_modules/@vitest/runner/dist/index.js:1243:20
    at new Promise (<anonymous>)
    at runWithTimeout (file:///D:/SMS/student-management-system/frontend/node_modules/@vitest/runner/dist/index.js:1209:10)
    at file:///D:/SMS/student-management-system/frontend/node_modules/@vitest/runner/dist/index.js:1653:37
    at Traces.$ (file:///D:/SMS/student-management-system/frontend/node_modules/vitest/dist/chunks/traces.U4xDYhzZ.js:115:27)
    at trace (file:///D:/SMS/student-management-system/frontend/node_modules/vitest/dist/chunks/test.B8ej_ZHS.js:239:21)
    at runTest (file:///D:/SMS/student-management-system/frontend/node_modules/@vitest/runner/dist/index.js:1653:12)

stderr | src/hooks/useAutosave.test.ts > useAutosave hook > callbacks > should call onError on save failure
[useAutosave] Save failed: Error: Save failed
    at D:/SMS/student-management-system/frontend/src/hooks/useAutosave.test.ts:463:25
    at file:///D:/SMS/student-management-system/frontend/node_modules/@vitest/runner/dist/index.js:145:11
    at file:///D:/SMS/student-management-system/frontend/node_modules/@vitest/runner/dist/index.js:915:26
    at file:///D:/SMS/student-management-system/frontend/node_modules/@vitest/runner/dist/index.js:1243:20
    at new Promise (<anonymous>)
    at runWithTimeout (file:///D:/SMS/student-management-system/frontend/node_modules/@vitest/runner/dist/index.js:1209:10)
    at file:///D:/SMS/student-management-system/frontend/node_modules/@vitest/runner/dist/index.js:1653:37
    at Traces.$ (file:///D:/SMS/student-management-system/frontend/node_modules/vitest/dist/chunks/traces.U4xDYhzZ.js:115:27)
    at trace (file:///D:/SMS/student-management-system/frontend/node_modules/vitest/dist/chunks/test.B8ej_ZHS.js:239:21)
    at runTest (file:///D:/SMS/student-management-system/frontend/node_modules/@vitest/runner/dist/index.js:1653:12)

stderr | src/hooks/useAutosave.test.ts > useAutosave hook > callbacks > should not call onSuccess if error occurs
[useAutosave] Save failed: Error: Save failed
    at D:/SMS/student-management-system/frontend/src/hooks/useAutosave.test.ts:483:50
    at file:///D:/SMS/student-management-system/frontend/node_modules/@vitest/runner/dist/index.js:145:11
    at file:///D:/SMS/student-management-system/frontend/node_modules/@vitest/runner/dist/index.js:915:26
    at file:///D:/SMS/student-management-system/frontend/node_modules/@vitest/runner/dist/index.js:1243:20
    at new Promise (<anonymous>)
    at runWithTimeout (file:///D:/SMS/student-management-system/frontend/node_modules/@vitest/runner/dist/index.js:1209:10)
    at file:///D:/SMS/student-management-system/frontend/node_modules/@vitest/runner/dist/index.js:1653:37
    at Traces.$ (file:///D:/SMS/student-management-system/frontend/node_modules/vitest/dist/chunks/traces.U4xDYhzZ.js:115:27)
    at trace (file:///D:/SMS/student-management-system/frontend/node_modules/vitest/dist/chunks/test.B8ej_ZHS.js:239:21)
    at runTest (file:///D:/SMS/student-management-system/frontend/node_modules/@vitest/runner/dist/index.js:1653:12)

 [32mÎ­ÎµÎ¥[39m src/hooks/useAutosave.test.ts [2m([22m[2m28 tests[22m[2m)[22m[32m 62[2mms[22m[39m
stderr | src/contexts/AuthContext.test.tsx
[i18n] Search translation keys loaded: 6 keys

stderr | src/components/common/ServerControl.test.tsx
[i18n] Search translation keys loaded: 6 keys

stderr | src/contexts/AuthContext.test.tsx
[API Client] VITE_API_URL env var: http://localhost:8000/api/v1
[API Client] Using API_BASE_URL: /api/v1
Using Vite dev proxy for localhost API (CORS-safe): /api/v1

 [32mÎ­ÎµÎ¥[39m src/contexts/AuthContext.test.tsx [2m([22m[2m19 tests[22m[2m)[22m[32m 60[2mms[22m[39m
stderr | src/hooks/useVirtualScroll.test.ts
[i18n] Search translation keys loaded: 6 keys

 [32mÎ­ÎµÎ¥[39m src/components/common/ServerControl.test.tsx [2m([22m[2m1 test[22m[2m)[22m[32m 49[2mms[22m[39m
 [32mÎ­ÎµÎ¥[39m src/hooks/useVirtualScroll.test.ts [2m([22m[2m42 tests[22m[2m)[22m[32m 45[2mms[22m[39m
stderr | src/hooks/usePerformanceMonitor.test.ts
[i18n] Search translation keys loaded: 6 keys

stderr | src/hooks/usePerformanceMonitor.test.ts > usePerformanceMonitor hook > usePerformanceMonitor > should log warning when render time exceeds threshold
[Performance] TestComponent render exceeded threshold { renderCount: 1, duration: 4800, threshold: 100 }

stderr | src/hooks/usePerformanceMonitor.test.ts > usePerformanceMonitor hook > usePerformanceMonitor > should include component name in warning message
[Performance] MyTestComponent render exceeded threshold { renderCount: 1, duration: 4800, threshold: 100 }

stderr | src/hooks/usePerformanceMonitor.test.ts > usePerformanceMonitor hook > usePerformanceMonitor > should include render count in warning object
[Performance] TestComponent render exceeded threshold { renderCount: 1, duration: 4800, threshold: 100 }

stderr | src/hooks/usePerformanceMonitor.test.ts > usePerformanceMonitor hook > usePerformanceMonitor > should track duration in warning object
[Performance] TestComponent render exceeded threshold { renderCount: 1, duration: 4800, threshold: 100 }

stderr | src/hooks/usePerformanceMonitor.test.ts > usePerformanceMonitor hook > usePerformanceMonitor > should send analytics event when available
[Performance] TestComponent render exceeded threshold { renderCount: 1, duration: 4800, threshold: 100 }

stderr | src/hooks/usePerformanceMonitor.test.ts > usePerformanceMonitor hook > usePerformanceMonitor > should not crash when analytics is not available
[Performance] TestComponent render exceeded threshold { renderCount: 1, duration: 4800, threshold: 100 }

stderr | src/hooks/usePerformanceMonitor.test.ts > usePerformanceMonitor hook > usePerformanceMonitor > should use default threshold of 100ms
[Performance] TestComponent render exceeded threshold { renderCount: 1, duration: 3232, threshold: 100 }

stderr | src/hooks/usePerformanceMonitor.test.ts > usePerformanceMonitor hook > usePerformanceMonitor > should accumulate total time across multiple renders
[Performance] TestComponent render exceeded threshold { renderCount: 1, duration: 380, threshold: 100 }
[Performance] TestComponent render exceeded threshold { renderCount: 2, duration: 210, threshold: 100 }

stderr | src/hooks/usePerformanceMonitor.test.ts > usePerformanceMonitor hook > useApiPerformance > should use default threshold of 1000ms
[Performance] Slow API request detected for /api/students {
  duration: 1500,
  name: 'https://example.com/api/students',
  threshold: 1000
}

stderr | src/hooks/usePerformanceMonitor.test.ts > usePerformanceMonitor hook > useApiPerformance > should log warning for slow API requests
[Performance] Slow API request detected for /api/students {
  duration: 600,
  name: 'https://example.com/api/students',
  threshold: 500
}

stderr | src/hooks/usePerformanceMonitor.test.ts > usePerformanceMonitor hook > useApiPerformance > should send analytics event for slow API requests
[Performance] Slow API request detected for /api/students {
  duration: 600,
  name: 'https://example.com/api/students',
  threshold: 500
}

stderr | src/hooks/usePerformanceMonitor.test.ts > usePerformanceMonitor hook > useApiPerformance > should handle multiple entries in single observation
[Performance] Slow API request detected for /api/students {
  duration: 600,
  name: 'https://example.com/api/students/1',
  threshold: 500
}
[Performance] Slow API request detected for /api/students {
  duration: 700,
  name: 'https://example.com/api/students/3',
  threshold: 500
}

 [32mÎ­ÎµÎ¥[39m src/hooks/usePerformanceMonitor.test.ts [2m([22m[2m26 tests[22m[2m)[22m[32m 45[2mms[22m[39m
stderr | src/hooks/useErrorRecovery.test.ts
[i18n] Search translation keys loaded: 6 keys

stderr | src/hooks/useErrorRecovery.test.ts > useErrorRecovery hook > retry strategies > should increment retry count with backoff strategy
An update to TestComponent inside a test was not wrapped in act(...).

When testing, code that causes React state updates should be wrapped into act(...):

act(() => {
  /* fire events that update state */
});
/* assert on the output */

This ensures that you're testing the behavior the user would see in the browser. Learn more at https://react.dev/link/wrap-tests-with-act

stderr | src/hooks/useErrorRecovery.test.ts > useErrorRecovery hook > retry strategies > should respect maxRetries limit
An update to TestComponent inside a test was not wrapped in act(...).

When testing, code that causes React state updates should be wrapped into act(...):

act(() => {
  /* fire events that update state */
});
/* assert on the output */

This ensures that you're testing the behavior the user would see in the browser. Learn more at https://react.dev/link/wrap-tests-with-act
An update to TestComponent inside a test was not wrapped in act(...).

When testing, code that causes React state updates should be wrapped into act(...):

act(() => {
  /* fire events that update state */
});
/* assert on the output */

This ensures that you're testing the behavior the user would see in the browser. Learn more at https://react.dev/link/wrap-tests-with-act

stderr | src/hooks/useErrorRecovery.test.ts > useErrorRecovery hook > exponential backoff calculation > should calculate correct exponential backoff delays
An update to TestComponent inside a test was not wrapped in act(...).

When testing, code that causes React state updates should be wrapped into act(...):

act(() => {
  /* fire events that update state */
});
/* assert on the output */

This ensures that you're testing the behavior the user would see in the browser. Learn more at https://react.dev/link/wrap-tests-with-act
An update to TestComponent inside a test was not wrapped in act(...).

When testing, code that causes React state updates should be wrapped into act(...):

act(() => {
  /* fire events that update state */
});
/* assert on the output */

This ensures that you're testing the behavior the user would see in the browser. Learn more at https://react.dev/link/wrap-tests-with-act

stderr | src/hooks/useErrorRecovery.test.ts > useErrorRecovery hook > shouldRetry > should return false when max retries exceeded
An update to TestComponent inside a test was not wrapped in act(...).

When testing, code that causes React state updates should be wrapped into act(...):

act(() => {
  /* fire events that update state */
});
/* assert on the output */

This ensures that you're testing the behavior the user would see in the browser. Learn more at https://react.dev/link/wrap-tests-with-act

stderr | src/hooks/useErrorRecovery.test.ts > useErrorRecovery hook > edge cases > should cap exponential backoff to avoid extremely long delays
An update to TestComponent inside a test was not wrapped in act(...).

When testing, code that causes React state updates should be wrapped into act(...):

act(() => {
  /* fire events that update state */
});
/* assert on the output */

This ensures that you're testing the behavior the user would see in the browser. Learn more at https://react.dev/link/wrap-tests-with-act
An update to TestComponent inside a test was not wrapped in act(...).

When testing, code that causes React state updates should be wrapped into act(...):

act(() => {
  /* fire events that update state */
});
/* assert on the output */

This ensures that you're testing the behavior the user would see in the browser. Learn more at https://react.dev/link/wrap-tests-with-act

 [32mÎ­ÎµÎ¥[39m src/hooks/useErrorRecovery.test.ts [2m([22m[2m18 tests[22m[2m)[22m[32m 42[2mms[22m[39m
stderr | src/hooks/useFormValidation.test.ts
[i18n] Search translation keys loaded: 6 keys

stderr | src/LanguageContext.test.tsx
[i18n] Search translation keys loaded: 6 keys

 [32mÎ­ÎµÎ¥[39m src/LanguageContext.test.tsx [2m([22m[2m12 tests[22m[2m)[22m[32m 39[2mms[22m[39m
 [32mÎ­ÎµÎ¥[39m src/hooks/useFormValidation.test.ts [2m([22m[2m17 tests[22m[2m)[22m[32m 41[2mms[22m[39m
stderr | src/hooks/useCourseModals.test.ts
[i18n] Search translation keys loaded: 6 keys

 [32mÎ­ÎµÎ¥[39m src/hooks/useCourseModals.test.ts [2m([22m[2m29 tests[22m[2m)[22m[32m 38[2mms[22m[39m
stderr | src/hooks/useStudentModals.test.ts
[i18n] Search translation keys loaded: 6 keys

 [32mÎ­ÎµÎ¥[39m src/hooks/useStudentModals.test.ts [2m([22m[2m27 tests[22m[2m)[22m[32m 38[2mms[22m[39m
stderr | src/features/advanced-search/__tests__/AdvancedQueryBuilder.test.tsx
[i18n] Search translation keys loaded: 6 keys

stderr | src/features/advanced-search/__tests__/SearchHistorySidebar.test.tsx
[i18n] Search translation keys loaded: 6 keys

 [32mÎ­ÎµÎ¥[39m src/features/advanced-search/__tests__/SearchHistorySidebar.test.tsx [2m([22m[2m2 tests[22m[2m)[22m[32m 35[2mms[22m[39m
 [32mÎ­ÎµÎ¥[39m src/features/advanced-search/__tests__/AdvancedQueryBuilder.test.tsx [2m([22m[2m1 test[22m[2m)[22m[32m 37[2mms[22m[39m
stderr | src/hooks/useModal.test.ts
[i18n] Search translation keys loaded: 6 keys

 [32mÎ­ÎµÎ¥[39m src/hooks/useModal.test.ts [2m([22m[2m21 tests[22m[2m)[22m[32m 32[2mms[22m[39m
stderr | src/components/import-export/__tests__/ImportExportPage.test.tsx
[i18n] Search translation keys loaded: 6 keys

stderr | src/schemas/grade.schema.test.ts
[i18n] Search translation keys loaded: 6 keys

 [32mÎ­ÎµÎ¥[39m src/schemas/grade.schema.test.ts [2m([22m[2m60 tests[22m[2m)[22m[32m 27[2mms[22m[39m
 [32mÎ­ÎµÎ¥[39m src/components/import-export/__tests__/ImportExportPage.test.tsx [2m([22m[2m1 test[22m[2m)[22m[32m 30[2mms[22m[39m
stderr | src/features/importExport/HistoryTable.test.tsx
[i18n] Search translation keys loaded: 6 keys

 [32mÎ­ÎµÎ¥[39m src/features/importExport/HistoryTable.test.tsx [2m([22m[2m1 test[22m[2m)[22m[32m 25[2mms[22m[39m
stderr | src/schemas/attendance.schema.test.ts
[i18n] Search translation keys loaded: 6 keys

 [32mÎ­ÎµÎ¥[39m src/schemas/attendance.schema.test.ts [2m([22m[2m53 tests[22m[2m)[22m[32m 20[2mms[22m[39m
stderr | src/schemas/course.schema.test.ts
[i18n] Search translation keys loaded: 6 keys

 [32mÎ­ÎµÎ¥[39m src/schemas/course.schema.test.ts [2m([22m[2m53 tests[22m[2m)[22m[32m 20[2mms[22m[39m
stderr | src/schemas/student.schema.test.ts
[i18n] Search translation keys loaded: 6 keys

stderr | src/contexts/AppearanceThemeContext.test.tsx
[i18n] Search translation keys loaded: 6 keys

 [32mÎ­ÎµÎ¥[39m src/schemas/student.schema.test.ts [2m([22m[2m48 tests[22m[2m)[22m[32m 19[2mms[22m[39m
 [32mÎ­ÎµÎ¥[39m src/contexts/AppearanceThemeContext.test.tsx [2m([22m[2m2 tests[22m[2m)[22m[32m 16[2mms[22m[39m
stderr | src/features/importExport/useImportExport.test.ts
[i18n] Search translation keys loaded: 6 keys

 [32mÎ­ÎµÎ¥[39m src/features/importExport/useImportExport.test.ts [2m([22m[2m1 test[22m[2m)[22m[32m 12[2mms[22m[39m
stderr | src/api/__tests__/api.client.test.ts
[i18n] Search translation keys loaded: 6 keys

stderr | src/api/__tests__/api.client.test.ts
[API Client] VITE_API_URL env var: http://localhost:8000/api/v1
[API Client] Using API_BASE_URL: /api/v1
Using Vite dev proxy for localhost API (CORS-safe): /api/v1

 [32mÎ­ÎµÎ¥[39m src/api/__tests__/api.client.test.ts [2m([22m[2m12 tests[22m[2m)[22m[32m 10[2mms[22m[39m
stderr | src/stores/useAttendanceStore.test.ts
[i18n] Search translation keys loaded: 6 keys

stderr | src/stores/useGradesStore.test.ts
[i18n] Search translation keys loaded: 6 keys

 [32mÎ­ÎµÎ¥[39m src/stores/useAttendanceStore.test.ts [2m([22m[2m33 tests[22m[2m)[22m[32m 9[2mms[22m[39m
 [32mÎ­ÎµÎ¥[39m src/stores/useGradesStore.test.ts [2m([22m[2m32 tests[22m[2m)[22m[32m 8[2mms[22m[39m
stderr | src/stores/useCoursesStore.test.ts
[i18n] Search translation keys loaded: 6 keys

 [32mÎ­ÎµÎ¥[39m src/stores/useCoursesStore.test.ts [2m([22m[2m34 tests[22m[2m)[22m[32m 8[2mms[22m[39m
stderr | src/stores/useStudentsStore.test.ts
[i18n] Search translation keys loaded: 6 keys

 [32mÎ­ÎµÎ¥[39m src/stores/useStudentsStore.test.ts [2m([22m[2m34 tests[22m[2m)[22m[32m 8[2mms[22m[39m
stderr | src/utils/gradeUtils.test.ts
[i18n] Search translation keys loaded: 6 keys

stderr | src/utils/categoryLabels.test.ts
[i18n] Search translation keys loaded: 6 keys

 [32mÎ­ÎµÎ¥[39m src/utils/gradeUtils.test.ts [2m([22m[2m32 tests[22m[2m)[22m[32m 6[2mms[22m[39m
 [32mÎ­ÎµÎ¥[39m src/utils/categoryLabels.test.ts [2m([22m[2m29 tests[22m[2m)[22m[32m 7[2mms[22m[39m
stderr | src/utils/date.test.ts
[i18n] Search translation keys loaded: 6 keys

 [32mÎ­ÎµÎ¥[39m src/utils/date.test.ts [2m([22m[2m27 tests[22m[2m)[22m[32m 6[2mms[22m[39m
stderr | src/utils/errorMessage.test.ts
[i18n] Search translation keys loaded: 6 keys

 [32mÎ­ÎµÎ¥[39m src/utils/errorMessage.test.ts [2m([22m[2m31 tests[22m[2m)[22m[32m 6[2mms[22m[39m
stderr | src/i18n/__tests__/translations.test.ts
[i18n] Search translation keys loaded: 6 keys

stderr | src/api/__tests__/api.fallback.test.ts
[i18n] Search translation keys loaded: 6 keys

 [32mÎ­ÎµÎ¥[39m src/i18n/__tests__/translations.test.ts [2m([22m[2m7 tests[22m[2m)[22m[32m 5[2mms[22m[39m
stderr | src/api/__tests__/api.fallback.test.ts
[API Client] VITE_API_URL env var: http://localhost:8000/api/v1
[API Client] Using API_BASE_URL: /api/v1
Using Vite dev proxy for localhost API (CORS-safe): /api/v1

 [32mÎ­ÎµÎ¥[39m src/api/__tests__/api.fallback.test.ts [2m([22m[2m3 tests[22m[2m)[22m[32m 4[2mms[22m[39m
stderr | src/services/__tests__/authService.test.ts
[i18n] Search translation keys loaded: 6 keys

 [32mÎ­ÎµÎ¥[39m src/services/__tests__/authService.test.ts [2m([22m[2m2 tests[22m[2m)[22m[32m 3[2mms[22m[39m
stderr | src/utils/__tests__/normalize.test.ts
[i18n] Search translation keys loaded: 6 keys

 [32mÎ­ÎµÎ¥[39m src/utils/__tests__/normalize.test.ts [2m([22m[2m4 tests[22m[2m)[22m[32m 3[2mms[22m[39m
stderr | src/utils/basicUtils.test.ts
[i18n] Search translation keys loaded: 6 keys

 [32mÎ­ÎµÎ¥[39m src/utils/basicUtils.test.ts [2m([22m[2m4 tests[22m[2m)[22m[32m 3[2mms[22m[39m
stderr | src/typescriptBasics.test.ts
[i18n] Search translation keys loaded: 6 keys

 [32mÎ­ÎµÎ¥[39m src/typescriptBasics.test.ts [2m([22m[2m4 tests[22m[2m)[22m[32m 2[2mms[22m[39m
stderr | src/components/import-export/__tests__/ImportExportComponents.test.tsx
[i18n] Search translation keys loaded: 6 keys

 [32mÎ­ÎµÎ¥[39m src/components/import-export/__tests__/ImportExportComponents.test.tsx [2m([22m[2m1 test[22m[2m)[22m[32m 2[2mms[22m[39m
stderr | src/sanity.test.ts
[i18n] Search translation keys loaded: 6 keys

 [32mÎ­ÎµÎ¥[39m src/sanity.test.ts [2m([22m[2m1 test[22m[2m)[22m[32m 2[2mms[22m[39m

Î­ÎŸÏˆÎ­ÎŸÏˆÎ­ÎŸÏˆÎ­ÎŸÏˆÎ­ÎŸÏˆÎ­ÎŸÏˆ Failed Tests 17 Î­ÎŸÏˆÎ­ÎŸÏˆÎ­ÎŸÏˆÎ­ÎŸÏˆÎ­ÎŸÏˆÎ­ÎŸÏˆÎ­ÎŸÏˆ

 FAIL  src/api/__tests__/api.request.interceptor.test.ts > apiClient request interceptor > attaches Authorization header when access token exists
AssertionError: expected "getAccessToken" to be called at least once
 Î­Î¶Ïˆ src/api/__tests__/api.request.interceptor.test.ts:22:17
     20|
     21|     // Assert that the helper consulted the auth service
     22|     expect(spy).toHaveBeenCalled();
       |                 ^
     23|     expect(config.headers.Authorization).toBe('Bearer TOK123');
     24|   });

Î­ÎŸÏˆÎ­ÎŸÏˆÎ­ÎŸÏˆÎ­ÎŸÏˆÎ­ÎŸÏˆÎ­ÎŸÏˆÎ­ÎŸÏˆÎ­ÎŸÏˆÎ­ÎŸÏˆÎ­ÎŸÏˆÎ­ÎŸÏˆÎ­ÎŸÏˆÎ­ÎŸÏˆÎ­ÎŸÏˆÎ­ÎŸÏˆÎ­ÎŸÏˆÎ­ÎŸÏˆÎ­ÎŸÏˆÎ­ÎŸÏˆÎ­ÎŸÏˆÎ­ÎŸÏˆÎ­ÎŸÏˆÎ­ÎŸÏˆ[1/17]Î­ÎŸÏˆ

 FAIL  src/features/export-admin/__tests__/ExportAdmin.integration.test.tsx > ExportAdmin integration > renders dashboard with jobs tab
 FAIL  src/features/export-admin/__tests__/ExportAdmin.integration.test.tsx > ExportAdmin integration > switches to schedules tab
 FAIL  src/features/export-admin/__tests__/ExportAdmin.integration.test.tsx > ExportAdmin integration > displays job details correctly
 FAIL  src/features/export-admin/__tests__/ExportAdmin.integration.test.tsx > ExportAdmin integration > allows deleting a job
 FAIL  src/features/export-admin/__tests__/ExportAdmin.integration.test.tsx > ExportAdmin integration > filters job list with search
 FAIL  src/features/export-admin/__tests__/ExportDashboard.test.tsx > ExportDashboard > renders dashboard title and description
 FAIL  src/features/export-admin/__tests__/ExportDashboard.test.tsx > ExportDashboard > renders refresh button
 FAIL  src/features/export-admin/__tests__/ExportDashboard.test.tsx > ExportDashboard > displays quick stats cards
 FAIL  src/features/export-admin/__tests__/ExportDashboard.test.tsx > ExportDashboard > renders all 6 tab triggers
 FAIL  src/features/export-admin/__tests__/ExportDashboard.test.tsx > ExportDashboard > shows ExportJobList by default (jobs tab)
 FAIL  src/features/export-admin/__tests__/ExportDashboard.test.tsx > ExportDashboard > switches to schedules tab on click
 FAIL  src/features/export-admin/__tests__/ExportDashboard.test.tsx > ExportDashboard > switches to metrics tab on click
 FAIL  src/features/export-admin/__tests__/ExportDashboard.test.tsx > ExportDashboard > switches to settings tab on click
 FAIL  src/features/export-admin/__tests__/ExportDashboard.test.tsx > ExportDashboard > calls onRefresh when refresh button clicked
 FAIL  src/features/export-admin/__tests__/ExportDashboard.test.tsx > ExportDashboard > displays error alert when jobs fail to load
Error: [vitest] No "useExportJob" export is defined on the "../hooks/useExportAdmin" mock. Did you forget to return it from "vi.mock"?
If you need to partially mock a module, you can use "importOriginal" helper inside:

vi.mock(import("../hooks/useExportAdmin"), async (importOriginal) => {
  const actual = await importOriginal()
  return {
    ...actual,
    // your mocked methods
  }
})

 Î­Î¶Ïˆ ExportDashboard src/features/export-admin/components/ExportDashboard.tsx:51:37
     49|   });
     50|
     51|   const { data: selectedJobData } = useExportJob(selectedJobId);
       |                                     ^
     52|   const { data: schedulesData } = useExportSchedules();
     53|   const { data: metricsData } = useExportMetrics(7);
 Î­Î¶Ïˆ Object.react_stack_bottom_frame node_modules/react-dom/cjs/react-dom-client.development.js:25904:20
 Î­Î¶Ïˆ renderWithHooks node_modules/react-dom/cjs/react-dom-client.development.js:7662:22
 Î­Î¶Ïˆ updateFunctionComponent node_modules/react-dom/cjs/react-dom-client.development.js:10166:19
 Î­Î¶Ïˆ beginWork node_modules/react-dom/cjs/react-dom-client.development.js:11778:18
 Î­Î¶Ïˆ runWithFiberInDEV node_modules/react-dom/cjs/react-dom-client.development.js:874:13
 Î­Î¶Ïˆ performUnitOfWork node_modules/react-dom/cjs/react-dom-client.development.js:17641:22
 Î­Î¶Ïˆ workLoopSync node_modules/react-dom/cjs/react-dom-client.development.js:17469:41

Î­ÎŸÏˆÎ­ÎŸÏˆÎ­ÎŸÏˆÎ­ÎŸÏˆÎ­ÎŸÏˆÎ­ÎŸÏˆÎ­ÎŸÏˆÎ­ÎŸÏˆÎ­ÎŸÏˆÎ­ÎŸÏˆÎ­ÎŸÏˆÎ­ÎŸÏˆÎ­ÎŸÏˆÎ­ÎŸÏˆÎ­ÎŸÏˆÎ­ÎŸÏˆÎ­ÎŸÏˆÎ­ÎŸÏˆÎ­ÎŸÏˆÎ­ÎŸÏˆÎ­ÎŸÏˆÎ­ÎŸÏˆÎ­ÎŸÏˆ[2/17]Î­ÎŸÏˆ

 FAIL  src/features/export-admin/__tests__/SupportingComponents.test.tsx > PerformanceAnalytics > displays metric values correctly
TestingLibraryElementError: Unable to find an element with the text: 120.50s. This could be because the text is broken up by multiple elements. In this case, you can provide a function for your text matcher to make your matcher more flexible.

Ignored nodes: comments, script, style
<body>
  <div>
    <div
      class="space-y-4"
    >
      <div
        class="grid gap-4 md:grid-cols-3"
      >
        <div
          class="rounded-xl border bg-card text-card-foreground shadow"
        >
          <div
            class="flex flex-col space-y-1.5 p-6 pb-2"
          >
            <div
              class="font-semibold tracking-tight text-sm"
            >
              Avg Duration
            </div>
          </div>
          <div
            class="p-6 pt-0"
          >
            <div
              class="text-2xl font-bold"
            >
              120.50
              detail.seconds
            </div>
          </div>
        </div>
        <div
          class="rounded-xl border bg-card text-card-foreground shadow"
        >
          <div
            class="flex flex-col space-y-1.5 p-6 pb-2"
          >
            <div
              class="font-semibold tracking-tight text-sm"
            >
              Success Rate
            </div>
          </div>
          <div
            class="p-6 pt-0"
          >
            <div
              class="text-2xl font-bold"
            >
              95.7
              %
            </div>
          </div>
        </div>
        <div
          class="rounded-xl border bg-card text-card-foreground shadow"
        >
          <div
            class="flex flex-col space-y-1.5 p-6 pb-2"
          >
            <div
              class="font-semibold tracking-tight text-sm"
            >
              Total Exports
            </div>
          </div>
          <div
            class="p-6 pt-0"
          >
            <div
              class="text-2xl font-bold"
            >
              342
            </div>
          </div>
        </div>
      </div>
      <div
        class="rounded-xl border bg-card text-card-foreground shadow"
      >
        <div
          class="flex flex-col space-y-1.5 p-6"
        >
          <div
            class="font-semibold leading-none tracking-tight"
          >
            Export Format Breakdown
          </div>
        </div>
        <div
          class="p-6 pt-0"
        >
          <div
            class="grid gap-4 md:grid-cols-3"
          >
            <div
              class="rounded-lg border p-4"
            >
              <p
                class="text-sm font-medium capitalize"
              >
                excel
              </p>
              <p
                class="text-2xl font-bold"
              >
                180
              </p>
              <p
                class="text-xs text-muted-foreground"
              >
                96.2
                %
                success
              </p>
            </div>
            <div
              class="rounded-lg border p-4"
            >
              <p
                class="text-sm font-medium capitalize"
              >
                csv
              </p>
              <p
                class="text-2xl font-bold"
              >
                120
              </p>
              <p
                class="text-xs text-muted-foreground"
              >
                94.1
                %
                success
              </p>
            </div>
            <div
              class="rounded-lg border p-4"
            >
              <p
                class="text-sm font-medium capitalize"
              >
                pdf
              </p>
              <p
                class="text-2xl font-bold"
              >
                42
              </p>
              <p
                class="text-xs text-muted-foreground"
              >
                92.4
                %
                success
              </p>
            </div>
          </div>
        </div>
      </div>
    </div>
  </div>
</body>
 Î­Î¶Ïˆ Object.getElementError node_modules/@testing-library/dom/dist/config.js:37:19
 Î­Î¶Ïˆ node_modules/@testing-library/dom/dist/query-helpers.js:76:38
 Î­Î¶Ïˆ node_modules/@testing-library/dom/dist/query-helpers.js:52:17
 Î­Î¶Ïˆ node_modules/@testing-library/dom/dist/query-helpers.js:95:19
 Î­Î¶Ïˆ src/features/export-admin/__tests__/SupportingComponents.test.tsx:328:19
    326|     renderWithProviders(<PerformanceAnalytics metrics={mockMetrics} />Î­Î‘Î¿
    327|
    328|     expect(screen.getByText('120.50s')).toBeInTheDocument();
       |                   ^
    329|     expect(screen.getByText('95.7%')).toBeInTheDocument();
    330|     expect(screen.getByText('342')).toBeInTheDocument();

Î­ÎŸÏˆÎ­ÎŸÏˆÎ­ÎŸÏˆÎ­ÎŸÏˆÎ­ÎŸÏˆÎ­ÎŸÏˆÎ­ÎŸÏˆÎ­ÎŸÏˆÎ­ÎŸÏˆÎ­ÎŸÏˆÎ­ÎŸÏˆÎ­ÎŸÏˆÎ­ÎŸÏˆÎ­ÎŸÏˆÎ­ÎŸÏˆÎ­ÎŸÏˆÎ­ÎŸÏˆÎ­ÎŸÏˆÎ­ÎŸÏˆÎ­ÎŸÏˆÎ­ÎŸÏˆÎ­ÎŸÏˆÎ­ÎŸÏˆ[3/17]Î­ÎŸÏˆ


[2m Test Files [22m [1m[31m4 failed[39m[22m[2m | [22m[1m[32m95 passed[39m[22m[90m (99)[39m
[2m      Tests [22m [1m[31m17 failed[39m[22m[2m | [22m[1m[32m1796 passed[39m[22m[90m (1813)[39m
[2m   Start at [22m 10:38:59
[2m   Duration [22m 100.25s

[1m[41m FAIL [49m[22m [31mTests failed. Watching for file changes...[39m
       [2mpress [22m[1mh[22m[2m to show help[22m[2m, [22m[2mpress [22m[1mq[22m[2m to quit[22m
