<?xml version="1.0" encoding="UTF-8" ?>
<testsuites name="vitest tests" tests="1022" failures="0" errors="0" time="37.3600935">
    <testsuite name="src/LanguageContext.test.tsx" timestamp="2025-12-01T06:33:00.955Z" hostname="REC" tests="14" failures="0" errors="0" skipped="0" time="0.0489433">
        <testcase classname="src/LanguageContext.test.tsx" name="LanguageContext &gt; initialization &gt; initializes with language from i18n" time="0.0140114">
        </testcase>
        <testcase classname="src/LanguageContext.test.tsx" name="LanguageContext &gt; initialization &gt; provides translation function" time="0.0019749">
        </testcase>
        <testcase classname="src/LanguageContext.test.tsx" name="LanguageContext &gt; setLanguage &gt; changes language to Greek" time="0.0046883">
        </testcase>
        <testcase classname="src/LanguageContext.test.tsx" name="LanguageContext &gt; setLanguage &gt; changes language to English" time="0.0031428">
        </testcase>
        <testcase classname="src/LanguageContext.test.tsx" name="LanguageContext &gt; setLanguage &gt; persists language to localStorage via i18next" time="0.0027195">
        </testcase>
        <testcase classname="src/LanguageContext.test.tsx" name="LanguageContext &gt; setLanguage &gt; maintains language across multiple switches" time="0.0023358">
        </testcase>
        <testcase classname="src/LanguageContext.test.tsx" name="LanguageContext &gt; t function &gt; provides translation function from context" time="0.0010515">
        </testcase>
        <testcase classname="src/LanguageContext.test.tsx" name="LanguageContext &gt; t function &gt; translation function returns key as fallback for missing keys" time="0.0023886">
        </testcase>
        <testcase classname="src/LanguageContext.test.tsx" name="LanguageContext &gt; t function &gt; translation function handles interpolation format" time="0.0014346">
        </testcase>
        <testcase classname="src/LanguageContext.test.tsx" name="LanguageContext &gt; useLanguage hook &gt; throws error when used outside LanguageProvider" time="0.0051394">
        </testcase>
        <testcase classname="src/LanguageContext.test.tsx" name="LanguageContext &gt; language persistence &gt; restores language from localStorage on mount" time="0.0020935">
        </testcase>
        <testcase classname="src/LanguageContext.test.tsx" name="LanguageContext &gt; language persistence &gt; persists latest language to localStorage across switches" time="0.0025021">
        </testcase>
        <testcase classname="src/LanguageContext.test.tsx" name="LanguageContext &gt; state consistency &gt; context state reflects current i18n language" time="0.0016424">
        </testcase>
        <testcase classname="src/LanguageContext.test.tsx" name="LanguageContext &gt; state consistency &gt; new hook instances reflect updated language" time="0.002177">
        </testcase>
    </testsuite>
    <testsuite name="src/sanity.test.ts" timestamp="2025-12-01T06:33:00.957Z" hostname="REC" tests="1" failures="0" errors="0" skipped="0" time="0.0016339">
        <testcase classname="src/sanity.test.ts" name="Sanity check &gt; should add numbers correctly" time="0.0007212">
        </testcase>
    </testsuite>
    <testsuite name="src/ThemeContext.test.tsx" timestamp="2025-12-01T06:33:00.957Z" hostname="REC" tests="35" failures="0" errors="0" skipped="0" time="0.3898113">
        <testcase classname="src/ThemeContext.test.tsx" name="ThemeContext &gt; initialization &gt; initializes with light theme as default" time="0.0279622">
            <system-err>
[ThemeProvider] Initializing with theme: light from localStorage: [1mnull[22m
[ThemeProvider] Applying theme: light | Resolved to: light

            </system-err>
        </testcase>
        <testcase classname="src/ThemeContext.test.tsx" name="ThemeContext &gt; initialization &gt; restores theme from localStorage on mount" time="0.0215897">
            <system-err>
[ThemeProvider] Initializing with theme: dark from localStorage: dark
[ThemeProvider] Applying theme: dark | Resolved to: dark

[ThemeProvider] After apply - html classes: dark | body classes: dark | has dark: [33mtrue[39m | has relaxing: [33mfalse[39m | has fancy: [33mfalse[39m

[ThemeProvider] After apply - html classes: dark | body classes: dark | has dark: [33mtrue[39m | has relaxing: [33mfalse[39m | has fancy: [33mfalse[39m

            </system-err>
        </testcase>
        <testcase classname="src/ThemeContext.test.tsx" name="ThemeContext &gt; initialization &gt; validates theme from localStorage" time="0.0063581">
            <system-err>
[ThemeProvider] Initializing with theme: light from localStorage: invalid-theme
[ThemeProvider] Applying theme: light | Resolved to: light

            </system-err>
        </testcase>
        <testcase classname="src/ThemeContext.test.tsx" name="ThemeContext &gt; initialization &gt; handles corrupted localStorage data" time="0.0046287">
            <system-err>
[ThemeProvider] Initializing with theme: light from localStorage: {&quot;invalid&quot;: json}
[ThemeProvider] Applying theme: light | Resolved to: light

            </system-err>
        </testcase>
        <testcase classname="src/ThemeContext.test.tsx" name="ThemeContext &gt; initialization &gt; applies initial theme classes to DOM" time="0.0045894">
            <system-err>
[ThemeProvider] Initializing with theme: dark from localStorage: dark
[ThemeProvider] Applying theme: dark | Resolved to: dark

[ThemeProvider] After apply - html classes: dark | body classes: dark | has dark: [33mtrue[39m | has relaxing: [33mfalse[39m | has fancy: [33mfalse[39m

[ThemeProvider] After apply - html classes: dark | body classes: dark | has dark: [33mtrue[39m | has relaxing: [33mfalse[39m | has fancy: [33mfalse[39m

[ThemeProvider] After apply - html classes: dark | body classes: dark | has dark: [33mtrue[39m | has relaxing: [33mfalse[39m | has fancy: [33mfalse[39m

            </system-err>
        </testcase>
        <testcase classname="src/ThemeContext.test.tsx" name="ThemeContext &gt; setTheme &gt; changes theme to dark" time="0.0080581">
            <system-err>
[ThemeProvider] Initializing with theme: light from localStorage: [1mnull[22m
[ThemeProvider] Applying theme: light | Resolved to: light
[ThemeProvider] Theme set to: dark
[ThemeProvider] Applying theme: dark | Resolved to: dark

[ThemeProvider] After apply - html classes: dark | body classes: dark | has dark: [33mtrue[39m | has relaxing: [33mfalse[39m | has fancy: [33mfalse[39m

[ThemeProvider] After apply - html classes: dark | body classes: dark | has dark: [33mtrue[39m | has relaxing: [33mfalse[39m | has fancy: [33mfalse[39m

            </system-err>
        </testcase>
        <testcase classname="src/ThemeContext.test.tsx" name="ThemeContext &gt; setTheme &gt; changes theme to relaxing" time="0.0048396">
            <system-err>
[ThemeProvider] Initializing with theme: light from localStorage: [1mnull[22m
[ThemeProvider] Applying theme: light | Resolved to: light
[ThemeProvider] Theme set to: relaxing
[ThemeProvider] Applying theme: relaxing | Resolved to: relaxing

            </system-err>
        </testcase>
        <testcase classname="src/ThemeContext.test.tsx" name="ThemeContext &gt; setTheme &gt; changes theme to fancy" time="0.0023259">
            <system-err>
[ThemeProvider] Initializing with theme: light from localStorage: [1mnull[22m
[ThemeProvider] Applying theme: light | Resolved to: light
[ThemeProvider] Theme set to: fancy
[ThemeProvider] Applying theme: fancy | Resolved to: fancy

            </system-err>
        </testcase>
        <testcase classname="src/ThemeContext.test.tsx" name="ThemeContext &gt; setTheme &gt; changes theme to system" time="0.0048637">
            <system-err>
[ThemeProvider] Initializing with theme: light from localStorage: [1mnull[22m
[ThemeProvider] Applying theme: light | Resolved to: light
[ThemeProvider] Theme set to: system
[ThemeProvider] Applying theme: system | Resolved to: dark

            </system-err>
        </testcase>
        <testcase classname="src/ThemeContext.test.tsx" name="ThemeContext &gt; setTheme &gt; persists theme to localStorage" time="0.0056779">
            <system-err>
[ThemeProvider] Initializing with theme: light from localStorage: [1mnull[22m
[ThemeProvider] Applying theme: light | Resolved to: light
[ThemeProvider] Theme set to: dark
[ThemeProvider] Applying theme: dark | Resolved to: dark

            </system-err>
        </testcase>
        <testcase classname="src/ThemeContext.test.tsx" name="ThemeContext &gt; setTheme &gt; applies theme classes to DOM" time="0.0075772">
            <system-err>
[ThemeProvider] Initializing with theme: light from localStorage: [1mnull[22m
[ThemeProvider] Applying theme: light | Resolved to: light
[ThemeProvider] Theme set to: dark
[ThemeProvider] Applying theme: dark | Resolved to: dark

[ThemeProvider] After apply - html classes: dark | body classes: dark | has dark: [33mtrue[39m | has relaxing: [33mfalse[39m | has fancy: [33mfalse[39m

[ThemeProvider] After apply - html classes: dark | body classes: dark | has dark: [33mtrue[39m | has relaxing: [33mfalse[39m | has fancy: [33mfalse[39m

[ThemeProvider] After apply - html classes: dark | body classes: dark | has dark: [33mtrue[39m | has relaxing: [33mfalse[39m | has fancy: [33mfalse[39m

[ThemeProvider] After apply - html classes: dark | body classes: dark | has dark: [33mtrue[39m | has relaxing: [33mfalse[39m | has fancy: [33mfalse[39m

[ThemeProvider] After apply - html classes: dark | body classes: dark | has dark: [33mtrue[39m | has relaxing: [33mfalse[39m | has fancy: [33mfalse[39m

[ThemeProvider] After apply - html classes: dark | body classes: dark | has dark: [33mtrue[39m | has relaxing: [33mfalse[39m | has fancy: [33mfalse[39m

[ThemeProvider] After apply - html classes: dark | body classes: dark | has dark: [33mtrue[39m | has relaxing: [33mfalse[39m | has fancy: [33mfalse[39m

[ThemeProvider] After apply - html classes: dark | body classes: dark | has dark: [33mtrue[39m | has relaxing: [33mfalse[39m | has fancy: [33mfalse[39m

[ThemeProvider] After apply - html classes: dark | body classes: dark | has dark: [33mtrue[39m | has relaxing: [33mfalse[39m | has fancy: [33mfalse[39m

[ThemeProvider] After apply - html classes: dark | body classes: dark | has dark: [33mtrue[39m | has relaxing: [33mfalse[39m | has fancy: [33mfalse[39m

            </system-err>
        </testcase>
        <testcase classname="src/ThemeContext.test.tsx" name="ThemeContext &gt; setTheme &gt; removes previous theme classes when switching" time="0.0258252">
            <system-err>
[ThemeProvider] Initializing with theme: light from localStorage: [1mnull[22m
[ThemeProvider] Applying theme: light | Resolved to: light
[ThemeProvider] Theme set to: dark
[ThemeProvider] Applying theme: dark | Resolved to: dark

[ThemeProvider] After apply - html classes: dark | body classes: dark | has dark: [33mtrue[39m | has relaxing: [33mfalse[39m | has fancy: [33mfalse[39m

[ThemeProvider] After apply - html classes: dark | body classes: dark | has dark: [33mtrue[39m | has relaxing: [33mfalse[39m | has fancy: [33mfalse[39m

[ThemeProvider] Theme set to: light
[ThemeProvider] Applying theme: light | Resolved to: light

[ThemeProvider] After apply - html classes:  | body classes:  | has dark: [33mfalse[39m | has relaxing: [33mfalse[39m | has fancy: [33mfalse[39m

            </system-err>
        </testcase>
        <testcase classname="src/ThemeContext.test.tsx" name="ThemeContext &gt; setTheme &gt; updates state even if localStorage fails" time="0.004723">
            <system-err>
[ThemeProvider] Initializing with theme: light from localStorage: [1mnull[22m
[ThemeProvider] Applying theme: light | Resolved to: light
[ThemeProvider] Failed to save theme: Error: QuotaExceededError
    at Proxy.&lt;anonymous&gt; (D:/SMS/student-management-system/frontend/src/ThemeContext.test.tsx:175:15)
    at Proxy.setItem [90m(file:///D:/SMS/student-management-system/frontend/[39mnode_modules/[4m@vitest[24m/spy/dist/index.js:280:34[90m)[39m
    at Object.setThemeImmediate [as setTheme] (D:/SMS/student-management-system/frontend/src/ThemeContext.tsx:161:20)
    at D:/SMS/student-management-system/frontend/src/ThemeContext.test.tsx:181:24
    at [90mD:\SMS\student-management-system\frontend\[39mnode_modules\[4m@testing-library[24m\react\dist\act-compat.js:48:24
    at process.env.NODE_ENV.exports.act [90m(D:\SMS\student-management-system\frontend\[39mnode_modules\[4mreact[24m\cjs\react.development.js:814:22[90m)[39m
    at [90mD:\SMS\student-management-system\frontend\[39mnode_modules\[4m@testing-library[24m\react\dist\act-compat.js:47:25
    at D:/SMS/student-management-system/frontend/src/ThemeContext.test.tsx:180:7
    at [90mfile:///D:/SMS/student-management-system/frontend/[39mnode_modules/[4m@vitest[24m/runner/dist/index.js:145:11
    at [90mfile:///D:/SMS/student-management-system/frontend/[39mnode_modules/[4m@vitest[24m/runner/dist/index.js:919:26
[ThemeProvider] Theme set to: dark
[ThemeProvider] Applying theme: dark | Resolved to: dark

            </system-err>
        </testcase>
        <testcase classname="src/ThemeContext.test.tsx" name="ThemeContext &gt; effectiveTheme resolution &gt; resolves system theme to light when system prefers light" time="0.0015738">
            <system-err>
[ThemeProvider] Initializing with theme: light from localStorage: [1mnull[22m
[ThemeProvider] Applying theme: light | Resolved to: light
[ThemeProvider] Theme set to: system
[ThemeProvider] Applying theme: system | Resolved to: light

            </system-err>
        </testcase>
        <testcase classname="src/ThemeContext.test.tsx" name="ThemeContext &gt; effectiveTheme resolution &gt; resolves system theme to dark when system prefers dark" time="0.0021336">
            <system-err>
[ThemeProvider] Initializing with theme: light from localStorage: [1mnull[22m
[ThemeProvider] Applying theme: light | Resolved to: light
[ThemeProvider] Theme set to: system
[ThemeProvider] Applying theme: system | Resolved to: dark

            </system-err>
        </testcase>
        <testcase classname="src/ThemeContext.test.tsx" name="ThemeContext &gt; effectiveTheme resolution &gt; effectiveTheme equals theme for non-system themes" time="0.00175">
            <system-err>
[ThemeProvider] Initializing with theme: light from localStorage: [1mnull[22m
[ThemeProvider] Applying theme: light | Resolved to: light
[ThemeProvider] Theme set to: light
[ThemeProvider] Theme set to: dark
[ThemeProvider] Applying theme: dark | Resolved to: dark
[ThemeProvider] Theme set to: relaxing
[ThemeProvider] Applying theme: relaxing | Resolved to: relaxing
[ThemeProvider] Theme set to: fancy
[ThemeProvider] Applying theme: fancy | Resolved to: fancy

            </system-err>
        </testcase>
        <testcase classname="src/ThemeContext.test.tsx" name="ThemeContext &gt; system theme listener &gt; registers mediaQuery listener when theme is system" time="0.0013361">
            <system-err>
[ThemeProvider] Initializing with theme: light from localStorage: [1mnull[22m
[ThemeProvider] Applying theme: light | Resolved to: light
[ThemeProvider] Theme set to: system
[ThemeProvider] Applying theme: system | Resolved to: light

            </system-err>
        </testcase>
        <testcase classname="src/ThemeContext.test.tsx" name="ThemeContext &gt; system theme listener &gt; updates effectiveTheme when system preference changes" time="0.0202879">
            <system-err>
[ThemeProvider] Initializing with theme: light from localStorage: [1mnull[22m
[ThemeProvider] Applying theme: light | Resolved to: light
[ThemeProvider] Theme set to: system
[ThemeProvider] Applying theme: system | Resolved to: light
[ThemeProvider] System theme changed to: dark

[ThemeProvider] After apply - html classes: dark | body classes: dark | has dark: [33mtrue[39m | has relaxing: [33mfalse[39m | has fancy: [33mfalse[39m

[ThemeProvider] After apply - html classes: dark | body classes: dark | has dark: [33mtrue[39m | has relaxing: [33mfalse[39m | has fancy: [33mfalse[39m

[ThemeProvider] After apply - html classes: dark | body classes: dark | has dark: [33mtrue[39m | has relaxing: [33mfalse[39m | has fancy: [33mfalse[39m

[ThemeProvider] After apply - html classes: dark | body classes: dark | has dark: [33mtrue[39m | has relaxing: [33mfalse[39m | has fancy: [33mfalse[39m

[ThemeProvider] After apply - html classes: dark | body classes: dark | has dark: [33mtrue[39m | has relaxing: [33mfalse[39m | has fancy: [33mfalse[39m

[ThemeProvider] After apply - html classes: dark | body classes: dark | has dark: [33mtrue[39m | has relaxing: [33mfalse[39m | has fancy: [33mfalse[39m

[ThemeProvider] After apply - html classes: dark | body classes: dark | has dark: [33mtrue[39m | has relaxing: [33mfalse[39m | has fancy: [33mfalse[39m

[ThemeProvider] After apply - html classes: dark | body classes: dark | has dark: [33mtrue[39m | has relaxing: [33mfalse[39m | has fancy: [33mfalse[39m

[ThemeProvider] After apply - html classes: dark | body classes: dark | has dark: [33mtrue[39m | has relaxing: [33mfalse[39m | has fancy: [33mfalse[39m

[ThemeProvider] After apply - html classes: dark | body classes: dark | has dark: [33mtrue[39m | has relaxing: [33mfalse[39m | has fancy: [33mfalse[39m

[ThemeProvider] After apply - html classes: dark | body classes: dark | has dark: [33mtrue[39m | has relaxing: [33mfalse[39m | has fancy: [33mfalse[39m

[ThemeProvider] After apply - html classes: dark | body classes: dark | has dark: [33mtrue[39m | has relaxing: [33mfalse[39m | has fancy: [33mfalse[39m

[ThemeProvider] After apply - html classes: dark | body classes: dark | has dark: [33mtrue[39m | has relaxing: [33mfalse[39m | has fancy: [33mfalse[39m

[ThemeProvider] After apply - html classes: dark | body classes: dark | has dark: [33mtrue[39m | has relaxing: [33mfalse[39m | has fancy: [33mfalse[39m

            </system-err>
        </testcase>
        <testcase classname="src/ThemeContext.test.tsx" name="ThemeContext &gt; system theme listener &gt; removes listener when theme changes from system" time="0.0027065">
            <system-err>
[ThemeProvider] Initializing with theme: light from localStorage: [1mnull[22m
[ThemeProvider] Applying theme: light | Resolved to: light
[ThemeProvider] Theme set to: system
[ThemeProvider] Applying theme: system | Resolved to: light
[ThemeProvider] Theme set to: light
[ThemeProvider] Applying theme: light | Resolved to: light

            </system-err>
        </testcase>
        <testcase classname="src/ThemeContext.test.tsx" name="ThemeContext &gt; system theme listener &gt; removes listener on unmount" time="0.0016446">
            <system-err>
[ThemeProvider] Initializing with theme: light from localStorage: [1mnull[22m
[ThemeProvider] Applying theme: light | Resolved to: light
[ThemeProvider] Theme set to: system
[ThemeProvider] Applying theme: system | Resolved to: light

            </system-err>
        </testcase>
        <testcase classname="src/ThemeContext.test.tsx" name="ThemeContext &gt; useTheme hook &gt; throws error when used outside ThemeProvider" time="0.0057694">
        </testcase>
        <testcase classname="src/ThemeContext.test.tsx" name="ThemeContext &gt; theme switching flow &gt; maintains theme across multiple switches" time="0.0016914">
            <system-err>
[ThemeProvider] Initializing with theme: light from localStorage: [1mnull[22m
[ThemeProvider] Applying theme: light | Resolved to: light
[ThemeProvider] Theme set to: dark
[ThemeProvider] Applying theme: dark | Resolved to: dark
[ThemeProvider] Theme set to: relaxing
[ThemeProvider] Applying theme: relaxing | Resolved to: relaxing
[ThemeProvider] Theme set to: light
[ThemeProvider] Applying theme: light | Resolved to: light

            </system-err>
        </testcase>
        <testcase classname="src/ThemeContext.test.tsx" name="ThemeContext &gt; theme switching flow &gt; persists latest theme to localStorage across switches" time="0.0037998">
            <system-err>
[ThemeProvider] Initializing with theme: light from localStorage: [1mnull[22m
[ThemeProvider] Applying theme: light | Resolved to: light
[ThemeProvider] Theme set to: dark
[ThemeProvider] Applying theme: dark | Resolved to: dark
[ThemeProvider] Theme set to: fancy
[ThemeProvider] Applying theme: fancy | Resolved to: fancy

            </system-err>
        </testcase>
        <testcase classname="src/ThemeContext.test.tsx" name="ThemeContext &gt; theme switching flow &gt; updates DOM classes across theme switches" time="0.0294035">
            <system-err>
[ThemeProvider] Initializing with theme: light from localStorage: [1mnull[22m
[ThemeProvider] Applying theme: light | Resolved to: light
[ThemeProvider] Theme set to: dark
[ThemeProvider] Applying theme: dark | Resolved to: dark

[ThemeProvider] After apply - html classes: dark | body classes: dark | has dark: [33mtrue[39m | has relaxing: [33mfalse[39m | has fancy: [33mfalse[39m

[ThemeProvider] After apply - html classes: dark | body classes: dark | has dark: [33mtrue[39m | has relaxing: [33mfalse[39m | has fancy: [33mfalse[39m

[ThemeProvider] After apply - html classes: dark | body classes: dark | has dark: [33mtrue[39m | has relaxing: [33mfalse[39m | has fancy: [33mfalse[39m

[ThemeProvider] After apply - html classes: dark | body classes: dark | has dark: [33mtrue[39m | has relaxing: [33mfalse[39m | has fancy: [33mfalse[39m

[ThemeProvider] After apply - html classes: dark | body classes: dark | has dark: [33mtrue[39m | has relaxing: [33mfalse[39m | has fancy: [33mfalse[39m

[ThemeProvider] After apply - html classes: dark | body classes: dark | has dark: [33mtrue[39m | has relaxing: [33mfalse[39m | has fancy: [33mfalse[39m

[ThemeProvider] After apply - html classes: dark | body classes: dark | has dark: [33mtrue[39m | has relaxing: [33mfalse[39m | has fancy: [33mfalse[39m

[ThemeProvider] After apply - html classes: dark | body classes: dark | has dark: [33mtrue[39m | has relaxing: [33mfalse[39m | has fancy: [33mfalse[39m

[ThemeProvider] After apply - html classes: dark | body classes: dark | has dark: [33mtrue[39m | has relaxing: [33mfalse[39m | has fancy: [33mfalse[39m

[ThemeProvider] After apply - html classes: dark | body classes: dark | has dark: [33mtrue[39m | has relaxing: [33mfalse[39m | has fancy: [33mfalse[39m

[ThemeProvider] After apply - html classes: dark | body classes: dark | has dark: [33mtrue[39m | has relaxing: [33mfalse[39m | has fancy: [33mfalse[39m

[ThemeProvider] After apply - html classes: dark | body classes: dark | has dark: [33mtrue[39m | has relaxing: [33mfalse[39m | has fancy: [33mfalse[39m

[ThemeProvider] After apply - html classes: dark | body classes: dark | has dark: [33mtrue[39m | has relaxing: [33mfalse[39m | has fancy: [33mfalse[39m

[ThemeProvider] After apply - html classes: dark | body classes: dark | has dark: [33mtrue[39m | has relaxing: [33mfalse[39m | has fancy: [33mfalse[39m

[ThemeProvider] Theme set to: relaxing
[ThemeProvider] Applying theme: relaxing | Resolved to: relaxing

[ThemeProvider] After apply - html classes: relaxing | body classes: relaxing | has dark: [33mfalse[39m | has relaxing: [33mtrue[39m | has fancy: [33mfalse[39m

            </system-err>
        </testcase>
        <testcase classname="src/ThemeContext.test.tsx" name="ThemeContext &gt; DOM manipulation &gt; applies theme to documentElement" time="0.0162096">
            <system-err>
[ThemeProvider] Initializing with theme: light from localStorage: [1mnull[22m
[ThemeProvider] Applying theme: light | Resolved to: light
[ThemeProvider] Theme set to: dark
[ThemeProvider] Applying theme: dark | Resolved to: dark

[ThemeProvider] After apply - html classes: dark | body classes: dark | has dark: [33mtrue[39m | has relaxing: [33mfalse[39m | has fancy: [33mfalse[39m

[ThemeProvider] After apply - html classes: dark | body classes: dark | has dark: [33mtrue[39m | has relaxing: [33mfalse[39m | has fancy: [33mfalse[39m

            </system-err>
        </testcase>
        <testcase classname="src/ThemeContext.test.tsx" name="ThemeContext &gt; DOM manipulation &gt; applies theme to body" time="0.0153876">
            <system-err>
[ThemeProvider] Initializing with theme: light from localStorage: [1mnull[22m
[ThemeProvider] Applying theme: light | Resolved to: light
[ThemeProvider] Theme set to: dark
[ThemeProvider] Applying theme: dark | Resolved to: dark

[ThemeProvider] After apply - html classes: dark | body classes: dark | has dark: [33mtrue[39m | has relaxing: [33mfalse[39m | has fancy: [33mfalse[39m

[ThemeProvider] After apply - html classes: dark | body classes: dark | has dark: [33mtrue[39m | has relaxing: [33mfalse[39m | has fancy: [33mfalse[39m

            </system-err>
        </testcase>
        <testcase classname="src/ThemeContext.test.tsx" name="ThemeContext &gt; DOM manipulation &gt; applies all supported theme classes correctly" time="0.0316168">
            <system-err>
[ThemeProvider] Initializing with theme: light from localStorage: [1mnull[22m
[ThemeProvider] Applying theme: light | Resolved to: light
[ThemeProvider] Theme set to: dark
[ThemeProvider] Applying theme: dark | Resolved to: dark

[ThemeProvider] After apply - html classes: dark | body classes: dark | has dark: [33mtrue[39m | has relaxing: [33mfalse[39m | has fancy: [33mfalse[39m

[ThemeProvider] After apply - html classes: dark | body classes: dark | has dark: [33mtrue[39m | has relaxing: [33mfalse[39m | has fancy: [33mfalse[39m

[ThemeProvider] Theme set to: relaxing
[ThemeProvider] Applying theme: relaxing | Resolved to: relaxing

[ThemeProvider] After apply - html classes: relaxing | body classes: relaxing | has dark: [33mfalse[39m | has relaxing: [33mtrue[39m | has fancy: [33mfalse[39m

[ThemeProvider] Theme set to: fancy
[ThemeProvider] Applying theme: fancy | Resolved to: fancy

[ThemeProvider] After apply - html classes: fancy | body classes: fancy | has dark: [33mfalse[39m | has relaxing: [33mfalse[39m | has fancy: [33mtrue[39m

            </system-err>
        </testcase>
        <testcase classname="src/ThemeContext.test.tsx" name="ThemeContext &gt; DOM manipulation &gt; cleans up previous theme classes when switching" time="0.0291107">
            <system-err>
[ThemeProvider] Initializing with theme: light from localStorage: [1mnull[22m
[ThemeProvider] Applying theme: light | Resolved to: light
[ThemeProvider] Theme set to: dark
[ThemeProvider] Applying theme: dark | Resolved to: dark

[ThemeProvider] After apply - html classes: dark | body classes: dark | has dark: [33mtrue[39m | has relaxing: [33mfalse[39m | has fancy: [33mfalse[39m

[ThemeProvider] After apply - html classes: dark | body classes: dark | has dark: [33mtrue[39m | has relaxing: [33mfalse[39m | has fancy: [33mfalse[39m

[ThemeProvider] Theme set to: relaxing
[ThemeProvider] Applying theme: relaxing | Resolved to: relaxing

[ThemeProvider] After apply - html classes: relaxing | body classes: relaxing | has dark: [33mfalse[39m | has relaxing: [33mtrue[39m | has fancy: [33mfalse[39m

            </system-err>
        </testcase>
        <testcase classname="src/ThemeContext.test.tsx" name="ThemeContext &gt; localStorage edge cases &gt; handles empty string in localStorage" time="0.0019672">
            <system-err>
[ThemeProvider] Initializing with theme: light from localStorage: 
[ThemeProvider] Applying theme: light | Resolved to: light

            </system-err>
        </testcase>
        <testcase classname="src/ThemeContext.test.tsx" name="ThemeContext &gt; localStorage edge cases &gt; handles whitespace-only string in localStorage" time="0.0007437">
            <system-err>
[ThemeProvider] Initializing with theme: light from localStorage:    
[ThemeProvider] Applying theme: light | Resolved to: light

            </system-err>
        </testcase>
        <testcase classname="src/ThemeContext.test.tsx" name="ThemeContext &gt; localStorage edge cases &gt; handles invalid theme value in localStorage" time="0.0032933">
            <system-err>
[ThemeProvider] Initializing with theme: light from localStorage: invalid-theme-value
[ThemeProvider] Applying theme: light | Resolved to: light

            </system-err>
        </testcase>
        <testcase classname="src/ThemeContext.test.tsx" name="ThemeContext &gt; state consistency &gt; context state matches localStorage after update" time="0.0046398">
            <system-err>
[ThemeProvider] Initializing with theme: light from localStorage: [1mnull[22m
[ThemeProvider] Applying theme: light | Resolved to: light
[ThemeProvider] Theme set to: dark
[ThemeProvider] Applying theme: dark | Resolved to: dark

[ThemeProvider] After apply - html classes: dark | body classes: dark | has dark: [33mtrue[39m | has relaxing: [33mfalse[39m | has fancy: [33mfalse[39m

[ThemeProvider] After apply - html classes: dark | body classes: dark | has dark: [33mtrue[39m | has relaxing: [33mfalse[39m | has fancy: [33mfalse[39m

[ThemeProvider] After apply - html classes: dark | body classes: dark | has dark: [33mtrue[39m | has relaxing: [33mfalse[39m | has fancy: [33mfalse[39m

[ThemeProvider] After apply - html classes: dark | body classes: dark | has dark: [33mtrue[39m | has relaxing: [33mfalse[39m | has fancy: [33mfalse[39m

[ThemeProvider] After apply - html classes: dark | body classes: dark | has dark: [33mtrue[39m | has relaxing: [33mfalse[39m | has fancy: [33mfalse[39m

            </system-err>
        </testcase>
        <testcase classname="src/ThemeContext.test.tsx" name="ThemeContext &gt; state consistency &gt; effectiveTheme reflects current theme setting" time="0.0038769">
            <system-err>
[ThemeProvider] Initializing with theme: light from localStorage: [1mnull[22m
[ThemeProvider] Applying theme: light | Resolved to: light
[ThemeProvider] Theme set to: fancy
[ThemeProvider] Applying theme: fancy | Resolved to: fancy

[ThemeProvider] After apply - html classes: fancy | body classes: fancy | has dark: [33mfalse[39m | has relaxing: [33mfalse[39m | has fancy: [33mtrue[39m

[ThemeProvider] After apply - html classes: fancy | body classes: fancy | has dark: [33mfalse[39m | has relaxing: [33mfalse[39m | has fancy: [33mtrue[39m

            </system-err>
        </testcase>
        <testcase classname="src/ThemeContext.test.tsx" name="ThemeContext &gt; state consistency &gt; new hook instances reflect updated theme" time="0.047501">
            <system-err>
[ThemeProvider] Initializing with theme: dark from localStorage: dark
[ThemeProvider] Applying theme: dark | Resolved to: dark

[ThemeProvider] After apply - html classes: dark | body classes: dark | has dark: [33mtrue[39m | has relaxing: [33mfalse[39m | has fancy: [33mfalse[39m

[ThemeProvider] Theme set to: relaxing
[ThemeProvider] Applying theme: relaxing | Resolved to: relaxing

[ThemeProvider] After apply - html classes: relaxing | body classes: relaxing | has dark: [33mfalse[39m | has relaxing: [33mtrue[39m | has fancy: [33mfalse[39m

[ThemeProvider] Initializing with theme: relaxing from localStorage: relaxing
[ThemeProvider] Applying theme: relaxing | Resolved to: relaxing

[ThemeProvider] After apply - html classes: relaxing | body classes: relaxing | has dark: [33mfalse[39m | has relaxing: [33mtrue[39m | has fancy: [33mfalse[39m

            </system-err>
        </testcase>
        <testcase classname="src/ThemeContext.test.tsx" name="ThemeContext &gt; system theme edge cases &gt; applies correct theme when system preference is set initially" time="0.030085">
            <system-err>
[ThemeProvider] Initializing with theme: system from localStorage: system
[ThemeProvider] Applying theme: system | Resolved to: dark

[ThemeProvider] After apply - html classes: dark | body classes: dark | has dark: [33mtrue[39m | has relaxing: [33mfalse[39m | has fancy: [33mfalse[39m

            </system-err>
        </testcase>
    </testsuite>
    <testsuite name="src/typescriptBasics.test.ts" timestamp="2025-12-01T06:33:00.960Z" hostname="REC" tests="4" failures="0" errors="0" skipped="0" time="0.0026489">
        <testcase classname="src/typescriptBasics.test.ts" name="TypeScript basic types &gt; should infer string type" time="0.0009452">
        </testcase>
        <testcase classname="src/typescriptBasics.test.ts" name="TypeScript basic types &gt; should infer number type" time="0.0001039">
        </testcase>
        <testcase classname="src/typescriptBasics.test.ts" name="TypeScript basic types &gt; should support arrays" time="0.0003013">
        </testcase>
        <testcase classname="src/typescriptBasics.test.ts" name="TypeScript basic types &gt; should support interfaces" time="0.000298">
        </testcase>
    </testsuite>
    <testsuite name="src/contexts/AppearanceThemeContext.test.tsx" timestamp="2025-12-01T06:33:00.961Z" hostname="REC" tests="2" failures="0" errors="0" skipped="0" time="0.0187716">
        <testcase classname="src/contexts/AppearanceThemeContext.test.tsx" name="AppearanceThemeContext &gt; exposes default theme and updates DOM attributes when changed" time="0.0148763">
        </testcase>
        <testcase classname="src/contexts/AppearanceThemeContext.test.tsx" name="AppearanceThemeContext &gt; persists the theme selection to localStorage" time="0.0023322">
        </testcase>
    </testsuite>
    <testsuite name="src/contexts/AuthContext.test.tsx" timestamp="2025-12-01T06:33:00.961Z" hostname="REC" tests="19" failures="0" errors="0" skipped="0" time="0.0813585">
        <testcase classname="src/contexts/AuthContext.test.tsx" name="AuthContext &gt; initialization &gt; starts with null user and accessToken when localStorage is empty" time="0.0157701">
            <system-err>
[Auth] useEffect mount - autoLoginAttempted: [33mfalse[39m user: [1mnull[22m
[Auth] Attempting auto-login
[Auth] Starting auto-login attempt
[Auth] Posting to /auth/login

[Auth] Auto-login unavailable (auth may be disabled or credentials incorrect), continuing as guest: Cannot read properties of undefined (reading &apos;status&apos;)
[Auth] Setting isInitializing to false
An update to AuthProvider inside a test was not wrapped in act(...).

When testing, code that causes React state updates should be wrapped into act(...):

act(() =&gt; {
  /* fire events that update state */
});
/* assert on the output */

This ensures that you&apos;re testing the behavior the user would see in the browser. Learn more at https://react.dev/link/wrap-tests-with-act

[Auth] Cleanup - mounted = false

            </system-err>
        </testcase>
        <testcase classname="src/contexts/AuthContext.test.tsx" name="AuthContext &gt; initialization &gt; restores user from localStorage on mount" time="0.0027862">
            <system-err>
[Auth] useEffect mount - autoLoginAttempted: [33mfalse[39m user: { id: [33m1[39m, email: [32m&apos;test@example.com&apos;[39m, role: [32m&apos;user&apos;[39m }
[Auth] User exists without token; preserving user and attempting silent token acquisition
[Auth] Attempting auto-login
[Auth] Starting auto-login attempt
[Auth] Posting to /auth/login

[Auth] Auto-login unavailable (auth may be disabled or credentials incorrect), continuing as guest: Cannot read properties of undefined (reading &apos;status&apos;)
[Auth] Setting isInitializing to false
An update to AuthProvider inside a test was not wrapped in act(...).

When testing, code that causes React state updates should be wrapped into act(...):

act(() =&gt; {
  /* fire events that update state */
});
/* assert on the output */

This ensures that you&apos;re testing the behavior the user would see in the browser. Learn more at https://react.dev/link/wrap-tests-with-act

[Auth] Cleanup - mounted = false

            </system-err>
        </testcase>
        <testcase classname="src/contexts/AuthContext.test.tsx" name="AuthContext &gt; initialization &gt; handles corrupted localStorage data gracefully" time="0.0019929">
            <system-err>
[Auth] useEffect mount - autoLoginAttempted: [33mfalse[39m user: [1mnull[22m
[Auth] Attempting auto-login
[Auth] Starting auto-login attempt
[Auth] Posting to /auth/login

[Auth] Auto-login unavailable (auth may be disabled or credentials incorrect), continuing as guest: Cannot read properties of undefined (reading &apos;status&apos;)
[Auth] Setting isInitializing to false
An update to AuthProvider inside a test was not wrapped in act(...).

When testing, code that causes React state updates should be wrapped into act(...):

act(() =&gt; {
  /* fire events that update state */
});
/* assert on the output */

This ensures that you&apos;re testing the behavior the user would see in the browser. Learn more at https://react.dev/link/wrap-tests-with-act

[Auth] Cleanup - mounted = false

            </system-err>
        </testcase>
        <testcase classname="src/contexts/AuthContext.test.tsx" name="AuthContext &gt; initialization &gt; initializes accessToken from authService" time="0.0023523">
            <system-err>
[Auth] useEffect mount - autoLoginAttempted: [33mfalse[39m user: [1mnull[22m
[Auth] Attempting auto-login
[Auth] Starting auto-login attempt
[Auth] Posting to /auth/login

[Auth] Auto-login unavailable (auth may be disabled or credentials incorrect), continuing as guest: Cannot read properties of undefined (reading &apos;status&apos;)
[Auth] Setting isInitializing to false
An update to AuthProvider inside a test was not wrapped in act(...).

When testing, code that causes React state updates should be wrapped into act(...):

act(() =&gt; {
  /* fire events that update state */
});
/* assert on the output */

This ensures that you&apos;re testing the behavior the user would see in the browser. Learn more at https://react.dev/link/wrap-tests-with-act

[Auth] Cleanup - mounted = false

            </system-err>
        </testcase>
        <testcase classname="src/contexts/AuthContext.test.tsx" name="AuthContext &gt; login &gt; successfully logs in user" time="0.0049189">
            <system-err>
[Auth] useEffect mount - autoLoginAttempted: [33mfalse[39m user: [1mnull[22m
[Auth] Attempting auto-login
[Auth] Starting auto-login attempt
[Auth] Posting to /auth/login

[Auth] Login response received: [90mundefined[39m
[Auth] Token received, setting state
[Auth] Setting user state: user@test.com
[Auth] Setting isInitializing to false

[Auth] Cleanup - mounted = false

            </system-err>
        </testcase>
        <testcase classname="src/contexts/AuthContext.test.tsx" name="AuthContext &gt; login &gt; persists user to localStorage after login" time="0.0028115">
            <system-err>
[Auth] useEffect mount - autoLoginAttempted: [33mfalse[39m user: [1mnull[22m
[Auth] Attempting auto-login
[Auth] Starting auto-login attempt
[Auth] Posting to /auth/login

[Auth] Login response received: [90mundefined[39m
[Auth] Token received, setting state
[Auth] Setting user state: admin@test.com
[Auth] Setting isInitializing to false

[Auth] Cleanup - mounted = false

            </system-err>
        </testcase>
        <testcase classname="src/contexts/AuthContext.test.tsx" name="AuthContext &gt; login &gt; throws error when login fails" time="0.0025453">
            <system-err>
[Auth] useEffect mount - autoLoginAttempted: [33mfalse[39m user: [1mnull[22m
[Auth] Attempting auto-login
[Auth] Starting auto-login attempt
[Auth] Posting to /auth/login

[Auth] Auto-login unavailable (auth may be disabled or credentials incorrect), continuing as guest: Invalid credentials
[Auth] Setting isInitializing to false

[Auth] Cleanup - mounted = false

            </system-err>
        </testcase>
        <testcase classname="src/contexts/AuthContext.test.tsx" name="AuthContext &gt; login &gt; throws error when access_token is missing in response" time="0.0023379">
            <system-err>
[Auth] useEffect mount - autoLoginAttempted: [33mfalse[39m user: [1mnull[22m
[Auth] Attempting auto-login
[Auth] Starting auto-login attempt
[Auth] Posting to /auth/login

[Auth] Login response received: [90mundefined[39m
[Auth] No access_token in response
[Auth] Setting isInitializing to false

[Auth] Cleanup - mounted = false

            </system-err>
        </testcase>
        <testcase classname="src/contexts/AuthContext.test.tsx" name="AuthContext &gt; login &gt; fetches user from /auth/me when not in login response" time="0.004144">
            <system-err>
[Auth] useEffect mount - autoLoginAttempted: [33mfalse[39m user: [1mnull[22m
[Auth] Attempting auto-login
[Auth] Starting auto-login attempt
[Auth] Posting to /auth/login

[Auth] Login response received: [90mundefined[39m
[Auth] Token received, setting state
[Auth] No user in login response, fetching from /auth/me (with retry)

[Auth] User data fetched: user@test.com
[Auth] Setting user state: user@test.com
[Auth] Setting isInitializing to false

[Auth] Cleanup - mounted = false

            </system-err>
        </testcase>
        <testcase classname="src/contexts/AuthContext.test.tsx" name="AuthContext &gt; logout &gt; successfully logs out user" time="0.0095065">
            <system-err>
[Auth] useEffect mount - autoLoginAttempted: [33mfalse[39m user: { id: [33m1[39m, email: [32m&apos;user@test.com&apos;[39m, role: [32m&apos;user&apos;[39m }
[Auth] User and token exist in state, setting isInitializing to false

            </system-err>
        </testcase>
        <testcase classname="src/contexts/AuthContext.test.tsx" name="AuthContext &gt; logout &gt; clears state even if API call fails" time="0.0016788">
            <system-err>
[Auth] useEffect mount - autoLoginAttempted: [33mfalse[39m user: [1mnull[22m
[Auth] Attempting auto-login
[Auth] Starting auto-login attempt
[Auth] Posting to /auth/login

[Auth] Auto-login network error - backend may not be ready yet Network error
[Auth] Setting isInitializing to false

[Auth] Cleanup - mounted = false

            </system-err>
        </testcase>
        <testcase classname="src/contexts/AuthContext.test.tsx" name="AuthContext &gt; logout &gt; removes user from localStorage on logout" time="0.0017017">
            <system-err>
[Auth] useEffect mount - autoLoginAttempted: [33mfalse[39m user: { id: [33m1[39m, email: [32m&apos;test@test.com&apos;[39m }
[Auth] User exists without token; preserving user and attempting silent token acquisition
[Auth] Attempting auto-login
[Auth] Starting auto-login attempt
[Auth] Posting to /auth/login

[Auth] Login response received: [90mundefined[39m
[Auth] No access_token in response
[Auth] Setting isInitializing to false

[Auth] Cleanup - mounted = false

            </system-err>
        </testcase>
        <testcase classname="src/contexts/AuthContext.test.tsx" name="AuthContext &gt; refresh &gt; successfully refreshes access token" time="0.0016033">
            <system-err>
[Auth] useEffect mount - autoLoginAttempted: [33mfalse[39m user: [1mnull[22m
[Auth] Attempting auto-login
[Auth] Starting auto-login attempt
[Auth] Posting to /auth/login

[Auth] Login response received: [90mundefined[39m
[Auth] No access_token in response
[Auth] Setting isInitializing to false

[Auth] Cleanup - mounted = false

            </system-err>
        </testcase>
        <testcase classname="src/contexts/AuthContext.test.tsx" name="AuthContext &gt; refresh &gt; logs out user when refresh fails" time="0.0144766">
            <system-err>
[Auth] useEffect mount - autoLoginAttempted: [33mfalse[39m user: { id: [33m1[39m, email: [32m&apos;user@test.com&apos;[39m }
[Auth] User exists without token; preserving user and attempting silent token acquisition
[Auth] Attempting auto-login
[Auth] Starting auto-login attempt
[Auth] Posting to /auth/login

[Auth] Login response received: [90mundefined[39m
[Auth] No access_token in response
[Auth] Setting isInitializing to false

[Auth] Cleanup - mounted = false

            </system-err>
        </testcase>
        <testcase classname="src/contexts/AuthContext.test.tsx" name="AuthContext &gt; useAuth hook &gt; throws error when used outside AuthProvider" time="0.0037837">
        </testcase>
        <testcase classname="src/contexts/AuthContext.test.tsx" name="AuthContext &gt; localStorage edge cases &gt; handles localStorage.setItem failure gracefully during login" time="0.0016314">
            <system-err>
[Auth] useEffect mount - autoLoginAttempted: [33mfalse[39m user: [1mnull[22m
[Auth] Attempting auto-login
[Auth] Starting auto-login attempt
[Auth] Posting to /auth/login

[Auth] Login response received: [90mundefined[39m
[Auth] Token received, setting state
[Auth] Setting user state: test@test.com
[Auth] Setting isInitializing to false

[Auth] Cleanup - mounted = false

            </system-err>
        </testcase>
        <testcase classname="src/contexts/AuthContext.test.tsx" name="AuthContext &gt; localStorage edge cases &gt; handles localStorage.removeItem failure gracefully during logout" time="0.0011893">
            <system-err>
[Auth] useEffect mount - autoLoginAttempted: [33mfalse[39m user: [1mnull[22m
[Auth] Attempting auto-login
[Auth] Starting auto-login attempt
[Auth] Posting to /auth/login

[Auth] Login response received: [90mundefined[39m
[Auth] No access_token in response
[Auth] Setting isInitializing to false

[Auth] Cleanup - mounted = false

            </system-err>
        </testcase>
        <testcase classname="src/contexts/AuthContext.test.tsx" name="AuthContext &gt; state consistency &gt; maintains consistent state across login and logout cycles" time="0.0031625">
            <system-err>
[Auth] useEffect mount - autoLoginAttempted: [33mfalse[39m user: [1mnull[22m
[Auth] Attempting auto-login
[Auth] Starting auto-login attempt
[Auth] Posting to /auth/login

[Auth] Login response received: [90mundefined[39m
[Auth] Token received, setting state
[Auth] Setting user state: user1@test.com
[Auth] Setting isInitializing to false

[Auth] Cleanup - mounted = false

            </system-err>
        </testcase>
        <testcase classname="src/contexts/AuthContext.test.tsx" name="AuthContext &gt; state consistency &gt; preserves additional user properties" time="0.0012016">
            <system-err>
[Auth] useEffect mount - autoLoginAttempted: [33mfalse[39m user: [1mnull[22m
[Auth] Attempting auto-login
[Auth] Starting auto-login attempt
[Auth] Posting to /auth/login

[Auth] Login response received: [90mundefined[39m
[Auth] Token received, setting state
[Auth] Setting user state: user@test.com
[Auth] Setting isInitializing to false

[Auth] Cleanup - mounted = false

            </system-err>
        </testcase>
    </testsuite>
    <testsuite name="src/hooks/useCourseModals.test.ts" timestamp="2025-12-01T06:33:00.964Z" hostname="REC" tests="29" failures="0" errors="0" skipped="0" time="0.0446804">
        <testcase classname="src/hooks/useCourseModals.test.ts" name="useCourseModals &gt; Initial State &gt; should initialize with all modals closed" time="0.0097056">
        </testcase>
        <testcase classname="src/hooks/useCourseModals.test.ts" name="useCourseModals &gt; Initial State &gt; should return all required properties" time="0.0012922">
        </testcase>
        <testcase classname="src/hooks/useCourseModals.test.ts" name="useCourseModals &gt; Add Modal &gt; should provide useModal interface for addModal" time="0.0011961">
        </testcase>
        <testcase classname="src/hooks/useCourseModals.test.ts" name="useCourseModals &gt; Add Modal &gt; should open add modal" time="0.0028676">
        </testcase>
        <testcase classname="src/hooks/useCourseModals.test.ts" name="useCourseModals &gt; Add Modal &gt; should close add modal" time="0.002552">
        </testcase>
        <testcase classname="src/hooks/useCourseModals.test.ts" name="useCourseModals &gt; Add Modal &gt; should toggle add modal" time="0.0013556">
        </testcase>
        <testcase classname="src/hooks/useCourseModals.test.ts" name="useCourseModals &gt; Add Modal &gt; should handle multiple open calls" time="0.0010572">
        </testcase>
        <testcase classname="src/hooks/useCourseModals.test.ts" name="useCourseModals &gt; Add Modal &gt; should handle multiple close calls" time="0.0012859">
        </testcase>
        <testcase classname="src/hooks/useCourseModals.test.ts" name="useCourseModals &gt; Edit Modal &gt; should provide useModal interface for editModal" time="0.0018706">
        </testcase>
        <testcase classname="src/hooks/useCourseModals.test.ts" name="useCourseModals &gt; Edit Modal &gt; should open edit modal" time="0.0016887">
        </testcase>
        <testcase classname="src/hooks/useCourseModals.test.ts" name="useCourseModals &gt; Edit Modal &gt; should close edit modal" time="0.0021199">
        </testcase>
        <testcase classname="src/hooks/useCourseModals.test.ts" name="useCourseModals &gt; Edit Modal &gt; should toggle edit modal" time="0.0017776">
        </testcase>
        <testcase classname="src/hooks/useCourseModals.test.ts" name="useCourseModals &gt; Edit Modal &gt; should handle multiple open calls" time="0.0018042">
        </testcase>
        <testcase classname="src/hooks/useCourseModals.test.ts" name="useCourseModals &gt; Edit Modal &gt; should handle multiple close calls" time="0.0013817">
        </testcase>
        <testcase classname="src/hooks/useCourseModals.test.ts" name="useCourseModals &gt; Modal Independence &gt; should allow add and edit modals to be open simultaneously" time="0.0010358">
        </testcase>
        <testcase classname="src/hooks/useCourseModals.test.ts" name="useCourseModals &gt; Modal Independence &gt; should not affect edit modal when closing add modal" time="0.0009926">
        </testcase>
        <testcase classname="src/hooks/useCourseModals.test.ts" name="useCourseModals &gt; Modal Independence &gt; should not affect add modal when closing edit modal" time="0.0006128">
        </testcase>
        <testcase classname="src/hooks/useCourseModals.test.ts" name="useCourseModals &gt; Modal Independence &gt; should not affect add modal when toggling edit modal" time="0.0006563">
        </testcase>
        <testcase classname="src/hooks/useCourseModals.test.ts" name="useCourseModals &gt; Modal Independence &gt; should not affect edit modal when toggling add modal" time="0.0006166">
        </testcase>
        <testcase classname="src/hooks/useCourseModals.test.ts" name="useCourseModals &gt; Complex Workflows &gt; should handle typical add course workflow" time="0.00069">
        </testcase>
        <testcase classname="src/hooks/useCourseModals.test.ts" name="useCourseModals &gt; Complex Workflows &gt; should handle typical edit course workflow" time="0.0005399">
        </testcase>
        <testcase classname="src/hooks/useCourseModals.test.ts" name="useCourseModals &gt; Complex Workflows &gt; should handle open -&gt; close -&gt; reopen for same modal" time="0.0007268">
        </testcase>
        <testcase classname="src/hooks/useCourseModals.test.ts" name="useCourseModals &gt; Complex Workflows &gt; should handle alternating between add and edit modals" time="0.0007869">
        </testcase>
        <testcase classname="src/hooks/useCourseModals.test.ts" name="useCourseModals &gt; Complex Workflows &gt; should handle rapid toggle operations" time="0.0004539">
        </testcase>
        <testcase classname="src/hooks/useCourseModals.test.ts" name="useCourseModals &gt; Complex Workflows &gt; should handle mixed operations on both modals" time="0.0005751">
        </testcase>
        <testcase classname="src/hooks/useCourseModals.test.ts" name="useCourseModals &gt; Function Stability &gt; should maintain stable function references across re-renders" time="0.0009018">
        </testcase>
        <testcase classname="src/hooks/useCourseModals.test.ts" name="useCourseModals &gt; Function Stability &gt; should maintain stable function references after state changes" time="0.0004942">
        </testcase>
        <testcase classname="src/hooks/useCourseModals.test.ts" name="useCourseModals &gt; Multiple Hook Instances &gt; should allow independent hook instances" time="0.0008136">
        </testcase>
        <testcase classname="src/hooks/useCourseModals.test.ts" name="useCourseModals &gt; Multiple Hook Instances &gt; should not share state between instances" time="0.0010164">
        </testcase>
    </testsuite>
    <testsuite name="src/hooks/useCoursesQuery.test.ts" timestamp="2025-12-01T06:33:00.965Z" hostname="REC" tests="15" failures="0" errors="0" skipped="0" time="0.8490094">
        <testcase classname="src/hooks/useCoursesQuery.test.ts" name="useCoursesQuery hooks &gt; useCourses - basic fetching &gt; fetches courses from paginated response and updates store" time="0.1078679">
        </testcase>
        <testcase classname="src/hooks/useCoursesQuery.test.ts" name="useCoursesQuery hooks &gt; useCourses - basic fetching &gt; handles API returning an array directly" time="0.0743899">
        </testcase>
        <testcase classname="src/hooks/useCoursesQuery.test.ts" name="useCoursesQuery hooks &gt; useCourses - basic fetching &gt; handles unexpected response shape (no items) gracefully" time="0.0778979">
        </testcase>
        <testcase classname="src/hooks/useCoursesQuery.test.ts" name="useCoursesQuery hooks &gt; useCourses - basic fetching &gt; sets error state on failure" time="0.0755242">
            <system-err>
[useCourses] Error: Network fail Error: Network fail
    at D:/SMS/student-management-system/frontend/src/hooks/useCoursesQuery.test.ts:116:21
    at [90mfile:///D:/SMS/student-management-system/frontend/[39mnode_modules/[4m@vitest[24m/runner/dist/index.js:145:11
    at [90mfile:///D:/SMS/student-management-system/frontend/[39mnode_modules/[4m@vitest[24m/runner/dist/index.js:919:26
    at [90mfile:///D:/SMS/student-management-system/frontend/[39mnode_modules/[4m@vitest[24m/runner/dist/index.js:1244:20
    at new Promise (&lt;anonymous&gt;)
    at runWithTimeout [90m(file:///D:/SMS/student-management-system/frontend/[39mnode_modules/[4m@vitest[24m/runner/dist/index.js:1210:10[90m)[39m
    at [90mfile:///D:/SMS/student-management-system/frontend/[39mnode_modules/[4m@vitest[24m/runner/dist/index.js:1654:37
    at Traces.$ [90m(file:///D:/SMS/student-management-system/frontend/[39mnode_modules/[4mvitest[24m/dist/chunks/traces.U4xDYhzZ.js:115:27[90m)[39m
    at trace [90m(file:///D:/SMS/student-management-system/frontend/[39mnode_modules/[4mvitest[24m/dist/chunks/test.DqQZzsWf.js:234:21[90m)[39m
    at runTest [90m(file:///D:/SMS/student-management-system/frontend/[39mnode_modules/[4m@vitest[24m/runner/dist/index.js:1654:12[90m)[39m

            </system-err>
        </testcase>
        <testcase classname="src/hooks/useCoursesQuery.test.ts" name="useCoursesQuery hooks &gt; useCourses - basic fetching &gt; applies search filter (case-insensitive across name and code)" time="0.0967352">
        </testcase>
        <testcase classname="src/hooks/useCoursesQuery.test.ts" name="useCoursesQuery hooks &gt; useCourses - basic fetching &gt; applies active filter" time="0.0737138">
        </testcase>
        <testcase classname="src/hooks/useCoursesQuery.test.ts" name="useCoursesQuery hooks &gt; useCourses - basic fetching &gt; applies semester filter" time="0.0785645">
        </testcase>
        <testcase classname="src/hooks/useCoursesQuery.test.ts" name="useCoursesQuery hooks &gt; useCourses - basic fetching &gt; combines filters (search + active + semester)" time="0.0782986">
        </testcase>
        <testcase classname="src/hooks/useCoursesQuery.test.ts" name="useCoursesQuery hooks &gt; useCourses - basic fetching &gt; sets loading state during fetch" time="0.0958071">
        </testcase>
        <testcase classname="src/hooks/useCoursesQuery.test.ts" name="useCoursesQuery hooks &gt; useCourse - single fetch &gt; fetches a single course and selects it in store" time="0.074281">
        </testcase>
        <testcase classname="src/hooks/useCoursesQuery.test.ts" name="useCoursesQuery hooks &gt; useCourse - single fetch &gt; does nothing when id is null (disabled query)" time="0.001582">
        </testcase>
        <testcase classname="src/hooks/useCoursesQuery.test.ts" name="useCoursesQuery hooks &gt; Mutations &gt; creates a course and updates store + invalidates list" time="0.0047217">
        </testcase>
        <testcase classname="src/hooks/useCoursesQuery.test.ts" name="useCoursesQuery hooks &gt; Mutations &gt; updates a course and invalidates list + detail" time="0.0047286">
        </testcase>
        <testcase classname="src/hooks/useCoursesQuery.test.ts" name="useCoursesQuery hooks &gt; Mutations &gt; deletes a course and invalidates list" time="0.0017139">
        </testcase>
        <testcase classname="src/hooks/useCoursesQuery.test.ts" name="useCoursesQuery hooks &gt; Mutations &gt; sets error in store on mutation failure" time="0.0013307">
        </testcase>
    </testsuite>
    <testsuite name="src/hooks/useModal.test.ts" timestamp="2025-12-01T06:33:00.967Z" hostname="REC" tests="21" failures="0" errors="0" skipped="0" time="0.0501938">
        <testcase classname="src/hooks/useModal.test.ts" name="useModal &gt; Initial State &gt; should initialize with isOpen false by default" time="0.0124074">
        </testcase>
        <testcase classname="src/hooks/useModal.test.ts" name="useModal &gt; Initial State &gt; should initialize with isOpen true when initialState is true" time="0.0013359">
        </testcase>
        <testcase classname="src/hooks/useModal.test.ts" name="useModal &gt; Initial State &gt; should initialize with isOpen false when initialState is explicitly false" time="0.001541">
        </testcase>
        <testcase classname="src/hooks/useModal.test.ts" name="useModal &gt; Return Interface &gt; should return all required properties" time="0.0014098">
        </testcase>
        <testcase classname="src/hooks/useModal.test.ts" name="useModal &gt; Return Interface &gt; should return functions for open, close, and toggle" time="0.0017619">
        </testcase>
        <testcase classname="src/hooks/useModal.test.ts" name="useModal &gt; open() &gt; should set isOpen to true when initially closed" time="0.0022177">
        </testcase>
        <testcase classname="src/hooks/useModal.test.ts" name="useModal &gt; open() &gt; should keep isOpen true when already open" time="0.0009878">
        </testcase>
        <testcase classname="src/hooks/useModal.test.ts" name="useModal &gt; open() &gt; should be callable multiple times safely" time="0.0043722">
        </testcase>
        <testcase classname="src/hooks/useModal.test.ts" name="useModal &gt; close() &gt; should set isOpen to false when initially open" time="0.0026522">
        </testcase>
        <testcase classname="src/hooks/useModal.test.ts" name="useModal &gt; close() &gt; should keep isOpen false when already closed" time="0.0010721">
        </testcase>
        <testcase classname="src/hooks/useModal.test.ts" name="useModal &gt; close() &gt; should be callable multiple times safely" time="0.0036954">
        </testcase>
        <testcase classname="src/hooks/useModal.test.ts" name="useModal &gt; toggle() &gt; should toggle from false to true" time="0.0031104">
        </testcase>
        <testcase classname="src/hooks/useModal.test.ts" name="useModal &gt; toggle() &gt; should toggle from true to false" time="0.0012929">
        </testcase>
        <testcase classname="src/hooks/useModal.test.ts" name="useModal &gt; toggle() &gt; should toggle multiple times correctly" time="0.0016399">
        </testcase>
        <testcase classname="src/hooks/useModal.test.ts" name="useModal &gt; Function Stability &gt; should maintain stable function references across re-renders" time="0.0032839">
        </testcase>
        <testcase classname="src/hooks/useModal.test.ts" name="useModal &gt; Function Stability &gt; should maintain stable function references after state changes" time="0.0007929">
        </testcase>
        <testcase classname="src/hooks/useModal.test.ts" name="useModal &gt; Complex Workflows &gt; should handle open -&gt; close -&gt; open sequence" time="0.0011042">
        </testcase>
        <testcase classname="src/hooks/useModal.test.ts" name="useModal &gt; Complex Workflows &gt; should handle toggle -&gt; open -&gt; close sequence" time="0.0008268">
        </testcase>
        <testcase classname="src/hooks/useModal.test.ts" name="useModal &gt; Complex Workflows &gt; should handle mixed operations correctly" time="0.0005744">
        </testcase>
        <testcase classname="src/hooks/useModal.test.ts" name="useModal &gt; Multiple Instances &gt; should allow independent modal instances" time="0.001012">
        </testcase>
        <testcase classname="src/hooks/useModal.test.ts" name="useModal &gt; Multiple Instances &gt; should allow different initial states for multiple instances" time="0.0007088">
        </testcase>
    </testsuite>
    <testsuite name="src/hooks/useStudentModals.test.ts" timestamp="2025-12-01T06:33:00.968Z" hostname="REC" tests="27" failures="0" errors="0" skipped="0" time="0.0602858">
        <testcase classname="src/hooks/useStudentModals.test.ts" name="useStudentModals &gt; Initial State &gt; should initialize with all modals closed" time="0.0137285">
        </testcase>
        <testcase classname="src/hooks/useStudentModals.test.ts" name="useStudentModals &gt; Initial State &gt; should initialize with no viewing student" time="0.0016828">
        </testcase>
        <testcase classname="src/hooks/useStudentModals.test.ts" name="useStudentModals &gt; Initial State &gt; should return all required properties" time="0.0018348">
        </testcase>
        <testcase classname="src/hooks/useStudentModals.test.ts" name="useStudentModals &gt; Add Modal &gt; should provide useModal interface for addModal" time="0.0015957">
        </testcase>
        <testcase classname="src/hooks/useStudentModals.test.ts" name="useStudentModals &gt; Add Modal &gt; should open add modal" time="0.0020544">
        </testcase>
        <testcase classname="src/hooks/useStudentModals.test.ts" name="useStudentModals &gt; Add Modal &gt; should close add modal" time="0.0018182">
        </testcase>
        <testcase classname="src/hooks/useStudentModals.test.ts" name="useStudentModals &gt; Add Modal &gt; should toggle add modal" time="0.0025228">
        </testcase>
        <testcase classname="src/hooks/useStudentModals.test.ts" name="useStudentModals &gt; Edit Modal &gt; should provide useModal interface for editModal" time="0.0019381">
        </testcase>
        <testcase classname="src/hooks/useStudentModals.test.ts" name="useStudentModals &gt; Edit Modal &gt; should open edit modal" time="0.0013617">
        </testcase>
        <testcase classname="src/hooks/useStudentModals.test.ts" name="useStudentModals &gt; Edit Modal &gt; should close edit modal" time="0.0021955">
        </testcase>
        <testcase classname="src/hooks/useStudentModals.test.ts" name="useStudentModals &gt; Edit Modal &gt; should toggle edit modal" time="0.0010914">
        </testcase>
        <testcase classname="src/hooks/useStudentModals.test.ts" name="useStudentModals &gt; Profile Viewing &gt; should set viewingStudentId when viewProfile is called" time="0.0010086">
        </testcase>
        <testcase classname="src/hooks/useStudentModals.test.ts" name="useStudentModals &gt; Profile Viewing &gt; should clear viewingStudentId when closeProfile is called" time="0.0012129">
        </testcase>
        <testcase classname="src/hooks/useStudentModals.test.ts" name="useStudentModals &gt; Profile Viewing &gt; should update isViewingProfile when viewing student" time="0.0010657">
        </testcase>
        <testcase classname="src/hooks/useStudentModals.test.ts" name="useStudentModals &gt; Profile Viewing &gt; should handle multiple viewProfile calls" time="0.0013161">
        </testcase>
        <testcase classname="src/hooks/useStudentModals.test.ts" name="useStudentModals &gt; Profile Viewing &gt; should handle closeProfile when no profile is open" time="0.0010891">
        </testcase>
        <testcase classname="src/hooks/useStudentModals.test.ts" name="useStudentModals &gt; Profile Viewing &gt; should accept different student ID types" time="0.0006793">
        </testcase>
        <testcase classname="src/hooks/useStudentModals.test.ts" name="useStudentModals &gt; Modal Independence &gt; should allow add and edit modals to be open simultaneously" time="0.0015452">
        </testcase>
        <testcase classname="src/hooks/useStudentModals.test.ts" name="useStudentModals &gt; Modal Independence &gt; should not affect other modals when closing one" time="0.000617">
        </testcase>
        <testcase classname="src/hooks/useStudentModals.test.ts" name="useStudentModals &gt; Modal Independence &gt; should not affect modals when viewing profile" time="0.0037988">
        </testcase>
        <testcase classname="src/hooks/useStudentModals.test.ts" name="useStudentModals &gt; Modal Independence &gt; should not affect profile viewing when toggling modals" time="0.0005878">
        </testcase>
        <testcase classname="src/hooks/useStudentModals.test.ts" name="useStudentModals &gt; Complex Workflows &gt; should handle typical add student workflow" time="0.0034305">
        </testcase>
        <testcase classname="src/hooks/useStudentModals.test.ts" name="useStudentModals &gt; Complex Workflows &gt; should handle typical edit student workflow" time="0.0008411">
        </testcase>
        <testcase classname="src/hooks/useStudentModals.test.ts" name="useStudentModals &gt; Complex Workflows &gt; should handle typical view profile workflow" time="0.0027261">
        </testcase>
        <testcase classname="src/hooks/useStudentModals.test.ts" name="useStudentModals &gt; Complex Workflows &gt; should handle view -&gt; edit workflow" time="0.004177">
        </testcase>
        <testcase classname="src/hooks/useStudentModals.test.ts" name="useStudentModals &gt; Complex Workflows &gt; should handle switching between different student profiles" time="0.0007285">
        </testcase>
        <testcase classname="src/hooks/useStudentModals.test.ts" name="useStudentModals &gt; Function Stability &gt; should maintain stable modal function references" time="0.0006324">
        </testcase>
    </testsuite>
    <testsuite name="src/hooks/useStudentsQuery.test.ts" timestamp="2025-12-01T06:33:00.969Z" hostname="REC" tests="12" failures="0" errors="0" skipped="0" time="0.6191623">
        <testcase classname="src/hooks/useStudentsQuery.test.ts" name="useStudentsQuery hooks &gt; useStudents - basic fetching &gt; fetches students (array) and updates store" time="0.1067056">
        </testcase>
        <testcase classname="src/hooks/useStudentsQuery.test.ts" name="useStudentsQuery hooks &gt; useStudents - basic fetching &gt; applies search filter across first, last, email (case-insensitive)" time="0.0845485">
        </testcase>
        <testcase classname="src/hooks/useStudentsQuery.test.ts" name="useStudentsQuery hooks &gt; useStudents - basic fetching &gt; applies active filter" time="0.0775557">
        </testcase>
        <testcase classname="src/hooks/useStudentsQuery.test.ts" name="useStudentsQuery hooks &gt; useStudents - basic fetching &gt; combines search + active filters" time="0.0744277">
        </testcase>
        <testcase classname="src/hooks/useStudentsQuery.test.ts" name="useStudentsQuery hooks &gt; useStudents - basic fetching &gt; handles error during fetch and sets store error" time="0.0790039">
        </testcase>
        <testcase classname="src/hooks/useStudentsQuery.test.ts" name="useStudentsQuery hooks &gt; useStudents - basic fetching &gt; sets loading state during fetch lifecycle" time="0.089404">
        </testcase>
        <testcase classname="src/hooks/useStudentsQuery.test.ts" name="useStudentsQuery hooks &gt; useStudent - single fetch &gt; fetches single student and selects in store" time="0.0771403">
        </testcase>
        <testcase classname="src/hooks/useStudentsQuery.test.ts" name="useStudentsQuery hooks &gt; useStudent - single fetch &gt; disabled when id is null" time="0.0022109">
        </testcase>
        <testcase classname="src/hooks/useStudentsQuery.test.ts" name="useStudentsQuery hooks &gt; Mutations &gt; creates student and updates store + invalidates list" time="0.0046927">
        </testcase>
        <testcase classname="src/hooks/useStudentsQuery.test.ts" name="useStudentsQuery hooks &gt; Mutations &gt; updates student and invalidates list + detail" time="0.0026235">
        </testcase>
        <testcase classname="src/hooks/useStudentsQuery.test.ts" name="useStudentsQuery hooks &gt; Mutations &gt; deletes student and invalidates list" time="0.0045332">
        </testcase>
        <testcase classname="src/hooks/useStudentsQuery.test.ts" name="useStudentsQuery hooks &gt; Mutations &gt; sets error on mutation failure" time="0.0046989">
        </testcase>
    </testsuite>
    <testsuite name="src/hooks/useStudentsQuery.test.tsx" timestamp="2025-12-01T06:33:00.970Z" hostname="REC" tests="12" failures="0" errors="0" skipped="0" time="0.6503743">
        <testcase classname="src/hooks/useStudentsQuery.test.tsx" name="useStudentsQuery hooks &gt; useStudents - basic fetching &gt; fetches students (array) and updates store" time="0.1116125">
        </testcase>
        <testcase classname="src/hooks/useStudentsQuery.test.tsx" name="useStudentsQuery hooks &gt; useStudents - basic fetching &gt; applies search filter across first, last, email (case-insensitive)" time="0.086116">
        </testcase>
        <testcase classname="src/hooks/useStudentsQuery.test.tsx" name="useStudentsQuery hooks &gt; useStudents - basic fetching &gt; applies active filter" time="0.083075">
        </testcase>
        <testcase classname="src/hooks/useStudentsQuery.test.tsx" name="useStudentsQuery hooks &gt; useStudents - basic fetching &gt; combines search + active filters" time="0.0804531">
        </testcase>
        <testcase classname="src/hooks/useStudentsQuery.test.tsx" name="useStudentsQuery hooks &gt; useStudents - basic fetching &gt; handles error during fetch and sets store error" time="0.0830906">
        </testcase>
        <testcase classname="src/hooks/useStudentsQuery.test.tsx" name="useStudentsQuery hooks &gt; useStudents - basic fetching &gt; sets loading state during fetch lifecycle" time="0.0877759">
        </testcase>
        <testcase classname="src/hooks/useStudentsQuery.test.tsx" name="useStudentsQuery hooks &gt; useStudent - single fetch &gt; fetches single student and selects in store" time="0.0805187">
        </testcase>
        <testcase classname="src/hooks/useStudentsQuery.test.tsx" name="useStudentsQuery hooks &gt; useStudent - single fetch &gt; disabled when id is null" time="0.0054019">
        </testcase>
        <testcase classname="src/hooks/useStudentsQuery.test.tsx" name="useStudentsQuery hooks &gt; Mutations &gt; creates student and updates store + invalidates list" time="0.0135413">
        </testcase>
        <testcase classname="src/hooks/useStudentsQuery.test.tsx" name="useStudentsQuery hooks &gt; Mutations &gt; updates student and invalidates list + detail" time="0.0049838">
        </testcase>
        <testcase classname="src/hooks/useStudentsQuery.test.tsx" name="useStudentsQuery hooks &gt; Mutations &gt; deletes student and invalidates list" time="0.0059505">
        </testcase>
        <testcase classname="src/hooks/useStudentsQuery.test.tsx" name="useStudentsQuery hooks &gt; Mutations &gt; sets error on mutation failure" time="0.006069">
        </testcase>
    </testsuite>
    <testsuite name="src/schemas/attendance.schema.test.ts" timestamp="2025-12-01T06:33:00.971Z" hostname="REC" tests="53" failures="0" errors="0" skipped="0" time="0.0255056">
        <testcase classname="src/schemas/attendance.schema.test.ts" name="attendanceSchema &gt; student_id validation &gt; accepts valid integer student_id" time="0.0037341">
        </testcase>
        <testcase classname="src/schemas/attendance.schema.test.ts" name="attendanceSchema &gt; student_id validation &gt; accepts string student_id and converts to number" time="0.0003225">
        </testcase>
        <testcase classname="src/schemas/attendance.schema.test.ts" name="attendanceSchema &gt; student_id validation &gt; rejects zero student_id" time="0.0011229">
        </testcase>
        <testcase classname="src/schemas/attendance.schema.test.ts" name="attendanceSchema &gt; student_id validation &gt; rejects negative student_id" time="0.0004515">
        </testcase>
        <testcase classname="src/schemas/attendance.schema.test.ts" name="attendanceSchema &gt; student_id validation &gt; rejects non-integer student_id" time="0.0004353">
        </testcase>
        <testcase classname="src/schemas/attendance.schema.test.ts" name="attendanceSchema &gt; student_id validation &gt; rejects invalid string student_id" time="0.0002701">
        </testcase>
        <testcase classname="src/schemas/attendance.schema.test.ts" name="attendanceSchema &gt; course_id validation &gt; accepts valid integer course_id" time="0.0003253">
        </testcase>
        <testcase classname="src/schemas/attendance.schema.test.ts" name="attendanceSchema &gt; course_id validation &gt; accepts string course_id and converts to number" time="0.0002212">
        </testcase>
        <testcase classname="src/schemas/attendance.schema.test.ts" name="attendanceSchema &gt; course_id validation &gt; rejects zero course_id" time="0.0003764">
        </testcase>
        <testcase classname="src/schemas/attendance.schema.test.ts" name="attendanceSchema &gt; course_id validation &gt; rejects negative course_id" time="0.000354">
        </testcase>
        <testcase classname="src/schemas/attendance.schema.test.ts" name="attendanceSchema &gt; course_id validation &gt; rejects non-integer course_id" time="0.00025">
        </testcase>
        <testcase classname="src/schemas/attendance.schema.test.ts" name="attendanceSchema &gt; course_id validation &gt; rejects invalid string course_id" time="0.0002563">
        </testcase>
        <testcase classname="src/schemas/attendance.schema.test.ts" name="attendanceSchema &gt; date validation &gt; accepts valid date formats" time="0.0003945">
        </testcase>
        <testcase classname="src/schemas/attendance.schema.test.ts" name="attendanceSchema &gt; date validation &gt; rejects empty date" time="0.0004147">
        </testcase>
        <testcase classname="src/schemas/attendance.schema.test.ts" name="attendanceSchema &gt; date validation &gt; rejects invalid date formats" time="0.0005152">
        </testcase>
        <testcase classname="src/schemas/attendance.schema.test.ts" name="attendanceSchema &gt; status validation &gt; accepts present status" time="0.0001415">
        </testcase>
        <testcase classname="src/schemas/attendance.schema.test.ts" name="attendanceSchema &gt; status validation &gt; accepts absent status" time="0.0002404">
        </testcase>
        <testcase classname="src/schemas/attendance.schema.test.ts" name="attendanceSchema &gt; status validation &gt; accepts late status" time="0.0001102">
        </testcase>
        <testcase classname="src/schemas/attendance.schema.test.ts" name="attendanceSchema &gt; status validation &gt; accepts excused status" time="0.0001853">
        </testcase>
        <testcase classname="src/schemas/attendance.schema.test.ts" name="attendanceSchema &gt; status validation &gt; rejects invalid status values" time="0.0013076">
        </testcase>
        <testcase classname="src/schemas/attendance.schema.test.ts" name="attendanceSchema &gt; notes validation &gt; accepts valid notes" time="0.0005696">
        </testcase>
        <testcase classname="src/schemas/attendance.schema.test.ts" name="attendanceSchema &gt; notes validation &gt; accepts undefined notes" time="0.0001172">
        </testcase>
        <testcase classname="src/schemas/attendance.schema.test.ts" name="attendanceSchema &gt; notes validation &gt; converts empty string to undefined" time="0.0001149">
        </testcase>
        <testcase classname="src/schemas/attendance.schema.test.ts" name="attendanceSchema &gt; notes validation &gt; rejects notes exceeding 500 characters" time="0.0002939">
        </testcase>
        <testcase classname="src/schemas/attendance.schema.test.ts" name="attendanceSchema &gt; notes validation &gt; accepts exactly 500 character notes" time="0.0001345">
        </testcase>
        <testcase classname="src/schemas/attendance.schema.test.ts" name="attendanceSchema &gt; complete valid attendance data &gt; parses complete attendance with all fields" time="0.0001583">
        </testcase>
        <testcase classname="src/schemas/attendance.schema.test.ts" name="attendanceSchema &gt; complete valid attendance data &gt; parses attendance with only required fields" time="0.0001175">
        </testcase>
        <testcase classname="src/schemas/attendance.schema.test.ts" name="bulkAttendanceSchema &gt; course_id validation &gt; accepts valid course_id" time="0.000891">
        </testcase>
        <testcase classname="src/schemas/attendance.schema.test.ts" name="bulkAttendanceSchema &gt; course_id validation &gt; rejects zero course_id" time="0.0003158">
        </testcase>
        <testcase classname="src/schemas/attendance.schema.test.ts" name="bulkAttendanceSchema &gt; course_id validation &gt; rejects negative course_id" time="0.0001962">
        </testcase>
        <testcase classname="src/schemas/attendance.schema.test.ts" name="bulkAttendanceSchema &gt; course_id validation &gt; rejects non-integer course_id" time="0.0002829">
        </testcase>
        <testcase classname="src/schemas/attendance.schema.test.ts" name="bulkAttendanceSchema &gt; date validation &gt; accepts valid dates" time="0.0003881">
        </testcase>
        <testcase classname="src/schemas/attendance.schema.test.ts" name="bulkAttendanceSchema &gt; date validation &gt; rejects empty date" time="0.0003047">
        </testcase>
        <testcase classname="src/schemas/attendance.schema.test.ts" name="bulkAttendanceSchema &gt; date validation &gt; rejects invalid date formats" time="0.0005671">
        </testcase>
        <testcase classname="src/schemas/attendance.schema.test.ts" name="bulkAttendanceSchema &gt; attendance_records validation &gt; accepts valid attendance records" time="0.0005966">
        </testcase>
        <testcase classname="src/schemas/attendance.schema.test.ts" name="bulkAttendanceSchema &gt; attendance_records validation &gt; accepts single record" time="0.0001931">
        </testcase>
        <testcase classname="src/schemas/attendance.schema.test.ts" name="bulkAttendanceSchema &gt; attendance_records validation &gt; rejects empty attendance_records array" time="0.0002106">
        </testcase>
        <testcase classname="src/schemas/attendance.schema.test.ts" name="bulkAttendanceSchema &gt; attendance_records validation &gt; validates individual record fields" time="0.0003705">
        </testcase>
        <testcase classname="src/schemas/attendance.schema.test.ts" name="bulkAttendanceSchema &gt; attendance_records validation &gt; validates status values in records" time="0.000405">
        </testcase>
        <testcase classname="src/schemas/attendance.schema.test.ts" name="bulkAttendanceSchema &gt; attendance_records validation &gt; validates notes length in records" time="0.0002428">
        </testcase>
        <testcase classname="src/schemas/attendance.schema.test.ts" name="bulkAttendanceSchema &gt; attendance_records validation &gt; accepts records with optional notes" time="0.0002368">
        </testcase>
[...]
        </testcase>
        <testcase classname="src/features/students/components/GradeStatistics.test.tsx" name="GradeStatistics &gt; Empty State &gt; does not show statistics when insights is null" time="0.0024569">
        </testcase>
        <testcase classname="src/features/students/components/GradeStatistics.test.tsx" name="GradeStatistics &gt; Number Formatting &gt; formats percentages to one decimal place" time="0.0042364">
        </testcase>
        <testcase classname="src/features/students/components/GradeStatistics.test.tsx" name="GradeStatistics &gt; Number Formatting &gt; formats Greek scale to one decimal place" time="0.0034694">
        </testcase>
        <testcase classname="src/features/students/components/GradeStatistics.test.tsx" name="GradeStatistics &gt; Edge Cases &gt; handles single assignment (count = 1)" time="0.0056375">
        </testcase>
        <testcase classname="src/features/students/components/GradeStatistics.test.tsx" name="GradeStatistics &gt; Edge Cases &gt; handles perfect grades (100%)" time="0.0061301">
        </testcase>
        <testcase classname="src/features/students/components/GradeStatistics.test.tsx" name="GradeStatistics &gt; Edge Cases &gt; handles very low grades (near 0%)" time="0.0040346">
        </testcase>
        <testcase classname="src/features/students/components/GradeStatistics.test.tsx" name="GradeStatistics &gt; Edge Cases &gt; handles large assignment counts" time="0.0036772">
        </testcase>
        <testcase classname="src/features/students/components/GradeStatistics.test.tsx" name="GradeStatistics &gt; CSS Classes &gt; applies green color to highest grade" time="0.0055477">
        </testcase>
        <testcase classname="src/features/students/components/GradeStatistics.test.tsx" name="GradeStatistics &gt; CSS Classes &gt; applies red color to lowest grade" time="0.0053232">
        </testcase>
        <testcase classname="src/features/students/components/GradeStatistics.test.tsx" name="GradeStatistics &gt; CSS Classes &gt; applies indigo color to average grade" time="0.0035904">
        </testcase>
        <testcase classname="src/features/students/components/GradeStatistics.test.tsx" name="GradeStatistics &gt; Accessibility &gt; uses semantic HTML structure" time="0.0028067">
        </testcase>
        <testcase classname="src/features/students/components/GradeStatistics.test.tsx" name="GradeStatistics &gt; Accessibility &gt; provides readable text for screen readers" time="0.1639263">
        </testcase>
    </testsuite>
    <testsuite name="src/features/students/components/NotesSection.test.tsx" timestamp="2025-12-01T06:33:01.017Z" hostname="REC" tests="24" failures="0" errors="0" skipped="0" time="1.9315457">
        <testcase classname="src/features/students/components/NotesSection.test.tsx" name="NotesSection &gt; Rendering &gt; renders the component with title" time="0.0273199">
        </testcase>
        <testcase classname="src/features/students/components/NotesSection.test.tsx" name="NotesSection &gt; Rendering &gt; renders textarea element" time="0.1344834">
        </testcase>
        <testcase classname="src/features/students/components/NotesSection.test.tsx" name="NotesSection &gt; Rendering &gt; displays placeholder text" time="0.003254">
        </testcase>
        <testcase classname="src/features/students/components/NotesSection.test.tsx" name="NotesSection &gt; Rendering &gt; displays current value in textarea" time="0.016714">
        </testcase>
        <testcase classname="src/features/students/components/NotesSection.test.tsx" name="NotesSection &gt; User Interaction &gt; calls onChange when user types" time="0.1963675">
        </testcase>
        <testcase classname="src/features/students/components/NotesSection.test.tsx" name="NotesSection &gt; User Interaction &gt; calls onChange with correct value" time="0.0785545">
        </testcase>
        <testcase classname="src/features/students/components/NotesSection.test.tsx" name="NotesSection &gt; User Interaction &gt; calls onChange when user clears text" time="0.0301958">
        </testcase>
        <testcase classname="src/features/students/components/NotesSection.test.tsx" name="NotesSection &gt; User Interaction &gt; handles paste events" time="0.093187">
        </testcase>
        <testcase classname="src/features/students/components/NotesSection.test.tsx" name="NotesSection &gt; User Interaction &gt; handles multi-line text input" time="0.2677415">
        </testcase>
        <testcase classname="src/features/students/components/NotesSection.test.tsx" name="NotesSection &gt; Edge Cases &gt; handles empty string value" time="0.0188495">
        </testcase>
        <testcase classname="src/features/students/components/NotesSection.test.tsx" name="NotesSection &gt; Edge Cases &gt; handles very long text" time="0.0089241">
        </testcase>
        <testcase classname="src/features/students/components/NotesSection.test.tsx" name="NotesSection &gt; Edge Cases &gt; handles special characters" time="0.3008404">
        </testcase>
        <testcase classname="src/features/students/components/NotesSection.test.tsx" name="NotesSection &gt; Edge Cases &gt; handles unicode characters (Greek, emoji)" time="0.2847923">
        </testcase>
        <testcase classname="src/features/students/components/NotesSection.test.tsx" name="NotesSection &gt; Edge Cases &gt; handles line breaks correctly" time="0.012287">
        </testcase>
        <testcase classname="src/features/students/components/NotesSection.test.tsx" name="NotesSection &gt; CSS Classes &gt; applies correct CSS classes to textarea" time="0.0435136">
        </testcase>
        <testcase classname="src/features/students/components/NotesSection.test.tsx" name="NotesSection &gt; CSS Classes &gt; has minimum height styling" time="0.0134154">
        </testcase>
        <testcase classname="src/features/students/components/NotesSection.test.tsx" name="NotesSection &gt; Accessibility &gt; textarea is keyboard accessible" time="0.0339573">
        </testcase>
        <testcase classname="src/features/students/components/NotesSection.test.tsx" name="NotesSection &gt; Accessibility &gt; has proper role attribute" time="0.0134833">
        </testcase>
        <testcase classname="src/features/students/components/NotesSection.test.tsx" name="NotesSection &gt; Accessibility &gt; textarea can receive focus" time="0.0898839">
        </testcase>
        <testcase classname="src/features/students/components/NotesSection.test.tsx" name="NotesSection &gt; Value Updates &gt; updates displayed value when prop changes" time="0.0736726">
        </testcase>
        <testcase classname="src/features/students/components/NotesSection.test.tsx" name="NotesSection &gt; Value Updates &gt; handles rapid value changes" time="0.1035521">
        </testcase>
        <testcase classname="src/features/students/components/NotesSection.test.tsx" name="NotesSection &gt; Callback Behavior &gt; does not call onChange on initial render" time="0.0036021">
        </testcase>
        <testcase classname="src/features/students/components/NotesSection.test.tsx" name="NotesSection &gt; Callback Behavior &gt; does not call onChange when value prop changes" time="0.0056224">
        </testcase>
        <testcase classname="src/features/students/components/NotesSection.test.tsx" name="NotesSection &gt; Callback Behavior &gt; passes event target value to onChange" time="0.0732744">
        </testcase>
    </testsuite>
    <testsuite name="src/features/students/components/StudentCard.test.tsx" timestamp="2025-12-01T06:33:01.018Z" hostname="REC" tests="33" failures="0" errors="0" skipped="0" time="1.560639">
        <testcase classname="src/features/students/components/StudentCard.test.tsx" name="StudentCard &gt; Collapsed State &gt; renders student basic information" time="0.0494083">
        </testcase>
        <testcase classname="src/features/students/components/StudentCard.test.tsx" name="StudentCard &gt; Collapsed State &gt; shows action buttons" time="0.5891814">
        </testcase>
        <testcase classname="src/features/students/components/StudentCard.test.tsx" name="StudentCard &gt; Collapsed State &gt; calls onToggleExpand when view button clicked" time="0.0979869">
        </testcase>
        <testcase classname="src/features/students/components/StudentCard.test.tsx" name="StudentCard &gt; Collapsed State &gt; calls onEdit when edit button clicked" time="0.0805715">
        </testcase>
        <testcase classname="src/features/students/components/StudentCard.test.tsx" name="StudentCard &gt; Collapsed State &gt; calls onDelete when delete button clicked" time="0.0753349">
        </testcase>
        <testcase classname="src/features/students/components/StudentCard.test.tsx" name="StudentCard &gt; Collapsed State &gt; calls onViewProfile when view profile button clicked" time="0.0205222">
        </testcase>
        <testcase classname="src/features/students/components/StudentCard.test.tsx" name="StudentCard &gt; Collapsed State &gt; hides view profile button when callback not provided" time="0.0303407">
        </testcase>
        <testcase classname="src/features/students/components/StudentCard.test.tsx" name="StudentCard &gt; Expanded State &gt; shows detailed student information" time="0.0256952">
        </testcase>
        <testcase classname="src/features/students/components/StudentCard.test.tsx" name="StudentCard &gt; Expanded State &gt; displays student initials" time="0.0232854">
        </testcase>
        <testcase classname="src/features/students/components/StudentCard.test.tsx" name="StudentCard &gt; Expanded State &gt; shows grade statistics cards" time="0.0205226">
        </testcase>
        <testcase classname="src/features/students/components/StudentCard.test.tsx" name="StudentCard &gt; Expanded State &gt; displays attendance statistics" time="0.0250197">
        </testcase>
        <testcase classname="src/features/students/components/StudentCard.test.tsx" name="StudentCard &gt; Expanded State &gt; shows greek scale grade" time="0.0298601">
        </testcase>
        <testcase classname="src/features/students/components/StudentCard.test.tsx" name="StudentCard &gt; Expanded State &gt; shows letter grade" time="0.0319168">
        </testcase>
        <testcase classname="src/features/students/components/StudentCard.test.tsx" name="StudentCard &gt; Expanded State &gt; renders CourseGradeBreakdown component" time="0.0566996">
        </testcase>
        <testcase classname="src/features/students/components/StudentCard.test.tsx" name="StudentCard &gt; Expanded State &gt; renders AttendanceDetails component" time="0.0275402">
        </testcase>
        <testcase classname="src/features/students/components/StudentCard.test.tsx" name="StudentCard &gt; Expanded State &gt; renders NotesSection component" time="0.01859">
        </testcase>
        <testcase classname="src/features/students/components/StudentCard.test.tsx" name="StudentCard &gt; Expanded State &gt; shows close button when expanded" time="0.044677">
        </testcase>
        <testcase classname="src/features/students/components/StudentCard.test.tsx" name="StudentCard &gt; Edge Cases &gt; handles student with no email" time="0.0203922">
        </testcase>
        <testcase classname="src/features/students/components/StudentCard.test.tsx" name="StudentCard &gt; Edge Cases &gt; handles student with no study year" time="0.0041139">
        </testcase>
        <testcase classname="src/features/students/components/StudentCard.test.tsx" name="StudentCard &gt; Edge Cases &gt; handles inactive student" time="0.0281803">
        </testcase>
        <testcase classname="src/features/students/components/StudentCard.test.tsx" name="StudentCard &gt; Edge Cases &gt; handles student with no stats" time="0.0048582">
        </testcase>
        <testcase classname="src/features/students/components/StudentCard.test.tsx" name="StudentCard &gt; Edge Cases &gt; handles empty grades list" time="0.0074043">
        </testcase>
        <testcase classname="src/features/students/components/StudentCard.test.tsx" name="StudentCard &gt; Edge Cases &gt; generates initials fallback from student_id when names missing" time="0.0280975">
        </testcase>
        <testcase classname="src/features/students/components/StudentCard.test.tsx" name="StudentCard &gt; Edge Cases &gt; uses question mark when no initials or student_id" time="0.0173966">
        </testcase>
        <testcase classname="src/features/students/components/StudentCard.test.tsx" name="StudentCard &gt; Grade Insights Calculations &gt; calculates average grade correctly" time="0.018021">
        </testcase>
        <testcase classname="src/features/students/components/StudentCard.test.tsx" name="StudentCard &gt; Grade Insights Calculations &gt; calculates min and max grades" time="0.0167971">
        </testcase>
        <testcase classname="src/features/students/components/StudentCard.test.tsx" name="StudentCard &gt; Grade Distribution &gt; shows grade distribution when grades exist" time="0.0095487">
        </testcase>
        <testcase classname="src/features/students/components/StudentCard.test.tsx" name="StudentCard &gt; Grade Distribution &gt; hides grade distribution when no grades" time="0.004587">
        </testcase>
        <testcase classname="src/features/students/components/StudentCard.test.tsx" name="StudentCard &gt; Notes Section &gt; displays note value" time="0.0083925">
        </testcase>
        <testcase classname="src/features/students/components/StudentCard.test.tsx" name="StudentCard &gt; Notes Section &gt; calls onNoteChange when typing" time="0.0264798">
        </testcase>
        <testcase classname="src/features/students/components/StudentCard.test.tsx" name="StudentCard &gt; Memoization &gt; does not re-render when unrelated props change" time="0.0120827">
        </testcase>
        <testcase classname="src/features/students/components/StudentCard.test.tsx" name="StudentCard &gt; Course Navigation &gt; passes course navigation handler to CourseGradeBreakdown" time="0.052996">
        </testcase>
        <testcase classname="src/features/students/components/StudentCard.test.tsx" name="StudentCard &gt; Course Navigation &gt; works without course navigation handler" time="0.0515782">
        </testcase>
    </testsuite>
    <testsuite name="src/features/operations/components/AppearanceThemeSelector.test.tsx" timestamp="2025-12-01T06:33:01.020Z" hostname="REC" tests="23" failures="0" errors="0" skipped="0" time="1.9981179">
        <testcase classname="src/features/operations/components/AppearanceThemeSelector.test.tsx" name="AppearanceThemeSelectorWidget &gt; Rendering &gt; renders the theme button" time="0.1572587">
        </testcase>
        <testcase classname="src/features/operations/components/AppearanceThemeSelector.test.tsx" name="AppearanceThemeSelectorWidget &gt; Rendering &gt; displays theme button label" time="0.0062282">
        </testcase>
        <testcase classname="src/features/operations/components/AppearanceThemeSelector.test.tsx" name="AppearanceThemeSelectorWidget &gt; Rendering &gt; shows palette icon" time="0.0036367">
        </testcase>
        <testcase classname="src/features/operations/components/AppearanceThemeSelector.test.tsx" name="AppearanceThemeSelectorWidget &gt; Dropdown Interaction &gt; shows dropdown when button is clicked" time="0.0821034">
        </testcase>
        <testcase classname="src/features/operations/components/AppearanceThemeSelector.test.tsx" name="AppearanceThemeSelectorWidget &gt; Dropdown Interaction &gt; hides dropdown when clicked outside" time="0.1778126">
        </testcase>
        <testcase classname="src/features/operations/components/AppearanceThemeSelector.test.tsx" name="AppearanceThemeSelectorWidget &gt; Dropdown Interaction &gt; displays all theme options when opened" time="0.091743">
        </testcase>
        <testcase classname="src/features/operations/components/AppearanceThemeSelector.test.tsx" name="AppearanceThemeSelectorWidget &gt; Theme Selection &gt; calls onThemeChange when a theme is selected" time="0.1323151">
        </testcase>
        <testcase classname="src/features/operations/components/AppearanceThemeSelector.test.tsx" name="AppearanceThemeSelectorWidget &gt; Theme Selection &gt; closes dropdown after theme selection" time="0.1114794">
        </testcase>
        <testcase classname="src/features/operations/components/AppearanceThemeSelector.test.tsx" name="AppearanceThemeSelectorWidget &gt; Theme Selection &gt; shows checkmark for current theme" time="0.0614871">
        </testcase>
        <testcase classname="src/features/operations/components/AppearanceThemeSelector.test.tsx" name="AppearanceThemeSelectorWidget &gt; Theme Selection &gt; applies different styles to selected theme" time="0.0518198">
        </testcase>
        <testcase classname="src/features/operations/components/AppearanceThemeSelector.test.tsx" name="AppearanceThemeSelectorWidget &gt; Theme Options &gt; displays correct themes in order" time="0.0838393">
        </testcase>
        <testcase classname="src/features/operations/components/AppearanceThemeSelector.test.tsx" name="AppearanceThemeSelectorWidget &gt; Theme Options &gt; displays theme descriptions" time="0.084016">
        </testcase>
        <testcase classname="src/features/operations/components/AppearanceThemeSelector.test.tsx" name="AppearanceThemeSelectorWidget &gt; Accessibility &gt; has aria-label on button" time="0.0143593">
        </testcase>
        <testcase classname="src/features/operations/components/AppearanceThemeSelector.test.tsx" name="AppearanceThemeSelectorWidget &gt; Accessibility &gt; button is keyboard accessible" time="0.0128084">
        </testcase>
        <testcase classname="src/features/operations/components/AppearanceThemeSelector.test.tsx" name="AppearanceThemeSelectorWidget &gt; Accessibility &gt; marks backdrop as aria-hidden" time="0.0798396">
        </testcase>
        <testcase classname="src/features/operations/components/AppearanceThemeSelector.test.tsx" name="AppearanceThemeSelectorWidget &gt; Edge Cases &gt; handles rapid theme changes" time="0.4501046">
        </testcase>
        <testcase classname="src/features/operations/components/AppearanceThemeSelector.test.tsx" name="AppearanceThemeSelectorWidget &gt; Edge Cases &gt; handles all theme variants" time="0.0777628">
        </testcase>
        <testcase classname="src/features/operations/components/AppearanceThemeSelector.test.tsx" name="AppearanceThemeSelectorWidget &gt; Edge Cases &gt; prevents multiple dropdowns from opening" time="0.1061201">
        </testcase>
        <testcase classname="src/features/operations/components/AppearanceThemeSelector.test.tsx" name="AppearanceThemeSelectorWidget &gt; Visual States &gt; applies hover styles correctly" time="0.0045986">
        </testcase>
        <testcase classname="src/features/operations/components/AppearanceThemeSelector.test.tsx" name="AppearanceThemeSelectorWidget &gt; Visual States &gt; shows dropdown with proper positioning" time="0.093513">
        </testcase>
        <testcase classname="src/features/operations/components/AppearanceThemeSelector.test.tsx" name="AppearanceThemeSelectorWidget &gt; Visual States &gt; displays scrollable theme list" time="0.0946012">
        </testcase>
        <testcase classname="src/features/operations/components/AppearanceThemeSelector.test.tsx" name="AppearanceThemeSelectorWidget &gt; Theme Button Content &gt; hides text on small screens" time="0.0079849">
        </testcase>
        <testcase classname="src/features/operations/components/AppearanceThemeSelector.test.tsx" name="AppearanceThemeSelectorWidget &gt; Theme Button Content &gt; always shows palette icon" time="0.0099325">
        </testcase>
    </testsuite>
</testsuites>
