
> student-management-frontend@1.17.2 pretest
> node ../tools/enforce-vitest-policy.cjs


> student-management-frontend@1.17.2 test
> vitest


[1m[44m DEV [49m[22m [34mv4.0.16 [39m[90mD:/SMS/student-management-system/frontend[39m

[90mstdout[2m | src/components/__tests__/AdvancedFilters.test.tsx
[22m[39m[i18n] Initialized with English
[i18n] Found search translation keys: []

[90mstdout[2m | src/features/students/components/AddStudentModal.test.tsx
[22m[39m[i18n] Initialized with English
[i18n] Found search translation keys: []

[90mstdout[2m | src/features/students/components/EditStudentModal.test.tsx
[22m[39m[i18n] Initialized with English
[i18n] Found search translation keys: []

[90mstdout[2m | src/features/courses/components/AddCourseModal.test.tsx
[22m[39m[i18n] Initialized with English
[i18n] Found search translation keys: []

 [31m‚ùØ[39m src/components/__tests__/AdvancedFilters.test.tsx [2m([22m[2m41 tests[22m[2m | [22m[31m4 failed[39m[2m)[22m[33m 2851[2mms[22m[39m
       [32m‚úì[39m should render filter panel when open[32m 132[2mms[22m[39m
       [32m‚úì[39m should hide filter panel when closed[32m 2[2mms[22m[39m
       [32m‚úì[39m should render toggle button[32m 73[2mms[22m[39m
       [32m‚úì[39m should apply custom className[32m 7[2mms[22m[39m
       [32m‚úì[39m should render student filter fields[32m 6[2mms[22m[39m
       [32m‚úì[39m should render student filter presets[32m 7[2mms[22m[39m
       [32m‚úì[39m should allow entering first name[32m 106[2mms[22m[39m
       [33m[2m‚úì[22m[39m should allow entering email [33m 326[2mms[22m[39m
       [32m‚úì[39m should render course filter fields[32m 5[2mms[22m[39m
       [32m‚úì[39m should render course filter presets[32m 5[2mms[22m[39m
       [32m‚úì[39m should render credits filter[32m 3[2mms[22m[39m
       [32m‚úì[39m should render grade filter fields[32m 7[2mms[22m[39m
       [32m‚úì[39m should render grade filter presets[32m 4[2mms[22m[39m
       [32m‚úì[39m should allow entering min grade[32m 87[2mms[22m[39m
       [32m‚úì[39m should allow entering max grade[32m 109[2mms[22m[39m
       [32m‚úì[39m should apply preset when clicked[32m 47[2mms[22m[39m
[31m       [31m√ó[31m should populate fields when preset selected[39m[32m 66[2mms[22m[39m
       [32m‚úì[39m should show preset buttons in visual group[32m 4[2mms[22m[39m
       [32m‚úì[39m should have distinct presets per search type[32m 7[2mms[22m[39m
       [32m‚úì[39m should render Apply button[32m 37[2mms[22m[39m
       [32m‚úì[39m should render Reset button[32m 24[2mms[22m[39m
[31m       [31m√ó[31m should call onApply when Apply clicked[39m[32m 79[2mms[22m[39m
       [32m‚úì[39m should call onReset when Reset clicked[32m 78[2mms[22m[39m
[31m       [31m√ó[31m should clear all fields when Reset clicked[39m[32m 175[2mms[22m[39m
       [32m‚úì[39m should call onToggle when toggle clicked[32m 80[2mms[22m[39m
       [32m‚úì[39m should show collapse/expand icon[32m 14[2mms[22m[39m
       [32m‚úì[39m should have aria-expanded attribute[32m 89[2mms[22m[39m
       [32m‚úì[39m should maintain field values[32m 153[2mms[22m[39m
       [33m[2m‚úì[22m[39m should handle multiple field entries [33m 721[2mms[22m[39m
       [32m‚úì[39m should validate numeric input for grade ranges[32m 95[2mms[22m[39m
       [32m‚úì[39m should handle grade range validation (min <= max)[32m 187[2mms[22m[39m
       [32m‚úì[39m should have proper labels for inputs[32m 7[2mms[22m[39m
[31m       [31m√ó[31m should be keyboard navigable[39m[32m 41[2mms[22m[39m
       [32m‚úì[39m should have role="region" for filter panel[32m 11[2mms[22m[39m
       [32m‚úì[39m should announce filter type[32m 16[2mms[22m[39m
       [32m‚úì[39m should render in mobile layout[32m 6[2mms[22m[39m
       [32m‚úì[39m should stack fields vertically on mobile[32m 6[2mms[22m[39m
       [32m‚úì[39m should show student-specific filters for students[32m 8[2mms[22m[39m
       [32m‚úì[39m should show course-specific filters for courses[32m 4[2mms[22m[39m
       [32m‚úì[39m should show grade-specific filters for grades[32m 3[2mms[22m[39m
       [32m‚úì[39m should switch filters when search type changes[32m 10[2mms[22m[39m
[90mstdout[2m | src/components/__tests__/SavedSearches.test.tsx
[22m[39m[i18n] Initialized with English
[i18n] Found search translation keys: []

 [32m‚úì[39m src/features/courses/components/AddCourseModal.test.tsx [2m([22m[2m26 tests[22m[2m)[22m[33m 5197[2mms[22m[39m
       [33m[2m‚úì[22m[39m allows typing in course name field [33m 533[2mms[22m[39m
       [33m[2m‚úì[22m[39m shows validation error for empty course code [33m 418[2mms[22m[39m
       [33m[2m‚úì[22m[39m shows validation error for empty course name [33m 525[2mms[22m[39m
       [33m[2m‚úì[22m[39m validates course code max length [33m 933[2mms[22m[39m
       [33m[2m‚úì[22m[39m validates credits range (0-20) [33m 578[2mms[22m[39m
       [33m[2m‚úì[22m[39m updates semester preview when custom text is entered [33m 314[2mms[22m[39m
stderr | src/components/__tests__/SavedSearches.test.tsx > SavedSearches Component > Saving Searches > should limit to 10 saved searches per type
Each child in a list should have a unique "key" prop.

Check the render method of `SavedSearches`. See https://react.dev/link/warning-keys for more information.

 [32m‚úì[39m src/features/students/components/EditStudentModal.test.tsx [2m([22m[2m24 tests[22m[2m)[22m[33m 5913[2mms[22m[39m
       [33m[2m‚úì[22m[39m allows editing all text fields [33m 345[2mms[22m[39m
       [33m[2m‚úì[22m[39m shows validation error for invalid email format (schema validation) [33m 904[2mms[22m[39m
       [33m[2m‚úì[22m[39m validates phone number max length [33m 531[2mms[22m[39m
       [33m[2m‚úì[22m[39m converts email to lowercase on submission [33m 530[2mms[22m[39m
       [33m[2m‚úì[22m[39m calls onUpdate with modified student data [33m 374[2mms[22m[39m
       [33m[2m‚úì[22m[39m updates phone and mobile_phone together [33m 326[2mms[22m[39m
       [33m[2m‚úì[22m[39m handles submission with all fields modified [33m 1002[2mms[22m[39m
       [33m[2m‚úì[22m[39m handles special characters in name fields [33m 557[2mms[22m[39m
[90mstdout[2m | src/components/__tests__/SearchBar.test.tsx
[22m[39m[i18n] Initialized with English
[i18n] Found search translation keys: []

[90mstdout[2m | src/hooks/useApiWithRecovery.test.tsx
[22m[39m[i18n] Initialized with English
[i18n] Found search translation keys: []

stderr | src/hooks/useApiWithRecovery.test.tsx > useApiWithRecovery > useApiQuery > should retry failed queries with exponential backoff
[ErrorRecovery] Scheduling retry 1/3 in 10ms

stderr | src/hooks/useApiWithRecovery.test.tsx > useApiWithRecovery > useApiQuery > should retry failed queries with exponential backoff
[ErrorRecovery] Scheduling retry 1/3 in 10ms

stderr | src/hooks/useApiWithRecovery.test.tsx > useApiWithRecovery > useApiQuery > should reset error state on successful retry
[ErrorRecovery] Scheduling retry 1/2 in 10ms

stderr | src/hooks/useApiWithRecovery.test.tsx > useApiWithRecovery > useApiQuery > should use custom error recovery options
[ErrorRecovery] Scheduling retry 1/1 in 20ms

stderr | src/hooks/useApiWithRecovery.test.tsx > useApiWithRecovery > useApiMutation > should retry failed mutations
[ErrorRecovery] Scheduling retry 1/2 in 100ms
[ErrorRecovery] Manual retry triggered

stderr | src/hooks/useApiWithRecovery.test.tsx > useApiWithRecovery > useApiMutation > should respect maxRetries for mutations
[ErrorRecovery] Scheduling retry 1/2 in 100ms
[ErrorRecovery] Manual retry triggered

stderr | src/hooks/useApiWithRecovery.test.tsx > useApiWithRecovery > useApiMutation > should respect maxRetries for mutations
[ErrorRecovery] Scheduling retry 1/2 in 100ms
[ErrorRecovery] Manual retry triggered

stderr | src/hooks/useApiWithRecovery.test.tsx > useApiWithRecovery > useApiMutation > should respect maxRetries for mutations
[ErrorRecovery] Scheduling retry 1/2 in 100ms

stderr | src/hooks/useApiWithRecovery.test.tsx > useApiWithRecovery > useApiMutation > should use immediate strategy by default
[ErrorRecovery] Manual retry triggered

stderr | src/components/__tests__/SavedSearches.test.tsx > SavedSearches Component > Error Handling > should handle corrupted localStorage
Error loading saved searches: SyntaxError: Unexpected token 'i', "invalid json" is not valid JSON
    at JSON.parse (<anonymous>)
    at D:/SMS/student-management-system/frontend/src/components/SavedSearches.tsx:75:29
    at D:/SMS/student-management-system/frontend/src/components/SavedSearches.tsx:110:5
    at Object.react_stack_bottom_frame (D:\SMS\student-management-system\frontend\node_modules\react-dom\cjs\react-dom-client.development.js:25989:20)
    at runWithFiberInDEV (D:\SMS\student-management-system\frontend\node_modules\react-dom\cjs\react-dom-client.development.js:874:13)
    at commitHookEffectListMount (D:\SMS\student-management-system\frontend\node_modules\react-dom\cjs\react-dom-client.development.js:13249:29)
    at commitHookPassiveMountEffects (D:\SMS\student-management-system\frontend\node_modules\react-dom\cjs\react-dom-client.development.js:13336:11)
    at commitPassiveMountOnFiber (D:\SMS\student-management-system\frontend\node_modules\react-dom\cjs\react-dom-client.development.js:15484:13)
    at recursivelyTraversePassiveMountEffects (D:\SMS\student-management-system\frontend\node_modules\react-dom\cjs\react-dom-client.development.js:15439:11)
    at commitPassiveMountOnFiber (D:\SMS\student-management-system\frontend\node_modules\react-dom\cjs\react-dom-client.development.js:15718:11)

stderr | src/components/__tests__/SavedSearches.test.tsx > SavedSearches Component > Error Handling > should show error message if save fails
Error saving search: Error: Storage full
    at Object.<anonymous> (D:/SMS/student-management-system/frontend/src/components/__tests__/SavedSearches.test.tsx:551:15)
    at Object.Mock [as setItem] (file:///D:/SMS/student-management-system/frontend/node_modules/@vitest/spy/dist/index.js:285:34)
    at handleSaveSearch (D:/SMS/student-management-system/frontend/src/components/SavedSearches.tsx:155:20)
    at executeDispatch (D:\SMS\student-management-system\frontend\node_modules\react-dom\cjs\react-dom-client.development.js:19116:9)
    at runWithFiberInDEV (D:\SMS\student-management-system\frontend\node_modules\react-dom\cjs\react-dom-client.development.js:874:13)
    at processDispatchQueue (D:\SMS\student-management-system\frontend\node_modules\react-dom\cjs\react-dom-client.development.js:19166:19)
    at D:\SMS\student-management-system\frontend\node_modules\react-dom\cjs\react-dom-client.development.js:19767:9
    at batchedUpdates$1 (D:\SMS\student-management-system\frontend\node_modules\react-dom\cjs\react-dom-client.development.js:3255:40)
    at dispatchEventForPluginEventSystem (D:\SMS\student-management-system\frontend\node_modules\react-dom\cjs\react-dom-client.development.js:19320:7)
    at dispatchEvent (D:\SMS\student-management-system\frontend\node_modules\react-dom\cjs\react-dom-client.development.js:23585:11)

stderr | src/hooks/useApiWithRecovery.test.tsx > useApiWithRecovery > error recovery integration > should integrate with useErrorRecovery for queries
[ErrorRecovery] Scheduling retry 1/3 in 10ms

stderr | src/hooks/useApiWithRecovery.test.tsx > useApiWithRecovery > error recovery integration > should integrate with useErrorRecovery for queries
[ErrorRecovery] Scheduling retry 1/3 in 10ms

stderr | src/hooks/useApiWithRecovery.test.tsx > useApiWithRecovery > error recovery integration > should integrate with useErrorRecovery for mutations
[ErrorRecovery] Scheduling retry 1/2 in 10ms
[ErrorRecovery] Manual retry triggered

stderr | src/hooks/useApiWithRecovery.test.tsx > useApiWithRecovery > edge cases > should handle undefined response
Query data cannot be undefined. Please make sure to return a value other than undefined from your query function. Affected query key: ["test"]

 [32m‚úì[39m src/hooks/useApiWithRecovery.test.tsx [2m([22m[2m25 tests[22m[2m)[22m[33m 1721[2mms[22m[39m
 [32m‚úì[39m src/components/__tests__/SearchBar.test.tsx [2m([22m[2m27 tests[22m[2m)[22m[33m 2306[2mms[22m[39m
 [32m‚úì[39m src/components/__tests__/SavedSearches.test.tsx [2m([22m[2m25 tests[22m[2m)[22m[33m 4455[2mms[22m[39m
       [33m[2m‚úì[22m[39m should save search with custom name [33m 407[2mms[22m[39m
       [33m[2m‚úì[22m[39m should prevent saving empty name [33m 325[2mms[22m[39m
       [33m[2m‚úì[22m[39m should limit to 10 saved searches per type [33m 393[2mms[22m[39m
       [33m[2m‚úì[22m[39m should display success message after save [33m 377[2mms[22m[39m
       [33m[2m‚úì[22m[39m should save searches to localStorage [33m 343[2mms[22m[39m
       [33m[2m‚úì[22m[39m should separate searches by search type [33m 782[2mms[22m[39m
       [33m[2m‚úì[22m[39m should allow saving first search [33m 358[2mms[22m[39m
[90mstdout[2m | src/features/students/components/NotesSection.test.tsx
[22m[39m[i18n] Initialized with English
[i18n] Found search translation keys: []

[90mstdout[2m | src/features/operations/components/AppearanceThemeSelector.test.tsx
[22m[39m[i18n] Initialized with English
[i18n] Found search translation keys: []

[90mstdout[2m | src/features/courses/components/EditCourseModal.test.tsx
[22m[39m[i18n] Initialized with English
[i18n] Found search translation keys: []

 [32m‚úì[39m src/features/operations/components/AppearanceThemeSelector.test.tsx [2m([22m[2m23 tests[22m[2m)[22m[33m 1732[2mms[22m[39m
       [33m[2m‚úì[22m[39m handles rapid theme changes [33m 357[2mms[22m[39m
 [32m‚úì[39m src/features/courses/components/EditCourseModal.test.tsx [2m([22m[2m21 tests[22m[2m)[22m[33m 1529[2mms[22m[39m
       [33m[2m‚úì[22m[39m allows editing course name [33m 421[2mms[22m[39m
 [32m‚úì[39m src/features/students/components/NotesSection.test.tsx [2m([22m[2m24 tests[22m[2m)[22m[33m 1704[2mms[22m[39m
       [33m[2m‚úì[22m[39m handles unicode characters (Greek, emoji) [33m 310[2mms[22m[39m
[90mstdout[2m | src/components/__tests__/NotificationCenter.test.tsx
[22m[39m[i18n] Initialized with English
[i18n] Found search translation keys: []

[90mstdout[2m | src/pages/__tests__/AdminPermissionsPage.test.tsx
[22m[39m[i18n] Initialized with English
[i18n] Found search translation keys: []

[90mstdout[2m | src/hooks/useCoursesQuery.test.ts
[22m[39m[i18n] Initialized with English
[i18n] Found search translation keys: []

stderr | src/hooks/useCoursesQuery.test.ts > useCoursesQuery hooks > useCourses - basic fetching > sets error state on failure
[useCourses] Error: Network fail Error: Network fail
    at D:/SMS/student-management-system/frontend/src/hooks/useCoursesQuery.test.ts:116:21
    at file:///D:/SMS/student-management-system/frontend/node_modules/@vitest/runner/dist/index.js:145:11
    at file:///D:/SMS/student-management-system/frontend/node_modules/@vitest/runner/dist/index.js:915:26
    at file:///D:/SMS/student-management-system/frontend/node_modules/@vitest/runner/dist/index.js:1243:20
    at new Promise (<anonymous>)
    at runWithTimeout (file:///D:/SMS/student-management-system/frontend/node_modules/@vitest/runner/dist/index.js:1209:10)
    at file:///D:/SMS/student-management-system/frontend/node_modules/@vitest/runner/dist/index.js:1653:37
    at Traces.$ (file:///D:/SMS/student-management-system/frontend/node_modules/vitest/dist/chunks/traces.U4xDYhzZ.js:115:27)
    at trace (file:///D:/SMS/student-management-system/frontend/node_modules/vitest/dist/chunks/test.B8ej_ZHS.js:239:21)
    at runTest (file:///D:/SMS/student-management-system/frontend/node_modules/@vitest/runner/dist/index.js:1653:12)

 [32m‚úì[39m src/components/__tests__/NotificationCenter.test.tsx [2m([22m[2m21 tests[22m[2m)[22m[33m 1173[2mms[22m[39m
 [32m‚úì[39m src/hooks/useCoursesQuery.test.ts [2m([22m[2m15 tests[22m[2m)[22m[33m 813[2mms[22m[39m
 [32m‚úì[39m src/pages/__tests__/AdminPermissionsPage.test.tsx [2m([22m[2m2 tests[22m[2m)[22m[33m 1065[2mms[22m[39m
     [33m[2m‚úì[22m[39m allows granting, revoking, and auditing permissions [33m 852[2mms[22m[39m
 [32m‚úì[39m src/features/students/components/AddStudentModal.test.tsx [2m([22m[2m26 tests[22m[2m)[22m[33m 15496[2mms[22m[39m
       [33m[2m‚úì[22m[39m allows typing in all text fields [33m 909[2mms[22m[39m
       [33m[2m‚úì[22m[39m allows typing in address textarea [33m 643[2mms[22m[39m
       [33m[2m‚úì[22m[39m allows selecting dates [33m 340[2mms[22m[39m
       [33m[2m‚úì[22m[39m shows validation error for invalid email (schema validation) [33m 824[2mms[22m[39m
       [33m[2m‚úì[22m[39m shows validation error for invalid student ID pattern [33m 733[2mms[22m[39m
       [33m[2m‚úì[22m[39m shows validation error for too long student ID [33m 1358[2mms[22m[39m
       [33m[2m‚úì[22m[39m normalizes whitespace and lowercases email on submit [33m 942[2mms[22m[39m
       [33m[2m‚úì[22m[39m converts email to lowercase [33m 718[2mms[22m[39m
       [33m[2m‚úì[22m[39m calls onAdd with valid form data [33m 920[2mms[22m[39m
       [33m[2m‚úì[22m[39m calls onClose after successful submission [33m 686[2mms[22m[39m
       [33m[2m‚úì[22m[39m includes default values for optional backend fields [33m 686[2mms[22m[39m
       [33m[2m‚úì[22m[39m handles submission with optional fields empty [33m 752[2mms[22m[39m
       [33m[2m‚úì[22m[39m submits with all fields filled including optional [33m 1449[2mms[22m[39m
       [33m[2m‚úì[22m[39m disables submit button during submission [33m 643[2mms[22m[39m
       [33m[2m‚úì[22m[39m handles special characters in names [33m 971[2mms[22m[39m
       [33m[2m‚úì[22m[39m handles very long phone numbers within limit [33m 1178[2mms[22m[39m
       [33m[2m‚úì[22m[39m validates phone number max length [33m 1149[2mms[22m[39m
[90mstdout[2m | src/components/notifications/__tests__/NotificationBell.test.tsx
[22m[39m[i18n] Initialized with English
[i18n] Found search translation keys: []

[90mstdout[2m | src/components/__tests__/NotificationBell.test.tsx
[22m[39m[i18n] Initialized with English
[i18n] Found search translation keys: []

[90mstdout[2m | src/features/students/components/StudentCard.test.tsx
[22m[39m[i18n] Initialized with English
[i18n] Found search translation keys: []

[90mstdout[2m | src/components/notifications/__tests__/NotificationItem.test.tsx
[22m[39m[i18n] Initialized with English
[i18n] Found search translation keys: []

 [32m‚úì[39m src/components/notifications/__tests__/NotificationBell.test.tsx [2m([22m[2m19 tests[22m[2m)[22m[33m 787[2mms[22m[39m
 [32m‚úì[39m src/components/__tests__/NotificationBell.test.tsx [2m([22m[2m27 tests[22m[2m)[22m[33m 761[2mms[22m[39m
Not implemented: navigation to another Document
Not implemented: navigation to another Document
Not implemented: navigation to another Document
 [32m‚úì[39m src/components/notifications/__tests__/NotificationItem.test.tsx [2m([22m[2m43 tests[22m[2m)[22m[33m 1098[2mms[22m[39m
       [33m[2m‚úì[22m[39m should render mark as read button [33m 475[2mms[22m[39m
 [32m‚úì[39m src/features/students/components/StudentCard.test.tsx [2m([22m[2m33 tests[22m[2m)[22m[33m 1103[2mms[22m[39m
       [33m[2m‚úì[22m[39m shows action buttons [33m 342[2mms[22m[39m
[90mstdout[2m | src/hooks/useStudentsQuery.test.tsx
[22m[39m[i18n] Initialized with English
[i18n] Found search translation keys: []

[90mstdout[2m | src/hooks/useStudentsQuery.test.ts
[22m[39m[i18n] Initialized with English
[i18n] Found search translation keys: []

[90mstdout[2m | src/components/__tests__/SearchResults.test.tsx
[22m[39m[i18n] Initialized with English
[i18n] Found search translation keys: []

[90mstdout[2m | src/features/analytics/hooks/__tests__/useAnalytics.test.ts
[22m[39m[i18n] Initialized with English
[i18n] Found search translation keys: []

stderr | src/features/analytics/hooks/__tests__/useAnalytics.test.ts > useAnalytics Hook > returns initial state with loading true
An update to TestComponent inside a test was not wrapped in act(...).

When testing, code that causes React state updates should be wrapped into act(...):

act(() => {
  /* fire events that update state */
});
/* assert on the output */

This ensures that you're testing the behavior the user would see in the browser. Learn more at https://react.dev/link/wrap-tests-with-act
An update to TestComponent inside a test was not wrapped in act(...).

When testing, code that causes React state updates should be wrapped into act(...):

act(() => {
  /* fire events that update state */
});
/* assert on the output */

This ensures that you're testing the behavior the user would see in the browser. Learn more at https://react.dev/link/wrap-tests-with-act
An update to TestComponent inside a test was not wrapped in act(...).

When testing, code that causes React state updates should be wrapped into act(...):

act(() => {
  /* fire events that update state */
});
/* assert on the output */

This ensures that you're testing the behavior the user would see in the browser. Learn more at https://react.dev/link/wrap-tests-with-act

stderr | src/features/analytics/hooks/__tests__/useAnalytics.test.ts > useAnalytics Hook > returns initial state with loading true
An update to TestComponent inside a test was not wrapped in act(...).

When testing, code that causes React state updates should be wrapped into act(...):

act(() => {
  /* fire events that update state */
});
/* assert on the output */

This ensures that you're testing the behavior the user would see in the browser. Learn more at https://react.dev/link/wrap-tests-with-act

stderr | src/features/analytics/hooks/__tests__/useAnalytics.test.ts > useAnalytics Hook > handles error when fetching fails
Error fetching performance: Error: Network error
    at D:/SMS/student-management-system/frontend/src/features/analytics/hooks/__tests__/useAnalytics.test.ts:80:19
    at file:///D:/SMS/student-management-system/frontend/node_modules/@vitest/runner/dist/index.js:145:11
    at file:///D:/SMS/student-management-system/frontend/node_modules/@vitest/runner/dist/index.js:915:26
    at file:///D:/SMS/student-management-system/frontend/node_modules/@vitest/runner/dist/index.js:1243:20
    at new Promise (<anonymous>)
    at runWithTimeout (file:///D:/SMS/student-management-system/frontend/node_modules/@vitest/runner/dist/index.js:1209:10)
    at file:///D:/SMS/student-management-system/frontend/node_modules/@vitest/runner/dist/index.js:1653:37
    at Traces.$ (file:///D:/SMS/student-management-system/frontend/node_modules/vitest/dist/chunks/traces.U4xDYhzZ.js:115:27)
    at trace (file:///D:/SMS/student-management-system/frontend/node_modules/vitest/dist/chunks/test.B8ej_ZHS.js:239:21)
    at runTest (file:///D:/SMS/student-management-system/frontend/node_modules/@vitest/runner/dist/index.js:1653:12)
Error fetching trends: Error: Network error
    at D:/SMS/student-management-system/frontend/src/features/analytics/hooks/__tests__/useAnalytics.test.ts:80:19
    at file:///D:/SMS/student-management-system/frontend/node_modules/@vitest/runner/dist/index.js:145:11
    at file:///D:/SMS/student-management-system/frontend/node_modules/@vitest/runner/dist/index.js:915:26
    at file:///D:/SMS/student-management-system/frontend/node_modules/@vitest/runner/dist/index.js:1243:20
    at new Promise (<anonymous>)
    at runWithTimeout (file:///D:/SMS/student-management-system/frontend/node_modules/@vitest/runner/dist/index.js:1209:10)
    at file:///D:/SMS/student-management-system/frontend/node_modules/@vitest/runner/dist/index.js:1653:37
    at Traces.$ (file:///D:/SMS/student-management-system/frontend/node_modules/vitest/dist/chunks/traces.U4xDYhzZ.js:115:27)
    at trace (file:///D:/SMS/student-management-system/frontend/node_modules/vitest/dist/chunks/test.B8ej_ZHS.js:239:21)
    at runTest (file:///D:/SMS/student-management-system/frontend/node_modules/@vitest/runner/dist/index.js:1653:12)
Error fetching attendance: Error: Network error
    at D:/SMS/student-management-system/frontend/src/features/analytics/hooks/__tests__/useAnalytics.test.ts:80:19
    at file:///D:/SMS/student-management-system/frontend/node_modules/@vitest/runner/dist/index.js:145:11
    at file:///D:/SMS/student-management-system/frontend/node_modules/@vitest/runner/dist/index.js:915:26
    at file:///D:/SMS/student-management-system/frontend/node_modules/@vitest/runner/dist/index.js:1243:20
    at new Promise (<anonymous>)
    at runWithTimeout (file:///D:/SMS/student-management-system/frontend/node_modules/@vitest/runner/dist/index.js:1209:10)
    at file:///D:/SMS/student-management-system/frontend/node_modules/@vitest/runner/dist/index.js:1653:37
    at Traces.$ (file:///D:/SMS/student-management-system/frontend/node_modules/vitest/dist/chunks/traces.U4xDYhzZ.js:115:27)
    at trace (file:///D:/SMS/student-management-system/frontend/node_modules/vitest/dist/chunks/test.B8ej_ZHS.js:239:21)
    at runTest (file:///D:/SMS/student-management-system/frontend/node_modules/@vitest/runner/dist/index.js:1653:12)

 [32m‚úì[39m src/hooks/useStudentsQuery.test.tsx [2m([22m[2m12 tests[22m[2m)[22m[33m 581[2mms[22m[39m
 [32m‚úì[39m src/hooks/useStudentsQuery.test.ts [2m([22m[2m12 tests[22m[2m)[22m[33m 567[2mms[22m[39m
stderr | src/features/analytics/hooks/__tests__/useAnalytics.test.ts > useAnalytics Hook > provides refetch function
An update to TestComponent inside a test was not wrapped in act(...).

When testing, code that causes React state updates should be wrapped into act(...):

act(() => {
  /* fire events that update state */
});
/* assert on the output */

This ensures that you're testing the behavior the user would see in the browser. Learn more at https://react.dev/link/wrap-tests-with-act
An update to TestComponent inside a test was not wrapped in act(...).

When testing, code that causes React state updates should be wrapped into act(...):

act(() => {
  /* fire events that update state */
});
/* assert on the output */

This ensures that you're testing the behavior the user would see in the browser. Learn more at https://react.dev/link/wrap-tests-with-act

stderr | src/features/analytics/hooks/__tests__/useAnalytics.test.ts > useAnalytics Hook > provides refetch function
An update to TestComponent inside a test was not wrapped in act(...).

When testing, code that causes React state updates should be wrapped into act(...):

act(() => {
  /* fire events that update state */
});
/* assert on the output */

This ensures that you're testing the behavior the user would see in the browser. Learn more at https://react.dev/link/wrap-tests-with-act

stderr | src/features/analytics/hooks/__tests__/useAnalytics.test.ts > useAnalytics Hook > provides refetch function
An update to TestComponent inside a test was not wrapped in act(...).

When testing, code that causes React state updates should be wrapped into act(...):

act(() => {
  /* fire events that update state */
});
/* assert on the output */

This ensures that you're testing the behavior the user would see in the browser. Learn more at https://react.dev/link/wrap-tests-with-act

stderr | src/features/analytics/hooks/__tests__/useAnalytics.test.ts > useAnalytics Hook > handles partial data loading
Error fetching trends: Error: Trends API down
    at D:/SMS/student-management-system/frontend/src/features/analytics/hooks/__tests__/useAnalytics.test.ts:151:30
    at file:///D:/SMS/student-management-system/frontend/node_modules/@vitest/runner/dist/index.js:145:11
    at file:///D:/SMS/student-management-system/frontend/node_modules/@vitest/runner/dist/index.js:915:26
    at file:///D:/SMS/student-management-system/frontend/node_modules/@vitest/runner/dist/index.js:1243:20
    at new Promise (<anonymous>)
    at runWithTimeout (file:///D:/SMS/student-management-system/frontend/node_modules/@vitest/runner/dist/index.js:1209:10)
    at file:///D:/SMS/student-management-system/frontend/node_modules/@vitest/runner/dist/index.js:1653:37
    at Traces.$ (file:///D:/SMS/student-management-system/frontend/node_modules/vitest/dist/chunks/traces.U4xDYhzZ.js:115:27)
    at trace (file:///D:/SMS/student-management-system/frontend/node_modules/vitest/dist/chunks/test.B8ej_ZHS.js:239:21)
    at runTest (file:///D:/SMS/student-management-system/frontend/node_modules/@vitest/runner/dist/index.js:1653:12)
Error fetching attendance: Error: Attendance API down
    at D:/SMS/student-management-system/frontend/src/features/analytics/hooks/__tests__/useAnalytics.test.ts:152:30
    at file:///D:/SMS/student-management-system/frontend/node_modules/@vitest/runner/dist/index.js:145:11
    at file:///D:/SMS/student-management-system/frontend/node_modules/@vitest/runner/dist/index.js:915:26
    at file:///D:/SMS/student-management-system/frontend/node_modules/@vitest/runner/dist/index.js:1243:20
    at new Promise (<anonymous>)
    at runWithTimeout (file:///D:/SMS/student-management-system/frontend/node_modules/@vitest/runner/dist/index.js:1209:10)
    at file:///D:/SMS/student-management-system/frontend/node_modules/@vitest/runner/dist/index.js:1653:37
    at Traces.$ (file:///D:/SMS/student-management-system/frontend/node_modules/vitest/dist/chunks/traces.U4xDYhzZ.js:115:27)
    at trace (file:///D:/SMS/student-management-system/frontend/node_modules/vitest/dist/chunks/test.B8ej_ZHS.js:239:21)
    at runTest (file:///D:/SMS/student-management-system/frontend/node_modules/@vitest/runner/dist/index.js:1653:12)

 [32m‚úì[39m src/features/analytics/hooks/__tests__/useAnalytics.test.ts [2m([22m[2m8 tests[22m[2m)[22m[33m 497[2mms[22m[39m
 [32m‚úì[39m src/components/__tests__/SearchResults.test.tsx [2m([22m[2m36 tests[22m[2m)[22m[33m 673[2mms[22m[39m
[90mstdout[2m | src/hooks/__tests__/useSearch.test.ts
[22m[39m[i18n] Initialized with English
[i18n] Found search translation keys: []

[90mstdout[2m | src/components/notifications/__tests__/NotificationDropdown.test.tsx
[22m[39m[i18n] Initialized with English
[i18n] Found search translation keys: []

[90mstdout[2m | src/ThemeContext.test.tsx
[22m[39m[i18n] Initialized with English
[i18n] Found search translation keys: []

stderr | src/ThemeContext.test.tsx > ThemeContext > setTheme > updates state even if localStorage fails
[ThemeProvider] Failed to save theme: Error: QuotaExceededError
    at Proxy.<anonymous> (D:/SMS/student-management-system/frontend/src/ThemeContext.test.tsx:175:15)
    at Proxy.setItem (file:///D:/SMS/student-management-system/frontend/node_modules/@vitest/spy/dist/index.js:285:34)
    at Object.setThemeImmediate [as setTheme] (D:/SMS/student-management-system/frontend/src/ThemeContext.tsx:142:20)
    at D:/SMS/student-management-system/frontend/src/ThemeContext.test.tsx:181:24
    at D:\SMS\student-management-system\frontend\node_modules\@testing-library\react\dist\act-compat.js:47:24
    at process.env.NODE_ENV.exports.act (D:\SMS\student-management-system\frontend\node_modules\react\cjs\react.development.js:814:22)
    at D:\SMS\student-management-system\frontend\node_modules\@testing-library\react\dist\act-compat.js:46:25
    at D:/SMS/student-management-system/frontend/src/ThemeContext.test.tsx:180:7
    at file:///D:/SMS/student-management-system/frontend/node_modules/@vitest/runner/dist/index.js:145:11
    at file:///D:/SMS/student-management-system/frontend/node_modules/@vitest/runner/dist/index.js:915:26

 [32m‚úì[39m src/hooks/__tests__/useSearch.test.ts [2m([22m[2m20 tests[22m[2m)[22m[33m 373[2mms[22m[39m
 [32m‚úì[39m src/components/notifications/__tests__/NotificationDropdown.test.tsx [2m([22m[2m21 tests[22m[2m)[22m[33m 334[2mms[22m[39m
 [32m‚úì[39m src/ThemeContext.test.tsx [2m([22m[2m35 tests[22m[2m)[22m[33m 335[2mms[22m[39m
[90mstdout[2m | src/features/students/components/CourseGradeBreakdown.test.tsx
[22m[39m[i18n] Initialized with English
[i18n] Found search translation keys: []

 [32m‚úì[39m src/features/students/components/CourseGradeBreakdown.test.tsx [2m([22m[2m24 tests[22m[2m)[22m[33m 451[2mms[22m[39m
stderr | src\features\students\components\CourseGradeBreakdown.tsx:49:23
Failed to load course info 999 TypeError: fetch failed
    at node:internal/deps/undici/undici:13510:13
    at processTicksAndRejections (node:internal/process/task_queues:95:5)
    at D:/SMS/student-management-system/frontend/src/features/students/components/CourseGradeBreakdown.tsx:41:32
    at async Promise.all (index 0)
    at fetchMissingCourses (D:/SMS/student-management-system/frontend/src/features/students/components/CourseGradeBreakdown.tsx:38:32) {
  [cause]: Error: connect ECONNREFUSED 127.0.0.1:8000
      at TCPConnectWrap.afterConnect [as oncomplete] (node:net:1611:16) {
    errno: -4078,
    code: 'ECONNREFUSED',
    syscall: 'connect',
    address: '127.0.0.1',
    port: 8000
  }
}

[90mstdout[2m | src/features/notifications/components/NotificationItem.test.tsx
[22m[39m[i18n] Initialized with English
[i18n] Found search translation keys: []

[90mstdout[2m | src/hooks/__tests__/useNotifications.test.ts
[22m[39m[i18n] Initialized with English
[i18n] Found search translation keys: []

[90mstdout[2m | src/components/views/CoursesView.test.tsx
[22m[39m[i18n] Initialized with English
[i18n] Found search translation keys: []

stderr | src/hooks/__tests__/useNotifications.test.ts > useNotifications Hook > fetchNotifications > should handle fetch errors
Failed to fetch notifications: Error: Failed to fetch
    at D:/SMS/student-management-system/frontend/src/hooks/__tests__/useNotifications.test.ts:123:21
    at file:///D:/SMS/student-management-system/frontend/node_modules/@vitest/runner/dist/index.js:145:11
    at file:///D:/SMS/student-management-system/frontend/node_modules/@vitest/runner/dist/index.js:915:26
    at file:///D:/SMS/student-management-system/frontend/node_modules/@vitest/runner/dist/index.js:1243:20
    at new Promise (<anonymous>)
    at runWithTimeout (file:///D:/SMS/student-management-system/frontend/node_modules/@vitest/runner/dist/index.js:1209:10)
    at file:///D:/SMS/student-management-system/frontend/node_modules/@vitest/runner/dist/index.js:1653:37
    at Traces.$ (file:///D:/SMS/student-management-system/frontend/node_modules/vitest/dist/chunks/traces.U4xDYhzZ.js:115:27)
    at trace (file:///D:/SMS/student-management-system/frontend/node_modules/vitest/dist/chunks/test.B8ej_ZHS.js:239:21)
    at runTest (file:///D:/SMS/student-management-system/frontend/node_modules/@vitest/runner/dist/index.js:1653:12)

stderr | src/features/notifications/components/NotificationItem.test.tsx > NotificationItem > should support keyboard navigation for mark as read button
An update to NotificationItem inside a test was not wrapped in act(...).

When testing, code that causes React state updates should be wrapped into act(...):

act(() => {
  /* fire events that update state */
});
/* assert on the output */

This ensures that you're testing the behavior the user would see in the browser. Learn more at https://react.dev/link/wrap-tests-with-act

 [32m‚úì[39m src/features/notifications/components/NotificationItem.test.tsx [2m([22m[2m8 tests[22m[2m)[22m[32m 245[2mms[22m[39m
stderr | src/hooks/__tests__/useNotifications.test.ts > useNotifications Hook > markAsRead > should handle mark as read errors
Failed to mark notification as read: Error: Failed to mark as read
    at D:/SMS/student-management-system/frontend/src/hooks/__tests__/useNotifications.test.ts:253:21
    at file:///D:/SMS/student-management-system/frontend/node_modules/@vitest/runner/dist/index.js:145:11
    at file:///D:/SMS/student-management-system/frontend/node_modules/@vitest/runner/dist/index.js:915:26
    at file:///D:/SMS/student-management-system/frontend/node_modules/@vitest/runner/dist/index.js:1243:20
    at new Promise (<anonymous>)
    at runWithTimeout (file:///D:/SMS/student-management-system/frontend/node_modules/@vitest/runner/dist/index.js:1209:10)
    at file:///D:/SMS/student-management-system/frontend/node_modules/@vitest/runner/dist/index.js:1653:37
    at Traces.$ (file:///D:/SMS/student-management-system/frontend/node_modules/vitest/dist/chunks/traces.U4xDYhzZ.js:115:27)
    at trace (file:///D:/SMS/student-management-system/frontend/node_modules/vitest/dist/chunks/test.B8ej_ZHS.js:239:21)
    at runTest (file:///D:/SMS/student-management-system/frontend/node_modules/@vitest/runner/dist/index.js:1653:12)

stderr | src/hooks/__tests__/useNotifications.test.ts > useNotifications Hook > Error Handling > should set error state on API failure
Failed to fetch notifications: Error: API Error
    at D:/SMS/student-management-system/frontend/src/hooks/__tests__/useNotifications.test.ts:464:21
    at file:///D:/SMS/student-management-system/frontend/node_modules/@vitest/runner/dist/index.js:145:11
    at file:///D:/SMS/student-management-system/frontend/node_modules/@vitest/runner/dist/index.js:915:26
    at file:///D:/SMS/student-management-system/frontend/node_modules/@vitest/runner/dist/index.js:1243:20
    at new Promise (<anonymous>)
    at runWithTimeout (file:///D:/SMS/student-management-system/frontend/node_modules/@vitest/runner/dist/index.js:1209:10)
    at file:///D:/SMS/student-management-system/frontend/node_modules/@vitest/runner/dist/index.js:1653:37
    at Traces.$ (file:///D:/SMS/student-management-system/frontend/node_modules/vitest/dist/chunks/traces.U4xDYhzZ.js:115:27)
    at trace (file:///D:/SMS/student-management-system/frontend/node_modules/vitest/dist/chunks/test.B8ej_ZHS.js:239:21)
    at runTest (file:///D:/SMS/student-management-system/frontend/node_modules/@vitest/runner/dist/index.js:1653:12)

 [32m‚úì[39m src/hooks/__tests__/useNotifications.test.ts [2m([22m[2m15 tests[22m[2m)[22m[33m 303[2mms[22m[39m
 [32m‚úì[39m src/components/views/CoursesView.test.tsx [2m([22m[2m2 tests[22m[2m)[22m[33m 311[2mms[22m[39m
[90mstdout[2m | src/features/students/components/GradeDistribution.test.tsx
[22m[39m[i18n] Initialized with English
[i18n] Found search translation keys: []

 [32m‚úì[39m src/features/students/components/GradeDistribution.test.tsx [2m([22m[2m22 tests[22m[2m)[22m[33m 415[2mms[22m[39m
[90mstdout[2m | src/services/__tests__/notificationWebSocket.test.ts
[22m[39m[i18n] Initialized with English
[i18n] Found search translation keys: []

stderr | src/services/__tests__/notificationWebSocket.test.ts > NotificationWebSocketClient > Connection State > should report connected after successful connection
[WebSocket] Connected to notifications server

stderr | src/services/__tests__/notificationWebSocket.test.ts > NotificationWebSocketClient > Connection State > should report not connected after disconnect
[WebSocket] Connected to notifications server

stderr | src/services/__tests__/notificationWebSocket.test.ts > NotificationWebSocketClient > Connection State > should report not connected after disconnect
[WebSocket] Disconnected

stderr | src/services/__tests__/notificationWebSocket.test.ts > NotificationWebSocketClient > Connection State > should report not connected after disconnect
[WebSocket] Connection closed
[WebSocket] Attempting to reconnect in 3000ms (attempt 1)

stderr | src/services/__tests__/notificationWebSocket.test.ts > NotificationWebSocketClient > URL Construction > should construct correct WebSocket URL
[WebSocket] Connected to notifications server

stderr | src/services/__tests__/notificationWebSocket.test.ts > NotificationWebSocketClient > URL Construction > should encode special characters in token
[WebSocket] Connected to notifications server

stderr | src/services/__tests__/notificationWebSocket.test.ts > NotificationWebSocketClient > Callbacks > should call onConnect callback
[WebSocket] Connected to notifications server

stderr | src/services/__tests__/notificationWebSocket.test.ts > NotificationWebSocketClient > Callbacks > should call onDisconnect callback
[WebSocket] Connected to notifications server

stderr | src/services/__tests__/notificationWebSocket.test.ts > NotificationWebSocketClient > Callbacks > should call onDisconnect callback
[WebSocket] Disconnected

stderr | src/services/__tests__/notificationWebSocket.test.ts > NotificationWebSocketClient > Callbacks > should call onDisconnect callback
[WebSocket] Connection closed
[WebSocket] Attempting to reconnect in 3000ms (attempt 1)

stderr | src/services/__tests__/notificationWebSocket.test.ts > NotificationWebSocketClient > Error Handling > should handle disconnect when not connected
[WebSocket] Disconnected

stderr | src/services/__tests__/notificationWebSocket.test.ts > NotificationWebSocketClient > Error Handling > should handle multiple disconnect calls
[WebSocket] Connected to notifications server

[90mstdout[2m | src/features/analytics/components/__tests__/AnalyticsDashboard.test.tsx
[22m[39m[i18n] Initialized with English
[i18n] Found search translation keys: []

stderr | src/services/__tests__/notificationWebSocket.test.ts > NotificationWebSocketClient > Error Handling > should handle multiple disconnect calls
[WebSocket] Disconnected
[WebSocket] Disconnected
[WebSocket] Disconnected

stderr | src/services/__tests__/notificationWebSocket.test.ts > NotificationWebSocketClient > Default Options > should use default callbacks if not provided
[WebSocket] Connection closed
[WebSocket] Attempting to reconnect in 3000ms (attempt 1)

stderr | src/services/__tests__/notificationWebSocket.test.ts > NotificationWebSocketClient > Default Options > should use default callbacks if not provided
[WebSocket] Connected to notifications server

 [32m‚úì[39m src/services/__tests__/notificationWebSocket.test.ts [2m([22m[2m12 tests[22m[2m)[22m[32m 244[2mms[22m[39m
[90mstdout[2m | src/features/analytics/components/__tests__/CardComponents.test.tsx
[22m[39m[i18n] Initialized with English
[i18n] Found search translation keys: []

 [32m‚úì[39m src/features/analytics/components/__tests__/CardComponents.test.tsx [2m([22m[2m21 tests[22m[2m)[22m[32m 170[2mms[22m[39m
 [32m‚úì[39m src/features/analytics/components/__tests__/AnalyticsDashboard.test.tsx [2m([22m[2m7 tests[22m[2m)[22m[32m 208[2mms[22m[39m
[90mstdout[2m | src/hooks/usePerformanceMonitor.test.ts
[22m[39m[i18n] Initialized with English
[i18n] Found search translation keys: []

stderr | src/hooks/usePerformanceMonitor.test.ts > usePerformanceMonitor hook > usePerformanceMonitor > should log warning when render time exceeds threshold
[Performance] TestComponent render #1 took 2850.00ms {
  component: 'TestComponent',
  duration: 2850,
  renderCount: 1,
  totalTime: '2850.00'
}

stderr | src/hooks/usePerformanceMonitor.test.ts > usePerformanceMonitor hook > usePerformanceMonitor > should include component name in warning message
[Performance] MyTestComponent render #1 took 2850.00ms {
  component: 'MyTestComponent',
  duration: 2850,
  renderCount: 1,
  totalTime: '2850.00'
}

stderr | src/hooks/usePerformanceMonitor.test.ts > usePerformanceMonitor hook > usePerformanceMonitor > should include render count in warning object
[Performance] TestComponent render #1 took 2850.00ms {
  component: 'TestComponent',
  duration: 2850,
  renderCount: 1,
  totalTime: '2850.00'
}

stderr | src/hooks/usePerformanceMonitor.test.ts > usePerformanceMonitor hook > usePerformanceMonitor > should track duration in warning object
[Performance] TestComponent render #1 took 2850.00ms {
  component: 'TestComponent',
  duration: 2850,
  renderCount: 1,
  totalTime: '2850.00'
}

stderr | src/hooks/usePerformanceMonitor.test.ts > usePerformanceMonitor hook > usePerformanceMonitor > should send analytics event when available
[Performance] TestComponent render #1 took 2850.00ms {
  component: 'TestComponent',
  duration: 2850,
  renderCount: 1,
  totalTime: '2850.00'
}

stderr | src/hooks/usePerformanceMonitor.test.ts > usePerformanceMonitor hook > usePerformanceMonitor > should not crash when analytics is not available
[Performance] TestComponent render #1 took 2850.00ms {
  component: 'TestComponent',
  duration: 2850,
  renderCount: 1,
  totalTime: '2850.00'
}

stderr | src/hooks/usePerformanceMonitor.test.ts > usePerformanceMonitor hook > usePerformanceMonitor > should use default threshold of 100ms
[Performance] TestComponent render #1 took 1919.00ms {
  component: 'TestComponent',
  duration: 1919,
  renderCount: 1,
  totalTime: '1919.00'
}

stderr | src/hooks/usePerformanceMonitor.test.ts > usePerformanceMonitor hook > usePerformanceMonitor > should handle multiple renders with different durations
[Performance] TestComponent-Updated render #2 took 17767.72ms {
  component: 'TestComponent-Updated',
  duration: 17767.7173,
  renderCount: 2,
  totalTime: '22567.72'
}

stderr | src/hooks/usePerformanceMonitor.test.ts > usePerformanceMonitor hook > usePerformanceMonitor > should accumulate total time across multiple renders
[Performance] TestComponent render #1 took 440.00ms {
  component: 'TestComponent',
  duration: 440,
  renderCount: 1,
  totalTime: '440.00'
}

stderr | src/hooks/usePerformanceMonitor.test.ts > usePerformanceMonitor hook > useApiPerformance > should use default threshold of 1000ms
[API Performance] /api/students request took 1500.00ms {
  endpoint: '/api/students',
  duration: 1500,
  name: 'https://example.com/api/students'
}

stderr | src/hooks/usePerformanceMonitor.test.ts > usePerformanceMonitor hook > useApiPerformance > should log warning for slow API requests
[API Performance] /api/students request took 600.00ms {
  endpoint: '/api/students',
  duration: 600,
  name: 'https://example.com/api/students'
}

stderr | src/hooks/usePerformanceMonitor.test.ts > usePerformanceMonitor hook > useApiPerformance > should send analytics event for slow API requests
[API Performance] /api/students request took 600.00ms {
  endpoint: '/api/students',
  duration: 600,
  name: 'https://example.com/api/students'
}

stderr | src/hooks/usePerformanceMonitor.test.ts > usePerformanceMonitor hook > useApiPerformance > should handle multiple entries in single observation
[API Performance] /api/students request took 600.00ms {
  endpoint: '/api/students',
  duration: 600,
  name: 'https://example.com/api/students/1'
}
[API Performance] /api/students request took 700.00ms {
  endpoint: '/api/students',
  duration: 700,
  name: 'https://example.com/api/students/3'
}

 [32m‚úì[39m src/hooks/usePerformanceMonitor.test.ts [2m([22m[2m26 tests[22m[2m)[22m[32m 68[2mms[22m[39m
[90mstdout[2m | src/features/students/components/GradeStatistics.test.tsx
[22m[39m[i18n] Initialized with English
[i18n] Found search translation keys: []

 [32m‚úì[39m src/features/students/components/GradeStatistics.test.tsx [2m([22m[2m18 tests[22m[2m)[22m[32m 203[2mms[22m[39m
[90mstdout[2m | src/utils/calendarUtils.test.ts
[22m[39m[i18n] Initialized with English
[i18n] Found search translation keys: []

[90mstdout[2m | src/hooks/useAutosave.test.ts
[22m[39m[i18n] Initialized with English
[i18n] Found search translation keys: []

stderr | src/hooks/useAutosave.test.ts > useAutosave hook > saveNow > should handle errors in saveNow
[useAutosave] Save failed: Error: Save failed
    at D:/SMS/student-management-system/frontend/src/hooks/useAutosave.test.ts:345:25
    at file:///D:/SMS/student-management-system/frontend/node_modules/@vitest/runner/dist/index.js:145:11
    at file:///D:/SMS/student-management-system/frontend/node_modules/@vitest/runner/dist/index.js:915:26
    at file:///D:/SMS/student-management-system/frontend/node_modules/@vitest/runner/dist/index.js:1243:20
    at new Promise (<anonymous>)
    at runWithTimeout (file:///D:/SMS/student-management-system/frontend/node_modules/@vitest/runner/dist/index.js:1209:10)
    at file:///D:/SMS/student-management-system/frontend/node_modules/@vitest/runner/dist/index.js:1653:37
    at Traces.$ (file:///D:/SMS/student-management-system/frontend/node_modules/vitest/dist/chunks/traces.U4xDYhzZ.js:115:27)
    at trace (file:///D:/SMS/student-management-system/frontend/node_modules/vitest/dist/chunks/test.B8ej_ZHS.js:239:21)
    at runTest (file:///D:/SMS/student-management-system/frontend/node_modules/@vitest/runner/dist/index.js:1653:12)

stderr | src/hooks/useAutosave.test.ts > useAutosave hook > callbacks > should call onError on save failure
[useAutosave] Save failed: Error: Save failed
    at D:/SMS/student-management-system/frontend/src/hooks/useAutosave.test.ts:463:25
    at file:///D:/SMS/student-management-system/frontend/node_modules/@vitest/runner/dist/index.js:145:11
    at file:///D:/SMS/student-management-system/frontend/node_modules/@vitest/runner/dist/index.js:915:26
    at file:///D:/SMS/student-management-system/frontend/node_modules/@vitest/runner/dist/index.js:1243:20
    at new Promise (<anonymous>)
    at runWithTimeout (file:///D:/SMS/student-management-system/frontend/node_modules/@vitest/runner/dist/index.js:1209:10)
    at file:///D:/SMS/student-management-system/frontend/node_modules/@vitest/runner/dist/index.js:1653:37
    at Traces.$ (file:///D:/SMS/student-management-system/frontend/node_modules/vitest/dist/chunks/traces.U4xDYhzZ.js:115:27)
    at trace (file:///D:/SMS/student-management-system/frontend/node_modules/vitest/dist/chunks/test.B8ej_ZHS.js:239:21)
    at runTest (file:///D:/SMS/student-management-system/frontend/node_modules/@vitest/runner/dist/index.js:1653:12)

stderr | src/hooks/useAutosave.test.ts > useAutosave hook > callbacks > should not call onSuccess if error occurs
[useAutosave] Save failed: Error: Save failed
    at D:/SMS/student-management-system/frontend/src/hooks/useAutosave.test.ts:483:50
    at file:///D:/SMS/student-management-system/frontend/node_modules/@vitest/runner/dist/index.js:145:11
    at file:///D:/SMS/student-management-system/frontend/node_modules/@vitest/runner/dist/index.js:915:26
    at file:///D:/SMS/student-management-system/frontend/node_modules/@vitest/runner/dist/index.js:1243:20
    at new Promise (<anonymous>)
    at runWithTimeout (file:///D:/SMS/student-management-system/frontend/node_modules/@vitest/runner/dist/index.js:1209:10)
    at file:///D:/SMS/student-management-system/frontend/node_modules/@vitest/runner/dist/index.js:1653:37
    at Traces.$ (file:///D:/SMS/student-management-system/frontend/node_modules/vitest/dist/chunks/traces.U4xDYhzZ.js:115:27)
    at trace (file:///D:/SMS/student-management-system/frontend/node_modules/vitest/dist/chunks/test.B8ej_ZHS.js:239:21)
    at runTest (file:///D:/SMS/student-management-system/frontend/node_modules/@vitest/runner/dist/index.js:1653:12)

 [32m‚úì[39m src/utils/calendarUtils.test.ts [2m([22m[2m27 tests[22m[2m)[22m[32m 172[2mms[22m[39m
 [32m‚úì[39m src/hooks/useAutosave.test.ts [2m([22m[2m28 tests[22m[2m)[22m[32m 67[2mms[22m[39m
[90mstdout[2m | src/features/grading/components/GradeDisplay.test.tsx
[22m[39m[i18n] Initialized with English
[i18n] Found search translation keys: []

 [32m‚úì[39m src/features/grading/components/GradeDisplay.test.tsx [2m([22m[2m42 tests[22m[2m)[22m[32m 138[2mms[22m[39m
[90mstdout[2m | src/features/grading/components/__tests__/GradingView.decimal.test.tsx
[22m[39m[i18n] Initialized with English
[i18n] Found search translation keys: []

[90mstdout[2m | src/features/importExport/ImportWizard.test.tsx
[22m[39m[i18n] Initialized with English
[i18n] Found search translation keys: []

[90mstdout[2m | src/features/students/components/AttendanceDetails.test.tsx
[22m[39m[i18n] Initialized with English
[i18n] Found search translation keys: []

 [32m‚úì[39m src/features/grading/components/__tests__/GradingView.decimal.test.tsx [2m([22m[2m6 tests[22m[2m)[22m[32m 170[2mms[22m[39m
 [32m‚úì[39m src/features/students/components/AttendanceDetails.test.tsx [2m([22m[2m22 tests[22m[2m)[22m[32m 116[2mms[22m[39m
 [32m‚úì[39m src/features/importExport/ImportWizard.test.tsx [2m([22m[2m3 tests[22m[2m)[22m[32m 123[2mms[22m[39m
[90mstdout[2m | src/hooks/useStudentModals.test.ts
[22m[39m[i18n] Initialized with English
[i18n] Found search translation keys: []

 [32m‚úì[39m src/hooks/useStudentModals.test.ts [2m([22m[2m27 tests[22m[2m)[22m[32m 54[2mms[22m[39m
[90mstdout[2m | src/hooks/useFormValidation.test.ts
[22m[39m[i18n] Initialized with English
[i18n] Found search translation keys: []

 [32m‚úì[39m src/hooks/useFormValidation.test.ts [2m([22m[2m17 tests[22m[2m)[22m[32m 59[2mms[22m[39m
[90mstdout[2m | src/contexts/AuthContext.test.tsx
[22m[39m[i18n] Initialized with English
[i18n] Found search translation keys: []

[90mstdout[2m | src/hooks/useVirtualScroll.test.ts
[22m[39m[i18n] Initialized with English
[i18n] Found search translation keys: []

 [32m‚úì[39m src/hooks/useVirtualScroll.test.ts [2m([22m[2m42 tests[22m[2m)[22m[32m 56[2mms[22m[39m
 [32m‚úì[39m src/contexts/AuthContext.test.tsx [2m([22m[2m19 tests[22m[2m)[22m[32m 86[2mms[22m[39m
[90mstdout[2m | src/hooks/useCourseModals.test.ts
[22m[39m[i18n] Initialized with English
[i18n] Found search translation keys: []

 [32m‚úì[39m src/hooks/useCourseModals.test.ts [2m([22m[2m29 tests[22m[2m)[22m[32m 55[2mms[22m[39m
[90mstdout[2m | src/features/importExport/ExportDialog.test.tsx
[22m[39m[i18n] Initialized with English
[i18n] Found search translation keys: []

 [32m‚úì[39m src/features/importExport/ExportDialog.test.tsx [2m([22m[2m1 test[22m[2m)[22m[32m 71[2mms[22m[39m
[90mstdout[2m | src/hooks/useModal.test.ts
[22m[39m[i18n] Initialized with English
[i18n] Found search translation keys: []

[90mstdout[2m | src/LanguageContext.test.tsx
[22m[39m[i18n] Initialized with English
[i18n] Found search translation keys: []

 [32m‚úì[39m src/hooks/useModal.test.ts [2m([22m[2m21 tests[22m[2m)[22m[32m 44[2mms[22m[39m
 [32m‚úì[39m src/LanguageContext.test.tsx [2m([22m[2m14 tests[22m[2m)[22m[32m 67[2mms[22m[39m
[90mstdout[2m | src/hooks/useErrorRecovery.test.ts
[22m[39m[i18n] Initialized with English
[i18n] Found search translation keys: []

stderr | src/hooks/useErrorRecovery.test.ts > useErrorRecovery hook > error handling > should handle errors correctly
[ErrorRecovery] Scheduling retry 1/3 in 1000ms

stderr | src/hooks/useErrorRecovery.test.ts > useErrorRecovery hook > retry strategies > should increment retry count with backoff strategy
[ErrorRecovery] Scheduling retry 1/3 in 100ms

stderr | src/hooks/useErrorRecovery.test.ts > useErrorRecovery hook > retry strategies > should respect maxRetries limit
[ErrorRecovery] Scheduling retry 1/2 in 100ms
[ErrorRecovery] Scheduling retry 2/2 in 200ms

stderr | src/hooks/useErrorRecovery.test.ts > useErrorRecovery hook > exponential backoff calculation > should calculate correct exponential backoff delays
[ErrorRecovery] Scheduling retry 1/4 in 1000ms
[ErrorRecovery] Scheduling retry 2/4 in 2000ms

stderr | src/hooks/useErrorRecovery.test.ts > useErrorRecovery hook > manual retry > should reset on manual retry
[ErrorRecovery] Scheduling retry 1/3 in 1000ms
[ErrorRecovery] Manual retry triggered

stderr | src/hooks/useErrorRecovery.test.ts > useErrorRecovery hook > reset > should clear all state on reset
[ErrorRecovery] Scheduling retry 1/3 in 1000ms

stderr | src/hooks/useErrorRecovery.test.ts > useErrorRecovery hook > reset > should clear pending timeouts on reset
[ErrorRecovery] Scheduling retry 1/3 in 1000ms

stderr | src/hooks/useErrorRecovery.test.ts > useErrorRecovery hook > onError callback > should call onError callback when error occurs
[ErrorRecovery] Scheduling retry 1/3 in 1000ms

stderr | src/hooks/useErrorRecovery.test.ts > useErrorRecovery hook > onError callback > should provide retry function in onError callback
[ErrorRecovery] Scheduling retry 1/3 in 1000ms

stderr | src/hooks/useErrorRecovery.test.ts > useErrorRecovery hook > shouldRetry > should return true when conditions allow retry
[ErrorRecovery] Scheduling retry 1/3 in 1000ms

stderr | src/hooks/useErrorRecovery.test.ts > useErrorRecovery hook > shouldRetry > should return false when max retries exceeded
[ErrorRecovery] Scheduling retry 1/1 in 100ms

stderr | src/hooks/useErrorRecovery.test.ts > useErrorRecovery hook > edge cases > should handle rapid error handling
[ErrorRecovery] Scheduling retry 1/3 in 1000ms
[ErrorRecovery] Scheduling retry 1/3 in 1000ms

stderr | src/hooks/useErrorRecovery.test.ts > useErrorRecovery hook > edge cases > should handle non-Error objects
[ErrorRecovery] Scheduling retry 1/3 in 1000ms

stderr | src/hooks/useErrorRecovery.test.ts > useErrorRecovery hook > edge cases > should cap exponential backoff to avoid extremely long delays
[ErrorRecovery] Scheduling retry 1/10 in 1000ms
[ErrorRecovery] Scheduling retry 2/10 in 2000ms

 [32m‚úì[39m src/hooks/useErrorRecovery.test.ts [2m([22m[2m18 tests[22m[2m)[22m[32m 68[2mms[22m[39m
[90mstdout[2m | src/components/common/ServerControl.test.tsx
[22m[39m[i18n] Initialized with English
[i18n] Found search translation keys: []

[90mstdout[2m | src/components/import-export/__tests__/ImportExportPage.test.tsx
[22m[39m[i18n] Initialized with English
[i18n] Found search translation keys: []

[90mstdout[2m | src/schemas/course.schema.test.ts
[22m[39m[i18n] Initialized with English
[i18n] Found search translation keys: []

 [32m‚úì[39m src/schemas/course.schema.test.ts [2m([22m[2m53 tests[22m[2m)[22m[32m 22[2mms[22m[39m
 [32m‚úì[39m src/components/common/ServerControl.test.tsx [2m([22m[2m1 test[22m[2m)[22m[32m 54[2mms[22m[39m
[90mstdout[2m | src/i18n/__tests__/translations.test.ts
[22m[39m[i18n] Initialized with English
[i18n] Found search translation keys: []

 [32m‚úì[39m src/i18n/__tests__/translations.test.ts [2m([22m[2m7 tests[22m[2m)[22m[32m 37[2mms[22m[39m
 [32m‚úì[39m src/components/import-export/__tests__/ImportExportPage.test.tsx [2m([22m[2m1 test[22m[2m)[22m[32m 49[2mms[22m[39m
[90mstdout[2m | src/features/importExport/HistoryTable.test.tsx
[22m[39m[i18n] Initialized with English
[i18n] Found search translation keys: []

[90mstdout[2m | src/schemas/grade.schema.test.ts
[22m[39m[i18n] Initialized with English
[i18n] Found search translation keys: []

 [32m‚úì[39m src/schemas/grade.schema.test.ts [2m([22m[2m60 tests[22m[2m)[22m[32m 36[2mms[22m[39m
 [32m‚úì[39m src/features/importExport/HistoryTable.test.tsx [2m([22m[2m1 test[22m[2m)[22m[32m 43[2mms[22m[39m
[90mstdout[2m | src/schemas/attendance.schema.test.ts
[22m[39m[i18n] Initialized with English
[i18n] Found search translation keys: []

 [32m‚úì[39m src/schemas/attendance.schema.test.ts [2m([22m[2m53 tests[22m[2m)[22m[32m 19[2mms[22m[39m
[90mstdout[2m | src/api/__tests__/api.client.test.ts
[22m[39m[i18n] Initialized with English
[i18n] Found search translation keys: []

 [32m‚úì[39m src/api/__tests__/api.client.test.ts [2m([22m[2m12 tests[22m[2m)[22m[32m 21[2mms[22m[39m
stderr | src\utils\errorReporting.ts:82:17
Failed to send error to backend: TypeError: fetch failed
    at node:internal/deps/undici/undici:13510:13
    at processTicksAndRejections (node:internal/process/task_queues:95:5) {
  [cause]: Error: connect ECONNREFUSED 127.0.0.1:8000
      at TCPConnectWrap.afterConnect [as oncomplete] (node:net:1611:16) {
    errno: -4078,
    code: 'ECONNREFUSED',
    syscall: 'connect',
    address: '127.0.0.1',
    port: 8000
  }
}

stderr | src\utils\errorReporting.ts:82:17
Failed to send error to backend: TypeError: fetch failed
    at node:internal/deps/undici/undici:13510:13
    at processTicksAndRejections (node:internal/process/task_queues:95:5) {
  [cause]: Error: connect ECONNREFUSED 127.0.0.1:8000
      at TCPConnectWrap.afterConnect [as oncomplete] (node:net:1611:16) {
    errno: -4078,
    code: 'ECONNREFUSED',
    syscall: 'connect',
    address: '127.0.0.1',
    port: 8000
  }
}

[90mstdout[2m | src/contexts/AppearanceThemeContext.test.tsx
[22m[39m[i18n] Initialized with English
[i18n] Found search translation keys: []

[90mstdout[2m | src/schemas/student.schema.test.ts
[22m[39m[i18n] Initialized with English
[i18n] Found search translation keys: []

 [32m‚úì[39m src/schemas/student.schema.test.ts [2m([22m[2m48 tests[22m[2m)[22m[32m 20[2mms[22m[39m
 [32m‚úì[39m src/contexts/AppearanceThemeContext.test.tsx [2m([22m[2m2 tests[22m[2m)[22m[32m 17[2mms[22m[39m
[90mstdout[2m | src/stores/useAttendanceStore.test.ts
[22m[39m[i18n] Initialized with English
[i18n] Found search translation keys: []

 [32m‚úì[39m src/stores/useAttendanceStore.test.ts [2m([22m[2m33 tests[22m[2m)[22m[32m 13[2mms[22m[39m
[90mstdout[2m | src/features/importExport/useImportExport.test.ts
[22m[39m[i18n] Initialized with English
[i18n] Found search translation keys: []

 [32m‚úì[39m src/features/importExport/useImportExport.test.ts [2m([22m[2m1 test[22m[2m)[22m[32m 11[2mms[22m[39m
[90mstdout[2m | src/stores/useGradesStore.test.ts
[22m[39m[i18n] Initialized with English
[i18n] Found search translation keys: []

[90mstdout[2m | src/stores/useCoursesStore.test.ts
[22m[39m[i18n] Initialized with English
[i18n] Found search translation keys: []

 [32m‚úì[39m src/stores/useGradesStore.test.ts [2m([22m[2m32 tests[22m[2m)[22m[32m 13[2mms[22m[39m
 [32m‚úì[39m src/stores/useCoursesStore.test.ts [2m([22m[2m34 tests[22m[2m)[22m[32m 16[2mms[22m[39m
[90mstdout[2m | src/stores/useStudentsStore.test.ts
[22m[39m[i18n] Initialized with English
[i18n] Found search translation keys: []

 [32m‚úì[39m src/stores/useStudentsStore.test.ts [2m([22m[2m34 tests[22m[2m)[22m[32m 11[2mms[22m[39m
[90mstdout[2m | src/utils/categoryLabels.test.ts
[22m[39m[i18n] Initialized with English
[i18n] Found search translation keys: []

 [32m‚úì[39m src/utils/categoryLabels.test.ts [2m([22m[2m29 tests[22m[2m)[22m[32m 10[2mms[22m[39m
[90mstdout[2m | src/utils/date.test.ts
[22m[39m[i18n] Initialized with English
[i18n] Found search translation keys: []

[90mstdout[2m | src/utils/gradeUtils.test.ts
[22m[39m[i18n] Initialized with English
[i18n] Found search translation keys: []

 [32m‚úì[39m src/utils/date.test.ts [2m([22m[2m27 tests[22m[2m)[22m[32m 7[2mms[22m[39m
 [32m‚úì[39m src/utils/gradeUtils.test.ts [2m([22m[2m32 tests[22m[2m)[22m[32m 10[2mms[22m[39m
[90mstdout[2m | src/typescriptBasics.test.ts
[22m[39m[i18n] Initialized with English
[i18n] Found search translation keys: []

 [32m‚úì[39m src/typescriptBasics.test.ts [2m([22m[2m4 tests[22m[2m)[22m[32m 2[2mms[22m[39m
[90mstdout[2m | src/utils/errorMessage.test.ts
[22m[39m[i18n] Initialized with English
[i18n] Found search translation keys: []

 [32m‚úì[39m src/utils/errorMessage.test.ts [2m([22m[2m31 tests[22m[2m)[22m[32m 9[2mms[22m[39m
[90mstdout[2m | src/utils/__tests__/normalize.test.ts
[22m[39m[i18n] Initialized with English
[i18n] Found search translation keys: []

 [32m‚úì[39m src/utils/__tests__/normalize.test.ts [2m([22m[2m4 tests[22m[2m)[22m[32m 5[2mms[22m[39m
[90mstdout[2m | src/sanity.test.ts
[22m[39m[i18n] Initialized with English
[i18n] Found search translation keys: []

 [32m‚úì[39m src/sanity.test.ts [2m([22m[2m1 test[22m[2m)[22m[32m 2[2mms[22m[39m
[90mstdout[2m | src/api/__tests__/api.fallback.test.ts
[22m[39m[i18n] Initialized with English
[i18n] Found search translation keys: []

stderr | src/api/__tests__/api.fallback.test.ts > API dynamic fallback > switches to relative base on preflight failure for absolute original base
[api] Preflight failed for http://unreachable.invalid:9999/health. Falling back to relative '/api/v1'.

 [32m‚úì[39m src/api/__tests__/api.fallback.test.ts [2m([22m[2m3 tests[22m[2m)[22m[32m 5[2mms[22m[39m
[90mstdout[2m | src/api/__tests__/api.request.interceptor.test.ts
[22m[39m[i18n] Initialized with English
[i18n] Found search translation keys: []

 [32m‚úì[39m src/api/__tests__/api.request.interceptor.test.ts [2m([22m[2m3 tests[22m[2m)[22m[32m 5[2mms[22m[39m
[90mstdout[2m | src/utils/basicUtils.test.ts
[22m[39m[i18n] Initialized with English
[i18n] Found search translation keys: []

 [32m‚úì[39m src/utils/basicUtils.test.ts [2m([22m[2m4 tests[22m[2m)[22m[32m 4[2mms[22m[39m
[90mstdout[2m | src/services/__tests__/authService.test.ts
[22m[39m[i18n] Initialized with English
[i18n] Found search translation keys: []

 [32m‚úì[39m src/services/__tests__/authService.test.ts [2m([22m[2m2 tests[22m[2m)[22m[32m 4[2mms[22m[39m
[90mstdout[2m | src/components/import-export/__tests__/ImportExportComponents.test.tsx
[22m[39m[i18n] Initialized with English
[i18n] Found search translation keys: []

 [32m‚úì[39m src/components/import-export/__tests__/ImportExportComponents.test.tsx [2m([22m[2m1 test[22m[2m)[22m[32m 2[2mms[22m[39m

‚éØ‚éØ‚éØ‚éØ‚éØ‚éØ‚éØ Failed Tests 4 ‚éØ‚éØ‚éØ‚éØ‚éØ‚éØ‚éØ

 FAIL  src/components/__tests__/AdvancedFilters.test.tsx > AdvancedFilters Component > Filter Presets > should populate fields when preset selected
TestingLibraryElementError: Unable to find an element with the placeholder text of: /min grade|grade min/i

Ignored nodes: comments, script, style
<body>
  <div>
    <div
      class="advanced-filters "
    >
      <button
        aria-expanded="false"
        aria-label="Advanced Filters"
        class="filter-toggle "
      >
        <svg
          aria-hidden="true"
          class="toggle-icon"
          data-slot="icon"
          fill="none"
          role="img"
          stroke="currentColor"
          stroke-width="1.5"
          viewBox="0 0 24 24"
          xmlns="http://www.w3.org/2000/svg"
        >
          <path
            d="M12 3c2.755 0 5.455.232 8.083.678.533.09.917.556.917 1.096v1.044a2.25 2.25 0 0 1-.659 1.591l-5.432 5.432a2.25 2.25 0 0 0-.659 1.591v2.927a2.25 2.25 0 0 1-1.244 2.013L9.75 21v-6.568a2.25 2.25 0 0 0-.659-1.591L3.659 7.409A2.25 2.25 0 0 1 3 5.818V4.774c0-.54.384-1.006.917-1.096A48.32 48.32 0 0 1 12 3Z"
            stroke-linecap="round"
            stroke-linejoin="round"
          />
        </svg>
        Advanced Filters
      </button>
    </div>
  </div>
</body>
 ‚ùØ Object.getElementError node_modules/@testing-library/dom/dist/config.js:37:19
 ‚ùØ node_modules/@testing-library/dom/dist/query-helpers.js:76:38
 ‚ùØ node_modules/@testing-library/dom/dist/query-helpers.js:52:17
 ‚ùØ node_modules/@testing-library/dom/dist/query-helpers.js:95:19
 ‚ùØ src/components/__tests__/AdvancedFilters.test.tsx:267:31
    265|
    266|       // Filter fields should be populated
    267|       const minGrade = screen.getByPlaceholderText(/min grade|grade mi‚Ä¶
       |                               ^
    268|       expect(minGrade.value).toBeTruthy();
    269|     });

‚éØ‚éØ‚éØ‚éØ‚éØ‚éØ‚éØ‚éØ‚éØ‚éØ‚éØ‚éØ‚éØ‚éØ‚éØ‚éØ‚éØ‚éØ‚éØ‚éØ‚éØ‚éØ‚éØ‚éØ[1/4]‚éØ

 FAIL  src/components/__tests__/AdvancedFilters.test.tsx > AdvancedFilters Component > Apply/Reset > should call onApply when Apply clicked
AssertionError: expected "vi.fn()" to be called at least once
 ‚ùØ src/components/__tests__/AdvancedFilters.test.tsx:329:23
    327|       await user.click(applyButton);
    328|
    329|       expect(onApply).toHaveBeenCalled();
       |                       ^
    330|     });
    331|

‚éØ‚éØ‚éØ‚éØ‚éØ‚éØ‚éØ‚éØ‚éØ‚éØ‚éØ‚éØ‚éØ‚éØ‚éØ‚éØ‚éØ‚éØ‚éØ‚éØ‚éØ‚éØ‚éØ‚éØ[2/4]‚éØ

 FAIL  src/components/__tests__/AdvancedFilters.test.tsx > AdvancedFilters Component > Apply/Reset > should clear all fields when Reset clicked
AssertionError: expected 'John' to be '' // Object.is equality

- Expected
+ Received

+ John

 ‚ùØ src/components/__tests__/AdvancedFilters.test.tsx:363:36
    361|       await user.click(resetButton);
    362|
    363|       expect(firstNameInput.value).toBe('');
       |                                    ^
    364|     });
    365|   });

‚éØ‚éØ‚éØ‚éØ‚éØ‚éØ‚éØ‚éØ‚éØ‚éØ‚éØ‚éØ‚éØ‚éØ‚éØ‚éØ‚éØ‚éØ‚éØ‚éØ‚éØ‚éØ‚éØ‚éØ[3/4]‚éØ

 FAIL  src/components/__tests__/AdvancedFilters.test.tsx > AdvancedFilters Component > Accessibility > should be keyboard navigable
Error: expect(element).toHaveFocus()

Expected element with focus:
  <input
  id="advanced-filter-students-first_name"
  placeholder="First Name"
  type="text"
  value=""
/>
Received element with focus:
  <input
  id="advanced-filter-students-last_name"
  placeholder="Last Name"
  type="text"
  value=""
/>
 ‚ùØ src/components/__tests__/AdvancedFilters.test.tsx:467:9
    465|       expect(
    466|         screen.getByPlaceholderText(/first name/i)
    467|       ).toHaveFocus();
       |         ^
    468|     });
    469|

‚éØ‚éØ‚éØ‚éØ‚éØ‚éØ‚éØ‚éØ‚éØ‚éØ‚éØ‚éØ‚éØ‚éØ‚éØ‚éØ‚éØ‚éØ‚éØ‚éØ‚éØ‚éØ‚éØ‚éØ[4/4]‚éØ


[2m Test Files [22m [1m[31m1 failed[39m[22m[2m | [22m[1m[32m75 passed[39m[22m[90m (76)[39m
[2m      Tests [22m [1m[31m4 failed[39m[22m[2m | [22m[1m[32m1546 passed[39m[22m[90m (1550)[39m
[2m   Start at [22m 22:15:54
[2m   Duration [22m 41.31s[2m (transform 2.68s, setup 17.88s, import 15.67s, tests 57.47s, environment 59.07s)[22m

[1m[41m FAIL [49m[22m [31mTests failed. Watching for file changes...[39m
       [2mpress [22m[1mh[22m[2m to show help[22m[2m, [22m[2mpress [22m[1mq[22m[2m to quit[22m
[31mCancelling test run. Press CTRL+c again to exit forcefully.
[39m
