
â•”â•â•â•â•â•â•â•â•â•â•â•â•â•â•â•â•â•â•â•â•â•â•â•â•â•â•â•â•â•â•â•â•â•â•â•â•â•â•â•â•â•—

â•‘   Batch Test Runner (SMS v1.17.2)     â•‘

â•šâ•â•â•â•â•â•â•â•â•â•â•â•â•â•â•â•â•â•â•â•â•â•â•â•â•â•â•â•â•â•â•â•â•â•â•â•â•â•â•â•â•


ğŸ“ Logging to: D:\SMS\student-management-system\test-results\backend_batch_run_20260201_204910.txt


â„¹ Scanning for test files...


âœ“ Found 92 test files


â„¹ Split into 31 batches (3 files per batch)




â”Œâ”€â”€â”€â”€â”€â”€â”€â”€â”€â”€â”€â”€â”€â”€â”€â”€â”€â”€â”€â”€â”€â”€â”€â”€â”€â”€â”€â”€â”€â”€â”€â”€â”€â”€â”€â”€â”€â”€â”€â”€â”€â”

â”‚ Batch 1 of 31 (Files: 3)

â””â”€â”€â”€â”€â”€â”€â”€â”€â”€â”€â”€â”€â”€â”€â”€â”€â”€â”€â”€â”€â”€â”€â”€â”€â”€â”€â”€â”€â”€â”€â”€â”€â”€â”€â”€â”€â”€â”€â”€â”€â”€â”˜

  â€¢ test_admin_backup_encryption.py

  â€¢ test_admin_bootstrap.py

  â€¢ test_analytics_router.py

â„¹ Running tests...


........................                                                 [100%]
âœ“ Batch 1 completed successfully in 8.8s


  Waiting 2 seconds before next batch...


â”Œâ”€â”€â”€â”€â”€â”€â”€â”€â”€â”€â”€â”€â”€â”€â”€â”€â”€â”€â”€â”€â”€â”€â”€â”€â”€â”€â”€â”€â”€â”€â”€â”€â”€â”€â”€â”€â”€â”€â”€â”€â”€â”

â”‚ Batch 2 of 31 (Files: 3)

â””â”€â”€â”€â”€â”€â”€â”€â”€â”€â”€â”€â”€â”€â”€â”€â”€â”€â”€â”€â”€â”€â”€â”€â”€â”€â”€â”€â”€â”€â”€â”€â”€â”€â”€â”€â”€â”€â”€â”€â”€â”€â”˜

  â€¢ test_analytics_service.py

  â€¢ test_attendance_router.py

  â€¢ test_audit_router.py

â„¹ Running tests...


..............................................                           [100%]
âœ“ Batch 2 completed successfully in 5.5s


  Waiting 2 seconds before next batch...


â”Œâ”€â”€â”€â”€â”€â”€â”€â”€â”€â”€â”€â”€â”€â”€â”€â”€â”€â”€â”€â”€â”€â”€â”€â”€â”€â”€â”€â”€â”€â”€â”€â”€â”€â”€â”€â”€â”€â”€â”€â”€â”€â”

â”‚ Batch 3 of 31 (Files: 3)

â””â”€â”€â”€â”€â”€â”€â”€â”€â”€â”€â”€â”€â”€â”€â”€â”€â”€â”€â”€â”€â”€â”€â”€â”€â”€â”€â”€â”€â”€â”€â”€â”€â”€â”€â”€â”€â”€â”€â”€â”€â”€â”˜

  â€¢ test_audit.py

  â€¢ test_auth_flow.py

  â€¢ test_auth_refresh.py

â„¹ Running tests...


.........................                                                [100%]
âœ“ Batch 3 completed successfully in 6.4s


  Waiting 2 seconds before next batch...


â”Œâ”€â”€â”€â”€â”€â”€â”€â”€â”€â”€â”€â”€â”€â”€â”€â”€â”€â”€â”€â”€â”€â”€â”€â”€â”€â”€â”€â”€â”€â”€â”€â”€â”€â”€â”€â”€â”€â”€â”€â”€â”€â”

â”‚ Batch 4 of 31 (Files: 3)

â””â”€â”€â”€â”€â”€â”€â”€â”€â”€â”€â”€â”€â”€â”€â”€â”€â”€â”€â”€â”€â”€â”€â”€â”€â”€â”€â”€â”€â”€â”€â”€â”€â”€â”€â”€â”€â”€â”€â”€â”€â”€â”˜

  â€¢ test_auth_router.py

  â€¢ test_auto_import_courses.py

  â€¢ test_backup_encryption.py

â„¹ Running tests...


.........................................                                [100%]
âœ“ Batch 4 completed successfully in 4.8s


  Waiting 2 seconds before next batch...


â”Œâ”€â”€â”€â”€â”€â”€â”€â”€â”€â”€â”€â”€â”€â”€â”€â”€â”€â”€â”€â”€â”€â”€â”€â”€â”€â”€â”€â”€â”€â”€â”€â”€â”€â”€â”€â”€â”€â”€â”€â”€â”€â”

â”‚ Batch 5 of 31 (Files: 3)

â””â”€â”€â”€â”€â”€â”€â”€â”€â”€â”€â”€â”€â”€â”€â”€â”€â”€â”€â”€â”€â”€â”€â”€â”€â”€â”€â”€â”€â”€â”€â”€â”€â”€â”€â”€â”€â”€â”€â”€â”€â”€â”˜

  â€¢ test_change_password.py

  â€¢ test_config_module.py

  â€¢ test_config_settings.py

â„¹ Running tests...


........................                                                 [100%]
âœ“ Batch 5 completed successfully in 5.1s


  Waiting 2 seconds before next batch...


â”Œâ”€â”€â”€â”€â”€â”€â”€â”€â”€â”€â”€â”€â”€â”€â”€â”€â”€â”€â”€â”€â”€â”€â”€â”€â”€â”€â”€â”€â”€â”€â”€â”€â”€â”€â”€â”€â”€â”€â”€â”€â”€â”

â”‚ Batch 6 of 31 (Files: 3)

â””â”€â”€â”€â”€â”€â”€â”€â”€â”€â”€â”€â”€â”€â”€â”€â”€â”€â”€â”€â”€â”€â”€â”€â”€â”€â”€â”€â”€â”€â”€â”€â”€â”€â”€â”€â”€â”€â”€â”€â”€â”€â”˜

  â€¢ test_control_endpoints.py

  â€¢ test_control_environment.py

  â€¢ test_control_jwt_integration.py

â„¹ Running tests...


..................                                                       [100%]
âœ“ Batch 6 completed successfully in 9.8s


  Waiting 2 seconds before next batch...


â”Œâ”€â”€â”€â”€â”€â”€â”€â”€â”€â”€â”€â”€â”€â”€â”€â”€â”€â”€â”€â”€â”€â”€â”€â”€â”€â”€â”€â”€â”€â”€â”€â”€â”€â”€â”€â”€â”€â”€â”€â”€â”€â”

â”‚ Batch 7 of 31 (Files: 3)

â””â”€â”€â”€â”€â”€â”€â”€â”€â”€â”€â”€â”€â”€â”€â”€â”€â”€â”€â”€â”€â”€â”€â”€â”€â”€â”€â”€â”€â”€â”€â”€â”€â”€â”€â”€â”€â”€â”€â”€â”€â”€â”˜

  â€¢ test_control_maintenance.py

  â€¢ test_control_path_traversal.py

  â€¢ test_control_start_branches.py

â„¹ Running tests...


............                                                             [100%]
âœ“ Batch 7 completed successfully in 5.8s


  Waiting 2 seconds before next batch...


â”Œâ”€â”€â”€â”€â”€â”€â”€â”€â”€â”€â”€â”€â”€â”€â”€â”€â”€â”€â”€â”€â”€â”€â”€â”€â”€â”€â”€â”€â”€â”€â”€â”€â”€â”€â”€â”€â”€â”€â”€â”€â”€â”

â”‚ Batch 8 of 31 (Files: 3)

â””â”€â”€â”€â”€â”€â”€â”€â”€â”€â”€â”€â”€â”€â”€â”€â”€â”€â”€â”€â”€â”€â”€â”€â”€â”€â”€â”€â”€â”€â”€â”€â”€â”€â”€â”€â”€â”€â”€â”€â”€â”€â”˜

  â€¢ test_course_rule_normalization.py

  â€¢ test_courses_router.py

  â€¢ test_csrf_flow.py

â„¹ Running tests...


........................                                                 [100%]
âœ“ Batch 8 completed successfully in 5.4s


  Waiting 2 seconds before next batch...


â”Œâ”€â”€â”€â”€â”€â”€â”€â”€â”€â”€â”€â”€â”€â”€â”€â”€â”€â”€â”€â”€â”€â”€â”€â”€â”€â”€â”€â”€â”€â”€â”€â”€â”€â”€â”€â”€â”€â”€â”€â”€â”€â”

â”‚ Batch 9 of 31 (Files: 3)

â””â”€â”€â”€â”€â”€â”€â”€â”€â”€â”€â”€â”€â”€â”€â”€â”€â”€â”€â”€â”€â”€â”€â”€â”€â”€â”€â”€â”€â”€â”€â”€â”€â”€â”€â”€â”€â”€â”€â”€â”€â”€â”˜

  â€¢ test_csv_import.py

  â€¢ test_custom_report_generation_service.py

  â€¢ test_custom_reports_router.py

â„¹ Running tests...


.....FFF                                                                 [100%]
================================== FAILURES ===================================
D:\SMS\student-management-system\backend\tests\test_custom_reports_router.py:69: assert 404 == 401
D:\SMS\student-management-system\backend\tests\test_custom_reports_router.py:77: AssertionError: {"detail":"Not Found"}
D:\SMS\student-management-system\backend\tests\test_custom_reports_router.py:117: assert 404 == 200
=========================== short test summary info ===========================
FAILED tests/test_custom_reports_router.py::test_custom_report_requires_auth
FAILED tests/test_custom_reports_router.py::test_template_endpoints - Asserti...
FAILED tests/test_custom_reports_router.py::test_custom_report_flow - assert ...
âœ— Batch 9 failed in 4.6s


  Waiting 2 seconds before next batch...


â”Œâ”€â”€â”€â”€â”€â”€â”€â”€â”€â”€â”€â”€â”€â”€â”€â”€â”€â”€â”€â”€â”€â”€â”€â”€â”€â”€â”€â”€â”€â”€â”€â”€â”€â”€â”€â”€â”€â”€â”€â”€â”€â”

â”‚ Batch 10 of 31 (Files: 3)

â””â”€â”€â”€â”€â”€â”€â”€â”€â”€â”€â”€â”€â”€â”€â”€â”€â”€â”€â”€â”€â”€â”€â”€â”€â”€â”€â”€â”€â”€â”€â”€â”€â”€â”€â”€â”€â”€â”€â”€â”€â”€â”˜

  â€¢ test_custom_reports_service.py

  â€¢ test_daily_performance_router.py

  â€¢ test_database_upload.py

â„¹ Running tests...



=================================== ERRORS ====================================
____________ ERROR collecting tests/test_custom_reports_service.py ____________
C:\Users\Vasilis\AppData\Local\Programs\Python\Python313\Lib\site-packages\_pytest\python.py:498: in importtestmodule
    mod = import_path(
C:\Users\Vasilis\AppData\Local\Programs\Python\Python313\Lib\site-packages\_pytest\pathlib.py:587: in import_path
    importlib.import_module(module_name)
C:\Users\Vasilis\AppData\Local\Programs\Python\Python313\Lib\importlib\__init__.py:88: in import_module
    return _bootstrap._gcd_import(name[level:], package, level)
           ^^^^^^^^^^^^^^^^^^^^^^^^^^^^^^^^^^^^^^^^^^^^^^^^^^^^
<frozen importlib._bootstrap>:1387: in _gcd_import
    ???
<frozen importlib._bootstrap>:1360: in _find_and_load
    ???
<frozen importlib._bootstrap>:1331: in _find_and_load_unlocked
    ???
<frozen importlib._bootstrap>:935: in _load_unlocked
    ???
C:\Users\Vasilis\AppData\Local\Programs\Python\Python313\Lib\site-packages\_pytest\assertion\rewrite.py:186: in exec_module
    exec(co, module.__dict__)
tests\test_custom_reports_service.py:15: in <module>
    from backend.services.custom_report_service import CustomReportService
E     File "D:\SMS\student-management-system\backend\services\custom_report_service.py", line 131
E       if report.schedule_enabled:
E   IndentationError: unexpected indent
=========================== short test summary info ===========================
ERROR tests/test_custom_reports_service.py
!!!!!!!!!!!!!!!!!!! Interrupted: 1 error during collection !!!!!!!!!!!!!!!!!!!!
âœ— Batch 10 failed in 2.7s


  Waiting 2 seconds before next batch...


â”Œâ”€â”€â”€â”€â”€â”€â”€â”€â”€â”€â”€â”€â”€â”€â”€â”€â”€â”€â”€â”€â”€â”€â”€â”€â”€â”€â”€â”€â”€â”€â”€â”€â”€â”€â”€â”€â”€â”€â”€â”€â”€â”

â”‚ Batch 11 of 31 (Files: 3)

â””â”€â”€â”€â”€â”€â”€â”€â”€â”€â”€â”€â”€â”€â”€â”€â”€â”€â”€â”€â”€â”€â”€â”€â”€â”€â”€â”€â”€â”€â”€â”€â”€â”€â”€â”€â”€â”€â”€â”€â”€â”€â”˜

  â€¢ test_db_utils.py

  â€¢ test_edge_cases.py

  â€¢ test_enrollments_router.py

â„¹ Running tests...


....................................                                     [100%]
âœ“ Batch 11 completed successfully in 4.9s


  Waiting 2 seconds before next batch...


â”Œâ”€â”€â”€â”€â”€â”€â”€â”€â”€â”€â”€â”€â”€â”€â”€â”€â”€â”€â”€â”€â”€â”€â”€â”€â”€â”€â”€â”€â”€â”€â”€â”€â”€â”€â”€â”€â”€â”€â”€â”€â”€â”

â”‚ Batch 12 of 31 (Files: 3)

â””â”€â”€â”€â”€â”€â”€â”€â”€â”€â”€â”€â”€â”€â”€â”€â”€â”€â”€â”€â”€â”€â”€â”€â”€â”€â”€â”€â”€â”€â”€â”€â”€â”€â”€â”€â”€â”€â”€â”€â”€â”€â”˜

  â€¢ test_environment_detection.py

  â€¢ test_environment_module.py

  â€¢ test_exception_handlers.py

â„¹ Running tests...


...............                                                          [100%]
âœ“ Batch 12 completed successfully in 5.7s


  Waiting 2 seconds before next batch...


â”Œâ”€â”€â”€â”€â”€â”€â”€â”€â”€â”€â”€â”€â”€â”€â”€â”€â”€â”€â”€â”€â”€â”€â”€â”€â”€â”€â”€â”€â”€â”€â”€â”€â”€â”€â”€â”€â”€â”€â”€â”€â”€â”

â”‚ Batch 13 of 31 (Files: 3)

â””â”€â”€â”€â”€â”€â”€â”€â”€â”€â”€â”€â”€â”€â”€â”€â”€â”€â”€â”€â”€â”€â”€â”€â”€â”€â”€â”€â”€â”€â”€â”€â”€â”€â”€â”€â”€â”€â”€â”€â”€â”€â”˜

  â€¢ test_export_analytics.py

  â€¢ test_facet_service.py

  â€¢ test_grade_calculation_fix.py

â„¹ Running tests...


......................                                                   [100%]
âœ“ Batch 13 completed successfully in 5s


  Waiting 2 seconds before next batch...


â”Œâ”€â”€â”€â”€â”€â”€â”€â”€â”€â”€â”€â”€â”€â”€â”€â”€â”€â”€â”€â”€â”€â”€â”€â”€â”€â”€â”€â”€â”€â”€â”€â”€â”€â”€â”€â”€â”€â”€â”€â”€â”€â”

â”‚ Batch 14 of 31 (Files: 3)

â””â”€â”€â”€â”€â”€â”€â”€â”€â”€â”€â”€â”€â”€â”€â”€â”€â”€â”€â”€â”€â”€â”€â”€â”€â”€â”€â”€â”€â”€â”€â”€â”€â”€â”€â”€â”€â”€â”€â”€â”€â”€â”˜

  â€¢ test_grade_calculation_integration.py

  â€¢ test_grade_calculation.py

  â€¢ test_grades_router.py

â„¹ Running tests...


..........................                                               [100%]
âœ“ Batch 14 completed successfully in 5.5s


  Waiting 2 seconds before next batch...


â”Œâ”€â”€â”€â”€â”€â”€â”€â”€â”€â”€â”€â”€â”€â”€â”€â”€â”€â”€â”€â”€â”€â”€â”€â”€â”€â”€â”€â”€â”€â”€â”€â”€â”€â”€â”€â”€â”€â”€â”€â”€â”€â”

â”‚ Batch 15 of 31 (Files: 3)

â””â”€â”€â”€â”€â”€â”€â”€â”€â”€â”€â”€â”€â”€â”€â”€â”€â”€â”€â”€â”€â”€â”€â”€â”€â”€â”€â”€â”€â”€â”€â”€â”€â”€â”€â”€â”€â”€â”€â”€â”€â”€â”˜

  â€¢ test_gzip_middleware.py

  â€¢ test_health_checks.py

  â€¢ test_health.py

â„¹ Running tests...


.......                                                                  [100%]
âœ“ Batch 15 completed successfully in 6s


  Waiting 2 seconds before next batch...


â”Œâ”€â”€â”€â”€â”€â”€â”€â”€â”€â”€â”€â”€â”€â”€â”€â”€â”€â”€â”€â”€â”€â”€â”€â”€â”€â”€â”€â”€â”€â”€â”€â”€â”€â”€â”€â”€â”€â”€â”€â”€â”€â”

â”‚ Batch 16 of 31 (Files: 3)

â””â”€â”€â”€â”€â”€â”€â”€â”€â”€â”€â”€â”€â”€â”€â”€â”€â”€â”€â”€â”€â”€â”€â”€â”€â”€â”€â”€â”€â”€â”€â”€â”€â”€â”€â”€â”€â”€â”€â”€â”€â”€â”˜

  â€¢ test_import_export.py

  â€¢ test_import_resolver_cov.py

  â€¢ test_import_resolver.py

â„¹ Running tests...


..............                                                           [100%]
âœ“ Batch 16 completed successfully in 4.9s


  Waiting 2 seconds before next batch...


â”Œâ”€â”€â”€â”€â”€â”€â”€â”€â”€â”€â”€â”€â”€â”€â”€â”€â”€â”€â”€â”€â”€â”€â”€â”€â”€â”€â”€â”€â”€â”€â”€â”€â”€â”€â”€â”€â”€â”€â”€â”€â”€â”

â”‚ Batch 17 of 31 (Files: 3)

â””â”€â”€â”€â”€â”€â”€â”€â”€â”€â”€â”€â”€â”€â”€â”€â”€â”€â”€â”€â”€â”€â”€â”€â”€â”€â”€â”€â”€â”€â”€â”€â”€â”€â”€â”€â”€â”€â”€â”€â”€â”€â”˜

  â€¢ test_imports_integration.py

  â€¢ test_imports_soft_delete.py

  â€¢ test_imports_upload.py

â„¹ Running tests...


...................                                                      [100%]
âœ“ Batch 17 completed successfully in 7.6s


  Waiting 2 seconds before next batch...


â”Œâ”€â”€â”€â”€â”€â”€â”€â”€â”€â”€â”€â”€â”€â”€â”€â”€â”€â”€â”€â”€â”€â”€â”€â”€â”€â”€â”€â”€â”€â”€â”€â”€â”€â”€â”€â”€â”€â”€â”€â”€â”€â”

â”‚ Batch 18 of 31 (Files: 3)

â””â”€â”€â”€â”€â”€â”€â”€â”€â”€â”€â”€â”€â”€â”€â”€â”€â”€â”€â”€â”€â”€â”€â”€â”€â”€â”€â”€â”€â”€â”€â”€â”€â”€â”€â”€â”€â”€â”€â”€â”€â”€â”˜

  â€¢ test_integration_smoke.py

  â€¢ test_jwt_smoke.py

  â€¢ test_list_routes.py

â„¹ Running tests...


s..                                                                      [100%]
=========================== short test summary info ===========================
SKIPPED [1] tests\test_integration_smoke.py:8: Integration tests disabled (set RUN_INTEGRATION=1)
âœ“ Batch 18 completed successfully in 4.8s


  Waiting 2 seconds before next batch...


â”Œâ”€â”€â”€â”€â”€â”€â”€â”€â”€â”€â”€â”€â”€â”€â”€â”€â”€â”€â”€â”€â”€â”€â”€â”€â”€â”€â”€â”€â”€â”€â”€â”€â”€â”€â”€â”€â”€â”€â”€â”€â”€â”

â”‚ Batch 19 of 31 (Files: 3)

â””â”€â”€â”€â”€â”€â”€â”€â”€â”€â”€â”€â”€â”€â”€â”€â”€â”€â”€â”€â”€â”€â”€â”€â”€â”€â”€â”€â”€â”€â”€â”€â”€â”€â”€â”€â”€â”€â”€â”€â”€â”€â”˜

  â€¢ test_logging_config_cov.py

  â€¢ test_logging_config.py

  â€¢ test_metrics_simple.py

â„¹ Running tests...


...                                                                      [100%]
âœ“ Batch 19 completed successfully in 2.2s


  Waiting 2 seconds before next batch...


â”Œâ”€â”€â”€â”€â”€â”€â”€â”€â”€â”€â”€â”€â”€â”€â”€â”€â”€â”€â”€â”€â”€â”€â”€â”€â”€â”€â”€â”€â”€â”€â”€â”€â”€â”€â”€â”€â”€â”€â”€â”€â”€â”

â”‚ Batch 20 of 31 (Files: 3)

â””â”€â”€â”€â”€â”€â”€â”€â”€â”€â”€â”€â”€â”€â”€â”€â”€â”€â”€â”€â”€â”€â”€â”€â”€â”€â”€â”€â”€â”€â”€â”€â”€â”€â”€â”€â”€â”€â”€â”€â”€â”€â”˜

  â€¢ test_metrics.py

  â€¢ test_models_relationships.py

  â€¢ test_notifications_router.py

â„¹ Running tests...


..................................................                       [100%]
âœ“ Batch 20 completed successfully in 6.7s


  Waiting 2 seconds before next batch...


â”Œâ”€â”€â”€â”€â”€â”€â”€â”€â”€â”€â”€â”€â”€â”€â”€â”€â”€â”€â”€â”€â”€â”€â”€â”€â”€â”€â”€â”€â”€â”€â”€â”€â”€â”€â”€â”€â”€â”€â”€â”€â”€â”

â”‚ Batch 21 of 31 (Files: 3)

â””â”€â”€â”€â”€â”€â”€â”€â”€â”€â”€â”€â”€â”€â”€â”€â”€â”€â”€â”€â”€â”€â”€â”€â”€â”€â”€â”€â”€â”€â”€â”€â”€â”€â”€â”€â”€â”€â”€â”€â”€â”€â”˜

  â€¢ test_password_rehash.py

  â€¢ test_performance_monitor.py

  â€¢ test_permissions_api.py

â„¹ Running tests...


......................                                                   [100%]
âœ“ Batch 21 completed successfully in 5s


  Waiting 2 seconds before next batch...


â”Œâ”€â”€â”€â”€â”€â”€â”€â”€â”€â”€â”€â”€â”€â”€â”€â”€â”€â”€â”€â”€â”€â”€â”€â”€â”€â”€â”€â”€â”€â”€â”€â”€â”€â”€â”€â”€â”€â”€â”€â”€â”€â”

â”‚ Batch 22 of 31 (Files: 3)

â””â”€â”€â”€â”€â”€â”€â”€â”€â”€â”€â”€â”€â”€â”€â”€â”€â”€â”€â”€â”€â”€â”€â”€â”€â”€â”€â”€â”€â”€â”€â”€â”€â”€â”€â”€â”€â”€â”€â”€â”€â”€â”˜

  â€¢ test_rate_limit_enforcement.py

  â€¢ test_rate_limiting.py

  â€¢ test_rbac_enforcement.py

â„¹ Running tests...


..........                                                               [100%]
âœ“ Batch 22 completed successfully in 5.2s


  Waiting 2 seconds before next batch...


â”Œâ”€â”€â”€â”€â”€â”€â”€â”€â”€â”€â”€â”€â”€â”€â”€â”€â”€â”€â”€â”€â”€â”€â”€â”€â”€â”€â”€â”€â”€â”€â”€â”€â”€â”€â”€â”€â”€â”€â”€â”€â”€â”

â”‚ Batch 23 of 31 (Files: 3)

â””â”€â”€â”€â”€â”€â”€â”€â”€â”€â”€â”€â”€â”€â”€â”€â”€â”€â”€â”€â”€â”€â”€â”€â”€â”€â”€â”€â”€â”€â”€â”€â”€â”€â”€â”€â”€â”€â”€â”€â”€â”€â”˜

  â€¢ test_rbac_router.py

  â€¢ test_rbac_templates.py

  â€¢ test_rbac.py

â„¹ Running tests...


...sssssssssssssssssssssssssssssssssssssssssssss..........               [100%]
=========================== short test summary info ===========================
SKIPPED [1] tests\test_rbac_templates.py:13: TODO: Implement in Phase 2 RBAC execution (Week 1-2)
SKIPPED [1] tests\test_rbac_templates.py:19: TODO: Implement in Phase 2 RBAC execution (Week 1-2)
SKIPPED [1] tests\test_rbac_templates.py:25: TODO: Implement in Phase 2 RBAC execution (Week 1-2)
SKIPPED [1] tests\test_rbac_templates.py:31: TODO: Implement in Phase 2 RBAC execution (Week 1-2)
SKIPPED [1] tests\test_rbac_templates.py:37: TODO: Implement in Phase 2 RBAC execution (Week 1-2)
SKIPPED [1] tests\test_rbac_templates.py:43: TODO: Implement in Phase 2 RBAC execution (Week 1-2)
SKIPPED [1] tests\test_rbac_templates.py:49: TODO: Implement in Phase 2 RBAC execution (Week 1-2)
SKIPPED [1] tests\test_rbac_templates.py:55: TODO: Implement in Phase 2 RBAC execution (Week 1-2)
SKIPPED [1] tests\test_rbac_templates.py:61: TODO: Implement in Phase 2 RBAC execution (Week 1-2)
SKIPPED [1] tests\test_rbac_templates.py:67: TODO: Implement in Phase 2 RBAC execution (Week 1-2)
SKIPPED [1] tests\test_rbac_templates.py:73: TODO: Implement in Phase 2 RBAC execution (Week 1-2)
SKIPPED [1] tests\test_rbac_templates.py:79: TODO: Implement in Phase 2 RBAC execution (Week 1-2)
SKIPPED [1] tests\test_rbac_templates.py:85: TODO: Implement in Phase 2 RBAC execution (Week 1-2)
SKIPPED [1] tests\test_rbac_templates.py:91: TODO: Implement in Phase 2 RBAC execution (Week 1-2)
SKIPPED [1] tests\test_rbac_templates.py:97: TODO: Implement in Phase 2 RBAC execution (Week 1-2)
SKIPPED [1] tests\test_rbac_templates.py:103: TODO: Implement in Phase 2 RBAC execution (Week 1-2)
SKIPPED [1] tests\test_rbac_templates.py:109: TODO: Implement in Phase 2 RBAC execution (Week 1-2)
SKIPPED [1] tests\test_rbac_templates.py:115: TODO: Implement in Phase 2 RBAC execution (Week 1-2)
SKIPPED [1] tests\test_rbac_templates.py:121: TODO: Implement in Phase 2 RBAC execution (Week 1-2)
SKIPPED [1] tests\test_rbac_templates.py:127: TODO: Implement in Phase 2 RBAC execution (Week 1-2)
SKIPPED [1] tests\test_rbac_templates.py:133: TODO: Implement in Phase 2 RBAC execution (Week 1-2)
SKIPPED [1] tests\test_rbac_templates.py:139: TODO: Implement in Phase 2 RBAC execution (Week 1-2)
SKIPPED [1] tests\test_rbac_templates.py:145: TODO: Implement in Phase 2 RBAC execution (Week 1-2)
SKIPPED [1] tests\test_rbac_templates.py:151: TODO: Implement in Phase 2 RBAC execution (Week 1-2)
SKIPPED [1] tests\test_rbac_templates.py:157: TODO: Implement in Phase 2 RBAC execution (Week 1-2)
SKIPPED [1] tests\test_rbac_templates.py:163: TODO: Implement in Phase 2 RBAC execution (Week 1-2)
SKIPPED [1] tests\test_rbac_templates.py:169: TODO: Implement in Phase 2 RBAC execution (Week 1-2)
SKIPPED [1] tests\test_rbac_templates.py:175: TODO: Implement in Phase 2 RBAC execution (Week 1-2)
SKIPPED [1] tests\test_rbac_templates.py:181: TODO: Implement in Phase 2 RBAC execution (Week 1-2)
SKIPPED [1] tests\test_rbac_templates.py:187: TODO: Implement in Phase 2 RBAC execution (Week 1-2)
SKIPPED [1] tests\test_rbac_templates.py:193: TODO: Implement in Phase 2 RBAC execution (Week 1-2)
SKIPPED [1] tests\test_rbac_templates.py:199: TODO: Implement in Phase 2 RBAC execution (Week 1-2)
SKIPPED [1] tests\test_rbac_templates.py:205: TODO: Implement in Phase 2 RBAC execution (Week 1-2)
SKIPPED [1] tests\test_rbac_templates.py:211: TODO: Implement in Phase 2 RBAC execution (Week 1-2)
SKIPPED [1] tests\test_rbac_templates.py:217: TODO: Implement in Phase 2 RBAC execution (Week 1-2)
SKIPPED [1] tests\test_rbac_templates.py:223: TODO: Implement in Phase 2 RBAC execution (Week 1-2)
SKIPPED [1] tests\test_rbac_templates.py:229: TODO: Implement in Phase 2 RBAC execution (Week 1-2)
SKIPPED [1] tests\test_rbac_templates.py:235: TODO: Implement in Phase 2 RBAC execution (Week 1-2)
SKIPPED [1] tests\test_rbac_templates.py:241: TODO: Implement in Phase 2 RBAC execution (Week 1-2)
SKIPPED [1] tests\test_rbac_templates.py:247: TODO: Implement in Phase 2 RBAC execution (Week 1-2)
SKIPPED [1] tests\test_rbac_templates.py:253: TODO: Implement in Phase 2 RBAC execution (Week 1-2)
SKIPPED [1] tests\test_rbac_templates.py:259: TODO: Implement in Phase 2 RBAC execution (Week 1-2)
SKIPPED [1] tests\test_rbac_templates.py:265: TODO: Implement in Phase 2 RBAC execution (Week 1-2)
SKIPPED [1] tests\test_rbac_templates.py:271: TODO: Implement in Phase 2 RBAC execution (Week 1-2)
SKIPPED [1] tests\test_rbac_templates.py:277: TODO: Implement in Phase 2 RBAC execution (Week 1-2)
âœ“ Batch 23 completed successfully in 5.8s


  Waiting 2 seconds before next batch...


â”Œâ”€â”€â”€â”€â”€â”€â”€â”€â”€â”€â”€â”€â”€â”€â”€â”€â”€â”€â”€â”€â”€â”€â”€â”€â”€â”€â”€â”€â”€â”€â”€â”€â”€â”€â”€â”€â”€â”€â”€â”€â”€â”

â”‚ Batch 24 of 31 (Files: 3)

â””â”€â”€â”€â”€â”€â”€â”€â”€â”€â”€â”€â”€â”€â”€â”€â”€â”€â”€â”€â”€â”€â”€â”€â”€â”€â”€â”€â”€â”€â”€â”€â”€â”€â”€â”€â”€â”€â”€â”€â”€â”€â”˜

  â€¢ test_register_role_enforcement.py

  â€¢ test_reports_router.py

  â€¢ test_request_id_middleware.py

â„¹ Running tests...


....................                                                     [100%]
âœ“ Batch 24 completed successfully in 5.6s


  Waiting 2 seconds before next batch...


â”Œâ”€â”€â”€â”€â”€â”€â”€â”€â”€â”€â”€â”€â”€â”€â”€â”€â”€â”€â”€â”€â”€â”€â”€â”€â”€â”€â”€â”€â”€â”€â”€â”€â”€â”€â”€â”€â”€â”€â”€â”€â”€â”

â”‚ Batch 25 of 31 (Files: 3)

â””â”€â”€â”€â”€â”€â”€â”€â”€â”€â”€â”€â”€â”€â”€â”€â”€â”€â”€â”€â”€â”€â”€â”€â”€â”€â”€â”€â”€â”€â”€â”€â”€â”€â”€â”€â”€â”€â”€â”€â”€â”€â”˜

  â€¢ test_request_id.py

  â€¢ test_response_cache_middleware.py

  â€¢ test_response_schemas.py

â„¹ Running tests...


...........................                                              [100%]
âœ“ Batch 25 completed successfully in 9.9s


  Waiting 2 seconds before next batch...


â”Œâ”€â”€â”€â”€â”€â”€â”€â”€â”€â”€â”€â”€â”€â”€â”€â”€â”€â”€â”€â”€â”€â”€â”€â”€â”€â”€â”€â”€â”€â”€â”€â”€â”€â”€â”€â”€â”€â”€â”€â”€â”€â”

â”‚ Batch 26 of 31 (Files: 3)

â””â”€â”€â”€â”€â”€â”€â”€â”€â”€â”€â”€â”€â”€â”€â”€â”€â”€â”€â”€â”€â”€â”€â”€â”€â”€â”€â”€â”€â”€â”€â”€â”€â”€â”€â”€â”€â”€â”€â”€â”€â”€â”˜

  â€¢ test_routers_imports.py

  â€¢ test_run_migrations_repo_root.py

  â€¢ test_run_migrations_unit.py

â„¹ Running tests...


............                                                             [100%]
âœ“ Batch 26 completed successfully in 3s


  Waiting 2 seconds before next batch...


â”Œâ”€â”€â”€â”€â”€â”€â”€â”€â”€â”€â”€â”€â”€â”€â”€â”€â”€â”€â”€â”€â”€â”€â”€â”€â”€â”€â”€â”€â”€â”€â”€â”€â”€â”€â”€â”€â”€â”€â”€â”€â”€â”

â”‚ Batch 27 of 31 (Files: 3)

â””â”€â”€â”€â”€â”€â”€â”€â”€â”€â”€â”€â”€â”€â”€â”€â”€â”€â”€â”€â”€â”€â”€â”€â”€â”€â”€â”€â”€â”€â”€â”€â”€â”€â”€â”€â”€â”€â”€â”€â”€â”€â”˜

  â€¢ test_run_migrations.py

  â€¢ test_saved_search_integration.py

  â€¢ test_schemas_students.py

â„¹ Running tests...


..................................                                       [100%]
âœ“ Batch 27 completed successfully in 27.4s


  Waiting 2 seconds before next batch...


â”Œâ”€â”€â”€â”€â”€â”€â”€â”€â”€â”€â”€â”€â”€â”€â”€â”€â”€â”€â”€â”€â”€â”€â”€â”€â”€â”€â”€â”€â”€â”€â”€â”€â”€â”€â”€â”€â”€â”€â”€â”€â”€â”

â”‚ Batch 28 of 31 (Files: 3)

â””â”€â”€â”€â”€â”€â”€â”€â”€â”€â”€â”€â”€â”€â”€â”€â”€â”€â”€â”€â”€â”€â”€â”€â”€â”€â”€â”€â”€â”€â”€â”€â”€â”€â”€â”€â”€â”€â”€â”€â”€â”€â”˜

  â€¢ test_search_api_endpoints.py

  â€¢ test_search_integration.py

  â€¢ test_search_service.py

â„¹ Running tests...


........................................................................ [ 64%]
........................................                                 [100%]
============================== warnings summary ===============================
tests/test_search_api_endpoints.py::TestErrorHandling::test_invalid_json
  C:\Users\Vasilis\AppData\Local\Programs\Python\Python313\Lib\site-packages\httpx\_models.py:408: DeprecationWarning: Use 'content=<...>' to upload raw bytes/text content.
    headers, stream = encode_request(

-- Docs: https://docs.pytest.org/en/stable/how-to/capture-warnings.html
âœ“ Batch 28 completed successfully in 6.1s


  Waiting 2 seconds before next batch...


â”Œâ”€â”€â”€â”€â”€â”€â”€â”€â”€â”€â”€â”€â”€â”€â”€â”€â”€â”€â”€â”€â”€â”€â”€â”€â”€â”€â”€â”€â”€â”€â”€â”€â”€â”€â”€â”€â”€â”€â”€â”€â”€â”

â”‚ Batch 29 of 31 (Files: 3)

â””â”€â”€â”€â”€â”€â”€â”€â”€â”€â”€â”€â”€â”€â”€â”€â”€â”€â”€â”€â”€â”€â”€â”€â”€â”€â”€â”€â”€â”€â”€â”€â”€â”€â”€â”€â”€â”€â”€â”€â”€â”€â”˜

  â€¢ test_services_analytics.py

  â€¢ test_sessions_router.py

  â€¢ test_soft_delete_filtering.py

â„¹ Running tests...


......................                                                   [100%]
âœ“ Batch 29 completed successfully in 5.1s


  Waiting 2 seconds before next batch...


â”Œâ”€â”€â”€â”€â”€â”€â”€â”€â”€â”€â”€â”€â”€â”€â”€â”€â”€â”€â”€â”€â”€â”€â”€â”€â”€â”€â”€â”€â”€â”€â”€â”€â”€â”€â”€â”€â”€â”€â”€â”€â”€â”

â”‚ Batch 30 of 31 (Files: 3)

â””â”€â”€â”€â”€â”€â”€â”€â”€â”€â”€â”€â”€â”€â”€â”€â”€â”€â”€â”€â”€â”€â”€â”€â”€â”€â”€â”€â”€â”€â”€â”€â”€â”€â”€â”€â”€â”€â”€â”€â”€â”€â”˜

  â€¢ test_students_import.py

  â€¢ test_students_router.py

  â€¢ test_timing_middleware.py

â„¹ Running tests...


..............                                                           [100%]
âœ“ Batch 30 completed successfully in 4.7s


  Waiting 2 seconds before next batch...


â”Œâ”€â”€â”€â”€â”€â”€â”€â”€â”€â”€â”€â”€â”€â”€â”€â”€â”€â”€â”€â”€â”€â”€â”€â”€â”€â”€â”€â”€â”€â”€â”€â”€â”€â”€â”€â”€â”€â”€â”€â”€â”€â”

â”‚ Batch 31 of 31 (Files: 2)

â””â”€â”€â”€â”€â”€â”€â”€â”€â”€â”€â”€â”€â”€â”€â”€â”€â”€â”€â”€â”€â”€â”€â”€â”€â”€â”€â”€â”€â”€â”€â”€â”€â”€â”€â”€â”€â”€â”€â”€â”€â”€â”˜

  â€¢ test_version_consistency.py

  â€¢ test_websocket.py

â„¹ Running tests...


......sss...................                                             [100%]
=========================== short test summary info ===========================
SKIPPED [1] tests\test_version_consistency.py:134: DOCUMENTATION_INDEX.md not found
SKIPPED [1] tests\test_version_consistency.py:163: SMS_INSTALLER_WIZARD.ps1 not found
SKIPPED [1] tests\test_version_consistency.py:178: SMS_UNINSTALLER_WIZARD.ps1 not found
âœ“ Batch 31 completed successfully in 2.5s



â•”â•â•â•â•â•â•â•â•â•â•â•â•â•â•â•â•â•â•â•â•â•â•â•â•â•â•â•â•â•â•â•â•â•â•â•â•â•â•â•â•â•—

â•‘          TEST EXECUTION SUMMARY        â•‘

â•šâ•â•â•â•â•â•â•â•â•â•â•â•â•â•â•â•â•â•â•â•â•â•â•â•â•â•â•â•â•â•â•â•â•â•â•â•â•â•â•â•â•


Batches:

  Total:   31

âœ“   Completed: 31


Tests:

  Total:   0

âœ—   Failed Batches: 6


Duration: 192.6s


ğŸ“ Full log saved to: D:\SMS\student-management-system\test-results\backend_batch_run_20260201_204910.txt

âœ— Some tests failed


âœ— Some tests failed

â„¹
ğŸ’¾ Saving failed test files for re-testing...


â„¹    To retest only failed files, run:


âœ“ Failed files saved to: .test-failures (6 files)



âœ— Test log completed: D:\SMS\student-management-system\test-results\backend_batch_run_20260201_204910.txt
