--------------------------------------------------------------
 COMMIT READY - Pre-Commit Verification
 Student Management System v1.17.2
--------------------------------------------------------------

Mode: quick
Started: 2026-01-22 16:05:03


╔══════════════════════════════════════════════════════════════╗
║  Phase A: Version Propagation & Docs Update                   ║
╚══════════════════════════════════════════════════════════════╝

ℹ️  Version sync to package.json skipped (use -SyncVersion or -AutoFix to enable)
ℹ️  Docs update skipped (use -UpdateDocs or -AutoFix to enable)

╔══════════════════════════════════════════════════════════════╗
║  Phase 0: Version Consistency                                 ║
╚══════════════════════════════════════════════════════════════╝

ℹ️  Running comprehensive version verification...

 + ======================================================================
SMS Version Verification Tool
======================================================================
ℹ️  Using version from VERSION file: 1.17.2
ℹ️  Target version: 1.17.2
ℹ️  Mode: CHECK ONLY

 + ======================================================================
Checking Version References
======================================================================
✅ VERSION file: 1.17.2 (correct)
✅ Backend main.py docstring: 1.17.2 (correct)
✅ Frontend package.json: 1.17.2 (correct)
✅ User guide version: 1.17.2 (correct)
✅ Developer guide version: 1.17.2 (correct)
✅ Documentation index version: 1.17.2 (correct)
✅ COMMIT_READY.ps1 version: 1.17.2 (correct)
✅ INSTALLER_BUILDER.ps1 version: 1.17.2 (correct)

 + ======================================================================
Verification Summary
======================================================================
Total checks:       8
Consistent:         8
Inconsistent:       0
Updated:            0
Failed:             0

✅ Version verification completed successfully!
✅ All version references consistent across codebase

╔══════════════════════════════════════════════════════════════╗
║  Phase 0.5: Version Format Enforcement                        ║
╚══════════════════════════════════════════════════════════════╝

✅ Version format valid: 1.17.2

─────────────────────────────────────────────────
 Backend: Ensure Python Dependencies
─────────────────────────────────────────────────
ℹ️  Installing runtime requirements (pip) from requirements.txt
ℹ️  Installing dev requirements (pip)
✅ Backend dependencies ensured

╔══════════════════════════════════════════════════════════════╗
║  Phase 1: Smoke Test - Conftest Config                        ║
╚══════════════════════════════════════════════════════════════╝

ℹ️  Checking D:\SMS\student-management-system\backend\tests\conftest.py for secure test settings...
✅ conftest.py: AUTH_ENABLED=False verified

╔══════════════════════════════════════════════════════════════╗
║  Phase 0: Pre-commit Hook Validation                          ║
╚══════════════════════════════════════════════════════════════╝

ℹ️  Running pre-commit hooks on staged files...
✅ Pre-commit hooks passed (files auto-fixed).
ℹ️  Some files were auto-formatted. Review changes with: git diff

╔══════════════════════════════════════════════════════════════╗
║  Phase 1: Code Quality & Linting                              ║
╚══════════════════════════════════════════════════════════════╝


─────────────────────────────────────────────────
 Backend: Ruff Linting
─────────────────────────────────────────────────
ℹ️  Running ruff check...
✅ Backend linting passed

─────────────────────────────────────────────────
 Backend: MyPy Type Checking
─────────────────────────────────────────────────
ℹ️  Running mypy...
❌ Backend type checking failed
backend\services\saved_search_service.py:306: error: Argument 1 to "delete_saved_search" of "SavedSearchService" has incompatible type "Column[Integer]"; expected "int"  [arg-type] backend\services\saved_search_service.py:365: error: Dict entry 2 has incompatible type "str": "dict[str, int]"; expected "str": "int"  [dict-item] backend\services\saved_search_service.py:369: error: Dict entry 2 has incompatible type "str": "dict[Never, Never]"; expected "str": "int"  [dict-item] backend\services\saved_search_service.py:396: error: Argument "description" to "SavedSearchCreateSchema" has incompatible type "Column[Text]"; expected "str | None"  [arg-type] backend\services\saved_search_service.py:397: error: Argument "search_type" to "SavedSearchCreateSchema" has incompatible type "Column[String]"; expected "str"  [arg-type] backend\services\saved_search_service.py:398: error: Argument "query" to "SavedSearchCreateSchema" has incompatible type "Column[String]"; expected "str | None"  [arg-type] backend\services\saved_search_service.py:399: error: Argument "filters" to "SavedSearchCreateSchema" has incompatible type "Column[JSON]"; expected "dict[str, Any] | None"  [arg-type] backend\services\saved_search_service.py:404: error: Item "None" of "SavedSearch | None" has no attribute "id"  [union-attr] Found 8 errors in 1 file (checked 162 source files)

─────────────────────────────────────────────────
 Frontend: ESLint
─────────────────────────────────────────────────
ℹ️  Running ESLint...
❌ Frontend linting failed
 > student-management-frontend@1.17.2 lint > eslint "src/**/*.{ts,tsx}"   D:\SMS\student-management-system\frontend\src\components\__tests__\SearchBar.test.tsx   53:51  warning  Unexpected any. Specify a different type  @typescript-eslint/no-explicit-any  D:\SMS\student-management-system\frontend\src\features\search\AdvancedFilters.test.tsx     2:37  warning  'waitFor' is defined but never used. Allowed unused vars must match /^_/u  @typescript-eslint/no-unused-vars    72:10  warning  Unexpected any. Specify a different type                                   @typescript-eslint/no-explicit-any    92:10  warning  Unexpected any. Specify a different type                                   @typescript-eslint/no-explicit-any   116:10  warning  Unexpected any. Specify a different type                                   @typescript-eslint/no-explicit-any   143:10  warning  Unexpected any. Specify a different type                                   @typescript-eslint/no-explicit-any   171:10  warning  Unexpected any. Specify a different type                                   @typescript-eslint/no-explicit-any   195:31  warning  Unexpected any. Specify a different type                                   @typescript-eslint/no-explicit-any   200:10  warning  Unexpected any. Specify a different type                                   @typescript-eslint/no-explicit-any   229:10  warning  Unexpected any. Specify a different type                                   @typescript-eslint/no-explicit-any   254:10  warning  Unexpected any. Specify a different type                                   @typescript-eslint/no-explicit-any   282:10  warning  Unexpected any. Specify a different type                                   @typescript-eslint/no-explicit-any  D:\SMS\student-management-system\frontend\src\features\search\SavedSearches.test.tsx    11:32  warning  Unexpected any. Specify a different type  @typescript-eslint/no-explicit-any    57:10  warning  Unexpected any. Specify a different type  @typescript-eslint/no-explicit-any   100:10  warning  Unexpected any. Specify a different type  @typescript-eslint/no-explicit-any   137:10  warning  Unexpected any. Specify a different type  @typescript-eslint/no-explicit-any   178:10  warning  Unexpected any. Specify a different type  @typescript-eslint/no-explicit-any   210:10  warning  Unexpected any. Specify a different type  @typescript-eslint/no-explicit-any   239:10  warning  Unexpected any. Specify a different type  @typescript-eslint/no-explicit-any   269:10  warning  Unexpected any. Specify a different type  @typescript-eslint/no-explicit-any   312:10  warning  Unexpected any. Specify a different type  @typescript-eslint/no-explicit-any  D:\SMS\student-management-system\frontend\src\features\search\SavedSearches.tsx     3:33  warning  'Edit' is defined but never used. Allowed unused vars must match /^_/u  @typescript-eslint/no-unused-vars   119:60  warning  Unexpected any. Specify a different type                                @typescript-eslint/no-explicit-any   193:23  warning  `"` can be escaped with `&quot;`, `&ldquo;`, `&#34;`, `&rdquo;`         react/no-unescaped-entities   193:38  warning  `"` can be escaped with `&quot;`, `&ldquo;`, `&#34;`, `&rdquo;`         react/no-unescaped-entities  D:\SMS\student-management-system\frontend\src\features\search\SearchBar.test.tsx     7:13  warning  'i18n' is defined but never used. Allowed unused vars must match /^_/u               @typescript-eslint/no-unused-vars    91:10  warning  Unexpected any. Specify a different type                                             @typescript-eslint/no-explicit-any   106:13  warning  'rerender' is assigned a value but never used. Allowed unused vars must match /^_/u  @typescript-eslint/no-unused-vars   138:10  warning  Unexpected any. Specify a different type                                             @typescript-eslint/no-explicit-any   173:10  warning  Unexpected any. Specify a different type                                             @typescript-eslint/no-explicit-any   214:10  warning  Unexpected any. Specify a different type                                             @typescript-eslint/no-explicit-any  D:\SMS\student-management-system\frontend\src\features\search\SearchBar.tsx     4:45  warning  'SavedSearch' is defined but never used. Allowed unused vars must match /^_/u  @typescript-eslint/no-unused-vars   112:69  warning  Unexpected any. Specify a different type                                       @typescript-eslint/no-explicit-any  D:\SMS\student-management-system\frontend\src\features\search\useSearch.test.ts   26:25  error  Parsing error: '>' expected  D:\SMS\student-management-system\frontend\src\features\search\useSearch.ts   55:11  warning  't' is assigned a value but never used. Allowed unused vars must match /^_/u  @typescript-eslint/no-unused-vars  D:\SMS\student-management-system\frontend\src\features\students\StudentForm.tsx   1:27  warning  'useEffect' is defined but never used. Allowed unused vars must match /^_/u  @typescript-eslint/no-unused-vars  D:\SMS\student-management-system\frontend\src\features\students\StudentsView.tsx   18:56  warning  Unexpected any. Specify a different type  @typescript-eslint/no-explicit-any   38:32  warning  Unexpected any. Specify a different type  @typescript-eslint/no-explicit-any  D:\SMS\student-management-system\frontend\src\hooks\__tests__\useSearch.test.ts   286:23  warning  'rerender' is assigned a value but never used. Allowed unused vars must match /^_/u  @typescript-eslint/no-unused-vars   296:13  warning  Avoid wrapping Testing Library util calls in `act`                                   testing-library/no-unnecessary-act   323:13  warning  Avoid wrapping Testing Library util calls in `act`                                   testing-library/no-unnecessary-act  D:\SMS\student-management-system\frontend\src\hooks\usePerformanceMonitor.ts   17:9  warning  Unexpected console statement. Only these console methods are allowed: warn, error  no-console  D:\SMS\student-management-system\frontend\src\hooks\useRateLimit.ts   12:13  warning  'result' is assigned a value but never used. Allowed unused vars must match /^_/u  @typescript-eslint/no-unused-vars  D:\SMS\student-management-system\frontend\src\hooks\useSearch.ts   188:5   warning  React Hook useCallback has an unnecessary dependency: 'state.results'. Either exclude it or remove the dependency array                                                                                                                                                          react-hooks/exhaustive-deps   321:5   warning  React Hook useCallback has an unnecessary dependency: 'state.results'. Either exclude it or remove the dependency array                                                                                                                                                          react-hooks/exhaustive-deps   401:41  warning  The ref value 'suggestionsCache.current' will likely have changed by the time this effect cleanup function runs. If this ref points to a node rendered by React, copy 'suggestionsCache.current' to a variable inside the effect, and use that variable in the cleanup function  react-hooks/exhaustive-deps  D:\SMS\student-management-system\frontend\src\i18n\config.ts   14:52  warning  Unexpected any. Specify a different type  @typescript-eslint/no-explicit-any  D:\SMS\student-management-system\frontend\src\utils\navigation.ts   26:5  warning  Unused eslint-disable directive (no problems were reported from 'no-console')  ✖ 48 problems (1 error, 47 warnings)   0 errors and 1 warning potentially fixable with the `--fix` option.

─────────────────────────────────────────────────
 Repository: Markdown Lint
─────────────────────────────────────────────────
ℹ️  Running markdownlint with auto-fix...
✅ Markdown linting passed

─────────────────────────────────────────────────
 Frontend: TypeScript Type Checking
─────────────────────────────────────────────────
ℹ️  Skipping TypeScript type checking in quick mode (temporary)
✅ TypeScript type checking passed

─────────────────────────────────────────────────
 Translation Integrity Check
─────────────────────────────────────────────────
ℹ️  Checking translation key parity...
✅ Translation integrity verified

╔══════════════════════════════════════════════════════════════╗
║  Phase 2: Test Suite Execution                                ║
╚══════════════════════════════════════════════════════════════╝


─────────────────────────────────────────────────
 Backend: pytest
─────────────────────────────────────────────────
ℹ️  Using in-memory SQLite for local tests (DATABASE_URL not set)
ℹ️  Using strict auth mode for local tests (AUTH_MODE not set)
ℹ️  Using batch test runner (prevents system freeze)...

╔════════════════════════════════════════╗
║   Batch Test Runner (SMS v1.17.2)     ║
╚════════════════════════════════════════╝

ℹ Scanning for test files...
✓ Found 88 test files
ℹ Split into 18 batches (5 files per batch)


┌─────────────────────────────────────────┐
│ Batch 1 of 18 (Files: 5)
└─────────────────────────────────────────┘
  • test_admin_backup_encryption.py
  • test_admin_bootstrap.py
  • test_analytics_router.py
  • test_analytics_service.py
  • test_attendance_router.py
ℹ Running tests...
......FFFFF.FFF.........EEEEEEEEEEEEEEEEEEEEFF......................     [100%]
=================================== ERRORS ====================================
__ ERROR at setup of TestGetStudentPerformance.test_performance_with_grades ___
E   sqlite3.OperationalError: no such table: students

The above exception was the direct cause of the following exception:
E   sqlalchemy.exc.OperationalError: (sqlite3.OperationalError) no such table: students
    [SQL: INSERT INTO students (first_name, last_name, email, student_id, enrollment_date, is_active, father_name, mobile_phone, phone, health_issue, note, study_year, deleted_at) VALUES (?, ?, ?, ?, ?, ?, ?, ?, ?, ?, ?, ?, ?)]
    [parameters: ('Test', 'Student', 'analytics.test@example.com', 'STU001', '2025-07-26', 1, None, None, None, None, None, None, None)]
    (Background on this error at: https://sqlalche.me/e/20/e3q8)
___ ERROR at setup of TestGetStudentPerformance.test_performance_no_grades ____
E   sqlite3.OperationalError: no such table: students

The above exception was the direct cause of the following exception:
E   sqlalchemy.exc.OperationalError: (sqlite3.OperationalError) no such table: students
    [SQL: INSERT INTO students (first_name, last_name, email, student_id, enrollment_date, is_active, father_name, mobile_phone, phone, health_issue, note, study_year, deleted_at) VALUES (?, ?, ?, ?, ?, ?, ?, ?, ?, ?, ?, ?, ?)]
    [parameters: ('Test', 'Student', 'analytics.test@example.com', 'STU001', '2025-07-26', 1, None, None, None, None, None, None, None)]
    (Background on this error at: https://sqlalche.me/e/20/e3q8)
_ ERROR at setup of TestGetStudentPerformance.test_performance_custom_days_back _
E   sqlite3.OperationalError: no such table: students

The above exception was the direct cause of the following exception:
E   sqlalchemy.exc.OperationalError: (sqlite3.OperationalError) no such table: students
    [SQL: INSERT INTO students (first_name, last_name, email, student_id, enrollment_date, is_active, father_name, mobile_phone, phone, health_issue, note, study_year, deleted_at) VALUES (?, ?, ?, ?, ?, ?, ?, ?, ?, ?, ?, ?, ?)]
    [parameters: ('Test', 'Student', 'analytics.test@example.com', 'STU001', '2025-07-26', 1, None, None, None, None, None, None, None)]
    (Background on this error at: https://sqlalche.me/e/20/e3q8)
_ ERROR at setup of TestGetStudentPerformance.test_performance_excludes_deleted_grades _
E   sqlite3.OperationalError: no such table: students

The above exception was the direct cause of the following exception:
E   sqlalchemy.exc.OperationalError: (sqlite3.OperationalError) no such table: students
    [SQL: INSERT INTO students (first_name, last_name, email, student_id, enrollment_date, is_active, father_name, mobile_phone, phone, health_issue, note, study_year, deleted_at) VALUES (?, ?, ?, ?, ?, ?, ?, ?, ?, ?, ?, ?, ?)]
    [parameters: ('Test', 'Student', 'analytics.test@example.com', 'STU001', '2025-07-26', 1, None, None, None, None, None, None, None)]
    (Background on this error at: https://sqlalche.me/e/20/e3q8)
__ ERROR at setup of TestGetStudentTrends.test_trends_with_improving_pattern __
E   sqlite3.OperationalError: no such table: students

The above exception was the direct cause of the following exception:
E   sqlalchemy.exc.OperationalError: (sqlite3.OperationalError) no such table: students
    [SQL: INSERT INTO students (first_name, last_name, email, student_id, enrollment_date, is_active, father_name, mobile_phone, phone, health_issue, note, study_year, deleted_at) VALUES (?, ?, ?, ?, ?, ?, ?, ?, ?, ?, ?, ?, ?)]
    [parameters: ('Test', 'Student', 'analytics.test@example.com', 'STU001', '2025-07-26', 1, None, None, None, None, None, None, None)]
    (Background on this error at: https://sqlalche.me/e/20/e3q8)
_____ ERROR at setup of TestGetStudentTrends.test_trends_limit_parameter ______
E   sqlite3.OperationalError: no such table: students

The above exception was the direct cause of the following exception:
E   sqlalchemy.exc.OperationalError: (sqlite3.OperationalError) no such table: students
    [SQL: INSERT INTO students (first_name, last_name, email, student_id, enrollment_date, is_active, father_name, mobile_phone, phone, health_issue, note, study_year, deleted_at) VALUES (?, ?, ?, ?, ?, ?, ?, ?, ?, ?, ?, ?, ?)]
    [parameters: ('Test', 'Student', 'analytics.test@example.com', 'STU001', '2025-07-26', 1, None, None, None, None, None, None, None)]
    (Background on this error at: https://sqlalche.me/e/20/e3q8)
________ ERROR at setup of TestGetStudentTrends.test_trends_no_grades _________
E   sqlite3.OperationalError: no such table: students

The above exception was the direct cause of the following exception:
E   sqlalchemy.exc.OperationalError: (sqlite3.OperationalError) no such table: students
    [SQL: INSERT INTO students (first_name, last_name, email, student_id, enrollment_date, is_active, father_name, mobile_phone, phone, health_issue, note, study_year, deleted_at) VALUES (?, ?, ?, ?, ?, ?, ?, ?, ?, ?, ?, ?, ?)]
    [parameters: ('Test', 'Student', 'analytics.test@example.com', 'STU001', '2025-07-26', 1, None, None, None, None, None, None, None)]
    (Background on this error at: https://sqlalche.me/e/20/e3q8)
_ ERROR at setup of TestGetStudentTrends.test_trends_moving_average_calculation _
E   sqlite3.OperationalError: no such table: students

The above exception was the direct cause of the following exception:
E   sqlalchemy.exc.OperationalError: (sqlite3.OperationalError) no such table: students
    [SQL: INSERT INTO students (first_name, last_name, email, student_id, enrollment_date, is_active, father_name, mobile_phone, phone, health_issue, note, study_year, deleted_at) VALUES (?, ?, ?, ?, ?, ?, ?, ?, ?, ?, ?, ?, ?)]
    [parameters: ('Test', 'Student', 'analytics.test@example.com', 'STU001', '2025-07-26', 1, None, None, None, None, None, None, None)]
    (Background on this error at: https://sqlalche.me/e/20/e3q8)
__ ERROR at setup of TestGetStudentsComparison.test_comparison_with_students __
E   sqlite3.OperationalError: no such table: courses

The above exception was the direct cause of the following exception:
E   sqlalchemy.exc.OperationalError: (sqlite3.OperationalError) no such table: courses
    [SQL: INSERT INTO courses (course_code, course_name, semester, credits, description, absence_penalty, hours_per_week, deleted_at) VALUES (?, ?, ?, ?, ?, ?, ?, ?)]
    [parameters: ('MATH101', 'Mathematics 101', 'Fall 2025', 3, 'Intro to Math', 0.0, 3.0, None)]
    (Background on this error at: https://sqlalche.me/e/20/e3q8)
_ ERROR at setup of TestGetStudentsComparison.test_comparison_class_statistics _
E   sqlite3.OperationalError: no such table: courses

The above exception was the direct cause of the following exception:
E   sqlalchemy.exc.OperationalError: (sqlite3.OperationalError) no such table: courses
    [SQL: INSERT INTO courses (course_code, course_name, semester, credits, description, absence_penalty, hours_per_week, deleted_at) VALUES (?, ?, ?, ?, ?, ?, ?, ?)]
    [parameters: ('MATH101', 'Mathematics 101', 'Fall 2025', 3, 'Intro to Math', 0.0, 3.0, None)]
    (Background on this error at: https://sqlalche.me/e/20/e3q8)
___ ERROR at setup of TestGetStudentsComparison.test_comparison_no_students ___
E   sqlite3.OperationalError: no such table: courses

The above exception was the direct cause of the following exception:
E   sqlalchemy.exc.OperationalError: (sqlite3.OperationalError) no such table: courses
    [SQL: INSERT INTO courses (course_code, course_name, semester, credits, description, absence_penalty, hours_per_week, deleted_at) VALUES (?, ?, ?, ?, ?, ?, ?, ?)]
    [parameters: ('MATH101', 'Mathematics 101', 'Fall 2025', 3, 'Intro to Math', 0.0, 3.0, None)]
    (Background on this error at: https://sqlalche.me/e/20/e3q8)
_ ERROR at setup of TestGetAttendanceSummary.test_attendance_summary_all_courses _
E   sqlite3.OperationalError: no such table: students

The above exception was the direct cause of the following exception:
E   sqlalchemy.exc.OperationalError: (sqlite3.OperationalError) no such table: students
    [SQL: INSERT INTO students (first_name, last_name, email, student_id, enrollment_date, is_active, father_name, mobile_phone, phone, health_issue, note, study_year, deleted_at) VALUES (?, ?, ?, ?, ?, ?, ?, ?, ?, ?, ?, ?, ?)]
    [parameters: ('Test', 'Student', 'analytics.test@example.com', 'STU001', '2025-07-26', 1, None, None, None, None, None, None, None)]
    (Background on this error at: https://sqlalche.me/e/20/e3q8)
_ ERROR at setup of TestGetAttendanceSummary.test_attendance_summary_specific_course _
E   sqlite3.OperationalError: no such table: students

The above exception was the direct cause of the following exception:
E   sqlalchemy.exc.OperationalError: (sqlite3.OperationalError) no such table: students
    [SQL: INSERT INTO students (first_name, last_name, email, student_id, enrollment_date, is_active, father_name, mobile_phone, phone, health_issue, note, study_year, deleted_at) VALUES (?, ?, ?, ?, ?, ?, ?, ?, ?, ?, ?, ?, ?)]
    [parameters: ('Test', 'Student', 'analytics.test@example.com', 'STU001', '2025-07-26', 1, None, None, None, None, None, None, None)]
    (Background on this error at: https://sqlalche.me/e/20/e3q8)
_ ERROR at setup of TestGetAttendanceSummary.test_attendance_summary_no_records _
E   sqlite3.OperationalError: no such table: students

The above exception was the direct cause of the following exception:
E   sqlalchemy.exc.OperationalError: (sqlite3.OperationalError) no such table: students
    [SQL: INSERT INTO students (first_name, last_name, email, student_id, enrollment_date, is_active, father_name, mobile_phone, phone, health_issue, note, study_year, deleted_at) VALUES (?, ?, ?, ?, ?, ?, ?, ?, ?, ?, ?, ?, ?)]
    [parameters: ('Test', 'Student', 'analytics.test@example.com', 'STU001', '2025-07-26', 1, None, None, None, None, None, None, None)]
    (Background on this error at: https://sqlalche.me/e/20/e3q8)
_ ERROR at setup of TestGetAttendanceSummary.test_attendance_excludes_deleted _
E   sqlite3.OperationalError: no such table: students

The above exception was the direct cause of the following exception:
E   sqlalchemy.exc.OperationalError: (sqlite3.OperationalError) no such table: students
    [SQL: INSERT INTO students (first_name, last_name, email, student_id, enrollment_date, is_active, father_name, mobile_phone, phone, health_issue, note, study_year, deleted_at) VALUES (?, ?, ?, ?, ?, ?, ?, ?, ?, ?, ?, ?, ?)]
    [parameters: ('Test', 'Student', 'analytics.test@example.com', 'STU001', '2025-07-26', 1, None, None, None, None, None, None, None)]
    (Background on this error at: https://sqlalche.me/e/20/e3q8)
_ ERROR at setup of TestGetGradeDistribution.test_grade_distribution_calculation _
E   sqlite3.OperationalError: no such table: courses

The above exception was the direct cause of the following exception:
E   sqlalchemy.exc.OperationalError: (sqlite3.OperationalError) no such table: courses
    [SQL: INSERT INTO courses (course_code, course_name, semester, credits, description, absence_penalty, hours_per_week, deleted_at) VALUES (?, ?, ?, ?, ?, ?, ?, ?)]
    [parameters: ('MATH101', 'Mathematics 101', 'Fall 2025', 3, 'Intro to Math', 0.0, 3.0, None)]
    (Background on this error at: https://sqlalche.me/e/20/e3q8)
_ ERROR at setup of TestGetGradeDistribution.test_grade_distribution_no_grades _
E   sqlite3.OperationalError: no such table: courses

The above exception was the direct cause of the following exception:
E   sqlalchemy.exc.OperationalError: (sqlite3.OperationalError) no such table: courses
    [SQL: INSERT INTO courses (course_code, course_name, semester, credits, description, absence_penalty, hours_per_week, deleted_at) VALUES (?, ?, ?, ?, ?, ?, ?, ?)]
    [parameters: ('MATH101', 'Mathematics 101', 'Fall 2025', 3, 'Intro to Math', 0.0, 3.0, None)]
    (Background on this error at: https://sqlalche.me/e/20/e3q8)
___ ERROR at setup of TestCalculateFinalGrade.test_final_grade_calculation ____
E   sqlite3.OperationalError: no such table: students

The above exception was the direct cause of the following exception:
E   sqlalchemy.exc.OperationalError: (sqlite3.OperationalError) no such table: students
    [SQL: INSERT INTO students (first_name, last_name, email, student_id, enrollment_date, is_active, father_name, mobile_phone, phone, health_issue, note, study_year, deleted_at) VALUES (?, ?, ?, ?, ?, ?, ?, ?, ?, ?, ?, ?, ?)]
    [parameters: ('Test', 'Student', 'analytics.test@example.com', 'STU001', '2025-07-26', 1, None, None, None, None, None, None, None)]
    (Background on this error at: https://sqlalche.me/e/20/e3q8)
___ ERROR at setup of TestGetStudentSummary.test_student_summary_with_data ____
E   sqlite3.OperationalError: no such table: students

The above exception was the direct cause of the following exception:
E   sqlalchemy.exc.OperationalError: (sqlite3.OperationalError) no such table: students
    [SQL: INSERT INTO students (first_name, last_name, email, student_id, enrollment_date, is_active, father_name, mobile_phone, phone, health_issue, note, study_year, deleted_at) VALUES (?, ?, ?, ?, ?, ?, ?, ?, ?, ?, ?, ?, ?)]
    [parameters: ('Test', 'Student', 'analytics.test@example.com', 'STU001', '2025-07-26', 1, None, None, None, None, None, None, None)]
    (Background on this error at: https://sqlalche.me/e/20/e3q8)
__ ERROR at setup of TestGetStudentSummary.test_student_summary_without_data __
E   sqlite3.OperationalError: no such table: students

The above exception was the direct cause of the following exception:
E   sqlalchemy.exc.OperationalError: (sqlite3.OperationalError) no such table: students
    [SQL: INSERT INTO students (first_name, last_name, email, student_id, enrollment_date, is_active, father_name, mobile_phone, phone, health_issue, note, study_year, deleted_at) VALUES (?, ?, ?, ?, ?, ?, ?, ?, ?, ?, ?, ?, ?)]
    [parameters: ('Test', 'Student', 'analytics.test@example.com', 'STU001', '2025-07-26', 1, None, None, None, None, None, None, None)]
    (Background on this error at: https://sqlalche.me/e/20/e3q8)
================================== FAILURES ===================================
C:\Users\Vasilis\AppData\Local\Programs\Python\Python313\Lib\site-packages\sqlalchemy\engine\default.py:951: sqlalchemy.exc.OperationalError: (sqlite3.OperationalError) no such table: users
C:\Users\Vasilis\AppData\Local\Programs\Python\Python313\Lib\site-packages\sqlalchemy\engine\default.py:951: sqlalchemy.exc.OperationalError: (sqlite3.OperationalError) no such table: users
C:\Users\Vasilis\AppData\Local\Programs\Python\Python313\Lib\site-packages\sqlalchemy\engine\default.py:951: sqlalchemy.exc.OperationalError: (sqlite3.OperationalError) no such table: users
C:\Users\Vasilis\AppData\Local\Programs\Python\Python313\Lib\site-packages\sqlalchemy\engine\default.py:951: sqlalchemy.exc.OperationalError: (sqlite3.OperationalError) no such table: users
C:\Users\Vasilis\AppData\Local\Programs\Python\Python313\Lib\site-packages\sqlalchemy\engine\default.py:951: sqlalchemy.exc.OperationalError: (sqlite3.OperationalError) no such table: users
C:\Users\Vasilis\AppData\Local\Programs\Python\Python313\Lib\site-packages\sqlalchemy\engine\default.py:951: sqlalchemy.exc.OperationalError: (sqlite3.OperationalError) no such table: users
C:\Users\Vasilis\AppData\Local\Programs\Python\Python313\Lib\site-packages\sqlalchemy\engine\default.py:951: sqlalchemy.exc.OperationalError: (sqlite3.OperationalError) no such table: users
C:\Users\Vasilis\AppData\Local\Programs\Python\Python313\Lib\site-packages\sqlalchemy\engine\default.py:951: sqlalchemy.exc.OperationalError: (sqlite3.OperationalError) no such table: users
C:\Users\Vasilis\AppData\Local\Programs\Python\Python313\Lib\site-packages\sqlalchemy\engine\default.py:951: sqlalchemy.exc.OperationalError: (sqlite3.OperationalError) no such table: students
C:\Users\Vasilis\AppData\Local\Programs\Python\Python313\Lib\site-packages\sqlalchemy\engine\default.py:951: sqlalchemy.exc.OperationalError: (sqlite3.OperationalError) no such table: courses
============================== warnings summary ===============================
schemas\search.py:24
  D:\SMS\student-management-system\backend\schemas\search.py:24: PydanticDeprecatedSince20: Support for class-based `config` is deprecated, use ConfigDict instead. Deprecated in Pydantic V2.0 to be removed in V3.0. See Pydantic V2 Migration Guide at https://errors.pydantic.dev/2.12/migration/
    class StudentSearchResultSchema(BaseModel):

schemas\search.py:40
  D:\SMS\student-management-system\backend\schemas\search.py:40: PydanticDeprecatedSince20: Support for class-based `config` is deprecated, use ConfigDict instead. Deprecated in Pydantic V2.0 to be removed in V3.0. See Pydantic V2 Migration Guide at https://errors.pydantic.dev/2.12/migration/
    class CourseSearchResultSchema(BaseModel):

schemas\search.py:55
  D:\SMS\student-management-system\backend\schemas\search.py:55: PydanticDeprecatedSince20: Support for class-based `config` is deprecated, use ConfigDict instead. Deprecated in Pydantic V2.0 to be removed in V3.0. See Pydantic V2 Migration Guide at https://errors.pydantic.dev/2.12/migration/
    class GradeSearchResultSchema(BaseModel):

schemas\search.py:159
  D:\SMS\student-management-system\backend\schemas\search.py:159: PydanticDeprecatedSince20: Support for class-based `config` is deprecated, use ConfigDict instead. Deprecated in Pydantic V2.0 to be removed in V3.0. See Pydantic V2 Migration Guide at https://errors.pydantic.dev/2.12/migration/
    class SavedSearchResponseSchema(BaseModel):

schemas\search.py:177
  D:\SMS\student-management-system\backend\schemas\search.py:177: PydanticDeprecatedSince20: Support for class-based `config` is deprecated, use ConfigDict instead. Deprecated in Pydantic V2.0 to be removed in V3.0. See Pydantic V2 Migration Guide at https://errors.pydantic.dev/2.12/migration/
    class SavedSearchListResponseSchema(BaseModel):

-- Docs: https://docs.pytest.org/en/stable/how-to/capture-warnings.html
=========================== short test summary info ===========================
ERROR tests/test_analytics_service.py::TestGetStudentPerformance::test_performance_with_grades
ERROR tests/test_analytics_service.py::TestGetStudentPerformance::test_performance_no_grades
ERROR tests/test_analytics_service.py::TestGetStudentPerformance::test_performance_custom_days_back
ERROR tests/test_analytics_service.py::TestGetStudentPerformance::test_performance_excludes_deleted_grades
ERROR tests/test_analytics_service.py::TestGetStudentTrends::test_trends_with_improving_pattern
ERROR tests/test_analytics_service.py::TestGetStudentTrends::test_trends_limit_parameter
ERROR tests/test_analytics_service.py::TestGetStudentTrends::test_trends_no_grades
ERROR tests/test_analytics_service.py::TestGetStudentTrends::test_trends_moving_average_calculation
ERROR tests/test_analytics_service.py::TestGetStudentsComparison::test_comparison_with_students
ERROR tests/test_analytics_service.py::TestGetStudentsComparison::test_comparison_class_statistics
ERROR tests/test_analytics_service.py::TestGetStudentsComparison::test_comparison_no_students
ERROR tests/test_analytics_service.py::TestGetAttendanceSummary::test_attendance_summary_all_courses
ERROR tests/test_analytics_service.py::TestGetAttendanceSummary::test_attendance_summary_specific_course
ERROR tests/test_analytics_service.py::TestGetAttendanceSummary::test_attendance_summary_no_records
ERROR tests/test_analytics_service.py::TestGetAttendanceSummary::test_attendance_excludes_deleted
ERROR tests/test_analytics_service.py::TestGetGradeDistribution::test_grade_distribution_calculation
ERROR tests/test_analytics_service.py::TestGetGradeDistribution::test_grade_distribution_no_grades
ERROR tests/test_analytics_service.py::TestCalculateFinalGrade::test_final_grade_calculation
ERROR tests/test_analytics_service.py::TestGetStudentSummary::test_student_summary_with_data
ERROR tests/test_analytics_service.py::TestGetStudentSummary::test_student_summary_without_data
FAILED tests/test_admin_bootstrap.py::test_bootstrap_skips_without_credentials
FAILED tests/test_admin_bootstrap.py::test_bootstrap_warns_when_auth_enabled_without_credentials
FAILED tests/test_admin_bootstrap.py::test_bootstrap_creates_admin_user - sql...
FAILED tests/test_admin_bootstrap.py::test_bootstrap_updates_existing_user_with_force_reset
FAILED tests/test_admin_bootstrap.py::test_bootstrap_updates_existing_user_without_force_reset
FAILED tests/test_admin_bootstrap.py::test_bootstrap_auto_resets_when_enabled
FAILED tests/test_admin_bootstrap.py::test_bootstrap_auto_does_not_reset_if_password_matches
FAILED tests/test_admin_bootstrap.py::test_bootstrap_auto_resets_on_verification_error
FAILED tests/test_analytics_service.py::TestErrorHandling::test_invalid_student_id
FAILED tests/test_analytics_service.py::TestErrorHandling::test_invalid_course_id
✗ Batch 1 failed in 15.7s
⚠ FastFail enabled - stopping execution

╔════════════════════════════════════════╗
║          TEST EXECUTION SUMMARY        ║
╚════════════════════════════════════════╝

Batches:
  Total:   18
✓   Completed: 1

Tests:
  Total:   0
✗   Failed Batches: 5

Duration: 15.7s

✗ Some tests failed
❌ Backend tests failed


─────────────────────────────────────────────────
 Frontend: Vitest
─────────────────────────────────────────────────
ℹ️  Running fast frontend tests only...
✅ Frontend tests passed

╔══════════════════════════════════════════════════════════════╗
║  Phase 4: Git Remote Synchronization                          ║
╚══════════════════════════════════════════════════════════════╝

ℹ️  Updating remote references...
✅ Git remote is synchronized (or local is ahead)

╔══════════════════════════════════════════════════════════════╗
║  Phase 4: Automated Cleanup                                   ║
╚══════════════════════════════════════════════════════════════╝


─────────────────────────────────────────────────
 Python Cache Cleanup
─────────────────────────────────────────────────
✅ Removed 15 Python cache items

─────────────────────────────────────────────────
 Node.js Cache Cleanup
─────────────────────────────────────────────────
ℹ️  Node cache already clean

─────────────────────────────────────────────────
 Build Artifacts Cleanup
─────────────────────────────────────────────────

─────────────────────────────────────────────────
 Temporary Files Cleanup
─────────────────────────────────────────────────
✅ Removed 15 temporary files

─────────────────────────────────────────────────
 Legacy Artifacts Cleanup
─────────────────────────────────────────────────
ℹ️  Total space freed: 2.24 MB

╔══════════════════════════════════════════════════════════════╗
║  Phase 5: Documentation and Git Status                        ║
╚══════════════════════════════════════════════════════════════╝


─────────────────────────────────────────────────
 Key Documentation Check
─────────────────────────────────────────────────
✅ README.md exists
✅ CHANGELOG.md exists
✅ docs/DOCUMENTATION_INDEX.md exists
✅ DOCUMENTATION_INDEX.md found in docs/ (acceptable)

─────────────────────────────────────────────────
 Git Status
─────────────────────────────────────────────────
ℹ️  Uncommitted changes detected:
M  backend/admin_routes.py  M backend/migrations/versions/6f83bf257dc0_merge_divergent_migration_branches.py MM backend/migrations/versions/a02276d026d0_add_savedsearch_table_phase4.py M  backend/models.py MM backend/routers/routers_search.py M  backend/services/backup_service_encrypted.py MM backend/tests/conftest.py AM backend/tests/test_saved_search_integration.py  M frontend/src/features/search/AdvancedFilters.tsx  M frontend/src/features/search/SavedSearches.tsx  M frontend/src/hooks/useErrorRecovery.ts  M frontend/src/hooks/usePerformanceMonitor.ts  M frontend/src/hooks/useVirtualScroll.ts M  frontend/test_output.txt M  test_output.txt ?? CourseRow.tsx ?? SkeletonLoader.tsx ?? StudentRow.tsx ?? VirtualStudentList.tsx ?? docs/development/FRONTEND_HOOKS_REFERENCE.md ?? docs/releases/DEPLOYMENT_CHECKLIST_v1.18.0.md ?? frontend/src/api/setupInterceptors.ts ?? frontend/src/components/common/ErrorRetry.tsx ?? frontend/src/components/common/LazyLoad.tsx ?? frontend/src/features/students/StudentForm.tsx ?? frontend/src/features/students/StudentsView.tsx ?? frontend/src/hooks/useRateLimit.ts ?? frontend/src/utils/csrf.ts ?? frontend/tests/e2e/performance-benchmark.spec.ts ?? frontend/tests/e2e/run-batch-8-tests.ps1 ?? frontend/tests/e2e/run-batch-9-tests.ps1 ?? frontend/tests/e2e/run-full-regression.ps1 ?? frontend/tests/e2e/run-saved-search-test.ps1 ?? frontend/tests/e2e/student-list.spec.ts ?? frontend/tests/e2e/student-resilience.spec.ts ?? saved-search.spec.ts

─────────────────────────────────────────────────
 Root Documentation Whitelist
─────────────────────────────────────────────────
❌ Found 6 unclassified Markdown file(s) in repo root
   • CI_FAILURE_FIX_JAN22.md
   • CI_FIX_STATUS_JAN22.md
   • CLEANUP_COMPLETE_JAN22.md
   • ISSUE_TRIAGE_SUMMARY_JAN21.md
   • SESSION_JAN22_CI_FIXES_COMPLETE.md
   • SESSION_JAN22_SECURITY_PUSH_COMPLETE.md
ℹ️  Run .\\WORKSPACE_CLEANUP.ps1 -Mode standard to auto-organize, or move to docs/ manually

╔══════════════════════════════════════════════════════════════╗
║  Execution Summary                                            ║
╚══════════════════════════════════════════════════════════════╝

Mode: quick
Duration: 158.9s

Code Quality:
  ✅ Docs & Version Sync
  ✅ Version Consistency
  ✅ Version Format
  ✅ Backend Ruff
  ❌ Backend MyPy
  ❌ Frontend ESLint
  ✅ Markdown Lint
  ✅ TypeScript
  ✅ Translation Integrity

Tests:
  ✅ Backend Dependencies
  ✅ Conftest Config
  ❌ Backend pytest
  ✅ Frontend Vitest

Health Checks:
  ✅ Git Remote

Cleanup:
  ✅ Python Cache (15 items)
  ✅ Node Cache (Already clean)
  ✅ Build Artifacts
  ✅ Temp Files (15 files removed)

= * 60
[FAIL] SOME CHECKS FAILED - REVIEW AND FIX
= * 60
