--------------------------------------------------------------
 COMMIT READY - Pre-Commit Verification
 Student Management System v1.17.6
--------------------------------------------------------------

Mode: quick
Started: 2026-02-02 08:33:47
Log file: D:\SMS\student-management-system\commit_ready_20260202-083347.log


╔══════════════════════════════════════════════════════════════╗
║  Phase A: Version Propagation & Docs Update                   ║
╚══════════════════════════════════════════════════════════════╝

??  Version sync to package.json skipped (use -SyncVersion or -AutoFix to enable)
??  Docs update skipped (use -UpdateDocs or -AutoFix to enable)

╔══════════════════════════════════════════════════════════════╗
║  Phase 0: Version Consistency                                 ║
╚══════════════════════════════════════════════════════════════╝

??  Running comprehensive version verification...

 + ======================================================================
SMS Version Verification Tool
======================================================================
??  Using version from VERSION file: 1.17.6
??  Target version: 1.17.6
??  Mode: CHECK ONLY

 + ======================================================================
Checking Version References
======================================================================
? VERSION file: 1.17.6 (correct)
? Backend main.py docstring: 1.17.6 (correct)
? Frontend package.json: 1.17.6 (correct)
? User guide version: 1.17.6 (correct)
? Developer guide version: 1.17.6 (correct)
? Documentation index version: 1.17.6 (correct)
? COMMIT_READY.ps1 version: 1.17.6 (correct)
? INSTALLER_BUILDER.ps1 version: 1.17.6 (correct)

 + ======================================================================
Verification Summary
======================================================================
Total checks:       8
Consistent:         8
Inconsistent:       0
Updated:            0
Failed:             0

? Version verification completed successfully!
? All version references consistent across codebase

╔══════════════════════════════════════════════════════════════╗
║  Phase 0.5: Version Format Enforcement                        ║
╚══════════════════════════════════════════════════════════════╝

? Version format valid: 1.17.6

─────────────────────────────────────────────────
 Backend: Ensure Python Dependencies
─────────────────────────────────────────────────
??  Installing runtime requirements (pip) from requirements.txt
??  Installing dev requirements (pip)
? Backend dependencies ensured

╔══════════════════════════════════════════════════════════════╗
║  Phase 1: Smoke Test - Conftest Config                        ║
╚══════════════════════════════════════════════════════════════╝

??  Checking D:\SMS\student-management-system\backend\tests\conftest.py for secure test settings...
? conftest.py: AUTH_ENABLED=False verified

╔══════════════════════════════════════════════════════════════╗
║  Phase 0: Pre-commit Hook Validation                          ║
╚══════════════════════════════════════════════════════════════╝

??  .pre-commit-config.yaml not found. Skipping pre-commit hook validation.

╔══════════════════════════════════════════════════════════════╗
║  Phase 1: Code Quality & Linting                              ║
╚══════════════════════════════════════════════════════════════╝


─────────────────────────────────────────────────
 Backend: Ruff Linting
─────────────────────────────────────────────────
??  Running ruff check...
? Backend linting passed

─────────────────────────────────────────────────
 Backend: MyPy Type Checking
─────────────────────────────────────────────────
??  Running mypy...
? Backend type checking failed
backend\services\custom_report_generation_service.py:135: error: Need type annotation for "filters_list"  [var-annotated] backend\services\custom_report_generation_service.py:135: note: Error code "var-annotated" not covered by "type: ignore" comment backend\services\custom_report_generation_service.py:136: error: Need type annotation for "sort_list"  [var-annotated] backend\services\custom_report_generation_service.py:136: note: Error code "var-annotated" not covered by "type: ignore" comment Found 2 errors in 1 file (checked 177 source files)

─────────────────────────────────────────────────
 Frontend: ESLint
─────────────────────────────────────────────────
??  Running ESLint...
? Frontend linting passed

─────────────────────────────────────────────────
 Repository: Markdown Lint
─────────────────────────────────────────────────
??  Running markdownlint with auto-fix...
? Markdown linting passed

─────────────────────────────────────────────────
 Frontend: TypeScript Type Checking
─────────────────────────────────────────────────
??  Skipping TypeScript type checking in quick mode (temporary)
? TypeScript type checking passed

─────────────────────────────────────────────────
 Translation Integrity Check
─────────────────────────────────────────────────
??  Checking translation key parity...
? Translation integrity verified

╔══════════════════════════════════════════════════════════════╗
║  Phase 2: Test Suite Execution                                ║
╚══════════════════════════════════════════════════════════════╝


─────────────────────────────────────────────────
 Backend: pytest
─────────────────────────────────────────────────
??  Using in-memory SQLite for local tests (DATABASE_URL not set)
??  Using strict auth mode for local tests (AUTH_MODE not set)
??  Using batch test runner (prevents system freeze)...

╔════════════════════════════════════════╗

║   Batch Test Runner (SMS v1.17.2)     ║

╚════════════════════════════════════════╝


?? Logging to: D:\SMS\student-management-system\backend\test-results\backend_batch_run_20260202_083433.txt


? Scanning for test files...


? Found 93 test files


? Split into 19 batches (5 files per batch)




┌─────────────────────────────────────────┐

│ Batch 1 of 19 (Files: 5)

└─────────────────────────────────────────┘

   test_admin_backup_encryption.py

   test_admin_bootstrap.py

   test_analytics_router.py

   test_analytics_service.py

   test_attendance_router.py

? Running tests...


....................................................................     [100%]
? Batch 1 completed successfully in 9s


  Waiting 2 seconds before next batch...


┌─────────────────────────────────────────┐

│ Batch 2 of 19 (Files: 5)

└─────────────────────────────────────────┘

   test_audit_router.py

   test_audit.py

   test_auth_flow.py

   test_auth_refresh.py

   test_auth_router.py

? Running tests...


.........................................                                [100%]
? Batch 2 completed successfully in 6.5s


  Waiting 2 seconds before next batch...


┌─────────────────────────────────────────┐

│ Batch 3 of 19 (Files: 5)

└─────────────────────────────────────────┘

   test_auto_import_courses.py

   test_backup_encryption.py

   test_change_password.py

   test_config_module.py

   test_config_settings.py

? Running tests...


...................................................                      [100%]
? Batch 3 completed successfully in 5.6s


  Waiting 2 seconds before next batch...


┌─────────────────────────────────────────┐

│ Batch 4 of 19 (Files: 5)

└─────────────────────────────────────────┘

   test_control_endpoints.py

   test_control_environment.py

   test_control_jwt_integration.py

   test_control_maintenance.py

   test_control_path_traversal.py

? Running tests...


...........................                                              [100%]
? Batch 4 completed successfully in 15.5s


  Waiting 2 seconds before next batch...


┌─────────────────────────────────────────┐

│ Batch 5 of 19 (Files: 5)

└─────────────────────────────────────────┘

   test_control_start_branches.py

   test_course_rule_normalization.py

   test_courses_router.py

   test_csrf_flow.py

   test_csv_import.py

? Running tests...


...............................                                          [100%]
? Batch 5 completed successfully in 5.9s


  Waiting 2 seconds before next batch...


┌─────────────────────────────────────────┐

│ Batch 6 of 19 (Files: 5)

└─────────────────────────────────────────┘

   test_custom_report_generation_service.py

   test_custom_reports_router.py

   test_custom_reports_service.py

   test_daily_performance_router.py

   test_database_upload.py

? Running tests...


...................                                                      [100%]
? Batch 6 completed successfully in 5.1s


  Waiting 2 seconds before next batch...


┌─────────────────────────────────────────┐

│ Batch 7 of 19 (Files: 5)

└─────────────────────────────────────────┘

   test_db_utils.py

   test_edge_cases.py

   test_enrollments_router.py

   test_environment_detection.py

   test_environment_module.py

? Running tests...


............................................                             [100%]
? Batch 7 completed successfully in 5.6s


  Waiting 2 seconds before next batch...


┌─────────────────────────────────────────┐

│ Batch 8 of 19 (Files: 5)

└─────────────────────────────────────────┘

   test_exception_handlers.py

   test_export_analytics.py

   test_facet_service.py

   test_grade_calculation_fix.py

   test_grade_calculation_integration.py

? Running tests...


..............................                                           [100%]
? Batch 8 completed successfully in 6.5s


  Waiting 2 seconds before next batch...


┌─────────────────────────────────────────┐

│ Batch 9 of 19 (Files: 5)

└─────────────────────────────────────────┘

   test_grade_calculation.py

   test_grades_router.py

   test_gzip_middleware.py

   test_health_checks.py

   test_health.py

? Running tests...


................................                                         [100%]
? Batch 9 completed successfully in 6.9s


  Waiting 2 seconds before next batch...


┌─────────────────────────────────────────┐

│ Batch 10 of 19 (Files: 5)

└─────────────────────────────────────────┘

   test_import_export.py

   test_import_resolver_cov.py

   test_import_resolver.py

   test_imports_integration.py

   test_imports_soft_delete.py

? Running tests...


..............................                                           [100%]
? Batch 10 completed successfully in 8.3s


  Waiting 2 seconds before next batch...


┌─────────────────────────────────────────┐

│ Batch 11 of 19 (Files: 5)

└─────────────────────────────────────────┘

   test_imports_upload.py

   test_integration_smoke.py

   test_jwt_smoke.py

   test_list_routes.py

   test_logging_config_cov.py

? Running tests...


...s...                                                                  [100%]
=========================== short test summary info ===========================
SKIPPED [1] tests\test_integration_smoke.py:8: Integration tests disabled (set RUN_INTEGRATION=1)
? Batch 11 completed successfully in 5.1s


  Waiting 2 seconds before next batch...


┌─────────────────────────────────────────┐

│ Batch 12 of 19 (Files: 5)

└─────────────────────────────────────────┘

   test_logging_config.py

   test_metrics_simple.py

   test_metrics.py

   test_models_relationships.py

   test_notifications_router.py

? Running tests...


....................................................                     [100%]
? Batch 12 completed successfully in 6.8s


  Waiting 2 seconds before next batch...


┌─────────────────────────────────────────┐

│ Batch 13 of 19 (Files: 5)

└─────────────────────────────────────────┘

   test_password_rehash.py

   test_performance_monitor.py

   test_permissions_api.py

   test_rate_limit_enforcement.py

   test_rate_limiting.py

? Running tests...


..............................                                           [100%]
? Batch 13 completed successfully in 5s


  Waiting 2 seconds before next batch...


┌─────────────────────────────────────────┐

│ Batch 14 of 19 (Files: 5)

└─────────────────────────────────────────┘

   test_rbac_enforcement.py

   test_rbac_router.py

   test_rbac_templates.py

   test_rbac.py

   test_register_role_enforcement.py

? Running tests...


......FF..FF.sss.Fsssssssssss...sssFFsss..F.F.sFF..............          [100%]
================================== FAILURES ===================================
D:\SMS\student-management-system\backend\tests\test_rbac_templates.py:73: AssertionError: assert True is False
D:\SMS\student-management-system\backend\tests\test_rbac_templates.py:100: AssertionError: assert True is False
C:\Users\Vasilis\AppData\Local\Programs\Python\Python313\Lib\site-packages\sqlalchemy\orm\decl_base.py:2179: TypeError: 'key' is an invalid keyword argument for Role
C:\Users\Vasilis\AppData\Local\Programs\Python\Python313\Lib\site-packages\sqlalchemy\orm\decl_base.py:2179: TypeError: 'key' is an invalid keyword argument for Role
C:\Users\Vasilis\AppData\Local\Programs\Python\Python313\Lib\site-packages\sqlalchemy\engine\default.py:951: sqlalchemy.exc.OperationalError: (sqlite3.OperationalError) no such table: users
C:\Users\Vasilis\AppData\Local\Programs\Python\Python313\Lib\site-packages\sqlalchemy\engine\default.py:951: sqlalchemy.exc.OperationalError: (sqlite3.OperationalError) no such table: users
C:\Users\Vasilis\AppData\Local\Programs\Python\Python313\Lib\site-packages\sqlalchemy\engine\default.py:951: sqlalchemy.exc.OperationalError: (sqlite3.OperationalError) no such table: users
C:\Users\Vasilis\AppData\Local\Programs\Python\Python313\Lib\site-packages\sqlalchemy\orm\decl_base.py:2179: TypeError: 'key' is an invalid keyword argument for Role
C:\Users\Vasilis\AppData\Local\Programs\Python\Python313\Lib\site-packages\sqlalchemy\orm\decl_base.py:2179: TypeError: 'key' is an invalid keyword argument for Role
C:\Users\Vasilis\AppData\Local\Programs\Python\Python313\Lib\site-packages\sqlalchemy\orm\decl_base.py:2179: TypeError: 'key' is an invalid keyword argument for Role
C:\Users\Vasilis\AppData\Local\Programs\Python\Python313\Lib\site-packages\sqlalchemy\orm\decl_base.py:2179: TypeError: 'key' is an invalid keyword argument for Role
=========================== short test summary info ===========================
SKIPPED [1] tests\test_rbac_templates.py:261: Cache invalidation not implemented yet
SKIPPED [1] tests\test_rbac_templates.py:268: Cache invalidation not implemented yet
SKIPPED [1] tests\test_rbac_templates.py:275: Cache invalidation not implemented yet
SKIPPED [1] tests\test_rbac_templates.py:374: Request ID logging not yet implemented in decorator
SKIPPED [1] tests\test_rbac_templates.py:381: require_any_permission decorator not implemented
SKIPPED [1] tests\test_rbac_templates.py:387: require_any_permission decorator not implemented
SKIPPED [1] tests\test_rbac_templates.py:393: require_all_permissions decorator not implemented
SKIPPED [1] tests\test_rbac_templates.py:399: require_all_permissions decorator not implemented
SKIPPED [1] tests\test_rbac_templates.py:410: Self-access requires student_id mapping in User model
SKIPPED [1] tests\test_rbac_templates.py:417: Self-access requires student_id mapping in User model
SKIPPED [1] tests\test_rbac_templates.py:424: Self-access requires student_id mapping in User model
SKIPPED [1] tests\test_rbac_templates.py:431: Self-access grade editing not implemented
SKIPPED [1] tests\test_rbac_templates.py:437: Teacher course scoping not implemented
SKIPPED [1] tests\test_rbac_templates.py:443: Viewer enforcement not implemented
SKIPPED [1] tests\test_rbac_templates.py:494: Seed script testing requires actual seed script
SKIPPED [1] tests\test_rbac_templates.py:500: Seed script testing requires actual seed script
SKIPPED [1] tests\test_rbac_templates.py:506: Seed script testing requires actual seed script
SKIPPED [1] tests\test_rbac_templates.py:600: Request ID not yet in error meta
SKIPPED [1] tests\test_rbac_templates.py:611: Token permission propagation needs JWT integration testing
SKIPPED [1] tests\test_rbac_templates.py:617: Token revocation on refresh not implemented
SKIPPED [1] tests\test_rbac_templates.py:816: Role permission expiry not implemented in RolePermission model
FAILED tests/test_rbac_templates.py::test_002_permission_check_denies_unauthorized_user
FAILED tests/test_rbac_templates.py::test_003_permission_check_denies_inactive_permission
FAILED tests/test_rbac_templates.py::test_006_role_permission_resolution - Ty...
FAILED tests/test_rbac_templates.py::test_007_user_permission_overrides_role_revocation
FAILED tests/test_rbac_templates.py::test_013_require_permission_denies_unauthorized_user
FAILED tests/test_rbac_templates.py::test_031_permission_denied_returns_standard_error_payload
FAILED tests/test_rbac_templates.py::test_032_permission_denied_includes_permission_name
FAILED tests/test_rbac_templates.py::test_038_permission_lookup_handles_soft_deleted_role
FAILED tests/test_rbac_templates.py::test_040_permission_lookup_ignores_inactive_role_permission
FAILED tests/test_rbac_templates.py::test_043_permission_lookup_handles_multiple_roles
FAILED tests/test_rbac_templates.py::test_044_permission_lookup_handles_duplicate_permissions
? Batch 14 failed in 7.1s


? FastFail enabled - stopping execution



╔════════════════════════════════════════╗

║          TEST EXECUTION SUMMARY        ║

╚════════════════════════════════════════╝


Batches:

  Total:   19

?   Completed: 14


Tests:

  Total:   0

?   Failed Batches: 5


Duration: 99.2s


?? Full log saved to: D:\SMS\student-management-system\backend\test-results\backend_batch_run_20260202_083433.txt

? Some tests failed


? Some tests failed

? 
?? Saving failed test files for re-testing...


?    To retest only failed files, run:


   .\RUN_TESTS_BATCH.ps1 -RetestFailed
? Failed files saved to: .test-failures (5 files)



? Test log completed: D:\SMS\student-management-system\backend\test-results\backend_batch_run_20260202_083433.txt

? Backend tests failed


─────────────────────────────────────────────────
 Frontend: Vitest
─────────────────────────────────────────────────
??  Running fast frontend tests only...
? Frontend tests passed

╔══════════════════════════════════════════════════════════════╗
║  Phase 4: Git Remote Synchronization                          ║
╚══════════════════════════════════════════════════════════════╝

??  Updating remote references...
? Git remote is synchronized (or local is ahead)

╔══════════════════════════════════════════════════════════════╗
║  Phase 4: Automated Cleanup                                   ║
╚══════════════════════════════════════════════════════════════╝


─────────────────────────────────────────────────
 Python Cache Cleanup
─────────────────────────────────────────────────
? Removed 15 Python cache items

─────────────────────────────────────────────────
 Node.js Cache Cleanup
─────────────────────────────────────────────────
??  Node cache already clean

─────────────────────────────────────────────────
 Build Artifacts Cleanup
─────────────────────────────────────────────────

─────────────────────────────────────────────────
 Temporary Files Cleanup
─────────────────────────────────────────────────
? Removed 15 temporary files

─────────────────────────────────────────────────
 Legacy Artifacts Cleanup
─────────────────────────────────────────────────
??  Total space freed: 3.35 MB

╔══════════════════════════════════════════════════════════════╗
║  Phase 5: Documentation and Git Status                        ║
╚══════════════════════════════════════════════════════════════╝


─────────────────────────────────────────────────
 Key Documentation Check
─────────────────────────────────────────────────
? README.md exists
? CHANGELOG.md exists
? docs/DOCUMENTATION_INDEX.md exists
? DOCUMENTATION_INDEX.md found in docs/ (acceptable)

─────────────────────────────────────────────────
 Git Status
─────────────────────────────────────────────────
??  Uncommitted changes detected:
 M ops/seed_report_templates.py  M ops/seed_sample_grades.py  M tests/test_rbac_templates.py  M ../commit_ready_20260202-005535.log  M ../docs/plans/UNIFIED_WORK_PLAN.md  M ../seed_templates_now.py ?? .test-failures ?? ../commit_ready_20260202-081526.log ?? ../commit_ready_20260202-083347.log

─────────────────────────────────────────────────
 Root Documentation Whitelist
─────────────────────────────────────────────────
? Found 3 unclassified Markdown file(s) in repo root
    DEPLOYMENT_PREPARATION_v1.17.6.md
    DEPLOYMENT_READY.md
    PHASE6_COMPLETION_REPORT.md
??  Run .\\WORKSPACE_CLEANUP.ps1 -Mode standard to auto-organize, or move to docs/ manually

╔══════════════════════════════════════════════════════════════╗
║  Execution Summary                                            ║
╚══════════════════════════════════════════════════════════════╝

Mode: quick
Duration: 151.9s

Code Quality:
  ? Docs & Version Sync
  ? Version Consistency
  ? Version Format
  ? Backend Ruff
  ? Backend MyPy
  ? Frontend ESLint
  ? Markdown Lint
  ? TypeScript
  ? Translation Integrity

Tests:
  ? Backend Dependencies
  ? Conftest Config
  ? Backend pytest
  ? Frontend Vitest

Health Checks:
  ? Git Remote

Cleanup:
  ? Python Cache (15 items)
  ? Node Cache (Already clean)
  ? Build Artifacts
  ? Temp Files (15 files removed)

= * 60
[FAIL] SOME CHECKS FAILED - REVIEW AND FIX
= * 60
