--------------------------------------------------------------
 COMMIT READY - Pre-Commit Verification
 Student Management System v1.17.6
--------------------------------------------------------------

Mode: quick
Started: 2026-01-31 01:55:44
Log file: D:\SMS\student-management-system\commit_ready_20260131-015544.log


╔══════════════════════════════════════════════════════════════╗
║  Phase A: Version Propagation & Docs Update                   ║
╚══════════════════════════════════════════════════════════════╝

??  Version sync to package.json skipped (use -SyncVersion or -AutoFix to enable)
??  Docs update skipped (use -UpdateDocs or -AutoFix to enable)

╔══════════════════════════════════════════════════════════════╗
║  Phase 0: Version Consistency                                 ║
╚══════════════════════════════════════════════════════════════╝

??  Running comprehensive version verification...

 + ======================================================================
SMS Version Verification Tool
======================================================================
??  Using version from VERSION file: 1.17.6
??  Target version: 1.17.6
??  Mode: CHECK ONLY

 + ======================================================================
Checking Version References
======================================================================
? VERSION file: 1.17.6 (correct)
? Backend main.py docstring: 1.17.6 (correct)
? Frontend package.json: 1.17.6 (correct)
? User guide version: 1.17.6 (correct)
? Developer guide version: 1.17.6 (correct)
? Documentation index version: 1.17.6 (correct)
? COMMIT_READY.ps1 version: 1.17.6 (correct)
? INSTALLER_BUILDER.ps1 version: 1.17.6 (correct)

 + ======================================================================
Verification Summary
======================================================================
Total checks:       8
Consistent:         8
Inconsistent:       0
Updated:            0
Failed:             0

? Version verification completed successfully!
? All version references consistent across codebase

╔══════════════════════════════════════════════════════════════╗
║  Phase 0.5: Version Format Enforcement                        ║
╚══════════════════════════════════════════════════════════════╝

? Version format valid: 1.17.6

─────────────────────────────────────────────────
 Backend: Ensure Python Dependencies
─────────────────────────────────────────────────
??  Installing runtime requirements (pip) from requirements.txt
??  Installing dev requirements (pip)
? Backend dependencies ensured

╔══════════════════════════════════════════════════════════════╗
║  Phase 1: Smoke Test - Conftest Config                        ║
╚══════════════════════════════════════════════════════════════╝

??  Checking D:\SMS\student-management-system\backend\tests\conftest.py for secure test settings...
? conftest.py: AUTH_ENABLED=False verified

╔══════════════════════════════════════════════════════════════╗
║  Phase 0: Pre-commit Hook Validation                          ║
╚══════════════════════════════════════════════════════════════╝

??  Running pre-commit hooks on staged files...
? Pre-commit hooks passed (files auto-fixed).
??  Some files were auto-formatted. Review changes with: git diff

╔══════════════════════════════════════════════════════════════╗
║  Phase 1: Code Quality & Linting                              ║
╚══════════════════════════════════════════════════════════════╝


─────────────────────────────────────────────────
 Backend: Ruff Linting
─────────────────────────────────────────────────
??  Running ruff check...
? Backend linting failed
warning: Failed to write cache file `D:\SMS\student-management-system\backend\.ruff_cache\0.14.14\13398976463732631683`: ╬Φ╬╡╬╜ ╬╡╧Α╬╣╧Ε╧Β╬φ╧Α╬╡╧Ε╬▒╬╣ ╬╖ ╧Α╧Β╧Ν╧Δ╬▓╬▒╧Δ╬╖. (os error 5) F541 [*] f-string without any placeholders   --> reset_admin_native.py:16:11    | 14 |     admin.hashed_password = pwd_context.hash('AdminProduction2026!') 15 |     db.commit() 16 |     print(f'έεΖ Password reset successfully')    |           ^^^^^^^^^^^^^^^^^^^^^^^^^^^^^^^^^ 17 |     print(f'Email: {admin.email}') 18 |     print(f'Password: AdminProduction2026!')    | help: Remove extraneous `f` prefix  F541 [*] f-string without any placeholders   --> reset_admin_native.py:18:11    | 16 |     print(f'έεΖ Password reset successfully') 17 |     print(f'Email: {admin.email}') 18 |     print(f'Password: AdminProduction2026!')    |           ^^^^^^^^^^^^^^^^^^^^^^^^^^^^^^^^^ 19 | else: 20 |     print('έζΝ Admin user not found in SQLite database')    | help: Remove extraneous `f` prefix  F541 [*] f-string without any placeholders   --> reset_admin_native.py:33:11    | 31 |     db.commit() 32 |     print('έεΖ Admin user created') 33 |     print(f'Email: admin@example.com')    |           ^^^^^^^^^^^^^^^^^^^^^^^^^^^ 34 |     print(f'Password: AdminProduction2026!')    | help: Remove extraneous `f` prefix  F541 [*] f-string without any placeholders   --> reset_admin_native.py:34:11    | 32 |     print('έεΖ Admin user created') 33 |     print(f'Email: admin@example.com') 34 |     print(f'Password: AdminProduction2026!')    |           ^^^^^^^^^^^^^^^^^^^^^^^^^^^^^^^^^    | help: Remove extraneous `f` prefix  Found 4 errors. [*] 4 fixable with the `--fix` option.

─────────────────────────────────────────────────
 Backend: MyPy Type Checking
─────────────────────────────────────────────────
??  Running mypy...
? Backend type checking passed

─────────────────────────────────────────────────
 Frontend: ESLint
─────────────────────────────────────────────────
??  Running ESLint...
? Frontend linting passed

─────────────────────────────────────────────────
 Repository: Markdown Lint
─────────────────────────────────────────────────
??  Running markdownlint with auto-fix...
? Markdown linting passed

─────────────────────────────────────────────────
 Frontend: TypeScript Type Checking
─────────────────────────────────────────────────
??  Skipping TypeScript type checking in quick mode (temporary)
? TypeScript type checking passed

─────────────────────────────────────────────────
 Translation Integrity Check
─────────────────────────────────────────────────
??  Checking translation key parity...
? Translation integrity verified

╔══════════════════════════════════════════════════════════════╗
║  Phase 2: Test Suite Execution                                ║
╚══════════════════════════════════════════════════════════════╝


─────────────────────────────────────────────────
 Backend: pytest
─────────────────────────────────────────────────
??  Using in-memory SQLite for local tests (DATABASE_URL not set)
??  Using strict auth mode for local tests (AUTH_MODE not set)
??  Using batch test runner (prevents system freeze)...

╔════════════════════════════════════════╗
║   Batch Test Runner (SMS v1.17.2)     ║
╚════════════════════════════════════════╝

? Scanning for test files...
? Found 89 test files
? Split into 18 batches (5 files per batch)


┌─────────────────────────────────────────┐
│ Batch 1 of 18 (Files: 5)
└─────────────────────────────────────────┘
   test_admin_backup_encryption.py
   test_admin_bootstrap.py
   test_analytics_router.py
   test_analytics_service.py
   test_attendance_router.py
? Running tests...
....................................................................     [100%]
? Batch 1 completed successfully in 21.8s
  Waiting 2 seconds before next batch...

┌─────────────────────────────────────────┐
│ Batch 2 of 18 (Files: 5)
└─────────────────────────────────────────┘
   test_audit_router.py
   test_audit.py
   test_auth_flow.py
   test_auth_refresh.py
   test_auth_router.py
? Running tests...
.......................F.................                                [100%]
================================== FAILURES ===================================
D:\SMS\student-management-system\backend\tests\test_auth_flow.py:102: assert 400 == 429
=========================== short test summary info ===========================
FAILED tests/test_auth_flow.py::test_login_lockout_after_failed_attempts - as...
? Batch 2 failed in 13.7s
? FastFail enabled - stopping execution

╔════════════════════════════════════════╗
║          TEST EXECUTION SUMMARY        ║
╚════════════════════════════════════════╝

Batches:
  Total:   18
?   Completed: 2

Tests:
  Total:   0
?   Failed Batches: 5

Duration: 38.2s

? Some tests failed
? Backend tests failed


─────────────────────────────────────────────────
 Frontend: Vitest
─────────────────────────────────────────────────
??  Running fast frontend tests only...
? Frontend tests passed

╔══════════════════════════════════════════════════════════════╗
║  Phase 4: Git Remote Synchronization                          ║
╚══════════════════════════════════════════════════════════════╝

??  Updating remote references...
? Git remote is synchronized (or local is ahead)

╔══════════════════════════════════════════════════════════════╗
║  Phase 4: Automated Cleanup                                   ║
╚══════════════════════════════════════════════════════════════╝


─────────────────────────────────────────────────
 Python Cache Cleanup
─────────────────────────────────────────────────
? Removed 15 Python cache items

─────────────────────────────────────────────────
 Node.js Cache Cleanup
─────────────────────────────────────────────────
??  Node cache already clean

─────────────────────────────────────────────────
 Build Artifacts Cleanup
─────────────────────────────────────────────────

─────────────────────────────────────────────────
 Temporary Files Cleanup
─────────────────────────────────────────────────
? Removed 15 temporary files

─────────────────────────────────────────────────
 Legacy Artifacts Cleanup
─────────────────────────────────────────────────
??  Total space freed: 2.04 MB

╔══════════════════════════════════════════════════════════════╗
║  Phase 5: Documentation and Git Status                        ║
╚══════════════════════════════════════════════════════════════╝


─────────────────────────────────────────────────
 Key Documentation Check
─────────────────────────────────────────────────
? README.md exists
? CHANGELOG.md exists
? docs/DOCUMENTATION_INDEX.md exists
? DOCUMENTATION_INDEX.md found in docs/ (acceptable)

─────────────────────────────────────────────────
 Git Status
─────────────────────────────────────────────────
??  Uncommitted changes detected:
 M GOLIVE_QUICK_REFERENCE.md  M PHASE5_DOCUMENT_INDEX.md  M PHASE5_READY_FOR_GOLIVE_CHECKLIST.md  M backend/data/imports/1_courses.csv  M backend/data/imports/1_grades.csv  M backend/data/imports/1_students.csv  M commit_ready_20260130-230348.log  M commit_ready_20260130-231534.log AM docs/ACTION_SUMMARY_JAN31.md  M docs/deployment/PHASE5_PRODUCTION_DEPLOYMENT_COMPLETE.md  M docs/deployment/PRODUCTION_DEPLOYMENT_VERIFICATION_CHECKLIST_v1.17.6.md  M docs/deployment/PRODUCTION_GO_LIVE_GUIDE_v1.17.6.md  M docs/plans/PHASE6_FEATURE_SELECTION.md  M docs/plans/UNIFIED_WORK_PLAN.md AM docs/security/SECURITY_AUDIT_FIX_PLAN_JAN31.md AM docs/security/SECURITY_CI_CD_REVIEW_SUMMARY_JAN31.md  M docs/training/TRAINING_CREDENTIALS.md ?? backend/reset_admin_native.py ?? commit_ready_20260131-015544.log ?? reset_admin_native.py

─────────────────────────────────────────────────
 Root Documentation Whitelist
─────────────────────────────────────────────────
? Found 4 unclassified Markdown file(s) in repo root
    GOLIVE_QUICK_REFERENCE.md
    PHASE5_COMPLETION_OVERVIEW.md
    PHASE5_DOCUMENT_INDEX.md
    PHASE5_READY_FOR_GOLIVE_CHECKLIST.md
??  Run .\\WORKSPACE_CLEANUP.ps1 -Mode standard to auto-organize, or move to docs/ manually

╔══════════════════════════════════════════════════════════════╗
║  Execution Summary                                            ║
╚══════════════════════════════════════════════════════════════╝

Mode: quick
Duration: 225.2s

Code Quality:
  ? Docs & Version Sync
  ? Version Consistency
  ? Version Format
  ? Backend Ruff
  ? Backend MyPy
  ? Frontend ESLint
  ? Markdown Lint
  ? TypeScript
  ? Translation Integrity

Tests:
  ? Backend Dependencies
  ? Conftest Config
  ? Backend pytest
  ? Frontend Vitest

Health Checks:
  ? Git Remote

Cleanup:
  ? Python Cache (15 items)
  ? Node Cache (Already clean)
  ? Build Artifacts
  ? Temp Files (15 files removed)

= * 60
[FAIL] SOME CHECKS FAILED - REVIEW AND FIX
= * 60
