--------------------------------------------------------------
 COMMIT READY - Pre-Commit Verification
 Student Management System v1.17.6
--------------------------------------------------------------

Mode: quick
Started: 2026-01-30 12:30:08
Log file: D:\SMS\student-management-system\commit_ready_20260130-123007.log


╔══════════════════════════════════════════════════════════════╗
║  Phase A: Version Propagation & Docs Update                   ║
╚══════════════════════════════════════════════════════════════╝

??  Version sync to package.json skipped (use -SyncVersion or -AutoFix to enable)
??  Docs update skipped (use -UpdateDocs or -AutoFix to enable)

╔══════════════════════════════════════════════════════════════╗
║  Phase 0: Version Consistency                                 ║
╚══════════════════════════════════════════════════════════════╝

??  Running comprehensive version verification...

 + ======================================================================
SMS Version Verification Tool
======================================================================
??  Using version from VERSION file: 1.17.6
??  Target version: 1.17.6
??  Mode: CHECK ONLY

 + ======================================================================
Checking Version References
======================================================================
? VERSION file: 1.17.6 (correct)
? Backend main.py docstring: 1.17.6 (correct)
? Frontend package.json: 1.17.6 (correct)
? User guide version: 1.17.6 (correct)
? Developer guide version: 1.17.6 (correct)
? Documentation index version: 1.17.6 (correct)
? COMMIT_READY.ps1 version: 1.17.6 (correct)
? INSTALLER_BUILDER.ps1 version: 1.17.6 (correct)

 + ======================================================================
Verification Summary
======================================================================
Total checks:       8
Consistent:         8
Inconsistent:       0
Updated:            0
Failed:             0

? Version verification completed successfully!
? All version references consistent across codebase

╔══════════════════════════════════════════════════════════════╗
║  Phase 0.5: Version Format Enforcement                        ║
╚══════════════════════════════════════════════════════════════╝

? Version format valid: 1.17.6

─────────────────────────────────────────────────
 Backend: Ensure Python Dependencies
─────────────────────────────────────────────────
??  Installing runtime requirements (pip) from requirements.txt
??  Installing dev requirements (pip)
? Backend dependencies ensured

╔══════════════════════════════════════════════════════════════╗
║  Phase 1: Smoke Test - Conftest Config                        ║
╚══════════════════════════════════════════════════════════════╝

??  Checking D:\SMS\student-management-system\backend\tests\conftest.py for secure test settings...
? conftest.py: AUTH_ENABLED=False verified

╔══════════════════════════════════════════════════════════════╗
║  Phase 0: Pre-commit Hook Validation                          ║
╚══════════════════════════════════════════════════════════════╝

??  Running pre-commit hooks on staged files...
? Pre-commit hooks passed (files auto-fixed).
??  Some files were auto-formatted. Review changes with: git diff

╔══════════════════════════════════════════════════════════════╗
║  Phase 1: Code Quality & Linting                              ║
╚══════════════════════════════════════════════════════════════╝


─────────────────────────────────────────────────
 Backend: Ruff Linting
─────────────────────────────────────────────────
??  Running ruff check...
? Backend linting passed

─────────────────────────────────────────────────
 Backend: MyPy Type Checking
─────────────────────────────────────────────────
??  Running mypy...
? Backend type checking passed

─────────────────────────────────────────────────
 Frontend: ESLint
─────────────────────────────────────────────────
??  Running ESLint...
? Frontend linting passed

─────────────────────────────────────────────────
 Repository: Markdown Lint
─────────────────────────────────────────────────
??  Running markdownlint with auto-fix...
? Markdown linting passed

─────────────────────────────────────────────────
 Frontend: TypeScript Type Checking
─────────────────────────────────────────────────
??  Skipping TypeScript type checking in quick mode (temporary)
? TypeScript type checking passed

─────────────────────────────────────────────────
 Translation Integrity Check
─────────────────────────────────────────────────
??  Checking translation key parity...
? Translation integrity verified

╔══════════════════════════════════════════════════════════════╗
║  Phase 2: Test Suite Execution                                ║
╚══════════════════════════════════════════════════════════════╝


─────────────────────────────────────────────────
 Backend: pytest
─────────────────────────────────────────────────
??  Using in-memory SQLite for local tests (DATABASE_URL not set)
??  Using strict auth mode for local tests (AUTH_MODE not set)
??  Using batch test runner (prevents system freeze)...

╔════════════════════════════════════════╗
║   Batch Test Runner (SMS v1.17.2)     ║
╚════════════════════════════════════════╝

? Scanning for test files...
? Found 89 test files
? Split into 18 batches (5 files per batch)


┌─────────────────────────────────────────┐
│ Batch 1 of 18 (Files: 5)
└─────────────────────────────────────────┘
   test_admin_backup_encryption.py
   test_admin_bootstrap.py
   test_analytics_router.py
   test_analytics_service.py
   test_attendance_router.py
? Running tests...
....................................................................     [100%]
? Batch 1 completed successfully in 11.1s
  Waiting 2 seconds before next batch...

┌─────────────────────────────────────────┐
│ Batch 2 of 18 (Files: 5)
└─────────────────────────────────────────┘
   test_audit_router.py
   test_audit.py
   test_auth_flow.py
   test_auth_refresh.py
   test_auth_router.py
? Running tests...
.........................................                                [100%]
? Batch 2 completed successfully in 6.5s
  Waiting 2 seconds before next batch...

┌─────────────────────────────────────────┐
│ Batch 3 of 18 (Files: 5)
└─────────────────────────────────────────┘
   test_auto_import_courses.py
   test_backup_encryption.py
   test_change_password.py
   test_config_module.py
   test_config_settings.py
? Running tests...
...................................................                      [100%]
? Batch 3 completed successfully in 4.9s
  Waiting 2 seconds before next batch...

┌─────────────────────────────────────────┐
│ Batch 4 of 18 (Files: 5)
└─────────────────────────────────────────┘
   test_control_endpoints.py
   test_control_environment.py
   test_control_jwt_integration.py
   test_control_maintenance.py
   test_control_path_traversal.py
? Running tests...
...........................                                              [100%]
? Batch 4 completed successfully in 10.1s
  Waiting 2 seconds before next batch...

┌─────────────────────────────────────────┐
│ Batch 5 of 18 (Files: 5)
└─────────────────────────────────────────┘
   test_control_start_branches.py
   test_course_rule_normalization.py
   test_courses_router.py
   test_csrf_flow.py
   test_csv_import.py
? Running tests...
...............................                                          [100%]
? Batch 5 completed successfully in 5.4s
  Waiting 2 seconds before next batch...

┌─────────────────────────────────────────┐
│ Batch 6 of 18 (Files: 5)
└─────────────────────────────────────────┘
   test_daily_performance_router.py
   test_database_upload.py
   test_db_utils.py
   test_edge_cases.py
   test_enrollments_router.py
? Running tests...
................................................                         [100%]
? Batch 6 completed successfully in 5.2s
  Waiting 2 seconds before next batch...

┌─────────────────────────────────────────┐
│ Batch 7 of 18 (Files: 5)
└─────────────────────────────────────────┘
   test_environment_detection.py
   test_environment_module.py
   test_exception_handlers.py
   test_export_analytics.py
   test_facet_service.py
? Running tests...
.........................F...F....                                       [100%]
================================== FAILURES ===================================
D:\SMS\student-management-system\backend\tests\test_facet_service.py:246: assert 422 == 200
D:\SMS\student-management-system\backend\tests\test_facet_service.py:315: assert 422 in [200, 404]
=========================== short test summary info ===========================
FAILED tests/test_facet_service.py::TestFacetEndpoints::test_get_student_facets_endpoint
FAILED tests/test_facet_service.py::TestFacetEndpoints::test_student_facets_endpoint_error_handling
? Batch 7 failed in 5.9s
? FastFail enabled - stopping execution

╔════════════════════════════════════════╗
║          TEST EXECUTION SUMMARY        ║
╚════════════════════════════════════════╝

Batches:
  Total:   18
?   Completed: 7

Tests:
  Total:   0
?   Failed Batches: 5

Duration: 61.1s

? Some tests failed
? Backend tests failed


─────────────────────────────────────────────────
 Frontend: Vitest
─────────────────────────────────────────────────
??  Running fast frontend tests only...
? Frontend tests passed

╔══════════════════════════════════════════════════════════════╗
║  Phase 4: Git Remote Synchronization                          ║
╚══════════════════════════════════════════════════════════════╝

??  Updating remote references...
? Git remote is synchronized (or local is ahead)

╔══════════════════════════════════════════════════════════════╗
║  Phase 4: Automated Cleanup                                   ║
╚══════════════════════════════════════════════════════════════╝


─────────────────────────────────────────────────
 Python Cache Cleanup
─────────────────────────────────────────────────
? Removed 15 Python cache items

─────────────────────────────────────────────────
 Node.js Cache Cleanup
─────────────────────────────────────────────────
??  Node cache already clean

─────────────────────────────────────────────────
 Build Artifacts Cleanup
─────────────────────────────────────────────────

─────────────────────────────────────────────────
 Temporary Files Cleanup
─────────────────────────────────────────────────
? Removed 15 temporary files

─────────────────────────────────────────────────
 Legacy Artifacts Cleanup
─────────────────────────────────────────────────
??  Total space freed: 3.69 MB

╔══════════════════════════════════════════════════════════════╗
║  Phase 5: Documentation and Git Status                        ║
╚══════════════════════════════════════════════════════════════╝


─────────────────────────────────────────────────
 Key Documentation Check
─────────────────────────────────────────────────
? README.md exists
? CHANGELOG.md exists
? docs/DOCUMENTATION_INDEX.md exists
? DOCUMENTATION_INDEX.md found in docs/ (acceptable)

─────────────────────────────────────────────────
 Git Status
─────────────────────────────────────────────────
??  Uncommitted changes detected:
 M backend/data/imports/1_courses.csv  M backend/data/imports/1_grades.csv  M backend/data/imports/1_students.csv M  backend/routers/routers_search.py MM backend/schemas/__init__.py M  backend/schemas/search.py AM backend/services/facet_service.py AM backend/tests/test_facet_service.py  M commit_ready_20260130-121148.log  M docs/COMMIT_ENHANCEMENT_COMPLETION_REPORT.md  M scripts/AUTO_COMMIT_AFTER_READY.ps1 ?? commit_ready_20260130-123007.log

─────────────────────────────────────────────────
 Root Documentation Whitelist
─────────────────────────────────────────────────
? Root documentation whitelist satisfied

╔══════════════════════════════════════════════════════════════╗
║  Execution Summary                                            ║
╚══════════════════════════════════════════════════════════════╝

Mode: quick
Duration: 130.2s

Code Quality:
  ? Docs & Version Sync
  ? Version Consistency
  ? Version Format
  ? Backend Ruff
  ? Backend MyPy
  ? Frontend ESLint
  ? Markdown Lint
  ? TypeScript
  ? Translation Integrity

Tests:
  ? Backend Dependencies
  ? Conftest Config
  ? Backend pytest
  ? Frontend Vitest

Health Checks:
  ? Git Remote

Cleanup:
  ? Python Cache (15 items)
  ? Node Cache (Already clean)
  ? Build Artifacts
  ? Temp Files (15 files removed)

= * 60
[FAIL] SOME CHECKS FAILED - REVIEW AND FIX
= * 60
