--------------------------------------------------------------
 COMMIT READY - Pre-Commit Verification
 Student Management System v1.17.6
--------------------------------------------------------------

Mode: quick
Started: 2026-02-01 11:04:34
Log file: D:\SMS\student-management-system\commit_ready_20260201-110434.log


╔══════════════════════════════════════════════════════════════╗
║  Phase A: Version Propagation & Docs Update                   ║
╚══════════════════════════════════════════════════════════════╝

??  Version sync to package.json skipped (use -SyncVersion or -AutoFix to enable)
??  Docs update skipped (use -UpdateDocs or -AutoFix to enable)

╔══════════════════════════════════════════════════════════════╗
║  Phase 0: Version Consistency                                 ║
╚══════════════════════════════════════════════════════════════╝

??  Running comprehensive version verification...

 + ======================================================================
SMS Version Verification Tool
======================================================================
??  Using version from VERSION file: 1.17.6
??  Target version: 1.17.6
??  Mode: CHECK ONLY

 + ======================================================================
Checking Version References
======================================================================
? VERSION file: 1.17.6 (correct)
? Backend main.py docstring: 1.17.6 (correct)
? Frontend package.json: 1.17.6 (correct)
? User guide version: 1.17.6 (correct)
? Developer guide version: 1.17.6 (correct)
? Documentation index version: 1.17.6 (correct)
? COMMIT_READY.ps1 version: 1.17.6 (correct)
? INSTALLER_BUILDER.ps1 version: 1.17.6 (correct)

 + ======================================================================
Verification Summary
======================================================================
Total checks:       8
Consistent:         8
Inconsistent:       0
Updated:            0
Failed:             0

? Version verification completed successfully!
? All version references consistent across codebase

╔══════════════════════════════════════════════════════════════╗
║  Phase 0.5: Version Format Enforcement                        ║
╚══════════════════════════════════════════════════════════════╝

? Version format valid: 1.17.6

─────────────────────────────────────────────────
 Backend: Ensure Python Dependencies
─────────────────────────────────────────────────
??  Installing runtime requirements (pip) from requirements.txt
??  Installing dev requirements (pip)
? Backend dependencies ensured

╔══════════════════════════════════════════════════════════════╗
║  Phase 1: Smoke Test - Conftest Config                        ║
╚══════════════════════════════════════════════════════════════╝

??  Checking D:\SMS\student-management-system\backend\tests\conftest.py for secure test settings...
? conftest.py: AUTH_ENABLED=False verified

╔══════════════════════════════════════════════════════════════╗
║  Phase 0: Pre-commit Hook Validation                          ║
╚══════════════════════════════════════════════════════════════╝

??  Running pre-commit hooks on staged files...
? Pre-commit hooks passed (files auto-fixed).
??  Some files were auto-formatted. Review changes with: git diff

╔══════════════════════════════════════════════════════════════╗
║  Phase 1: Code Quality & Linting                              ║
╚══════════════════════════════════════════════════════════════╝


─────────────────────────────────────────────────
 Backend: Ruff Linting
─────────────────────────────────────────────────
??  Running ruff check...
? Backend linting passed

─────────────────────────────────────────────────
 Backend: MyPy Type Checking
─────────────────────────────────────────────────
??  Running mypy...
? Backend type checking failed
backend\services\export_performance_monitor.py:153: error: Need type annotation for "stats"  [var-annotated] backend\services\async_export_service.py:494: error: Argument 1 to "append" of "list" has incompatible type "Spacer"; expected "Paragraph"  [arg-type] backend\services\async_export_service.py:521: error: Argument 1 to "append" of "list" has incompatible type "Table"; expected "Paragraph"  [arg-type] backend\services\async_export_service.py:524: error: Argument 1 to "build" of "SimpleDocTemplate" has incompatible type "list[Paragraph]"; expected "list[Flowable]"  [arg-type] backend\services\async_export_service.py:524: note: "list" is invariant -- see https://mypy.readthedocs.io/en/stable/common_issues.html#variance backend\services\async_export_service.py:524: note: Consider using "Sequence" instead, which is covariant backend\services\async_export_service.py:581: error: Argument 1 to "append" of "list" has incompatible type "Spacer"; expected "Paragraph"  [arg-type] backend\services\async_export_service.py:613: error: Argument 1 to "append" of "list" has incompatible type "Table"; expected "Paragraph"  [arg-type] backend\services\async_export_service.py:616: error: Argument 1 to "build" of "SimpleDocTemplate" has incompatible type "list[Paragraph]"; expected "list[Flowable]"  [arg-type] backend\services\async_export_service.py:616: note: "list" is invariant -- see https://mypy.readthedocs.io/en/stable/common_issues.html#variance backend\services\async_export_service.py:616: note: Consider using "Sequence" instead, which is covariant backend\services\async_export_service.py:670: error: Argument 1 to "append" of "list" has incompatible type "Spacer"; expected "Paragraph"  [arg-type] backend\services\async_export_service.py:699: error: Argument 1 to "append" of "list" has incompatible type "Table"; expected "Paragraph"  [arg-type] backend\services\async_export_service.py:702: error: Argument 1 to "build" of "SimpleDocTemplate" has incompatible type "list[Paragraph]"; expected "list[Flowable]"  [arg-type] backend\services\async_export_service.py:702: note: "list" is invariant -- see https://mypy.readthedocs.io/en/stable/common_issues.html#variance backend\services\async_export_service.py:702: note: Consider using "Sequence" instead, which is covariant Found 10 errors in 2 files (checked 173 source files)

─────────────────────────────────────────────────
 Frontend: ESLint
─────────────────────────────────────────────────
??  Running ESLint...
? Frontend linting passed

─────────────────────────────────────────────────
 Repository: Markdown Lint
─────────────────────────────────────────────────
??  Running markdownlint with auto-fix...
? Markdown linting passed

─────────────────────────────────────────────────
 Frontend: TypeScript Type Checking
─────────────────────────────────────────────────
??  Skipping TypeScript type checking in quick mode (temporary)
? TypeScript type checking passed

─────────────────────────────────────────────────
 Translation Integrity Check
─────────────────────────────────────────────────
??  Checking translation key parity...
? Translation integrity verified

╔══════════════════════════════════════════════════════════════╗
║  Phase 2: Test Suite Execution                                ║
╚══════════════════════════════════════════════════════════════╝


─────────────────────────────────────────────────
 Backend: pytest
─────────────────────────────────────────────────
??  Using in-memory SQLite for local tests (DATABASE_URL not set)
??  Using strict auth mode for local tests (AUTH_MODE not set)
??  Using batch test runner (prevents system freeze)...

╔════════════════════════════════════════╗
║   Batch Test Runner (SMS v1.17.2)     ║
╚════════════════════════════════════════╝

? Scanning for test files...
? Found 91 test files
? Split into 19 batches (5 files per batch)


┌─────────────────────────────────────────┐
│ Batch 1 of 19 (Files: 5)
└─────────────────────────────────────────┘
   test_admin_backup_encryption.py
   test_admin_bootstrap.py
   test_analytics_router.py
   test_analytics_service.py
   test_attendance_router.py
? Running tests...
....................................................................     [100%]
? Batch 1 completed successfully in 12.2s
  Waiting 2 seconds before next batch...

┌─────────────────────────────────────────┐
│ Batch 2 of 19 (Files: 5)
└─────────────────────────────────────────┘
   test_audit_router.py
   test_audit.py
   test_auth_flow.py
   test_auth_refresh.py
   test_auth_router.py
? Running tests...
.........................................                                [100%]
? Batch 2 completed successfully in 6.8s
  Waiting 2 seconds before next batch...

┌─────────────────────────────────────────┐
│ Batch 3 of 19 (Files: 5)
└─────────────────────────────────────────┘
   test_auto_import_courses.py
   test_backup_encryption.py
   test_change_password.py
   test_config_module.py
   test_config_settings.py
? Running tests...
...................................................                      [100%]
? Batch 3 completed successfully in 5.2s
  Waiting 2 seconds before next batch...

┌─────────────────────────────────────────┐
│ Batch 4 of 19 (Files: 5)
└─────────────────────────────────────────┘
   test_control_endpoints.py
   test_control_environment.py
   test_control_jwt_integration.py
   test_control_maintenance.py
   test_control_path_traversal.py
? Running tests...
...........................                                              [100%]
? Batch 4 completed successfully in 10.5s
  Waiting 2 seconds before next batch...

┌─────────────────────────────────────────┐
│ Batch 5 of 19 (Files: 5)
└─────────────────────────────────────────┘
   test_control_start_branches.py
   test_course_rule_normalization.py
   test_courses_router.py
   test_csrf_flow.py
   test_csv_import.py
? Running tests...
...............................                                          [100%]
? Batch 5 completed successfully in 5.7s
  Waiting 2 seconds before next batch...

┌─────────────────────────────────────────┐
│ Batch 6 of 19 (Files: 5)
└─────────────────────────────────────────┘
   test_custom_reports_router.py
   test_custom_reports_service.py
   test_daily_performance_router.py
   test_database_upload.py
   test_db_utils.py
? Running tests...
......................                                                   [100%]
? Batch 6 completed successfully in 5.9s
  Waiting 2 seconds before next batch...

┌─────────────────────────────────────────┐
│ Batch 7 of 19 (Files: 5)
└─────────────────────────────────────────┘
   test_edge_cases.py
   test_enrollments_router.py
   test_environment_detection.py
   test_environment_module.py
   test_exception_handlers.py
? Running tests...
...............................................                          [100%]
? Batch 7 completed successfully in 6s
  Waiting 2 seconds before next batch...

┌─────────────────────────────────────────┐
│ Batch 8 of 19 (Files: 5)
└─────────────────────────────────────────┘
   test_export_analytics.py
   test_facet_service.py
   test_grade_calculation_fix.py
   test_grade_calculation_integration.py
   test_grade_calculation.py
? Running tests...
........................                                                 [100%]
? Batch 8 completed successfully in 5s
  Waiting 2 seconds before next batch...

┌─────────────────────────────────────────┐
│ Batch 9 of 19 (Files: 5)
└─────────────────────────────────────────┘
   test_grades_router.py
   test_gzip_middleware.py
   test_health_checks.py
   test_health.py
   test_import_export.py
? Running tests...
......................................                                   [100%]
? Batch 9 completed successfully in 6.4s
  Waiting 2 seconds before next batch...

┌─────────────────────────────────────────┐
│ Batch 10 of 19 (Files: 5)
└─────────────────────────────────────────┘
   test_import_resolver_cov.py
   test_import_resolver.py
   test_imports_integration.py
   test_imports_soft_delete.py
   test_imports_upload.py
? Running tests...
..........................                                               [100%]
? Batch 10 completed successfully in 7.8s
  Waiting 2 seconds before next batch...

┌─────────────────────────────────────────┐
│ Batch 11 of 19 (Files: 5)
└─────────────────────────────────────────┘
   test_integration_smoke.py
   test_jwt_smoke.py
   test_list_routes.py
   test_logging_config_cov.py
   test_logging_config.py
? Running tests...
s.....                                                                   [100%]
=========================== short test summary info ===========================
SKIPPED [1] tests\test_integration_smoke.py:8: Integration tests disabled (set RUN_INTEGRATION=1)
? Batch 11 completed successfully in 4.6s
  Waiting 2 seconds before next batch...

┌─────────────────────────────────────────┐
│ Batch 12 of 19 (Files: 5)
└─────────────────────────────────────────┘
   test_metrics_simple.py
   test_metrics.py
   test_models_relationships.py
   test_notifications_router.py
   test_password_rehash.py
? Running tests...
.......................................................                  [100%]
? Batch 12 completed successfully in 5.8s
  Waiting 2 seconds before next batch...

┌─────────────────────────────────────────┐
│ Batch 13 of 19 (Files: 5)
└─────────────────────────────────────────┘
   test_performance_monitor.py
   test_permissions_api.py
   test_rate_limit_enforcement.py
   test_rate_limiting.py
   test_rbac_enforcement.py
? Running tests...
...........................                                              [100%]
? Batch 13 completed successfully in 5.6s
  Waiting 2 seconds before next batch...

┌─────────────────────────────────────────┐
│ Batch 14 of 19 (Files: 5)
└─────────────────────────────────────────┘
   test_rbac_router.py
   test_rbac_templates.py
   test_rbac.py
   test_register_role_enforcement.py
   test_reports_router.py
? Running tests...
...sssssssssssssssssssssssssssssssssssssssssssss....................     [100%]
=========================== short test summary info ===========================
SKIPPED [1] tests\test_rbac_templates.py:13: TODO: Implement in Phase 2 RBAC execution (Week 1-2)
SKIPPED [1] tests\test_rbac_templates.py:19: TODO: Implement in Phase 2 RBAC execution (Week 1-2)
SKIPPED [1] tests\test_rbac_templates.py:25: TODO: Implement in Phase 2 RBAC execution (Week 1-2)
SKIPPED [1] tests\test_rbac_templates.py:31: TODO: Implement in Phase 2 RBAC execution (Week 1-2)
SKIPPED [1] tests\test_rbac_templates.py:37: TODO: Implement in Phase 2 RBAC execution (Week 1-2)
SKIPPED [1] tests\test_rbac_templates.py:43: TODO: Implement in Phase 2 RBAC execution (Week 1-2)
SKIPPED [1] tests\test_rbac_templates.py:49: TODO: Implement in Phase 2 RBAC execution (Week 1-2)
SKIPPED [1] tests\test_rbac_templates.py:55: TODO: Implement in Phase 2 RBAC execution (Week 1-2)
SKIPPED [1] tests\test_rbac_templates.py:61: TODO: Implement in Phase 2 RBAC execution (Week 1-2)
SKIPPED [1] tests\test_rbac_templates.py:67: TODO: Implement in Phase 2 RBAC execution (Week 1-2)
SKIPPED [1] tests\test_rbac_templates.py:73: TODO: Implement in Phase 2 RBAC execution (Week 1-2)
SKIPPED [1] tests\test_rbac_templates.py:79: TODO: Implement in Phase 2 RBAC execution (Week 1-2)
SKIPPED [1] tests\test_rbac_templates.py:85: TODO: Implement in Phase 2 RBAC execution (Week 1-2)
SKIPPED [1] tests\test_rbac_templates.py:91: TODO: Implement in Phase 2 RBAC execution (Week 1-2)
SKIPPED [1] tests\test_rbac_templates.py:97: TODO: Implement in Phase 2 RBAC execution (Week 1-2)
SKIPPED [1] tests\test_rbac_templates.py:103: TODO: Implement in Phase 2 RBAC execution (Week 1-2)
SKIPPED [1] tests\test_rbac_templates.py:109: TODO: Implement in Phase 2 RBAC execution (Week 1-2)
SKIPPED [1] tests\test_rbac_templates.py:115: TODO: Implement in Phase 2 RBAC execution (Week 1-2)
SKIPPED [1] tests\test_rbac_templates.py:121: TODO: Implement in Phase 2 RBAC execution (Week 1-2)
SKIPPED [1] tests\test_rbac_templates.py:127: TODO: Implement in Phase 2 RBAC execution (Week 1-2)
SKIPPED [1] tests\test_rbac_templates.py:133: TODO: Implement in Phase 2 RBAC execution (Week 1-2)
SKIPPED [1] tests\test_rbac_templates.py:139: TODO: Implement in Phase 2 RBAC execution (Week 1-2)
SKIPPED [1] tests\test_rbac_templates.py:145: TODO: Implement in Phase 2 RBAC execution (Week 1-2)
SKIPPED [1] tests\test_rbac_templates.py:151: TODO: Implement in Phase 2 RBAC execution (Week 1-2)
SKIPPED [1] tests\test_rbac_templates.py:157: TODO: Implement in Phase 2 RBAC execution (Week 1-2)
SKIPPED [1] tests\test_rbac_templates.py:163: TODO: Implement in Phase 2 RBAC execution (Week 1-2)
SKIPPED [1] tests\test_rbac_templates.py:169: TODO: Implement in Phase 2 RBAC execution (Week 1-2)
SKIPPED [1] tests\test_rbac_templates.py:175: TODO: Implement in Phase 2 RBAC execution (Week 1-2)
SKIPPED [1] tests\test_rbac_templates.py:181: TODO: Implement in Phase 2 RBAC execution (Week 1-2)
SKIPPED [1] tests\test_rbac_templates.py:187: TODO: Implement in Phase 2 RBAC execution (Week 1-2)
SKIPPED [1] tests\test_rbac_templates.py:193: TODO: Implement in Phase 2 RBAC execution (Week 1-2)
SKIPPED [1] tests\test_rbac_templates.py:199: TODO: Implement in Phase 2 RBAC execution (Week 1-2)
SKIPPED [1] tests\test_rbac_templates.py:205: TODO: Implement in Phase 2 RBAC execution (Week 1-2)
SKIPPED [1] tests\test_rbac_templates.py:211: TODO: Implement in Phase 2 RBAC execution (Week 1-2)
SKIPPED [1] tests\test_rbac_templates.py:217: TODO: Implement in Phase 2 RBAC execution (Week 1-2)
SKIPPED [1] tests\test_rbac_templates.py:223: TODO: Implement in Phase 2 RBAC execution (Week 1-2)
SKIPPED [1] tests\test_rbac_templates.py:229: TODO: Implement in Phase 2 RBAC execution (Week 1-2)
SKIPPED [1] tests\test_rbac_templates.py:235: TODO: Implement in Phase 2 RBAC execution (Week 1-2)
SKIPPED [1] tests\test_rbac_templates.py:241: TODO: Implement in Phase 2 RBAC execution (Week 1-2)
SKIPPED [1] tests\test_rbac_templates.py:247: TODO: Implement in Phase 2 RBAC execution (Week 1-2)
SKIPPED [1] tests\test_rbac_templates.py:253: TODO: Implement in Phase 2 RBAC execution (Week 1-2)
SKIPPED [1] tests\test_rbac_templates.py:259: TODO: Implement in Phase 2 RBAC execution (Week 1-2)
SKIPPED [1] tests\test_rbac_templates.py:265: TODO: Implement in Phase 2 RBAC execution (Week 1-2)
SKIPPED [1] tests\test_rbac_templates.py:271: TODO: Implement in Phase 2 RBAC execution (Week 1-2)
SKIPPED [1] tests\test_rbac_templates.py:277: TODO: Implement in Phase 2 RBAC execution (Week 1-2)
? Batch 14 completed successfully in 6s
  Waiting 2 seconds before next batch...

┌─────────────────────────────────────────┐
│ Batch 15 of 19 (Files: 5)
└─────────────────────────────────────────┘
   test_request_id_middleware.py
   test_request_id.py
   test_response_cache_middleware.py
   test_response_schemas.py
   test_routers_imports.py
? Running tests...
............................................                             [100%]
? Batch 15 completed successfully in 8.3s
  Waiting 2 seconds before next batch...

┌─────────────────────────────────────────┐
│ Batch 16 of 19 (Files: 5)
└─────────────────────────────────────────┘
   test_run_migrations_repo_root.py
   test_run_migrations_unit.py
   test_run_migrations.py
   test_saved_search_integration.py
   test_schemas_students.py
? Running tests...
.......................................                                  [100%]
? Batch 16 completed successfully in 29.7s
  Waiting 2 seconds before next batch...

┌─────────────────────────────────────────┐
│ Batch 17 of 19 (Files: 5)
└─────────────────────────────────────────┘
   test_search_api_endpoints.py
   test_search_integration.py
   test_search_service.py
   test_services_analytics.py
   test_sessions_router.py
? Running tests...
........................................................................ [ 57%]
.....................................................                    [100%]
============================== warnings summary ===============================
tests/test_search_api_endpoints.py::TestErrorHandling::test_invalid_json
  C:\Users\Vasilis\AppData\Local\Programs\Python\Python313\Lib\site-packages\httpx\_models.py:408: DeprecationWarning: Use 'content=<...>' to upload raw bytes/text content.
    headers, stream = encode_request(

-- Docs: https://docs.pytest.org/en/stable/how-to/capture-warnings.html
? Batch 17 completed successfully in 6.6s
  Waiting 2 seconds before next batch...

┌─────────────────────────────────────────┐
│ Batch 18 of 19 (Files: 5)
└─────────────────────────────────────────┘
   test_soft_delete_filtering.py
   test_students_import.py
   test_students_router.py
   test_timing_middleware.py
   test_version_consistency.py
? Running tests...
.............................sss...                                      [100%]
=========================== short test summary info ===========================
SKIPPED [1] tests\test_version_consistency.py:134: DOCUMENTATION_INDEX.md not found
SKIPPED [1] tests\test_version_consistency.py:163: SMS_INSTALLER_WIZARD.ps1 not found
SKIPPED [1] tests\test_version_consistency.py:178: SMS_UNINSTALLER_WIZARD.ps1 not found
? Batch 18 completed successfully in 4.9s
  Waiting 2 seconds before next batch...

┌─────────────────────────────────────────┐
│ Batch 19 of 19 (Files: 1)
└─────────────────────────────────────────┘
   test_websocket.py
? Running tests...
................                                                         [100%]
? Batch 19 completed successfully in 2.2s

╔════════════════════════════════════════╗
║          TEST EXECUTION SUMMARY        ║
╚════════════════════════════════════════╝

Batches:
  Total:   19
?   Completed: 19

Tests:
  Total:   0

Duration: 181.4s

? All tests passed! ??
? Backend tests passed

─────────────────────────────────────────────────
 Frontend: Vitest
─────────────────────────────────────────────────
??  Running fast frontend tests only...
? Frontend tests passed

╔══════════════════════════════════════════════════════════════╗
║  Phase 4: Git Remote Synchronization                          ║
╚══════════════════════════════════════════════════════════════╝

??  Updating remote references...
? Git remote is synchronized (or local is ahead)

╔══════════════════════════════════════════════════════════════╗
║  Phase 4: Automated Cleanup                                   ║
╚══════════════════════════════════════════════════════════════╝


─────────────────────────────────────────────────
 Python Cache Cleanup
─────────────────────────────────────────────────
? Removed 15 Python cache items

─────────────────────────────────────────────────
 Node.js Cache Cleanup
─────────────────────────────────────────────────
??  Node cache already clean

─────────────────────────────────────────────────
 Build Artifacts Cleanup
─────────────────────────────────────────────────

─────────────────────────────────────────────────
 Temporary Files Cleanup
─────────────────────────────────────────────────
? Removed 15 temporary files

─────────────────────────────────────────────────
 Legacy Artifacts Cleanup
─────────────────────────────────────────────────
??  Total space freed: 3.9 MB

╔══════════════════════════════════════════════════════════════╗
║  Phase 5: Documentation and Git Status                        ║
╚══════════════════════════════════════════════════════════════╝


─────────────────────────────────────────────────
 Key Documentation Check
─────────────────────────────────────────────────
? README.md exists
? CHANGELOG.md exists
? docs/DOCUMENTATION_INDEX.md exists
? DOCUMENTATION_INDEX.md found in docs/ (acceptable)

─────────────────────────────────────────────────
 Git Status
─────────────────────────────────────────────────
??  Uncommitted changes detected:
 M backend/migrations/versions/8f9594fc435d_add_report_tables_for_phase_6_reporting_.py  M backend/models.py  M backend/routers/routers_custom_reports.py  M backend/schemas/custom_reports.py  M backend/services/custom_report_service.py  M docs/deployment/PHASE5_BASELINE_METRICS_FEB1_2026.md  M docs/deployment/PHASE5_WEEK1_COMPLETE_FEB1_2026.md  M docs/operations/PRODUCTION_ANALYSIS_OPTIMIZATION_REPORT.md  M docs/operations/PRODUCTION_DATA_MIGRATION_GUIDE.md  M docs/operations/PRODUCTION_OPERATIONS_RUNBOOK.md  M docs/plans/PHASE6_OPTIONS_ANALYSIS.md  M docs/testing/PRODUCTION_TESTING_COMPREHENSIVE_GUIDE.md  M frontend/src/features/advanced-search/__tests__/AdvancedSearchPage.integration.test.tsx ?? backend/exports/export_1_20260201_104127.xlsx ?? backend/exports/export_1_20260201_104335.xlsx ?? backend/exports/export_1_20260201_105958.xlsx ?? backend/exports/export_1_20260201_110659.xlsx ?? backend/tests/test_custom_reports_router.py ?? backend/tests/test_custom_reports_service.py ?? commit_ready_20260201-021048.log ?? commit_ready_20260201-022821.log ?? commit_ready_20260201-023200.log ?? commit_ready_20260201-102326.log ?? commit_ready_20260201-110434.log

─────────────────────────────────────────────────
 Root Documentation Whitelist
─────────────────────────────────────────────────
? Found 3 unclassified Markdown file(s) in repo root
    PHASE5_GO_LIVE_COMPLETE_FEB1_2026.md
    PHASE5_PRODUCTION_VALIDATION_FEB1_2026.md
    TRAINING_CREDENTIALS_FEB1_2026.md
??  Run .\\WORKSPACE_CLEANUP.ps1 -Mode standard to auto-organize, or move to docs/ manually

╔══════════════════════════════════════════════════════════════╗
║  Execution Summary                                            ║
╚══════════════════════════════════════════════════════════════╝

Mode: quick
Duration: 255.3s

Code Quality:
  ? Docs & Version Sync
  ? Version Consistency
  ? Version Format
  ? Backend Ruff
  ? Backend MyPy
  ? Frontend ESLint
  ? Markdown Lint
  ? TypeScript
  ? Translation Integrity

Tests:
  ? Backend Dependencies
  ? Conftest Config
  ? Backend pytest
  ? Frontend Vitest

Health Checks:
  ? Git Remote

Cleanup:
  ? Python Cache (15 items)
  ? Node Cache (Already clean)
  ? Build Artifacts
  ? Temp Files (15 files removed)

= * 60
[FAIL] SOME CHECKS FAILED - REVIEW AND FIX
= * 60
