--------------------------------------------------------------
 COMMIT READY - Pre-Commit Verification
 Student Management System v1.17.7
--------------------------------------------------------------

Mode: quick
Started: 2026-02-03 21:44:12
Log file: D:\SMS\student-management-system\commit_ready_20260203-214412.log


╔══════════════════════════════════════════════════════════════╗
║  Phase A: Version Propagation & Docs Update                   ║
╚══════════════════════════════════════════════════════════════╝

??  Version sync to package.json skipped (use -SyncVersion or -AutoFix to enable)
??  Docs update skipped (use -UpdateDocs or -AutoFix to enable)

╔══════════════════════════════════════════════════════════════╗
║  Phase 0: Version Consistency                                 ║
╚══════════════════════════════════════════════════════════════╝

??  Running comprehensive version verification...

 + ======================================================================
SMS Version Verification Tool
======================================================================
??  Using version from VERSION file: 1.17.7
??  Target version: 1.17.7
??  Mode: CHECK ONLY

 + ======================================================================
Checking Version References
======================================================================
? VERSION file: 1.17.7 (correct)
? Backend main.py docstring: 1.17.7 (correct)
? Frontend package.json: 1.17.7 (correct)
??  User guide version: 1.17.6 (expected: 1.17.7)
? Developer guide version: 1.17.7 (correct)
? Documentation index version: 1.17.7 (correct)
? COMMIT_READY.ps1 version: 1.17.7 (correct)
? INSTALLER_BUILDER.ps1 version: 1.17.7 (correct)

 + ======================================================================
Verification Summary
======================================================================
Total checks:       8
Consistent:         7
Inconsistent:       1
Updated:            0
Failed:             0

??  Found 1 inconsistent version references
??  Run with -Update flag to fix: .\scripts\VERIFY_VERSION.ps1 -Version "1.17.7" -Update
??  Version inconsistencies detected. Run with -AutoFix to update automatically.
??  Manual fix: .\scripts\VERIFY_VERSION.ps1 -Update

╔══════════════════════════════════════════════════════════════╗
║  Phase 0.5: Version Format Enforcement                        ║
╚══════════════════════════════════════════════════════════════╝

? Version format valid: 1.17.7

─────────────────────────────────────────────────
 Backend: Ensure Python Dependencies
─────────────────────────────────────────────────
??  Installing runtime requirements (pip) from requirements.txt
??  Installing dev requirements (pip)
? Backend dependencies ensured

╔══════════════════════════════════════════════════════════════╗
║  Phase 1: Smoke Test - Conftest Config                        ║
╚══════════════════════════════════════════════════════════════╝

??  Checking D:\SMS\student-management-system\backend\tests\conftest.py for secure test settings...
? conftest.py: AUTH_ENABLED=False verified

╔══════════════════════════════════════════════════════════════╗
║  Phase 0: Pre-commit Hook Validation                          ║
╚══════════════════════════════════════════════════════════════╝

??  Running pre-commit hooks on staged files...
? Pre-commit hooks passed (files auto-fixed).
??  Some files were auto-formatted. Review changes with: git diff

╔══════════════════════════════════════════════════════════════╗
║  Phase 1: Code Quality & Linting                              ║
╚══════════════════════════════════════════════════════════════╝


─────────────────────────────────────────────────
 Backend: Ruff Linting
─────────────────────────────────────────────────
??  Running ruff check...
? Backend linting passed

─────────────────────────────────────────────────
 Backend: MyPy Type Checking
─────────────────────────────────────────────────
??  Running mypy...
? Backend type checking passed

─────────────────────────────────────────────────
 Frontend: ESLint
─────────────────────────────────────────────────
??  Running ESLint...
? Frontend linting passed

─────────────────────────────────────────────────
 Repository: Markdown Lint
─────────────────────────────────────────────────
??  Running markdownlint with auto-fix...
? Markdown linting passed

─────────────────────────────────────────────────
 Frontend: TypeScript Type Checking
─────────────────────────────────────────────────
??  Skipping TypeScript type checking in quick mode (temporary)
? TypeScript type checking passed

─────────────────────────────────────────────────
 Translation Integrity Check
─────────────────────────────────────────────────
??  Checking translation key parity...
? Translation integrity verified

╔══════════════════════════════════════════════════════════════╗
║  Phase 2: Test Suite Execution                                ║
╚══════════════════════════════════════════════════════════════╝


─────────────────────────────────────────────────
 Backend: pytest
─────────────────────────────────────────────────
??  Using in-memory SQLite for local tests (DATABASE_URL not set)
??  Using strict auth mode for local tests (AUTH_MODE not set)
??  Using batch test runner (prevents system freeze)...

╔════════════════════════════════════════╗

║   Batch Test Runner (SMS v1.17.2)     ║

╚════════════════════════════════════════╝


?? Logging to: D:\SMS\student-management-system\backend\test-results\backend_batch_run_20260203_214903.txt


? Scanning for test files...


? Found 94 test files


? Split into 19 batches (5 files per batch)




┌─────────────────────────────────────────┐

│ Batch 1 of 19 (Files: 5)

└─────────────────────────────────────────┘

   test_admin_backup_encryption.py

   test_admin_bootstrap.py

   test_analytics_router.py

   test_analytics_service.py

   test_attendance_router.py

? Running tests...


....................................................................     [100%]
? Batch 1 completed successfully in 24.1s


  Waiting 2 seconds before next batch...


┌─────────────────────────────────────────┐

│ Batch 2 of 19 (Files: 5)

└─────────────────────────────────────────┘

   test_audit_router.py

   test_audit.py

   test_auth_flow.py

   test_auth_refresh.py

   test_auth_router.py

? Running tests...


.........................................                                [100%]
? Batch 2 completed successfully in 6.6s


  Waiting 2 seconds before next batch...


┌─────────────────────────────────────────┐

│ Batch 3 of 19 (Files: 5)

└─────────────────────────────────────────┘

   test_auto_import_courses.py

   test_backup_encryption.py

   test_change_password.py

   test_config_module.py

   test_config_settings.py

? Running tests...


...................................................                      [100%]
? Batch 3 completed successfully in 5.7s


  Waiting 2 seconds before next batch...


┌─────────────────────────────────────────┐

│ Batch 4 of 19 (Files: 5)

└─────────────────────────────────────────┘

   test_control_endpoints.py

   test_control_environment.py

   test_control_jwt_integration.py

   test_control_maintenance.py

   test_control_path_traversal.py

? Running tests...


...........................                                              [100%]
? Batch 4 completed successfully in 13.5s


  Waiting 2 seconds before next batch...


┌─────────────────────────────────────────┐

│ Batch 5 of 19 (Files: 5)

└─────────────────────────────────────────┘

   test_control_start_branches.py

   test_course_rule_normalization.py

   test_courses_router.py

   test_csrf_flow.py

   test_csv_import.py

? Running tests...


...............................                                          [100%]
? Batch 5 completed successfully in 5.7s


  Waiting 2 seconds before next batch...


┌─────────────────────────────────────────┐

│ Batch 6 of 19 (Files: 5)

└─────────────────────────────────────────┘

   test_custom_report_generation_service.py

   test_custom_reports_router.py

   test_custom_reports_service.py

   test_daily_performance_router.py

   test_database_upload.py

? Running tests...


...................                                                      [100%]
? Batch 6 completed successfully in 5.2s


  Waiting 2 seconds before next batch...


┌─────────────────────────────────────────┐

│ Batch 7 of 19 (Files: 5)

└─────────────────────────────────────────┘

   test_db_utils.py

   test_edge_cases.py

   test_enrollments_router.py

   test_environment_detection.py

   test_environment_module.py

? Running tests...


............................................                             [100%]
? Batch 7 completed successfully in 5.1s


  Waiting 2 seconds before next batch...


┌─────────────────────────────────────────┐

│ Batch 8 of 19 (Files: 5)

└─────────────────────────────────────────┘

   test_exception_handlers.py

   test_export_analytics.py

   test_facet_service.py

   test_grade_calculation_fix.py

   test_grade_calculation_integration.py

? Running tests...


..............................                                           [100%]
? Batch 8 completed successfully in 7.1s


  Waiting 2 seconds before next batch...


┌─────────────────────────────────────────┐

│ Batch 9 of 19 (Files: 5)

└─────────────────────────────────────────┘

   test_grade_calculation.py

   test_grades_router.py

   test_gzip_middleware.py

   test_health_checks.py

   test_health.py

? Running tests...


................................                                         [100%]
? Batch 9 completed successfully in 6.4s


  Waiting 2 seconds before next batch...


┌─────────────────────────────────────────┐

│ Batch 10 of 19 (Files: 5)

└─────────────────────────────────────────┘

   test_import_export.py

   test_import_resolver_cov.py

   test_import_resolver.py

   test_imports_integration.py

   test_imports_soft_delete.py

? Running tests...


..............................                                           [100%]
? Batch 10 completed successfully in 8.8s


  Waiting 2 seconds before next batch...


┌─────────────────────────────────────────┐

│ Batch 11 of 19 (Files: 5)

└─────────────────────────────────────────┘

   test_imports_upload.py

   test_integration_smoke.py

   test_jwt_smoke.py

   test_list_routes.py

   test_logging_config_cov.py

? Running tests...


...s...                                                                  [100%]
=========================== short test summary info ===========================
SKIPPED [1] tests\test_integration_smoke.py:8: Integration tests disabled (set RUN_INTEGRATION=1)
? Batch 11 completed successfully in 5.4s


  Waiting 2 seconds before next batch...


┌─────────────────────────────────────────┐

│ Batch 12 of 19 (Files: 5)

└─────────────────────────────────────────┘

   test_logging_config.py

   test_metrics_simple.py

   test_metrics.py

   test_models_relationships.py

   test_notifications_router.py

? Running tests...


....................................................                     [100%]
? Batch 12 completed successfully in 6.6s


  Waiting 2 seconds before next batch...


┌─────────────────────────────────────────┐

│ Batch 13 of 19 (Files: 5)

└─────────────────────────────────────────┘

   test_password_rehash.py

   test_path_traversal_security.py

   test_performance_monitor.py

   test_permissions_api.py

   test_rate_limit_enforcement.py

? Running tests...


.......................................................                  [100%]
? Batch 13 completed successfully in 5.3s


  Waiting 2 seconds before next batch...


┌─────────────────────────────────────────┐

│ Batch 14 of 19 (Files: 5)

└─────────────────────────────────────────┘

   test_rate_limiting.py

   test_rbac_enforcement.py

   test_rbac_router.py

   test_rbac_templates.py

   test_rbac.py

? Running tests...


....................sss..sssssssssss...sss..sss......s.............      [100%]
=========================== short test summary info ===========================
SKIPPED [1] tests\test_rbac_templates.py:250: Cache invalidation not implemented yet
SKIPPED [1] tests\test_rbac_templates.py:257: Cache invalidation not implemented yet
SKIPPED [1] tests\test_rbac_templates.py:264: Cache invalidation not implemented yet
SKIPPED [1] tests\test_rbac_templates.py:373: Request ID logging not yet implemented in decorator
SKIPPED [1] tests\test_rbac_templates.py:380: require_any_permission decorator not implemented
SKIPPED [1] tests\test_rbac_templates.py:386: require_any_permission decorator not implemented
SKIPPED [1] tests\test_rbac_templates.py:392: require_all_permissions decorator not implemented
SKIPPED [1] tests\test_rbac_templates.py:398: require_all_permissions decorator not implemented
SKIPPED [1] tests\test_rbac_templates.py:409: Self-access requires student_id mapping in User model
SKIPPED [1] tests\test_rbac_templates.py:416: Self-access requires student_id mapping in User model
SKIPPED [1] tests\test_rbac_templates.py:423: Self-access requires student_id mapping in User model
SKIPPED [1] tests\test_rbac_templates.py:430: Self-access grade editing not implemented
SKIPPED [1] tests\test_rbac_templates.py:436: Teacher course scoping not implemented
SKIPPED [1] tests\test_rbac_templates.py:442: Viewer enforcement not implemented
SKIPPED [1] tests\test_rbac_templates.py:493: Seed script testing requires actual seed script
SKIPPED [1] tests\test_rbac_templates.py:499: Seed script testing requires actual seed script
SKIPPED [1] tests\test_rbac_templates.py:505: Seed script testing requires actual seed script
SKIPPED [1] tests\test_rbac_templates.py:615: Request ID not yet in error meta
SKIPPED [1] tests\test_rbac_templates.py:626: Token permission propagation needs JWT integration testing
SKIPPED [1] tests\test_rbac_templates.py:632: Token revocation on refresh not implemented
SKIPPED [1] tests\test_rbac_templates.py:830: Role permission expiry not implemented in RolePermission model
? Batch 14 completed successfully in 7s


  Waiting 2 seconds before next batch...


┌─────────────────────────────────────────┐

│ Batch 15 of 19 (Files: 5)

└─────────────────────────────────────────┘

   test_register_role_enforcement.py

   test_report_scheduler.py

   test_reports_router.py

   test_request_id_middleware.py

   test_request_id.py

? Running tests...


.................................                                        [100%]
? Batch 15 completed successfully in 9.1s


  Waiting 2 seconds before next batch...


┌─────────────────────────────────────────┐

│ Batch 16 of 19 (Files: 5)

└─────────────────────────────────────────┘

   test_response_cache_middleware.py

   test_response_schemas.py

   test_routers_imports.py

   test_run_migrations_repo_root.py

   test_run_migrations_unit.py

? Running tests...


....................................                                     [100%]
? Batch 16 completed successfully in 3s


  Waiting 2 seconds before next batch...


┌─────────────────────────────────────────┐

│ Batch 17 of 19 (Files: 5)

└─────────────────────────────────────────┘

   test_run_migrations.py

   test_saved_search_integration.py

   test_schemas_students.py

   test_search_api_endpoints.py

   test_search_integration.py

? Running tests...


........................................................................ [ 63%]
.........................................                                [100%]
============================== warnings summary ===============================
tests/test_search_api_endpoints.py::TestErrorHandling::test_invalid_json
  C:\Users\Vasilis\AppData\Local\Programs\Python\Python313\Lib\site-packages\httpx\_models.py:408: DeprecationWarning: Use 'content=<...>' to upload raw bytes/text content.
    headers, stream = encode_request(

-- Docs: https://docs.pytest.org/en/stable/how-to/capture-warnings.html
? Batch 17 completed successfully in 51s


  Waiting 2 seconds before next batch...


┌─────────────────────────────────────────┐

│ Batch 18 of 19 (Files: 5)

└─────────────────────────────────────────┘

   test_search_service.py

   test_services_analytics.py

   test_sessions_router.py

   test_soft_delete_filtering.py

   test_students_import.py

? Running tests...


.........................................................                [100%]
? Batch 18 completed successfully in 5.8s


  Waiting 2 seconds before next batch...


┌─────────────────────────────────────────┐

│ Batch 19 of 19 (Files: 4)

└─────────────────────────────────────────┘

   test_students_router.py

   test_timing_middleware.py

   test_version_consistency.py

   test_websocket.py

? Running tests...


...............F..sss...................                                 [100%]
================================== FAILURES ===================================
D:\SMS\student-management-system\backend\tests\test_version_consistency.py:97: AssertionError: User guide version (1.17.6) != VERSION (1.17.7)
=========================== short test summary info ===========================
SKIPPED [1] tests\test_version_consistency.py:134: DOCUMENTATION_INDEX.md not found
SKIPPED [1] tests\test_version_consistency.py:163: SMS_INSTALLER_WIZARD.ps1 not found
SKIPPED [1] tests\test_version_consistency.py:178: SMS_UNINSTALLER_WIZARD.ps1 not found
FAILED tests/test_version_consistency.py::test_user_guide_version - Assertion...
? Batch 19 failed in 4.9s


? FastFail enabled - stopping execution



╔════════════════════════════════════════╗

║          TEST EXECUTION SUMMARY        ║

╚════════════════════════════════════════╝


Batches:

  Total:   19

?   Completed: 19


Tests:

  Total:   0

?   Failed Batches: 4


Duration: 186.7s


?? Full log saved to: D:\SMS\student-management-system\backend\test-results\backend_batch_run_20260203_214903.txt

? Some tests failed


? Some tests failed

?
?? Saving failed test files for re-testing...


?    To retest only failed files, run:


   .\RUN_TESTS_BATCH.ps1 -RetestFailed
? Failed files saved to: .test-failures (4 files)



? Test log completed: D:\SMS\student-management-system\backend\test-results\backend_batch_run_20260203_214903.txt

? Backend tests failed


─────────────────────────────────────────────────
 Frontend: Vitest
─────────────────────────────────────────────────
??  Running fast frontend tests only...
? Frontend tests passed

╔══════════════════════════════════════════════════════════════╗
║  Phase 4: Git Remote Synchronization                          ║
╚══════════════════════════════════════════════════════════════╝

??  Updating remote references...
? Git remote is synchronized (or local is ahead)

╔══════════════════════════════════════════════════════════════╗
║  Phase 4: Automated Cleanup                                   ║
╚══════════════════════════════════════════════════════════════╝


─────────────────────────────────────────────────
 Python Cache Cleanup
─────────────────────────────────────────────────
? Removed 15 Python cache items

─────────────────────────────────────────────────
 Node.js Cache Cleanup
─────────────────────────────────────────────────
??  Node cache already clean

─────────────────────────────────────────────────
 Build Artifacts Cleanup
─────────────────────────────────────────────────
? Removed dist

─────────────────────────────────────────────────
 Temporary Files Cleanup
─────────────────────────────────────────────────
? Removed 15 temporary files

─────────────────────────────────────────────────
 Legacy Artifacts Cleanup
─────────────────────────────────────────────────
??  Total space freed: 12.09 MB

╔══════════════════════════════════════════════════════════════╗
║  Phase 5: Documentation and Git Status                        ║
╚══════════════════════════════════════════════════════════════╝


─────────────────────────────────────────────────
 Key Documentation Check
─────────────────────────────────────────────────
? README.md exists
? CHANGELOG.md exists
? docs/DOCUMENTATION_INDEX.md exists
? DOCUMENTATION_INDEX.md found in docs/ (acceptable)

─────────────────────────────────────────────────
 Git Status
─────────────────────────────────────────────────
??  Uncommitted changes detected:
 M .github/RELEASE_NOTES_v1.17.7.md  M DEPLOYMENT_READINESS_FINAL_CONFIRMATION.md  M INSTALLER_CRITICAL_FIXES_SUMMARY_FEB3.md  M RELEASE_v1.17.7_COMPLETION_SUMMARY.md  M backend/middleware_config.py  M commit_ready_20260202-190724.log  M commit_ready_20260202-192811.log  M commit_ready_20260202-201338.log  M docs/AGENT_POLICY_ENFORCEMENT.md  M docs/misc/DEPLOYMENT_PREPARATION_v1.17.6.md  M docs/misc/DEPLOYMENT_READY.md  M docs/plans/UNIFIED_WORK_PLAN.md  M docs/releases/CI_CD_AUDIT_SUMMARY_v1.17.7.md  M docs/releases/CI_CD_RELEASE_WORKFLOW_AUDIT_v1.17.7.md  M docs/releases/GITHUB_RELEASE_v1.17.7.md  M docs/releases/RELEASE_NOTES_v1.17.7.md  M docs/releases/v1.17.7_RELEASE_FIX_ACTION_PLAN.md  M docs/releases/v1.17.7_RELEASE_FIX_EXECUTION_REPORT.md  M installer/INSTALLER_FIXES_APPLIED_FEB3.md  M installer/INSTALLER_UPGRADE_FIX_ANALYSIS.md ?? backend/.test-failures ?? commit_ready_20260203-214412.log

─────────────────────────────────────────────────
 Root Documentation Whitelist
─────────────────────────────────────────────────
? Found 3 unclassified Markdown file(s) in repo root
    DEPLOYMENT_READINESS_FINAL_CONFIRMATION.md
    INSTALLER_CRITICAL_FIXES_SUMMARY_FEB3.md
    RELEASE_v1.17.7_COMPLETION_SUMMARY.md
??  Run .\\WORKSPACE_CLEANUP.ps1 -Mode standard to auto-organize, or move to docs/ manually

╔══════════════════════════════════════════════════════════════╗
║  Execution Summary                                            ║
╚══════════════════════════════════════════════════════════════╝

Mode: quick
Duration: 488.9s

Code Quality:
  ? Docs & Version Sync
  ? Version Consistency
  ? Version Format
  ? Backend Ruff
  ? Backend MyPy
  ? Frontend ESLint
  ? Markdown Lint
  ? TypeScript
  ? Translation Integrity

Tests:
  ? Backend Dependencies
  ? Conftest Config
  ? Backend pytest
  ? Frontend Vitest

Health Checks:
  ? Git Remote

Cleanup:
  ? Python Cache (15 items)
  ? Node Cache (Already clean)
  ? Build Artifacts
  ? Temp Files (15 files removed)

= * 60
[FAIL] SOME CHECKS FAILED - REVIEW AND FIX
= * 60
