<?xml version="1.0" encoding="UTF-8" ?>
<testsuites name="vitest tests" tests="1939" failures="0" errors="0" time="66.6848593">
    <testsuite name="src/LanguageContext.test.tsx" timestamp="2026-06-19T17:19:02.254Z" hostname="REC" tests="12" failures="0" errors="0" skipped="0" time="0.0402674">
        <testcase classname="src/LanguageContext.test.tsx" name="LanguageContext &gt; initialization &gt; initializes with language from i18n" time="0.0110474">
        </testcase>
        <testcase classname="src/LanguageContext.test.tsx" name="LanguageContext &gt; initialization &gt; provides language controls" time="0.0014995">
        </testcase>
        <testcase classname="src/LanguageContext.test.tsx" name="LanguageContext &gt; setLanguage &gt; changes language to Greek" time="0.0028018">
        </testcase>
        <testcase classname="src/LanguageContext.test.tsx" name="LanguageContext &gt; setLanguage &gt; changes language to English" time="0.0019232">
        </testcase>
        <testcase classname="src/LanguageContext.test.tsx" name="LanguageContext &gt; setLanguage &gt; persists language to localStorage via i18next" time="0.0023478">
        </testcase>
        <testcase classname="src/LanguageContext.test.tsx" name="LanguageContext &gt; setLanguage &gt; maintains language across multiple switches" time="0.0025971">
        </testcase>
        <testcase classname="src/LanguageContext.test.tsx" name="LanguageContext &gt; t function &gt; returns key as fallback for missing keys" time="0.0037034">
        </testcase>
        <testcase classname="src/LanguageContext.test.tsx" name="LanguageContext &gt; useLanguage hook &gt; throws error when used outside LanguageProvider" time="0.0040038">
        </testcase>
        <testcase classname="src/LanguageContext.test.tsx" name="LanguageContext &gt; language persistence &gt; restores language from localStorage on mount" time="0.0016678">
        </testcase>
        <testcase classname="src/LanguageContext.test.tsx" name="LanguageContext &gt; language persistence &gt; persists latest language to localStorage across switches" time="0.0019776">
        </testcase>
        <testcase classname="src/LanguageContext.test.tsx" name="LanguageContext &gt; state consistency &gt; context state reflects current i18n language" time="0.0018997">
        </testcase>
        <testcase classname="src/LanguageContext.test.tsx" name="LanguageContext &gt; state consistency &gt; new hook instances reflect updated language" time="0.0026633">
        </testcase>
    </testsuite>
    <testsuite name="src/sanity.test.ts" timestamp="2026-06-19T17:19:02.260Z" hostname="REC" tests="1" failures="0" errors="0" skipped="0" time="0.0027492">
        <testcase classname="src/sanity.test.ts" name="Sanity check &gt; should add numbers correctly" time="0.0009498">
        </testcase>
    </testsuite>
    <testsuite name="src/ThemeContext.test.tsx" timestamp="2026-06-19T17:19:02.262Z" hostname="REC" tests="35" failures="0" errors="0" skipped="0" time="0.3600357">
        <testcase classname="src/ThemeContext.test.tsx" name="ThemeContext &gt; initialization &gt; initializes with light theme as default" time="0.0123783">
        </testcase>
        <testcase classname="src/ThemeContext.test.tsx" name="ThemeContext &gt; initialization &gt; restores theme from localStorage on mount" time="0.0154207">
        </testcase>
        <testcase classname="src/ThemeContext.test.tsx" name="ThemeContext &gt; initialization &gt; validates theme from localStorage" time="0.0019171">
        </testcase>
        <testcase classname="src/ThemeContext.test.tsx" name="ThemeContext &gt; initialization &gt; handles corrupted localStorage data" time="0.0014145">
        </testcase>
        <testcase classname="src/ThemeContext.test.tsx" name="ThemeContext &gt; initialization &gt; applies initial theme classes to DOM" time="0.0120214">
        </testcase>
        <testcase classname="src/ThemeContext.test.tsx" name="ThemeContext &gt; setTheme &gt; changes theme to dark" time="0.0156982">
        </testcase>
        <testcase classname="src/ThemeContext.test.tsx" name="ThemeContext &gt; setTheme &gt; changes theme to relaxing" time="0.0018108">
        </testcase>
        <testcase classname="src/ThemeContext.test.tsx" name="ThemeContext &gt; setTheme &gt; changes theme to fancy" time="0.0015212">
        </testcase>
        <testcase classname="src/ThemeContext.test.tsx" name="ThemeContext &gt; setTheme &gt; changes theme to system" time="0.001889">
        </testcase>
        <testcase classname="src/ThemeContext.test.tsx" name="ThemeContext &gt; setTheme &gt; persists theme to localStorage" time="0.0015697">
        </testcase>
        <testcase classname="src/ThemeContext.test.tsx" name="ThemeContext &gt; setTheme &gt; applies theme classes to DOM" time="0.0083359">
        </testcase>
        <testcase classname="src/ThemeContext.test.tsx" name="ThemeContext &gt; setTheme &gt; removes previous theme classes when switching" time="0.0319017">
        </testcase>
        <testcase classname="src/ThemeContext.test.tsx" name="ThemeContext &gt; setTheme &gt; updates state even if localStorage fails" time="0.0018095">
        </testcase>
        <testcase classname="src/ThemeContext.test.tsx" name="ThemeContext &gt; effectiveTheme resolution &gt; resolves system theme to light when system prefers light" time="0.0012639">
        </testcase>
        <testcase classname="src/ThemeContext.test.tsx" name="ThemeContext &gt; effectiveTheme resolution &gt; resolves system theme to dark when system prefers dark" time="0.0012739">
        </testcase>
        <testcase classname="src/ThemeContext.test.tsx" name="ThemeContext &gt; effectiveTheme resolution &gt; effectiveTheme equals theme for non-system themes" time="0.0015133">
        </testcase>
        <testcase classname="src/ThemeContext.test.tsx" name="ThemeContext &gt; system theme listener &gt; registers mediaQuery listener when theme is system" time="0.0012705">
        </testcase>
        <testcase classname="src/ThemeContext.test.tsx" name="ThemeContext &gt; system theme listener &gt; updates effectiveTheme when system preference changes" time="0.0077439">
        </testcase>
        <testcase classname="src/ThemeContext.test.tsx" name="ThemeContext &gt; system theme listener &gt; removes listener when theme changes from system" time="0.0019756">
        </testcase>
        <testcase classname="src/ThemeContext.test.tsx" name="ThemeContext &gt; system theme listener &gt; removes listener on unmount" time="0.0013102">
        </testcase>
        <testcase classname="src/ThemeContext.test.tsx" name="ThemeContext &gt; useTheme hook &gt; throws error when used outside ThemeProvider" time="0.002906">
        </testcase>
        <testcase classname="src/ThemeContext.test.tsx" name="ThemeContext &gt; theme switching flow &gt; maintains theme across multiple switches" time="0.0014637">
        </testcase>
        <testcase classname="src/ThemeContext.test.tsx" name="ThemeContext &gt; theme switching flow &gt; persists latest theme to localStorage across switches" time="0.0010811">
        </testcase>
        <testcase classname="src/ThemeContext.test.tsx" name="ThemeContext &gt; theme switching flow &gt; updates DOM classes across theme switches" time="0.0230951">
        </testcase>
        <testcase classname="src/ThemeContext.test.tsx" name="ThemeContext &gt; DOM manipulation &gt; applies theme to documentElement" time="0.0160462">
        </testcase>
        <testcase classname="src/ThemeContext.test.tsx" name="ThemeContext &gt; DOM manipulation &gt; applies theme to body" time="0.0155263">
        </testcase>
        <testcase classname="src/ThemeContext.test.tsx" name="ThemeContext &gt; DOM manipulation &gt; applies all supported theme classes correctly" time="0.0324779">
        </testcase>
        <testcase classname="src/ThemeContext.test.tsx" name="ThemeContext &gt; DOM manipulation &gt; cleans up previous theme classes when switching" time="0.0307964">
        </testcase>
        <testcase classname="src/ThemeContext.test.tsx" name="ThemeContext &gt; localStorage edge cases &gt; handles empty string in localStorage" time="0.0009176">
        </testcase>
        <testcase classname="src/ThemeContext.test.tsx" name="ThemeContext &gt; localStorage edge cases &gt; handles whitespace-only string in localStorage" time="0.0006203">
        </testcase>
        <testcase classname="src/ThemeContext.test.tsx" name="ThemeContext &gt; localStorage edge cases &gt; handles invalid theme value in localStorage" time="0.0005773">
        </testcase>
        <testcase classname="src/ThemeContext.test.tsx" name="ThemeContext &gt; state consistency &gt; context state matches localStorage after update" time="0.0136336">
        </testcase>
        <testcase classname="src/ThemeContext.test.tsx" name="ThemeContext &gt; state consistency &gt; effectiveTheme reflects current theme setting" time="0.015942">
        </testcase>
        <testcase classname="src/ThemeContext.test.tsx" name="ThemeContext &gt; state consistency &gt; new hook instances reflect updated theme" time="0.0473381">
        </testcase>
        <testcase classname="src/ThemeContext.test.tsx" name="ThemeContext &gt; system theme edge cases &gt; applies correct theme when system preference is set initially" time="0.0307981">
        </testcase>
    </testsuite>
    <testsuite name="src/typescriptBasics.test.ts" timestamp="2026-06-19T17:19:02.268Z" hostname="REC" tests="4" failures="0" errors="0" skipped="0" time="0.0034868">
        <testcase classname="src/typescriptBasics.test.ts" name="TypeScript basic types &gt; should infer string type" time="0.0010333">
        </testcase>
        <testcase classname="src/typescriptBasics.test.ts" name="TypeScript basic types &gt; should infer number type" time="0.0001503">
        </testcase>
        <testcase classname="src/typescriptBasics.test.ts" name="TypeScript basic types &gt; should support arrays" time="0.000186">
        </testcase>
        <testcase classname="src/typescriptBasics.test.ts" name="TypeScript basic types &gt; should support interfaces" time="0.000204">
        </testcase>
    </testsuite>
    <testsuite name="src/contexts/AppearanceThemeContext.test.tsx" timestamp="2026-06-19T17:19:02.269Z" hostname="REC" tests="2" failures="0" errors="0" skipped="0" time="0.015875">
        <testcase classname="src/contexts/AppearanceThemeContext.test.tsx" name="AppearanceThemeContext &gt; exposes default theme and updates DOM attributes when changed" time="0.0121267">
        </testcase>
        <testcase classname="src/contexts/AppearanceThemeContext.test.tsx" name="AppearanceThemeContext &gt; persists the theme selection to localStorage" time="0.0018551">
        </testcase>
    </testsuite>
    <testsuite name="src/contexts/AuthContext.test.tsx" timestamp="2026-06-19T17:19:02.270Z" hostname="REC" tests="19" failures="0" errors="0" skipped="0" time="0.0728643">
        <testcase classname="src/contexts/AuthContext.test.tsx" name="AuthContext &gt; initialization &gt; starts with null user and accessToken when localStorage is empty" time="0.0114517">
        </testcase>
        <testcase classname="src/contexts/AuthContext.test.tsx" name="AuthContext &gt; initialization &gt; restores user from localStorage on mount" time="0.0024462">
        </testcase>
        <testcase classname="src/contexts/AuthContext.test.tsx" name="AuthContext &gt; initialization &gt; handles corrupted localStorage data gracefully" time="0.0020516">
        </testcase>
        <testcase classname="src/contexts/AuthContext.test.tsx" name="AuthContext &gt; initialization &gt; initializes accessToken from authService" time="0.0018535">
        </testcase>
        <testcase classname="src/contexts/AuthContext.test.tsx" name="AuthContext &gt; login &gt; successfully logs in user" time="0.0033525">
        </testcase>
        <testcase classname="src/contexts/AuthContext.test.tsx" name="AuthContext &gt; login &gt; persists user to localStorage after login" time="0.0016369">
        </testcase>
        <testcase classname="src/contexts/AuthContext.test.tsx" name="AuthContext &gt; login &gt; throws error when login fails" time="0.0023397">
        </testcase>
        <testcase classname="src/contexts/AuthContext.test.tsx" name="AuthContext &gt; login &gt; throws error when access_token is missing in response" time="0.0012256">
        </testcase>
        <testcase classname="src/contexts/AuthContext.test.tsx" name="AuthContext &gt; login &gt; fetches user from /auth/me when not in login response" time="0.002093">
        </testcase>
        <testcase classname="src/contexts/AuthContext.test.tsx" name="AuthContext &gt; logout &gt; successfully logs out user" time="0.0191754">
        </testcase>
        <testcase classname="src/contexts/AuthContext.test.tsx" name="AuthContext &gt; logout &gt; clears state even if API call fails" time="0.0016835">
        </testcase>
        <testcase classname="src/contexts/AuthContext.test.tsx" name="AuthContext &gt; logout &gt; removes user from localStorage on logout" time="0.001483">
        </testcase>
        <testcase classname="src/contexts/AuthContext.test.tsx" name="AuthContext &gt; refresh &gt; successfully refreshes access token" time="0.0012031">
        </testcase>
        <testcase classname="src/contexts/AuthContext.test.tsx" name="AuthContext &gt; refresh &gt; logs out user when refresh fails" time="0.0107175">
        </testcase>
        <testcase classname="src/contexts/AuthContext.test.tsx" name="AuthContext &gt; useAuth hook &gt; throws error when used outside AuthProvider" time="0.0032654">
        </testcase>
        <testcase classname="src/contexts/AuthContext.test.tsx" name="AuthContext &gt; localStorage edge cases &gt; handles localStorage.setItem failure gracefully during login" time="0.0011311">
        </testcase>
        <testcase classname="src/contexts/AuthContext.test.tsx" name="AuthContext &gt; localStorage edge cases &gt; handles localStorage.removeItem failure gracefully during logout" time="0.0011933">
        </testcase>
        <testcase classname="src/contexts/AuthContext.test.tsx" name="AuthContext &gt; state consistency &gt; maintains consistent state across login and logout cycles" time="0.0014131">
        </testcase>
        <testcase classname="src/contexts/AuthContext.test.tsx" name="AuthContext &gt; state consistency &gt; preserves additional user properties" time="0.0009412">
        </testcase>
    </testsuite>
    <testsuite name="src/hooks/useApiWithRecovery.test.tsx" timestamp="2026-06-19T17:19:02.273Z" hostname="REC" tests="27" failures="0" errors="0" skipped="0" time="1.8629013">
        <testcase classname="src/hooks/useApiWithRecovery.test.tsx" name="useApiWithRecovery &gt; useApiQuery &gt; should fetch data successfully" time="0.087127">
        </testcase>
        <testcase classname="src/hooks/useApiWithRecovery.test.tsx" name="useApiWithRecovery &gt; useApiQuery &gt; should handle query errors" time="0.0761758">
        </testcase>
        <testcase classname="src/hooks/useApiWithRecovery.test.tsx" name="useApiWithRecovery &gt; useApiQuery &gt; should retry failed queries with exponential backoff" time="0.0056119">
        </testcase>
        <testcase classname="src/hooks/useApiWithRecovery.test.tsx" name="useApiWithRecovery &gt; useApiQuery &gt; should not retry with &quot;none&quot; strategy" time="0.0731098">
        </testcase>
        <testcase classname="src/hooks/useApiWithRecovery.test.tsx" name="useApiWithRecovery &gt; useApiQuery &gt; should disable error recovery when errorRecovery.enabled is false" time="0.0777951">
        </testcase>
        <testcase classname="src/hooks/useApiWithRecovery.test.tsx" name="useApiWithRecovery &gt; useApiQuery &gt; should not retry on 401 errors" time="0.0781332">
        </testcase>
        <testcase classname="src/hooks/useApiWithRecovery.test.tsx" name="useApiWithRecovery &gt; useApiQuery &gt; should not retry on 403 errors" time="0.0773854">
        </testcase>
        <testcase classname="src/hooks/useApiWithRecovery.test.tsx" name="useApiWithRecovery &gt; useApiQuery &gt; should reset error state on successful retry" time="0.0027011">
        </testcase>
        <testcase classname="src/hooks/useApiWithRecovery.test.tsx" name="useApiWithRecovery &gt; useApiQuery &gt; should respect custom options" time="0.0903076">
        </testcase>
        <testcase classname="src/hooks/useApiWithRecovery.test.tsx" name="useApiWithRecovery &gt; useApiQuery &gt; should use custom error recovery options" time="0.0028674">
        </testcase>
        <testcase classname="src/hooks/useApiWithRecovery.test.tsx" name="useApiWithRecovery &gt; useApiQuery &gt; should handle multiple query keys independently" time="0.0754829">
        </testcase>
        <testcase classname="src/hooks/useApiWithRecovery.test.tsx" name="useApiWithRecovery &gt; useApiMutation &gt; should mutate data successfully" time="0.0757624">
        </testcase>
        <testcase classname="src/hooks/useApiWithRecovery.test.tsx" name="useApiWithRecovery &gt; useApiMutation &gt; should handle mutation errors" time="0.076493">
        </testcase>
        <testcase classname="src/hooks/useApiWithRecovery.test.tsx" name="useApiWithRecovery &gt; useApiMutation &gt; should retry failed mutations" time="0.0019986">
        </testcase>
        <testcase classname="src/hooks/useApiWithRecovery.test.tsx" name="useApiWithRecovery &gt; useApiMutation &gt; should pass variables to mutation function" time="0.077341">
        </testcase>
        <testcase classname="src/hooks/useApiWithRecovery.test.tsx" name="useApiWithRecovery &gt; useApiMutation &gt; should respect maxRetries for mutations" time="0.0018298">
        </testcase>
        <testcase classname="src/hooks/useApiWithRecovery.test.tsx" name="useApiWithRecovery &gt; useApiMutation &gt; should use immediate strategy by default" time="0.0758738">
        </testcase>
        <testcase classname="src/hooks/useApiWithRecovery.test.tsx" name="useApiWithRecovery &gt; useApiMutation &gt; should call onSuccess callback" time="0.0629146">
        </testcase>
        <testcase classname="src/hooks/useApiWithRecovery.test.tsx" name="useApiWithRecovery &gt; useApiMutation &gt; should call onError callback on failure" time="0.0777067">
        </testcase>
        <testcase classname="src/hooks/useApiWithRecovery.test.tsx" name="useApiWithRecovery &gt; useApiMutation &gt; should disable error recovery when errorRecovery.enabled is false" time="0.0778787">
        </testcase>
        <testcase classname="src/hooks/useApiWithRecovery.test.tsx" name="useApiWithRecovery &gt; useApiMutation &gt; should handle sequential mutations" time="0.2169201">
        </testcase>
        <testcase classname="src/hooks/useApiWithRecovery.test.tsx" name="useApiWithRecovery &gt; useApiMutation &gt; should reset mutation state" time="0.1559955">
        </testcase>
        <testcase classname="src/hooks/useApiWithRecovery.test.tsx" name="useApiWithRecovery &gt; error recovery integration &gt; should integrate with useErrorRecovery for queries" time="0.0020936">
        </testcase>
        <testcase classname="src/hooks/useApiWithRecovery.test.tsx" name="useApiWithRecovery &gt; error recovery integration &gt; should integrate with useErrorRecovery for mutations" time="0.0770368">
        </testcase>
        <testcase classname="src/hooks/useApiWithRecovery.test.tsx" name="useApiWithRecovery &gt; edge cases &gt; should handle null response" time="0.0766021">
        </testcase>
        <testcase classname="src/hooks/useApiWithRecovery.test.tsx" name="useApiWithRecovery &gt; edge cases &gt; should handle undefined response" time="0.0789788">
        </testcase>
        <testcase classname="src/hooks/useApiWithRecovery.test.tsx" name="useApiWithRecovery &gt; edge cases &gt; should handle large data objects" time="0.0779919">
        </testcase>
    </testsuite>
    <testsuite name="src/hooks/useAutosave.test.ts" timestamp="2026-06-19T17:19:02.276Z" hostname="REC" tests="28" failures="0" errors="0" skipped="0" time="0.0550177">
        <testcase classname="src/hooks/useAutosave.test.ts" name="useAutosave hook &gt; basic functionality &gt; should initialize with default state" time="0.0115143">
        </testcase>
        <testcase classname="src/hooks/useAutosave.test.ts" name="useAutosave hook &gt; basic functionality &gt; should skip initial save by default" time="0.0016759">
        </testcase>
        <testcase classname="src/hooks/useAutosave.test.ts" name="useAutosave hook &gt; basic functionality &gt; should perform initial save when skipInitial is false" time="0.0033392">
        </testcase>
        <testcase classname="src/hooks/useAutosave.test.ts" name="useAutosave hook &gt; debounce behavior &gt; should debounce saves with default delay" time="0.0027722">
        </testcase>
        <testcase classname="src/hooks/useAutosave.test.ts" name="useAutosave hook &gt; debounce behavior &gt; should respect custom delay" time="0.0017985">
        </testcase>
        <testcase classname="src/hooks/useAutosave.test.ts" name="useAutosave hook &gt; debounce behavior &gt; should clear pending state after save" time="0.001583">
        </testcase>
        <testcase classname="src/hooks/useAutosave.test.ts" name="useAutosave hook &gt; save execution &gt; should call save function when debounce completes" time="0.0014308">
        </testcase>
        <testcase classname="src/hooks/useAutosave.test.ts" name="useAutosave hook &gt; save execution &gt; should update lastSaved timestamp on successful save" time="0.0013997">
        </testcase>
        <testcase classname="src/hooks/useAutosave.test.ts" name="useAutosave hook &gt; save execution &gt; should set isSaving during save" time="0.0018498">
        </testcase>
        <testcase classname="src/hooks/useAutosave.test.ts" name="useAutosave hook &gt; save execution &gt; should prevent concurrent saves" time="0.0021003">
        </testcase>
        <testcase classname="src/hooks/useAutosave.test.ts" name="useAutosave hook &gt; saveNow &gt; should save immediately without debounce" time="0.0016685">
        </testcase>
        <testcase classname="src/hooks/useAutosave.test.ts" name="useAutosave hook &gt; saveNow &gt; should clear pending debounce when saveNow is called" time="0.0013853">
        </testcase>
        <testcase classname="src/hooks/useAutosave.test.ts" name="useAutosave hook &gt; saveNow &gt; should handle errors in saveNow" time="0.002256">
        </testcase>
        <testcase classname="src/hooks/useAutosave.test.ts" name="useAutosave hook &gt; enabled/disabled &gt; should not save when disabled" time="0.0009532">
        </testcase>
        <testcase classname="src/hooks/useAutosave.test.ts" name="useAutosave hook &gt; enabled/disabled &gt; should stop saving when disabled after being enabled" time="0.0015123">
        </testcase>
        <testcase classname="src/hooks/useAutosave.test.ts" name="useAutosave hook &gt; enabled/disabled &gt; should clear pending state when disabled" time="0.0010047">
        </testcase>
        <testcase classname="src/hooks/useAutosave.test.ts" name="useAutosave hook &gt; callbacks &gt; should call onSuccess after successful save" time="0.0008987">
        </testcase>
        <testcase classname="src/hooks/useAutosave.test.ts" name="useAutosave hook &gt; callbacks &gt; should call onError on save failure" time="0.0011083">
        </testcase>
        <testcase classname="src/hooks/useAutosave.test.ts" name="useAutosave hook &gt; callbacks &gt; should not call onSuccess if error occurs" time="0.001172">
        </testcase>
        <testcase classname="src/hooks/useAutosave.test.ts" name="useAutosave hook &gt; dependency tracking &gt; should trigger save on dependency change" time="0.0013175">
        </testcase>
        <testcase classname="src/hooks/useAutosave.test.ts" name="useAutosave hook &gt; dependency tracking &gt; should not trigger save on unchanged dependencies" time="0.0019104">
        </testcase>
        <testcase classname="src/hooks/useAutosave.test.ts" name="useAutosave hook &gt; dependency tracking &gt; should handle array dependency changes" time="0.0013404">
        </testcase>
        <testcase classname="src/hooks/useAutosave.test.ts" name="useAutosave hook &gt; dependency tracking &gt; should handle object dependency changes" time="0.0012621">
        </testcase>
        <testcase classname="src/hooks/useAutosave.test.ts" name="useAutosave hook &gt; cleanup &gt; should clear timeout on unmount" time="0.0010509">
        </testcase>
        <testcase classname="src/hooks/useAutosave.test.ts" name="useAutosave hook &gt; cleanup &gt; should not execute save after unmount" time="0.0007919">
        </testcase>
        <testcase classname="src/hooks/useAutosave.test.ts" name="useAutosave hook &gt; edge cases &gt; should handle rapid dependency changes" time="0.0012663">
        </testcase>
        <testcase classname="src/hooks/useAutosave.test.ts" name="useAutosave hook &gt; edge cases &gt; should handle empty dependencies" time="0.0008296">
        </testcase>
        <testcase classname="src/hooks/useAutosave.test.ts" name="useAutosave hook &gt; edge cases &gt; should handle null/undefined values in dependencies" time="0.0011428">
        </testcase>
    </testsuite>
    <testsuite name="src/hooks/useCourseModals.test.ts" timestamp="2026-06-19T17:19:02.280Z" hostname="REC" tests="29" failures="0" errors="0" skipped="0" time="0.037399">
        <testcase classname="src/hooks/useCourseModals.test.ts" name="useCourseModals &gt; Initial State &gt; should initialize with all modals closed" time="0.009516">
        </testcase>
        <testcase classname="src/hooks/useCourseModals.test.ts" name="useCourseModals &gt; Initial State &gt; should return all required properties" time="0.0011548">
        </testcase>
        <testcase classname="src/hooks/useCourseModals.test.ts" name="useCourseModals &gt; Add Modal &gt; should provide useModal interface for addModal" time="0.0011827">
        </testcase>
        <testcase classname="src/hooks/useCourseModals.test.ts" name="useCourseModals &gt; Add Modal &gt; should open add modal" time="0.0016153">
        </testcase>
        <testcase classname="src/hooks/useCourseModals.test.ts" name="useCourseModals &gt; Add Modal &gt; should close add modal" time="0.001517">
        </testcase>
        <testcase classname="src/hooks/useCourseModals.test.ts" name="useCourseModals &gt; Add Modal &gt; should toggle add modal" time="0.0012261">
        </testcase>
        <testcase classname="src/hooks/useCourseModals.test.ts" name="useCourseModals &gt; Add Modal &gt; should handle multiple open calls" time="0.0010978">
        </testcase>
        <testcase classname="src/hooks/useCourseModals.test.ts" name="useCourseModals &gt; Add Modal &gt; should handle multiple close calls" time="0.0010336">
        </testcase>
        <testcase classname="src/hooks/useCourseModals.test.ts" name="useCourseModals &gt; Edit Modal &gt; should provide useModal interface for editModal" time="0.0011502">
        </testcase>
        <testcase classname="src/hooks/useCourseModals.test.ts" name="useCourseModals &gt; Edit Modal &gt; should open edit modal" time="0.001101">
        </testcase>
        <testcase classname="src/hooks/useCourseModals.test.ts" name="useCourseModals &gt; Edit Modal &gt; should close edit modal" time="0.0010736">
        </testcase>
        <testcase classname="src/hooks/useCourseModals.test.ts" name="useCourseModals &gt; Edit Modal &gt; should toggle edit modal" time="0.0010238">
        </testcase>
        <testcase classname="src/hooks/useCourseModals.test.ts" name="useCourseModals &gt; Edit Modal &gt; should handle multiple open calls" time="0.0009532">
        </testcase>
        <testcase classname="src/hooks/useCourseModals.test.ts" name="useCourseModals &gt; Edit Modal &gt; should handle multiple close calls" time="0.0010086">
        </testcase>
        <testcase classname="src/hooks/useCourseModals.test.ts" name="useCourseModals &gt; Modal Independence &gt; should allow add and edit modals to be open simultaneously" time="0.0009025">
        </testcase>
        <testcase classname="src/hooks/useCourseModals.test.ts" name="useCourseModals &gt; Modal Independence &gt; should not affect edit modal when closing add modal" time="0.0008108">
        </testcase>
        <testcase classname="src/hooks/useCourseModals.test.ts" name="useCourseModals &gt; Modal Independence &gt; should not affect add modal when closing edit modal" time="0.0006126">
        </testcase>
        <testcase classname="src/hooks/useCourseModals.test.ts" name="useCourseModals &gt; Modal Independence &gt; should not affect add modal when toggling edit modal" time="0.00067">
        </testcase>
        <testcase classname="src/hooks/useCourseModals.test.ts" name="useCourseModals &gt; Modal Independence &gt; should not affect edit modal when toggling add modal" time="0.0007469">
        </testcase>
        <testcase classname="src/hooks/useCourseModals.test.ts" name="useCourseModals &gt; Complex Workflows &gt; should handle typical add course workflow" time="0.0007009">
        </testcase>
        <testcase classname="src/hooks/useCourseModals.test.ts" name="useCourseModals &gt; Complex Workflows &gt; should handle typical edit course workflow" time="0.000574">
        </testcase>
        <testcase classname="src/hooks/useCourseModals.test.ts" name="useCourseModals &gt; Complex Workflows &gt; should handle open -&gt; close -&gt; reopen for same modal" time="0.0006286">
        </testcase>
        <testcase classname="src/hooks/useCourseModals.test.ts" name="useCourseModals &gt; Complex Workflows &gt; should handle alternating between add and edit modals" time="0.0006728">
        </testcase>
        <testcase classname="src/hooks/useCourseModals.test.ts" name="useCourseModals &gt; Complex Workflows &gt; should handle rapid toggle operations" time="0.0004733">
        </testcase>
        <testcase classname="src/hooks/useCourseModals.test.ts" name="useCourseModals &gt; Complex Workflows &gt; should handle mixed operations on both modals" time="0.0005255">
        </testcase>
        <testcase classname="src/hooks/useCourseModals.test.ts" name="useCourseModals &gt; Function Stability &gt; should maintain stable function references across re-renders" time="0.0008201">
        </testcase>
        <testcase classname="src/hooks/useCourseModals.test.ts" name="useCourseModals &gt; Function Stability &gt; should maintain stable function references after state changes" time="0.000505">
        </testcase>
        <testcase classname="src/hooks/useCourseModals.test.ts" name="useCourseModals &gt; Multiple Hook Instances &gt; should allow independent hook instances" time="0.0007993">
        </testcase>
        <testcase classname="src/hooks/useCourseModals.test.ts" name="useCourseModals &gt; Multiple Hook Instances &gt; should not share state between instances" time="0.000973">
        </testcase>
    </testsuite>
    <testsuite name="src/hooks/useCoursesQuery.test.ts" timestamp="2026-06-19T17:19:02.284Z" hostname="REC" tests="15" failures="0" errors="0" skipped="0" time="0.8122345">
        <testcase classname="src/hooks/useCoursesQuery.test.ts" name="useCoursesQuery hooks &gt; useCourses - basic fetching &gt; fetches courses from paginated response and updates store" time="0.0896021">
        </testcase>
        <testcase classname="src/hooks/useCoursesQuery.test.ts" name="useCoursesQuery hooks &gt; useCourses - basic fetching &gt; handles API returning an array directly" time="0.0753277">
        </testcase>
        <testcase classname="src/hooks/useCoursesQuery.test.ts" name="useCoursesQuery hooks &gt; useCourses - basic fetching &gt; handles unexpected response shape (no items) gracefully" time="0.0771952">
        </testcase>
        <testcase classname="src/hooks/useCoursesQuery.test.ts" name="useCoursesQuery hooks &gt; useCourses - basic fetching &gt; sets error state on failure" time="0.0780659">
        </testcase>
        <testcase classname="src/hooks/useCoursesQuery.test.ts" name="useCoursesQuery hooks &gt; useCourses - basic fetching &gt; applies search filter (case-insensitive across name and code)" time="0.0765866">
        </testcase>
        <testcase classname="src/hooks/useCoursesQuery.test.ts" name="useCoursesQuery hooks &gt; useCourses - basic fetching &gt; applies active filter" time="0.078082">
        </testcase>
        <testcase classname="src/hooks/useCoursesQuery.test.ts" name="useCoursesQuery hooks &gt; useCourses - basic fetching &gt; applies semester filter" time="0.0771452">
        </testcase>
        <testcase classname="src/hooks/useCoursesQuery.test.ts" name="useCoursesQuery hooks &gt; useCourses - basic fetching &gt; combines filters (search + active + semester)" time="0.0777662">
        </testcase>
        <testcase classname="src/hooks/useCoursesQuery.test.ts" name="useCoursesQuery hooks &gt; useCourses - basic fetching &gt; sets loading state during fetch" time="0.0936936">
        </testcase>
        <testcase classname="src/hooks/useCoursesQuery.test.ts" name="useCoursesQuery hooks &gt; useCourse - single fetch &gt; fetches a single course and selects it in store" time="0.0777334">
        </testcase>
        <testcase classname="src/hooks/useCoursesQuery.test.ts" name="useCoursesQuery hooks &gt; useCourse - single fetch &gt; does nothing when id is null (disabled query)" time="0.0014034">
        </testcase>
        <testcase classname="src/hooks/useCoursesQuery.test.ts" name="useCoursesQuery hooks &gt; Mutations &gt; creates a course and updates store + invalidates list" time="0.0031884">
        </testcase>
        <testcase classname="src/hooks/useCoursesQuery.test.ts" name="useCoursesQuery hooks &gt; Mutations &gt; updates a course and invalidates list + detail" time="0.0014914">
        </testcase>
        <testcase classname="src/hooks/useCoursesQuery.test.ts" name="useCoursesQuery hooks &gt; Mutations &gt; deletes a course and invalidates list" time="0.0015036">
        </testcase>
        <testcase classname="src/hooks/useCoursesQuery.test.ts" name="useCoursesQuery hooks &gt; Mutations &gt; sets error in store on mutation failure" time="0.0011295">
        </testcase>
    </testsuite>
    <testsuite name="src/hooks/useErrorRecovery.test.ts" timestamp="2026-06-19T17:19:02.286Z" hostname="REC" tests="18" failures="0" errors="0" skipped="0" time="0.0383933">
        <testcase classname="src/hooks/useErrorRecovery.test.ts" name="useErrorRecovery hook &gt; error handling &gt; should handle errors correctly" time="0.0104464">
        </testcase>
        <testcase classname="src/hooks/useErrorRecovery.test.ts" name="useErrorRecovery hook &gt; error handling &gt; should initialize with no error" time="0.001183">
        </testcase>
        <testcase classname="src/hooks/useErrorRecovery.test.ts" name="useErrorRecovery hook &gt; retry strategies &gt; should not retry with &quot;none&quot; strategy" time="0.0015435">
        </testcase>
        <testcase classname="src/hooks/useErrorRecovery.test.ts" name="useErrorRecovery hook &gt; retry strategies &gt; should increment retry count with backoff strategy" time="0.0031488">
        </testcase>
        <testcase classname="src/hooks/useErrorRecovery.test.ts" name="useErrorRecovery hook &gt; retry strategies &gt; should respect maxRetries limit" time="0.0026547">
        </testcase>
        <testcase classname="src/hooks/useErrorRecovery.test.ts" name="useErrorRecovery hook &gt; exponential backoff calculation &gt; should calculate correct exponential backoff delays" time="0.0020217">
        </testcase>
        <testcase classname="src/hooks/useErrorRecovery.test.ts" name="useErrorRecovery hook &gt; manual retry &gt; should reset on manual retry" time="0.0013919">
        </testcase>
        <testcase classname="src/hooks/useErrorRecovery.test.ts" name="useErrorRecovery hook &gt; reset &gt; should clear all state on reset" time="0.0010946">
        </testcase>
        <testcase classname="src/hooks/useErrorRecovery.test.ts" name="useErrorRecovery hook &gt; reset &gt; should clear pending timeouts on reset" time="0.0014863">
        </testcase>
        <testcase classname="src/hooks/useErrorRecovery.test.ts" name="useErrorRecovery hook &gt; onError callback &gt; should call onError callback when error occurs" time="0.0025893">
        </testcase>
        <testcase classname="src/hooks/useErrorRecovery.test.ts" name="useErrorRecovery hook &gt; onError callback &gt; should provide retry function in onError callback" time="0.001142">
        </testcase>
        <testcase classname="src/hooks/useErrorRecovery.test.ts" name="useErrorRecovery hook &gt; shouldRetry &gt; should return true when conditions allow retry" time="0.0012837">
        </testcase>
        <testcase classname="src/hooks/useErrorRecovery.test.ts" name="useErrorRecovery hook &gt; shouldRetry &gt; should return false when max retries exceeded" time="0.0012559">
        </testcase>
        <testcase classname="src/hooks/useErrorRecovery.test.ts" name="useErrorRecovery hook &gt; shouldRetry &gt; should return false with &quot;none&quot; strategy" time="0.0008442">
        </testcase>
        <testcase classname="src/hooks/useErrorRecovery.test.ts" name="useErrorRecovery hook &gt; cleanup &gt; should clear timeout on unmount" time="0.0014143">
        </testcase>
        <testcase classname="src/hooks/useErrorRecovery.test.ts" name="useErrorRecovery hook &gt; edge cases &gt; should handle rapid error handling" time="0.000704">
        </testcase>
        <testcase classname="src/hooks/useErrorRecovery.test.ts" name="useErrorRecovery hook &gt; edge cases &gt; should handle non-Error objects" time="0.0006555">
        </testcase>
        <testcase classname="src/hooks/useErrorRecovery.test.ts" name="useErrorRecovery hook &gt; edge cases &gt; should cap exponential backoff to avoid extremely long delays" time="0.0013065">
        </testcase>
    </testsuite>
    <testsuite name="src/hooks/useFormValidation.test.ts" timestamp="2026-06-19T17:19:02.289Z" hostname="REC" tests="17" failures="0" errors="0" skipped="0" time="0.0375518">
        <testcase classname="src/hooks/useFormValidation.test.ts" name="useFormValidation hook &gt; validate &gt; should return true for valid data" time="0.0111045">
        </testcase>
        <testcase classname="src/hooks/useFormValidation.test.ts" name="useFormValidation hook &gt; validate &gt; should return false for invalid data" time="0.0016426">
        </testcase>
        <testcase classname="src/hooks/useFormValidation.test.ts" name="useFormValidation hook &gt; validate &gt; should populate errors with field-specific messages" time="0.0015963">
        </testcase>
        <testcase classname="src/hooks/useFormValidation.test.ts" name="useFormValidation hook &gt; validate &gt; should clear previous errors on successful validation" time="0.0016104">
        </testcase>
        <testcase classname="src/hooks/useFormValidation.test.ts" name="useFormValidation hook &gt; clearErrors &gt; should clear all errors" time="0.0026546">
        </testcase>
        <testcase classname="src/hooks/useFormValidation.test.ts" name="useFormValidation hook &gt; getFieldError &gt; should return error for specific field" time="0.0012055">
        </testcase>
        <testcase classname="src/hooks/useFormValidation.test.ts" name="useFormValidation hook &gt; getFieldError &gt; should return undefined for field without error" time="0.0011073">
        </testcase>
        <testcase classname="src/hooks/useFormValidation.test.ts" name="useFormValidation hook &gt; hasErrors &gt; should return true when errors exist" time="0.0010452">
        </testcase>
        <testcase classname="src/hooks/useFormValidation.test.ts" name="useFormValidation hook &gt; hasErrors &gt; should return false when no errors exist" time="0.0013038">
        </testcase>
        <testcase classname="src/hooks/useFormValidation.test.ts" name="useFormValidation hook &gt; onValidationError callback &gt; should call onValidationError when validation fails" time="0.0031196">
        </testcase>
        <testcase classname="src/hooks/useFormValidation.test.ts" name="useFormValidation hook &gt; onValidationError callback &gt; should not call onValidationError when validation succeeds" time="0.0011221">
        </testcase>
        <testcase classname="src/hooks/useFormValidation.test.ts" name="useFormValidation hook &gt; complex validation scenarios &gt; should handle partial object validation" time="0.0020685">
        </testcase>
        <testcase classname="src/hooks/useFormValidation.test.ts" name="useFormValidation hook &gt; complex validation scenarios &gt; should handle custom validation errors" time="0.0015611">
        </testcase>
        <testcase classname="src/hooks/useFormValidation.test.ts" name="useFormValidation hook &gt; complex validation scenarios &gt; should handle nested object validation" time="0.0015447">
        </testcase>
        <testcase classname="src/hooks/useFormValidation.test.ts" name="useFormValidation hook &gt; edge cases &gt; should handle undefined values" time="0.0010214">
        </testcase>
        <testcase classname="src/hooks/useFormValidation.test.ts" name="useFormValidation hook &gt; edge cases &gt; should handle null values" time="0.0007573">
        </testcase>
        <testcase classname="src/hooks/useFormValidation.test.ts" name="useFormValidation hook &gt; edge cases &gt; should handle rapid successive validations" time="0.0007847">
        </testcase>
    </testsuite>
    <testsuite name="src/hooks/useModal.test.ts" timestamp="2026-06-19T17:19:02.292Z" hostname="REC" tests="21" failures="0" errors="0" skipped="0" time="0.0325047">
        <testcase classname="src/hooks/useModal.test.ts" name="useModal &gt; Initial State &gt; should initialize with isOpen false by default" time="0.0092517">
        </testcase>
        <testcase classname="src/hooks/useModal.test.ts" name="useModal &gt; Initial State &gt; should initialize with isOpen true when initialState is true" time="0.0011091">
        </testcase>
        <testcase classname="src/hooks/useModal.test.ts" name="useModal &gt; Initial State &gt; should initialize with isOpen false when initialState is explicitly false" time="0.0011642">
        </testcase>
        <testcase classname="src/hooks/useModal.test.ts" name="useModal &gt; Return Interface &gt; should return all required properties" time="0.0011413">
        </testcase>
        <testcase classname="src/hooks/useModal.test.ts" name="useModal &gt; Return Interface &gt; should return functions for open, close, and toggle" time="0.0012555">
        </testcase>
        <testcase classname="src/hooks/useModal.test.ts" name="useModal &gt; open() &gt; should set isOpen to true when initially closed" time="0.0017795">
        </testcase>
        <testcase classname="src/hooks/useModal.test.ts" name="useModal &gt; open() &gt; should keep isOpen true when already open" time="0.0009975">
        </testcase>
        <testcase classname="src/hooks/useModal.test.ts" name="useModal &gt; open() &gt; should be callable multiple times safely" time="0.0010058">
        </testcase>
        <testcase classname="src/hooks/useModal.test.ts" name="useModal &gt; close() &gt; should set isOpen to false when initially open" time="0.0011962">
        </testcase>
        <testcase classname="src/hooks/useModal.test.ts" name="useModal &gt; close() &gt; should keep isOpen false when already closed" time="0.0010818">
        </testcase>
        <testcase classname="src/hooks/useModal.test.ts" name="useModal &gt; close() &gt; should be callable multiple times safely" time="0.001067">
        </testcase>
        <testcase classname="src/hooks/useModal.test.ts" name="useModal &gt; toggle() &gt; should toggle from false to true" time="0.0009665">
        </testcase>
        <testcase classname="src/hooks/useModal.test.ts" name="useModal &gt; toggle() &gt; should toggle from true to false" time="0.0009134">
        </testcase>
        <testcase classname="src/hooks/useModal.test.ts" name="useModal &gt; toggle() &gt; should toggle multiple times correctly" time="0.0012612">
        </testcase>
        <testcase classname="src/hooks/useModal.test.ts" name="useModal &gt; Function Stability &gt; should maintain stable function references across re-renders" time="0.001188">
        </testcase>
        <testcase classname="src/hooks/useModal.test.ts" name="useModal &gt; Function Stability &gt; should maintain stable function references after state changes" time="0.0006904">
        </testcase>
        <testcase classname="src/hooks/useModal.test.ts" name="useModal &gt; Complex Workflows &gt; should handle open -&gt; close -&gt; open sequence" time="0.0007964">
        </testcase>
        <testcase classname="src/hooks/useModal.test.ts" name="useModal &gt; Complex Workflows &gt; should handle toggle -&gt; open -&gt; close sequence" time="0.0008345">
        </testcase>
        <testcase classname="src/hooks/useModal.test.ts" name="useModal &gt; Complex Workflows &gt; should handle mixed operations correctly" time="0.0005909">
        </testcase>
        <testcase classname="src/hooks/useModal.test.ts" name="useModal &gt; Multiple Instances &gt; should allow independent modal instances" time="0.0010521">
        </testcase>
        <testcase classname="src/hooks/useModal.test.ts" name="useModal &gt; Multiple Instances &gt; should allow different initial states for multiple instances" time="0.0008129">
        </testcase>
    </testsuite>
    <testsuite name="src/hooks/usePerformanceMonitor.test.ts" timestamp="2026-06-19T17:19:02.294Z" hostname="REC" tests="26" failures="0" errors="0" skipped="0" time="0.0424343">
        <testcase classname="src/hooks/usePerformanceMonitor.test.ts" name="usePerformanceMonitor hook &gt; usePerformanceMonitor &gt; should return metrics object with correct properties" time="0.0108128">
        </testcase>
        <testcase classname="src/hooks/usePerformanceMonitor.test.ts" name="usePerformanceMonitor hook &gt; usePerformanceMonitor &gt; should initialize with zero values" time="0.0013461">
        </testcase>
        <testcase classname="src/hooks/usePerformanceMonitor.test.ts" name="usePerformanceMonitor hook &gt; usePerformanceMonitor &gt; should increment render count on re-render" time="0.0017066">
        </testcase>
        <testcase classname="src/hooks/usePerformanceMonitor.test.ts" name="usePerformanceMonitor hook &gt; usePerformanceMonitor &gt; should track total time across renders" time="0.0015071">
        </testcase>
        <testcase classname="src/hooks/usePerformanceMonitor.test.ts" name="usePerformanceMonitor hook &gt; usePerformanceMonitor &gt; should not log when render time is below threshold" time="0.0014466">
        </testcase>
        <testcase classname="src/hooks/usePerformanceMonitor.test.ts" name="usePerformanceMonitor hook &gt; usePerformanceMonitor &gt; should log warning when render time exceeds threshold" time="0.0011937">
        </testcase>
        <testcase classname="src/hooks/usePerformanceMonitor.test.ts" name="usePerformanceMonitor hook &gt; usePerformanceMonitor &gt; should include component name in warning message" time="0.0023945">
        </testcase>
        <testcase classname="src/hooks/usePerformanceMonitor.test.ts" name="usePerformanceMonitor hook &gt; usePerformanceMonitor &gt; should include render count in warning object" time="0.0010573">
        </testcase>
        <testcase classname="src/hooks/usePerformanceMonitor.test.ts" name="usePerformanceMonitor hook &gt; usePerformanceMonitor &gt; should track duration in warning object" time="0.0012883">
        </testcase>
        <testcase classname="src/hooks/usePerformanceMonitor.test.ts" name="usePerformanceMonitor hook &gt; usePerformanceMonitor &gt; should send analytics event when available" time="0.0016909">
        </testcase>
        <testcase classname="src/hooks/usePerformanceMonitor.test.ts" name="usePerformanceMonitor hook &gt; usePerformanceMonitor &gt; should not crash when analytics is not available" time="0.0015984">
        </testcase>
        <testcase classname="src/hooks/usePerformanceMonitor.test.ts" name="usePerformanceMonitor hook &gt; usePerformanceMonitor &gt; should use default threshold of 100ms" time="0.0012234">
        </testcase>
        <testcase classname="src/hooks/usePerformanceMonitor.test.ts" name="usePerformanceMonitor hook &gt; usePerformanceMonitor &gt; should handle multiple renders with different durations" time="0.001575">
        </testcase>
        <testcase classname="src/hooks/usePerformanceMonitor.test.ts" name="usePerformanceMonitor hook &gt; usePerformanceMonitor &gt; should calculate render time correctly" time="0.0008554">
        </testcase>
        <testcase classname="src/hooks/usePerformanceMonitor.test.ts" name="usePerformanceMonitor hook &gt; usePerformanceMonitor &gt; should accumulate total time across multiple renders" time="0.0010776">
        </testcase>
        <testcase classname="src/hooks/usePerformanceMonitor.test.ts" name="usePerformanceMonitor hook &gt; useApiPerformance &gt; should set up performance observer if available" time="0.0009476">
        </testcase>
        <testcase classname="src/hooks/usePerformanceMonitor.test.ts" name="usePerformanceMonitor hook &gt; useApiPerformance &gt; should not crash when PerformanceObserver is not available" time="0.0007868">
        </testcase>
        <testcase classname="src/hooks/usePerformanceMonitor.test.ts" name="usePerformanceMonitor hook &gt; useApiPerformance &gt; should observe measure and resource entry types" time="0.0012003">
        </testcase>
        <testcase classname="src/hooks/usePerformanceMonitor.test.ts" name="usePerformanceMonitor hook &gt; useApiPerformance &gt; should disconnect observer on cleanup" time="0.0007105">
        </testcase>
        <testcase classname="src/hooks/usePerformanceMonitor.test.ts" name="usePerformanceMonitor hook &gt; useApiPerformance &gt; should use default threshold of 1000ms" time="0.0008169">
        </testcase>
        <testcase classname="src/hooks/usePerformanceMonitor.test.ts" name="usePerformanceMonitor hook &gt; useApiPerformance &gt; should log warning for slow API requests" time="0.0007582">
        </testcase>
        <testcase classname="src/hooks/usePerformanceMonitor.test.ts" name="usePerformanceMonitor hook &gt; useApiPerformance &gt; should not log warning for fast API requests" time="0.000679">
        </testcase>
        <testcase classname="src/hooks/usePerformanceMonitor.test.ts" name="usePerformanceMonitor hook &gt; useApiPerformance &gt; should filter entries by endpoint name" time="0.0007834">
        </testcase>
        <testcase classname="src/hooks/usePerformanceMonitor.test.ts" name="usePerformanceMonitor hook &gt; useApiPerformance &gt; should send analytics event for slow API requests" time="0.0009733">
        </testcase>
        <testcase classname="src/hooks/usePerformanceMonitor.test.ts" name="usePerformanceMonitor hook &gt; useApiPerformance &gt; should re-setup observer when endpoint changes" time="0.0009416">
        </testcase>
        <testcase classname="src/hooks/usePerformanceMonitor.test.ts" name="usePerformanceMonitor hook &gt; useApiPerformance &gt; should handle multiple entries in single observation" time="0.0007782">
        </testcase>
    </testsuite>
    <testsuite name="src/hooks/useStudentModals.test.ts" timestamp="2026-06-19T17:19:02.298Z" hostname="REC" tests="27" failures="0" errors="0" skipped="0" time="0.0366294">
        <testcase classname="src/hooks/useStudentModals.test.ts" name="useStudentModals &gt; Initial State &gt; should initialize with all modals closed" time="0.0096064">
        </testcase>
        <testcase classname="src/hooks/useStudentModals.test.ts" name="useStudentModals &gt; Initial State &gt; should initialize with no viewing student" time="0.0011387">
        </testcase>
        <testcase classname="src/hooks/useStudentModals.test.ts" name="useStudentModals &gt; Initial State &gt; should return all required properties" time="0.0014852">
        </testcase>
        <testcase classname="src/hooks/useStudentModals.test.ts" name="useStudentModals &gt; Add Modal &gt; should provide useModal interface for addModal" time="0.0011151">
        </testcase>
        <testcase classname="src/hooks/useStudentModals.test.ts" name="useStudentModals &gt; Add Modal &gt; should open add modal" time="0.001856">
        </testcase>
        <testcase classname="src/hooks/useStudentModals.test.ts" name="useStudentModals &gt; Add Modal &gt; should close add modal" time="0.0014307">
        </testcase>
        <testcase classname="src/hooks/useStudentModals.test.ts" name="useStudentModals &gt; Add Modal &gt; should toggle add modal" time="0.0012069">
        </testcase>
        <testcase classname="src/hooks/useStudentModals.test.ts" name="useStudentModals &gt; Edit Modal &gt; should provide useModal interface for editModal" time="0.000879">
        </testcase>
        <testcase classname="src/hooks/useStudentModals.test.ts" name="useStudentModals &gt; Edit Modal &gt; should open edit modal" time="0.0011155">
        </testcase>
        <testcase classname="src/hooks/useStudentModals.test.ts" name="useStudentModals &gt; Edit Modal &gt; should close edit modal" time="0.0013857">
        </testcase>
        <testcase classname="src/hooks/useStudentModals.test.ts" name="useStudentModals &gt; Edit Modal &gt; should toggle edit modal" time="0.0012029">
        </testcase>
        <testcase classname="src/hooks/useStudentModals.test.ts" name="useStudentModals &gt; Profile Viewing &gt; should set viewingStudentId when viewProfile is called" time="0.0009359">
        </testcase>
        <testcase classname="src/hooks/useStudentModals.test.ts" name="useStudentModals &gt; Profile Viewing &gt; should clear viewingStudentId when closeProfile is called" time="0.0012702">
        </testcase>
        <testcase classname="src/hooks/useStudentModals.test.ts" name="useStudentModals &gt; Profile Viewing &gt; should update isViewingProfile when viewing student" time="0.0009885">
        </testcase>
        <testcase classname="src/hooks/useStudentModals.test.ts" name="useStudentModals &gt; Profile Viewing &gt; should handle multiple viewProfile calls" time="0.0010134">
        </testcase>
        <testcase classname="src/hooks/useStudentModals.test.ts" name="useStudentModals &gt; Profile Viewing &gt; should handle closeProfile when no profile is open" time="0.0006031">
        </testcase>
        <testcase classname="src/hooks/useStudentModals.test.ts" name="useStudentModals &gt; Profile Viewing &gt; should accept different student ID types" time="0.0005844">
        </testcase>
        <testcase classname="src/hooks/useStudentModals.test.ts" name="useStudentModals &gt; Modal Independence &gt; should allow add and edit modals to be open simultaneously" time="0.0005691">
        </testcase>
        <testcase classname="src/hooks/useStudentModals.test.ts" name="useStudentModals &gt; Modal Independence &gt; should not affect other modals when closing one" time="0.0005629">
        </testcase>
        <testcase classname="src/hooks/useStudentModals.test.ts" name="useStudentModals &gt; Modal Independence &gt; should not affect modals when viewing profile" time="0.0006584">
        </testcase>
        <testcase classname="src/hooks/useStudentModals.test.ts" name="useStudentModals &gt; Modal Independence &gt; should not affect profile viewing when toggling modals" time="0.0005425">
        </testcase>
        <testcase classname="src/hooks/useStudentModals.test.ts" name="useStudentModals &gt; Complex Workflows &gt; should handle typical add student workflow" time="0.0005808">
        </testcase>
        <testcase classname="src/hooks/useStudentModals.test.ts" name="useStudentModals &gt; Complex Workflows &gt; should handle typical edit student workflow" time="0.000594">
        </testcase>
        <testcase classname="src/hooks/useStudentModals.test.ts" name="useStudentModals &gt; Complex Workflows &gt; should handle typical view profile workflow" time="0.0005756">
        </testcase>
        <testcase classname="src/hooks/useStudentModals.test.ts" name="useStudentModals &gt; Complex Workflows &gt; should handle view -&gt; edit workflow" time="0.0006752">
        </testcase>
        <testcase classname="src/hooks/useStudentModals.test.ts" name="useStudentModals &gt; Complex Workflows &gt; should handle switching between different student profiles" time="0.000843">
        </testcase>
        <testcase classname="src/hooks/useStudentModals.test.ts" name="useStudentModals &gt; Function Stability &gt; should maintain stable modal function references" time="0.0005791">
        </testcase>
    </testsuite>
    <testsuite name="src/hooks/useStudentsQuery.test.ts" timestamp="2026-06-19T17:19:02.302Z" hostname="REC" tests="13" failures="0" errors="0" skipped="0" time="0.5792624">
        <testcase classname="src/hooks/useStudentsQuery.test.ts" name="useStudentsQuery hooks &gt; useStudents - basic fetching &gt; fetches students (array) and updates store" time="0.0859989">
        </testcase>
        <testcase classname="src/hooks/useStudentsQuery.test.ts" name="useStudentsQuery hooks &gt; useStudents - basic fetching &gt; applies search filter across first, last, email (case-insensitive)" time="0.0755297">
        </testcase>
        <testcase classname="src/hooks/useStudentsQuery.test.ts" name="useStudentsQuery hooks &gt; useStudents - basic fetching &gt; applies active filter" time="0.0778869">
        </testcase>
        <testcase classname="src/hooks/useStudentsQuery.test.ts" name="useStudentsQuery hooks &gt; useStudents - basic fetching &gt; combines search + active filters" time="0.0780812">
        </testcase>
        <testcase classname="src/hooks/useStudentsQuery.test.ts" name="useStudentsQuery hooks &gt; useStudents - basic fetching &gt; handles error during fetch and sets store error" time="0.0774784">
        </testcase>
        <testcase classname="src/hooks/useStudentsQuery.test.ts" name="useStudentsQuery hooks &gt; useStudents - basic fetching &gt; sets loading state during fetch lifecycle" time="0.0919222">
        </testcase>
        <testcase classname="src/hooks/useStudentsQuery.test.ts" name="useStudentsQuery hooks &gt; useStudent - single fetch &gt; fetches single student and selects in store" time="0.0778181">
        </testcase>
        <testcase classname="src/hooks/useStudentsQuery.test.ts" name="useStudentsQuery hooks &gt; useStudent - single fetch &gt; disabled when id is null" time="0.0016622">
        </testcase>
        <testcase classname="src/hooks/useStudentsQuery.test.ts" name="useStudentsQuery hooks &gt; Mutations &gt; creates student and updates store + invalidates list" time="0.0033617">
        </testcase>
        <testcase classname="src/hooks/useStudentsQuery.test.ts" name="useStudentsQuery hooks &gt; Mutations &gt; updates student and invalidates list + detail" time="0.0027841">
        </testcase>
        <testcase classname="src/hooks/useStudentsQuery.test.ts" name="useStudentsQuery hooks &gt; Mutations &gt; queues student update when offline and updates store optimistically" time="0.0018729">
        </testcase>
        <testcase classname="src/hooks/useStudentsQuery.test.ts" name="useStudentsQuery hooks &gt; Mutations &gt; deletes student and invalidates list" time="0.001582">
        </testcase>
        <testcase classname="src/hooks/useStudentsQuery.test.ts" name="useStudentsQuery hooks &gt; Mutations &gt; sets error on mutation failure" time="0.0012402">
        </testcase>
    </testsuite>
    <testsuite name="src/hooks/useStudentsQuery.test.tsx" timestamp="2026-06-19T17:19:02.305Z" hostname="REC" tests="12" failures="0" errors="0" skipped="0" time="0.5805119">
        <testcase classname="src/hooks/useStudentsQuery.test.tsx" name="useStudentsQuery hooks &gt; useStudents - basic fetching &gt; fetches students (array) and updates store" time="0.0876209">
        </testcase>
        <testcase classname="src/hooks/useStudentsQuery.test.tsx" name="useStudentsQuery hooks &gt; useStudents - basic fetching &gt; applies search filter across first, last, email (case-insensitive)" time="0.0750604">
        </testcase>
        <testcase classname="src/hooks/useStudentsQuery.test.tsx" name="useStudentsQuery hooks &gt; useStudents - basic fetching &gt; applies active filter" time="0.0784366">
        </testcase>
        <testcase classname="src/hooks/useStudentsQuery.test.tsx" name="useStudentsQuery hooks &gt; useStudents - basic fetching &gt; combines search + active filters" time="0.0784327">
        </testcase>
        <testcase classname="src/hooks/useStudentsQuery.test.tsx" name="useStudentsQuery hooks &gt; useStudents - basic fetching &gt; handles error during fetch and sets store error" time="0.0774546">
        </testcase>
        <testcase classname="src/hooks/useStudentsQuery.test.tsx" name="useStudentsQuery hooks &gt; useStudents - basic fetching &gt; sets loading state during fetch lifecycle" time="0.0935353">
        </testcase>
        <testcase classname="src/hooks/useStudentsQuery.test.tsx" name="useStudentsQuery hooks &gt; useStudent - single fetch &gt; fetches single student and selects in store" time="0.0769044">
        </testcase>
        <testcase classname="src/hooks/useStudentsQuery.test.tsx" name="useStudentsQuery hooks &gt; useStudent - single fetch &gt; disabled when id is null" time="0.0017895">
        </testcase>
        <testcase classname="src/hooks/useStudentsQuery.test.tsx" name="useStudentsQuery hooks &gt; Mutations &gt; creates student and updates store + invalidates list" time="0.0035051">
        </testcase>
        <testcase classname="src/hooks/useStudentsQuery.test.tsx" name="useStudentsQuery hooks &gt; Mutations &gt; updates student and invalidates list + detail" time="0.0028673">
        </testcase>
        <testcase classname="src/hooks/useStudentsQuery.test.tsx" name="useStudentsQuery hooks &gt; Mutations &gt; deletes student and invalidates list" time="0.0014898">
        </testcase>
        <testcase classname="src/hooks/useStudentsQuery.test.tsx" name="useStudentsQuery hooks &gt; Mutations &gt; sets error on mutation failure" time="0.0012033">
        </testcase>
    </testsuite>
    <testsuite name="src/hooks/useVirtualScroll.test.ts" timestamp="2026-06-19T17:19:02.307Z" hostname="REC" tests="42" failures="0" errors="0" skipped="0" time="0.0450053">
        <testcase classname="src/hooks/useVirtualScroll.test.ts" name="useVirtualScroll hook &gt; initialization &gt; should return virtualizer and parentRef" time="0.0097341">
        </testcase>
        <testcase classname="src/hooks/useVirtualScroll.test.ts" name="useVirtualScroll hook &gt; initialization &gt; should initialize parentRef as null" time="0.0010663">
        </testcase>
        <testcase classname="src/hooks/useVirtualScroll.test.ts" name="useVirtualScroll hook &gt; initialization &gt; should use default itemHeight of 50" time="0.0012099">
        </testcase>
        <testcase classname="src/hooks/useVirtualScroll.test.ts" name="useVirtualScroll hook &gt; initialization &gt; should use default overscan of 10" time="0.0009322">
        </testcase>
        <testcase classname="src/hooks/useVirtualScroll.test.ts" name="useVirtualScroll hook &gt; virtualizer options &gt; should accept custom itemHeight" time="0.0010362">
        </testcase>
        <testcase classname="src/hooks/useVirtualScroll.test.ts" name="useVirtualScroll hook &gt; virtualizer options &gt; should accept custom overscan value" time="0.0010167">
        </testcase>
        <testcase classname="src/hooks/useVirtualScroll.test.ts" name="useVirtualScroll hook &gt; virtualizer options &gt; should handle small itemCount" time="0.0010126">
        </testcase>
        <testcase classname="src/hooks/useVirtualScroll.test.ts" name="useVirtualScroll hook &gt; virtualizer options &gt; should handle large itemCount" time="0.0008898">
        </testcase>
        <testcase classname="src/hooks/useVirtualScroll.test.ts" name="useVirtualScroll hook &gt; virtualizer options &gt; should handle zero itemCount" time="0.0010625">
        </testcase>
        <testcase classname="src/hooks/useVirtualScroll.test.ts" name="useVirtualScroll hook &gt; virtualizer options &gt; should handle fractional itemHeight" time="0.0011121">
        </testcase>
        <testcase classname="src/hooks/useVirtualScroll.test.ts" name="useVirtualScroll hook &gt; virtualizer methods &gt; should provide getVirtualItems method" time="0.0009679">
        </testcase>
        <testcase classname="src/hooks/useVirtualScroll.test.ts" name="useVirtualScroll hook &gt; virtualizer methods &gt; should provide getTotalSize method" time="0.0008615">
        </testcase>
        <testcase classname="src/hooks/useVirtualScroll.test.ts" name="useVirtualScroll hook &gt; virtualizer methods &gt; should provide scrollToIndex method" time="0.0012318">
        </testcase>
        <testcase classname="src/hooks/useVirtualScroll.test.ts" name="useVirtualScroll hook &gt; virtualizer methods &gt; should provide getOffsetForIndex method" time="0.0012158">
        </testcase>
        <testcase classname="src/hooks/useVirtualScroll.test.ts" name="useVirtualScroll hook &gt; dependency updates &gt; should update virtualizer when itemCount changes" time="0.001254">
        </testcase>
        <testcase classname="src/hooks/useVirtualScroll.test.ts" name="useVirtualScroll hook &gt; dependency updates &gt; should update virtualizer when itemHeight changes" time="0.000761">
        </testcase>
        <testcase classname="src/hooks/useVirtualScroll.test.ts" name="useVirtualScroll hook &gt; dependency updates &gt; should update virtualizer when overscan changes" time="0.000689">
        </testcase>
        <testcase classname="src/hooks/useVirtualScroll.test.ts" name="useVirtualScroll hook &gt; parentRef &gt; should provide a ref that can be attached to a DOM element" time="0.0006765">
        </testcase>
        <testcase classname="src/hooks/useVirtualScroll.test.ts" name="useVirtualScroll hook &gt; parentRef &gt; should maintain ref identity across renders" time="0.0006734">
        </testcase>
        <testcase classname="src/hooks/useVirtualScroll.test.ts" name="useVirtualScroll hook &gt; parentRef &gt; should allow ref to be attached to DOM element" time="0.0005168">
        </testcase>
        <testcase classname="src/hooks/useVirtualScroll.test.ts" name="useVirtualScroll hook &gt; configuration combinations &gt; should handle combination of small count and small itemHeight" time="0.0005209">
        </testcase>
        <testcase classname="src/hooks/useVirtualScroll.test.ts" name="useVirtualScroll hook &gt; configuration combinations &gt; should handle combination of large count and large itemHeight" time="0.0004407">
        </testcase>
        <testcase classname="src/hooks/useVirtualScroll.test.ts" name="useVirtualScroll hook &gt; configuration combinations &gt; should handle combination of large count and small itemHeight" time="0.0005975">
        </testcase>
        <testcase classname="src/hooks/useVirtualScroll.test.ts" name="useVirtualScroll hook &gt; configuration combinations &gt; should handle combination of small count and large itemHeight" time="0.0005252">
        </testcase>
        <testcase classname="src/hooks/useVirtualScroll.test.ts" name="useVirtualScroll hook &gt; performance &gt; should memoize virtualizer to prevent unnecessary recreations" time="0.0006526">
        </testcase>
        <testcase classname="src/hooks/useVirtualScroll.test.ts" name="useVirtualScroll hook &gt; performance &gt; should handle rapid itemCount changes" time="0.0009874">
        </testcase>
        <testcase classname="src/hooks/useVirtualScroll.test.ts" name="useVirtualScroll hook &gt; performance &gt; should handle rapid config changes" time="0.0007719">
        </testcase>
        <testcase classname="src/hooks/useVirtualScroll.test.ts" name="useVirtualScroll hook &gt; virtualization behavior &gt; should support virtual item measurement" time="0.0005073">
        </testcase>
        <testcase classname="src/hooks/useVirtualScroll.test.ts" name="useVirtualScroll hook &gt; virtualization behavior &gt; should track total virtual size" time="0.0005252">
        </testcase>
        <testcase classname="src/hooks/useVirtualScroll.test.ts" name="useVirtualScroll hook &gt; virtualization behavior &gt; should support scroll to index" time="0.0009495">
        </testcase>
        <testcase classname="src/hooks/useVirtualScroll.test.ts" name="useVirtualScroll hook &gt; virtualization behavior &gt; should calculate offset for index" time="0.0006538">
        </testcase>
        <testcase classname="src/hooks/useVirtualScroll.test.ts" name="useVirtualScroll hook &gt; edge cases &gt; should handle negative overscan gracefully" time="0.0004631">
        </testcase>
        <testcase classname="src/hooks/useVirtualScroll.test.ts" name="useVirtualScroll hook &gt; edge cases &gt; should handle very large itemHeight" time="0.0004883">
        </testcase>
        <testcase classname="src/hooks/useVirtualScroll.test.ts" name="useVirtualScroll hook &gt; edge cases &gt; should handle very small itemHeight" time="0.0006866">
        </testcase>
        <testcase classname="src/hooks/useVirtualScroll.test.ts" name="useVirtualScroll hook &gt; edge cases &gt; should handle scrollToIndex at boundary" time="0.0007134">
        </testcase>
        <testcase classname="src/hooks/useVirtualScroll.test.ts" name="useVirtualScroll hook &gt; edge cases &gt; should handle scrollToIndex beyond range" time="0.0006598">
        </testcase>
        <testcase classname="src/hooks/useVirtualScroll.test.ts" name="useVirtualScroll hook &gt; cleanup &gt; should not throw on unmount" time="0.0014912">
        </testcase>
        <testcase classname="src/hooks/useVirtualScroll.test.ts" name="useVirtualScroll hook &gt; cleanup &gt; should handle unmount during scroll operations" time="0.000564">
        </testcase>
        <testcase classname="src/hooks/useVirtualScroll.test.ts" name="useVirtualScroll hook &gt; integration scenarios &gt; should support typical student list scenario (1000 items)" time="0.0004336">
        </testcase>
        <testcase classname="src/hooks/useVirtualScroll.test.ts" name="useVirtualScroll hook &gt; integration scenarios &gt; should support large grade table scenario (10000 items)" time="0.0006212">
        </testcase>
        <testcase classname="src/hooks/useVirtualScroll.test.ts" name="useVirtualScroll hook &gt; integration scenarios &gt; should support course attendance scenario (500 items)" time="0.000597">
        </testcase>
        <testcase classname="src/hooks/useVirtualScroll.test.ts" name="useVirtualScroll hook &gt; integration scenarios &gt; should support search results scenario (variable items)" time="0.0006457">
        </testcase>
    </testsuite>
    <testsuite name="src/schemas/attendance.schema.test.ts" timestamp="2026-06-19T17:19:02.312Z" hostname="REC" tests="53" failures="0" errors="0" skipped="0" time="0.0210114">
        <testcase classname="src/schemas/attendance.schema.test.ts" name="attendanceSchema &gt; student_id validation &gt; accepts valid integer student_id" time="0.0026882">
        </testcase>
        <testcase classname="src/schemas/attendance.schema.test.ts" name="attendanceSchema &gt; student_id validation &gt; accepts string student_id and converts to number" time="0.000362">
        </testcase>
        <testcase classname="src/schemas/attendance.schema.test.ts" name="attendanceSchema &gt; student_id validation &gt; rejects zero student_id" time="0.0009481">
        </testcase>
        <testcase classname="src/schemas/attendance.schema.test.ts" name="attendanceSchema &gt; student_id validation &gt; rejects negative student_id" time="0.0003345">
        </testcase>
        <testcase classname="src/schemas/attendance.schema.test.ts" name="attendanceSchema &gt; student_id validation &gt; rejects non-integer student_id" time="0.0004552">
        </testcase>
        <testcase classname="src/schemas/attendance.schema.test.ts" name="attendanceSchema &gt; student_id validation &gt; rejects invalid string student_id" time="0.000236">
        </testcase>
        <testcase classname="src/schemas/attendance.schema.test.ts" name="attendanceSchema &gt; course_id validation &gt; accepts valid integer course_id" time="0.0003315">
        </testcase>
        <testcase classname="src/schemas/attendance.schema.test.ts" name="attendanceSchema &gt; course_id validation &gt; accepts string course_id and converts to number" time="0.0002292">
        </testcase>
        <testcase classname="src/schemas/attendance.schema.test.ts" name="attendanceSchema &gt; course_id validation &gt; rejects zero course_id" time="0.0002961">
        </testcase>
        <testcase classname="src/schemas/attendance.schema.test.ts" name="attendanceSchema &gt; course_id validation &gt; rejects negative course_id" time="0.0003003">
        </testcase>
        <testcase classname="src/schemas/attendance.schema.test.ts" name="attendanceSchema &gt; course_id validation &gt; rejects non-integer course_id" time="0.0002584">
        </testcase>
        <testcase classname="src/schemas/attendance.schema.test.ts" name="attendanceSchema &gt; course_id validation &gt; rejects invalid string course_id" time="0.0001814">
        </testcase>
        <testcase classname="src/schemas/attendance.schema.test.ts" name="attendanceSchema &gt; date validation &gt; accepts valid date formats" time="0.0003414">
        </testcase>
        <testcase classname="src/schemas/attendance.schema.test.ts" name="attendanceSchema &gt; date validation &gt; rejects empty date" time="0.0004798">
        </testcase>
        <testcase classname="src/schemas/attendance.schema.test.ts" name="attendanceSchema &gt; date validation &gt; rejects invalid date formats" time="0.0005895">
        </testcase>
        <testcase classname="src/schemas/attendance.schema.test.ts" name="attendanceSchema &gt; status validation &gt; accepts present status" time="0.0001691">
        </testcase>
        <testcase classname="src/schemas/attendance.schema.test.ts" name="attendanceSchema &gt; status validation &gt; accepts absent status" time="0.0001749">
        </testcase>
        <testcase classname="src/schemas/attendance.schema.test.ts" name="attendanceSchema &gt; status validation &gt; accepts late status" time="0.0001109">
        </testcase>
        <testcase classname="src/schemas/attendance.schema.test.ts" name="attendanceSchema &gt; status validation &gt; accepts excused status" time="0.0001107">
        </testcase>
        <testcase classname="src/schemas/attendance.schema.test.ts" name="attendanceSchema &gt; status validation &gt; rejects invalid status values" time="0.0005567">
        </testcase>
        <testcase classname="src/schemas/attendance.schema.test.ts" name="attendanceSchema &gt; notes validation &gt; accepts valid notes" time="0.0003293">
        </testcase>
        <testcase classname="src/schemas/attendance.schema.test.ts" name="attendanceSchema &gt; notes validation &gt; accepts undefined notes" time="0.0001775">
        </testcase>
        <testcase classname="src/schemas/attendance.schema.test.ts" name="attendanceSchema &gt; notes validation &gt; converts empty string to undefined" time="0.0001183">
        </testcase>
        <testcase classname="src/schemas/attendance.schema.test.ts" name="attendanceSchema &gt; notes validation &gt; rejects notes exceeding 500 characters" time="0.0002456">
        </testcase>
        <testcase classname="src/schemas/attendance.schema.test.ts" name="attendanceSchema &gt; notes validation &gt; accepts exactly 500 character notes" time="0.0001791">
        </testcase>
        <testcase classname="src/schemas/attendance.schema.test.ts" name="attendanceSchema &gt; complete valid attendance data &gt; parses complete attendance with all fields" time="0.0001455">
        </testcase>
        <testcase classname="src/schemas/attendance.schema.test.ts" name="attendanceSchema &gt; complete valid attendance data &gt; parses attendance with only required fields" time="0.0001341">
        </testcase>
        <testcase classname="src/schemas/attendance.schema.test.ts" name="bulkAttendanceSchema &gt; course_id validation &gt; accepts valid course_id" time="0.000631">
        </testcase>
        <testcase classname="src/schemas/attendance.schema.test.ts" name="bulkAttendanceSchema &gt; course_id validation &gt; rejects zero course_id" time="0.0002191">
        </testcase>
        <testcase classname="src/schemas/attendance.schema.test.ts" name="bulkAttendanceSchema &gt; course_id validation &gt; rejects negative course_id" time="0.0002515">
        </testcase>
        <testcase classname="src/schemas/attendance.schema.test.ts" name="bulkAttendanceSchema &gt; course_id validation &gt; rejects non-integer course_id" time="0.0002021">
        </testcase>
        <testcase classname="src/schemas/attendance.schema.test.ts" name="bulkAttendanceSchema &gt; date validation &gt; accepts valid dates" time="0.0001555">
        </testcase>
        <testcase classname="src/schemas/attendance.schema.test.ts" name="bulkAttendanceSchema &gt; date validation &gt; rejects empty date" time="0.000222">
        </testcase>
        <testcase classname="src/schemas/attendance.schema.test.ts" name="bulkAttendanceSchema &gt; date validation &gt; rejects invalid date formats" time="0.0002279">
        </testcase>
        <testcase classname="src/schemas/attendance.schema.test.ts" name="bulkAttendanceSchema &gt; attendance_records validation &gt; accepts valid attendance records" time="0.0003676">
        </testcase>
        <testcase classname="src/schemas/attendance.schema.test.ts" name="bulkAttendanceSchema &gt; attendance_records validation &gt; accepts single record" time="0.0001472">
        </testcase>
        <testcase classname="src/schemas/attendance.schema.test.ts" name="bulkAttendanceSchema &gt; attendance_records validation &gt; rejects empty attendance_records array" time="0.0001851">
        </testcase>
        <testcase classname="src/schemas/attendance.schema.test.ts" name="bulkAttendanceSchema &gt; attendance_records validation &gt; validates individual record fields" time="0.0002971">
        </testcase>
        <testcase classname="src/schemas/attendance.schema.test.ts" name="bulkAttendanceSchema &gt; attendance_records validation &gt; validates status values in records" time="0.0002473">
        </testcase>
        <testcase classname="src/schemas/attendance.schema.test.ts" name="bulkAttendanceSchema &gt; attendance_records validation &gt; validates notes length in records" time="0.0002199">
        </testcase>
        <testcase classname="src/schemas/attendance.schema.test.ts" name="bulkAttendanceSchema &gt; attendance_records validation &gt; accepts records with optional notes" time="0.0001304">
        </testcase>
        <testcase classname="src/schemas/attendance.schema.test.ts" name="bulkAttendanceSchema &gt; attendance_records validation &gt; accepts many records for bulk operation" time="0.0019147">
        </testcase>
        <testcase classname="src/schemas/attendance.schema.test.ts" name="bulkAttendanceSchema &gt; complete bulk attendance data &gt; parses complete bulk attendance" time="0.0002332">
        </testcase>
[...]
        </testcase>
        <testcase classname="src/features/analytics/components/__tests__/CardComponents.test.tsx" name="Analytics Component Cards &gt; GradeDistributionChart &gt; displays grade range legend" time="0.00531">
        </testcase>
        <testcase classname="src/features/analytics/components/__tests__/CardComponents.test.tsx" name="Analytics Component Cards &gt; GradeDistributionChart &gt; handles empty distribution" time="0.0010555">
        </testcase>
    </testsuite>
    <testsuite name="src/features/analytics/hooks/__tests__/useAnalytics.test.ts" timestamp="2026-06-19T17:19:02.540Z" hostname="REC" tests="9" failures="0" errors="0" skipped="0" time="0.5628318">
        <testcase classname="src/features/analytics/hooks/__tests__/useAnalytics.test.ts" name="useAnalytics Hook &gt; returns initial state with loading true" time="0.0101685">
        </testcase>
        <testcase classname="src/features/analytics/hooks/__tests__/useAnalytics.test.ts" name="useAnalytics Hook &gt; fetches student analytics data" time="0.072127">
        </testcase>
        <testcase classname="src/features/analytics/hooks/__tests__/useAnalytics.test.ts" name="useAnalytics Hook &gt; unwraps APIResponse wrapper nested inside an Axios response" time="0.0761168">
        </testcase>
        <testcase classname="src/features/analytics/hooks/__tests__/useAnalytics.test.ts" name="useAnalytics Hook &gt; fetches course analytics data" time="0.0781587">
        </testcase>
        <testcase classname="src/features/analytics/hooks/__tests__/useAnalytics.test.ts" name="useAnalytics Hook &gt; handles error when fetching fails" time="0.0768975">
        </testcase>
        <testcase classname="src/features/analytics/hooks/__tests__/useAnalytics.test.ts" name="useAnalytics Hook &gt; returns error when neither studentId nor courseId provided" time="0.0145909">
        </testcase>
        <testcase classname="src/features/analytics/hooks/__tests__/useAnalytics.test.ts" name="useAnalytics Hook &gt; provides refetch function" time="0.0777059">
        </testcase>
        <testcase classname="src/features/analytics/hooks/__tests__/useAnalytics.test.ts" name="useAnalytics Hook &gt; combines student and course analytics when both IDs provided" time="0.0766068">
        </testcase>
        <testcase classname="src/features/analytics/hooks/__tests__/useAnalytics.test.ts" name="useAnalytics Hook &gt; handles partial data loading" time="0.0784637">
        </testcase>
    </testsuite>
    <testsuite name="src/features/attendance/components/__tests__/AttendanceView.specialParticipation.test.tsx" timestamp="2026-06-19T17:19:02.541Z" hostname="REC" tests="1" failures="0" errors="0" skipped="0" time="0.2814035">
        <testcase classname="src/features/attendance/components/__tests__/AttendanceView.specialParticipation.test.tsx" name="AttendanceView - Special Participation Labels &gt; shows a custom applied label when stored special score differs from canonical preset" time="0.2796951">
        </testcase>
    </testsuite>
    <testsuite name="src/features/custom-reports/components/__tests__/ReportBuilder.test.tsx" timestamp="2026-06-19T17:19:02.542Z" hostname="REC" tests="2" failures="0" errors="0" skipped="0" time="0.1032512">
        <testcase classname="src/features/custom-reports/components/__tests__/ReportBuilder.test.tsx" name="ReportBuilder &gt; normalizes legacy grade fields and relational id before save" time="0.0727031">
        </testcase>
        <testcase classname="src/features/custom-reports/components/__tests__/ReportBuilder.test.tsx" name="ReportBuilder &gt; normalizes student attendance templates to user-facing student identifiers before save" time="0.0286502">
        </testcase>
    </testsuite>
    <testsuite name="src/features/custom-reports/components/__tests__/ReportList.test.tsx" timestamp="2026-06-19T17:19:02.543Z" hostname="REC" tests="1" failures="0" errors="0" skipped="0" time="0.0904258">
        <testcase classname="src/features/custom-reports/components/__tests__/ReportList.test.tsx" name="ReportList superseded history toggle &gt; flips include_superseded query and updates visible list when toggle is enabled" time="0.0886515">
        </testcase>
    </testsuite>
    <testsuite name="src/features/dashboard/pages/__tests__/DashboardManager.test.tsx" timestamp="2026-06-19T17:19:02.544Z" hostname="REC" tests="10" failures="0" errors="0" skipped="0" time="0.5452686">
        <testcase classname="src/features/dashboard/pages/__tests__/DashboardManager.test.tsx" name="DashboardManager &gt; renders dashboard manager with title" time="0.0353689">
        </testcase>
        <testcase classname="src/features/dashboard/pages/__tests__/DashboardManager.test.tsx" name="DashboardManager &gt; displays list of dashboards" time="0.0105533">
        </testcase>
        <testcase classname="src/features/dashboard/pages/__tests__/DashboardManager.test.tsx" name="DashboardManager &gt; shows default dashboard badge" time="0.017073">
        </testcase>
        <testcase classname="src/features/dashboard/pages/__tests__/DashboardManager.test.tsx" name="DashboardManager &gt; displays chart count for each dashboard" time="0.0161583">
        </testcase>
        <testcase classname="src/features/dashboard/pages/__tests__/DashboardManager.test.tsx" name="DashboardManager &gt; shows empty state when no dashboards exist" time="0.0030663">
        </testcase>
        <testcase classname="src/features/dashboard/pages/__tests__/DashboardManager.test.tsx" name="DashboardManager &gt; shows loading state" time="0.0044662">
        </testcase>
        <testcase classname="src/features/dashboard/pages/__tests__/DashboardManager.test.tsx" name="DashboardManager &gt; opens create dialog on new dashboard button click" time="0.1318302">
        </testcase>
        <testcase classname="src/features/dashboard/pages/__tests__/DashboardManager.test.tsx" name="DashboardManager &gt; shows delete confirmation when delete button clicked" time="0.0934412">
        </testcase>
        <testcase classname="src/features/dashboard/pages/__tests__/DashboardManager.test.tsx" name="DashboardManager &gt; calls deleteDashboard when delete confirmed" time="0.1682985">
        </testcase>
        <testcase classname="src/features/dashboard/pages/__tests__/DashboardManager.test.tsx" name="DashboardManager &gt; calls setDefaultDashboard when star button clicked" time="0.0627376">
        </testcase>
    </testsuite>
    <testsuite name="src/features/dashboard/hooks/__tests__/useDashboards.test.tsx" timestamp="2026-06-19T17:19:02.546Z" hostname="REC" tests="12" failures="0" errors="0" skipped="0" time="1.0211542">
        <testcase classname="src/features/dashboard/hooks/__tests__/useDashboards.test.tsx" name="useDashboards hook &gt; Fetching dashboards &gt; fetches all dashboards successfully" time="0.0842383">
        </testcase>
        <testcase classname="src/features/dashboard/hooks/__tests__/useDashboards.test.tsx" name="useDashboards hook &gt; Fetching dashboards &gt; extracts default dashboard from dashboards list" time="0.0760876">
        </testcase>
        <testcase classname="src/features/dashboard/hooks/__tests__/useDashboards.test.tsx" name="useDashboards hook &gt; Fetching dashboards &gt; handles empty dashboards list" time="0.0922362">
        </testcase>
        <testcase classname="src/features/dashboard/hooks/__tests__/useDashboards.test.tsx" name="useDashboards hook &gt; Fetching dashboards &gt; handles API errors gracefully" time="0.07783">
        </testcase>
        <testcase classname="src/features/dashboard/hooks/__tests__/useDashboards.test.tsx" name="useDashboards hook &gt; Creating dashboards &gt; creates a new dashboard successfully" time="0.024407">
        </testcase>
        <testcase classname="src/features/dashboard/hooks/__tests__/useDashboards.test.tsx" name="useDashboards hook &gt; Creating dashboards &gt; handles create errors" time="0.0691066">
        </testcase>
        <testcase classname="src/features/dashboard/hooks/__tests__/useDashboards.test.tsx" name="useDashboards hook &gt; Updating dashboards &gt; updates a dashboard successfully" time="0.0822517">
        </testcase>
        <testcase classname="src/features/dashboard/hooks/__tests__/useDashboards.test.tsx" name="useDashboards hook &gt; Deleting dashboards &gt; deletes a dashboard successfully" time="0.0782489">
        </testcase>
        <testcase classname="src/features/dashboard/hooks/__tests__/useDashboards.test.tsx" name="useDashboards hook &gt; Setting default dashboard &gt; sets a dashboard as default" time="0.0793285">
        </testcase>
        <testcase classname="src/features/dashboard/hooks/__tests__/useDashboards.test.tsx" name="useDashboards hook &gt; Loading states &gt; provides correct loading states during fetch" time="0.198367">
        </testcase>
        <testcase classname="src/features/dashboard/hooks/__tests__/useDashboards.test.tsx" name="useDashboards hook &gt; Chart configuration &gt; preserves chart configuration in dashboards" time="0.0797325">
        </testcase>
        <testcase classname="src/features/dashboard/hooks/__tests__/useDashboards.test.tsx" name="useDashboards hook &gt; Chart configuration &gt; supports various chart types in configuration" time="0.0770657">
        </testcase>
    </testsuite>
    <testsuite name="src/features/dashboard/components/__tests__/AnalyticsDashboard.test.tsx" timestamp="2026-06-19T17:19:02.548Z" hostname="REC" tests="7" failures="0" errors="0" skipped="0" time="0.1386017">
        <testcase classname="src/features/dashboard/components/__tests__/AnalyticsDashboard.test.tsx" name="AnalyticsDashboard &gt; renders dashboard without crashing" time="0.0380844">
        </testcase>
        <testcase classname="src/features/dashboard/components/__tests__/AnalyticsDashboard.test.tsx" name="AnalyticsDashboard &gt; renders analytics dashboard without crashing" time="0.010665">
        </testcase>
        <testcase classname="src/features/dashboard/components/__tests__/AnalyticsDashboard.test.tsx" name="AnalyticsDashboard &gt; displays total students count or placeholder" time="0.0256062">
        </testcase>
        <testcase classname="src/features/dashboard/components/__tests__/AnalyticsDashboard.test.tsx" name="AnalyticsDashboard &gt; displays total courses count or placeholder" time="0.0103476">
        </testcase>
        <testcase classname="src/features/dashboard/components/__tests__/AnalyticsDashboard.test.tsx" name="AnalyticsDashboard &gt; displays average grade or placeholder" time="0.0218317">
        </testcase>
        <testcase classname="src/features/dashboard/components/__tests__/AnalyticsDashboard.test.tsx" name="AnalyticsDashboard &gt; shows loading state or renders content" time="0.0094432">
        </testcase>
        <testcase classname="src/features/dashboard/components/__tests__/AnalyticsDashboard.test.tsx" name="AnalyticsDashboard &gt; renders the dashboard when the summary endpoint fails" time="0.0205058">
        </testcase>
    </testsuite>
    <testsuite name="src/features/dashboard/components/__tests__/ChartDrillDown.test.tsx" timestamp="2026-06-19T17:19:02.550Z" hostname="REC" tests="4" failures="0" errors="0" skipped="0" time="0.0303265">
        <testcase classname="src/features/dashboard/components/__tests__/ChartDrillDown.test.tsx" name="ChartDrillDown &gt; renders drill-down navigation without crashing" time="0.0144314">
        </testcase>
        <testcase classname="src/features/dashboard/components/__tests__/ChartDrillDown.test.tsx" name="ChartDrillDown &gt; displays current level content" time="0.0066252">
        </testcase>
        <testcase classname="src/features/dashboard/components/__tests__/ChartDrillDown.test.tsx" name="ChartDrillDown &gt; renders title and breadcrumb navigation" time="0.005393">
        </testcase>
        <testcase classname="src/features/dashboard/components/__tests__/ChartDrillDown.test.tsx" name="ChartDrillDown &gt; handles navigation state changes" time="0.0020096">
        </testcase>
    </testsuite>
    <testsuite name="src/features/dashboard/components/__tests__/CreateEditDashboardDialog.test.tsx" timestamp="2026-06-19T17:19:02.551Z" hostname="REC" tests="13" failures="0" errors="0" skipped="0" time="1.6606275">
        <testcase classname="src/features/dashboard/components/__tests__/CreateEditDashboardDialog.test.tsx" name="CreateEditDashboardDialog &gt; renders create dialog when no dashboard provided" time="0.0367183">
        </testcase>
        <testcase classname="src/features/dashboard/components/__tests__/CreateEditDashboardDialog.test.tsx" name="CreateEditDashboardDialog &gt; renders edit dialog when dashboard provided" time="0.0119785">
        </testcase>
        <testcase classname="src/features/dashboard/components/__tests__/CreateEditDashboardDialog.test.tsx" name="CreateEditDashboardDialog &gt; pre-fills form with dashboard data" time="0.0088387">
        </testcase>
        <testcase classname="src/features/dashboard/components/__tests__/CreateEditDashboardDialog.test.tsx" name="CreateEditDashboardDialog &gt; checks chart checkboxes from configuration" time="0.0071134">
        </testcase>
        <testcase classname="src/features/dashboard/components/__tests__/CreateEditDashboardDialog.test.tsx" name="CreateEditDashboardDialog &gt; requires dashboard name" time="0.1295627">
        </testcase>
        <testcase classname="src/features/dashboard/components/__tests__/CreateEditDashboardDialog.test.tsx" name="CreateEditDashboardDialog &gt; requires at least one chart selected" time="0.3737988">
        </testcase>
        <testcase classname="src/features/dashboard/components/__tests__/CreateEditDashboardDialog.test.tsx" name="CreateEditDashboardDialog &gt; calls onSave with correct data on form submit" time="0.375691">
        </testcase>
        <testcase classname="src/features/dashboard/components/__tests__/CreateEditDashboardDialog.test.tsx" name="CreateEditDashboardDialog &gt; trims whitespace from inputs" time="0.4652264">
        </testcase>
        <testcase classname="src/features/dashboard/components/__tests__/CreateEditDashboardDialog.test.tsx" name="CreateEditDashboardDialog &gt; toggles chart selection on checkbox click" time="0.1251384">
        </testcase>
        <testcase classname="src/features/dashboard/components/__tests__/CreateEditDashboardDialog.test.tsx" name="CreateEditDashboardDialog &gt; calls onClose when close button clicked" time="0.0465598">
        </testcase>
        <testcase classname="src/features/dashboard/components/__tests__/CreateEditDashboardDialog.test.tsx" name="CreateEditDashboardDialog &gt; calls onClose when backdrop clicked" time="0.0057682">
        </testcase>
        <testcase classname="src/features/dashboard/components/__tests__/CreateEditDashboardDialog.test.tsx" name="CreateEditDashboardDialog &gt; displays loading state when isLoading prop is true" time="0.005733">
        </testcase>
        <testcase classname="src/features/dashboard/components/__tests__/CreateEditDashboardDialog.test.tsx" name="CreateEditDashboardDialog &gt; displays chart count" time="0.0663473">
        </testcase>
    </testsuite>
    <testsuite name="src/features/dashboard/components/__tests__/CustomReportBuilder.test.tsx" timestamp="2026-06-19T17:19:02.553Z" hostname="REC" tests="7" failures="0" errors="0" skipped="0" time="0.0668641">
        <testcase classname="src/features/dashboard/components/__tests__/CustomReportBuilder.test.tsx" name="CustomReportBuilder &gt; renders report builder without crashing" time="0.0312836">
        </testcase>
        <testcase classname="src/features/dashboard/components/__tests__/CustomReportBuilder.test.tsx" name="CustomReportBuilder &gt; displays builder interface structure" time="0.0105453">
        </testcase>
        <testcase classname="src/features/dashboard/components/__tests__/CustomReportBuilder.test.tsx" name="CustomReportBuilder &gt; has navigation buttons available" time="0.005053">
        </testcase>
        <testcase classname="src/features/dashboard/components/__tests__/CustomReportBuilder.test.tsx" name="CustomReportBuilder &gt; renders form fields for report configuration" time="0.0042561">
        </testcase>
        <testcase classname="src/features/dashboard/components/__tests__/CustomReportBuilder.test.tsx" name="CustomReportBuilder &gt; receives and displays report name when provided" time="0.0051769">
        </testcase>
        <testcase classname="src/features/dashboard/components/__tests__/CustomReportBuilder.test.tsx" name="CustomReportBuilder &gt; shows form validation feedback" time="0.0035506">
        </testcase>
        <testcase classname="src/features/dashboard/components/__tests__/CustomReportBuilder.test.tsx" name="CustomReportBuilder &gt; renders without errors in empty state" time="0.0051509">
        </testcase>
    </testsuite>
    <testsuite name="src/features/dashboard/components/__tests__/PredictiveAnalyticsPanel.test.tsx" timestamp="2026-06-19T17:19:02.555Z" hostname="REC" tests="5" failures="0" errors="0" skipped="0" time="0.031313">
        <testcase classname="src/features/dashboard/components/__tests__/PredictiveAnalyticsPanel.test.tsx" name="PredictiveAnalyticsPanel &gt; renders predictive panel without crashing" time="0.0139171">
        </testcase>
        <testcase classname="src/features/dashboard/components/__tests__/PredictiveAnalyticsPanel.test.tsx" name="PredictiveAnalyticsPanel &gt; displays risk assessment summary when data provided" time="0.0104719">
        </testcase>
        <testcase classname="src/features/dashboard/components/__tests__/PredictiveAnalyticsPanel.test.tsx" name="PredictiveAnalyticsPanel &gt; shows at-risk students list when data provided" time="0.0017675">
        </testcase>
        <testcase classname="src/features/dashboard/components/__tests__/PredictiveAnalyticsPanel.test.tsx" name="PredictiveAnalyticsPanel &gt; displays recommendations for at-risk students" time="0.0015873">
        </testcase>
        <testcase classname="src/features/dashboard/components/__tests__/PredictiveAnalyticsPanel.test.tsx" name="PredictiveAnalyticsPanel &gt; handles empty data gracefully" time="0.0017263">
        </testcase>
    </testsuite>
    <testsuite name="src/features/grading/components/__tests__/GradingView.decimal.test.tsx" timestamp="2026-06-19T17:19:02.556Z" hostname="REC" tests="6" failures="0" errors="0" skipped="0" time="0.132046">
        <testcase classname="src/features/grading/components/__tests__/GradingView.decimal.test.tsx" name="GradingView - Decimal Input &gt; allows decimal point input in grade field" time="0.0430047">
        </testcase>
        <testcase classname="src/features/grading/components/__tests__/GradingView.decimal.test.tsx" name="GradingView - Decimal Input &gt; allows decimal point input in maxGrade field" time="0.0104008">
        </testcase>
        <testcase classname="src/features/grading/components/__tests__/GradingView.decimal.test.tsx" name="GradingView - Decimal Input &gt; allows decimal point input in weight field" time="0.0136201">
        </testcase>
        <testcase classname="src/features/grading/components/__tests__/GradingView.decimal.test.tsx" name="GradingView - Decimal Input &gt; accepts comma as decimal separator (European format)" time="0.0097017">
        </testcase>
        <testcase classname="src/features/grading/components/__tests__/GradingView.decimal.test.tsx" name="GradingView - Decimal Input &gt; stores decimal values as strings during typing" time="0.0106756">
        </testcase>
        <testcase classname="src/features/grading/components/__tests__/GradingView.decimal.test.tsx" name="GradingView - Decimal Input &gt; adds a grade and shows it in grade history after refresh" time="0.0427063">
        </testcase>
    </testsuite>
</testsuites>
