<?xml version="1.0" encoding="UTF-8" ?>
<testsuites name="vitest tests" tests="1939" failures="0" errors="0" time="69.4825956">
    <testsuite name="src/LanguageContext.test.tsx" timestamp="2026-06-19T13:07:41.541Z" hostname="REC" tests="12" failures="0" errors="0" skipped="0" time="0.0420704">
        <testcase classname="src/LanguageContext.test.tsx" name="LanguageContext &gt; initialization &gt; initializes with language from i18n" time="0.0114663">
        </testcase>
        <testcase classname="src/LanguageContext.test.tsx" name="LanguageContext &gt; initialization &gt; provides language controls" time="0.0015554">
        </testcase>
        <testcase classname="src/LanguageContext.test.tsx" name="LanguageContext &gt; setLanguage &gt; changes language to Greek" time="0.0028879">
        </testcase>
        <testcase classname="src/LanguageContext.test.tsx" name="LanguageContext &gt; setLanguage &gt; changes language to English" time="0.0023412">
        </testcase>
        <testcase classname="src/LanguageContext.test.tsx" name="LanguageContext &gt; setLanguage &gt; persists language to localStorage via i18next" time="0.0020329">
        </testcase>
        <testcase classname="src/LanguageContext.test.tsx" name="LanguageContext &gt; setLanguage &gt; maintains language across multiple switches" time="0.0027126">
        </testcase>
        <testcase classname="src/LanguageContext.test.tsx" name="LanguageContext &gt; t function &gt; returns key as fallback for missing keys" time="0.0039845">
        </testcase>
        <testcase classname="src/LanguageContext.test.tsx" name="LanguageContext &gt; useLanguage hook &gt; throws error when used outside LanguageProvider" time="0.0038375">
        </testcase>
        <testcase classname="src/LanguageContext.test.tsx" name="LanguageContext &gt; language persistence &gt; restores language from localStorage on mount" time="0.0022567">
        </testcase>
        <testcase classname="src/LanguageContext.test.tsx" name="LanguageContext &gt; language persistence &gt; persists latest language to localStorage across switches" time="0.0021598">
        </testcase>
        <testcase classname="src/LanguageContext.test.tsx" name="LanguageContext &gt; state consistency &gt; context state reflects current i18n language" time="0.0018659">
        </testcase>
        <testcase classname="src/LanguageContext.test.tsx" name="LanguageContext &gt; state consistency &gt; new hook instances reflect updated language" time="0.0027674">
        </testcase>
    </testsuite>
    <testsuite name="src/sanity.test.ts" timestamp="2026-06-19T13:07:41.547Z" hostname="REC" tests="1" failures="0" errors="0" skipped="0" time="0.0033414">
        <testcase classname="src/sanity.test.ts" name="Sanity check &gt; should add numbers correctly" time="0.0010712">
        </testcase>
    </testsuite>
    <testsuite name="src/ThemeContext.test.tsx" timestamp="2026-06-19T13:07:41.549Z" hostname="REC" tests="35" failures="0" errors="0" skipped="0" time="0.3378264">
        <testcase classname="src/ThemeContext.test.tsx" name="ThemeContext &gt; initialization &gt; initializes with light theme as default" time="0.0125023">
        </testcase>
        <testcase classname="src/ThemeContext.test.tsx" name="ThemeContext &gt; initialization &gt; restores theme from localStorage on mount" time="0.0067586">
        </testcase>
        <testcase classname="src/ThemeContext.test.tsx" name="ThemeContext &gt; initialization &gt; validates theme from localStorage" time="0.0020886">
        </testcase>
        <testcase classname="src/ThemeContext.test.tsx" name="ThemeContext &gt; initialization &gt; handles corrupted localStorage data" time="0.0014357">
        </testcase>
        <testcase classname="src/ThemeContext.test.tsx" name="ThemeContext &gt; initialization &gt; applies initial theme classes to DOM" time="0.0121055">
        </testcase>
        <testcase classname="src/ThemeContext.test.tsx" name="ThemeContext &gt; setTheme &gt; changes theme to dark" time="0.0159554">
        </testcase>
        <testcase classname="src/ThemeContext.test.tsx" name="ThemeContext &gt; setTheme &gt; changes theme to relaxing" time="0.0024231">
        </testcase>
        <testcase classname="src/ThemeContext.test.tsx" name="ThemeContext &gt; setTheme &gt; changes theme to fancy" time="0.0021125">
        </testcase>
        <testcase classname="src/ThemeContext.test.tsx" name="ThemeContext &gt; setTheme &gt; changes theme to system" time="0.0025696">
        </testcase>
        <testcase classname="src/ThemeContext.test.tsx" name="ThemeContext &gt; setTheme &gt; persists theme to localStorage" time="0.0018535">
        </testcase>
        <testcase classname="src/ThemeContext.test.tsx" name="ThemeContext &gt; setTheme &gt; applies theme classes to DOM" time="0.0058515">
        </testcase>
        <testcase classname="src/ThemeContext.test.tsx" name="ThemeContext &gt; setTheme &gt; removes previous theme classes when switching" time="0.0320505">
        </testcase>
        <testcase classname="src/ThemeContext.test.tsx" name="ThemeContext &gt; setTheme &gt; updates state even if localStorage fails" time="0.0023868">
        </testcase>
        <testcase classname="src/ThemeContext.test.tsx" name="ThemeContext &gt; effectiveTheme resolution &gt; resolves system theme to light when system prefers light" time="0.0014174">
        </testcase>
        <testcase classname="src/ThemeContext.test.tsx" name="ThemeContext &gt; effectiveTheme resolution &gt; resolves system theme to dark when system prefers dark" time="0.0016047">
        </testcase>
        <testcase classname="src/ThemeContext.test.tsx" name="ThemeContext &gt; effectiveTheme resolution &gt; effectiveTheme equals theme for non-system themes" time="0.0016685">
        </testcase>
        <testcase classname="src/ThemeContext.test.tsx" name="ThemeContext &gt; system theme listener &gt; registers mediaQuery listener when theme is system" time="0.0011569">
        </testcase>
        <testcase classname="src/ThemeContext.test.tsx" name="ThemeContext &gt; system theme listener &gt; updates effectiveTheme when system preference changes" time="0.0070837">
        </testcase>
        <testcase classname="src/ThemeContext.test.tsx" name="ThemeContext &gt; system theme listener &gt; removes listener when theme changes from system" time="0.0024814">
        </testcase>
        <testcase classname="src/ThemeContext.test.tsx" name="ThemeContext &gt; system theme listener &gt; removes listener on unmount" time="0.001148">
        </testcase>
        <testcase classname="src/ThemeContext.test.tsx" name="ThemeContext &gt; useTheme hook &gt; throws error when used outside ThemeProvider" time="0.0030566">
        </testcase>
        <testcase classname="src/ThemeContext.test.tsx" name="ThemeContext &gt; theme switching flow &gt; maintains theme across multiple switches" time="0.0019001">
        </testcase>
        <testcase classname="src/ThemeContext.test.tsx" name="ThemeContext &gt; theme switching flow &gt; persists latest theme to localStorage across switches" time="0.0015113">
        </testcase>
        <testcase classname="src/ThemeContext.test.tsx" name="ThemeContext &gt; theme switching flow &gt; updates DOM classes across theme switches" time="0.0212347">
        </testcase>
        <testcase classname="src/ThemeContext.test.tsx" name="ThemeContext &gt; DOM manipulation &gt; applies theme to documentElement" time="0.0156384">
        </testcase>
        <testcase classname="src/ThemeContext.test.tsx" name="ThemeContext &gt; DOM manipulation &gt; applies theme to body" time="0.015979">
        </testcase>
        <testcase classname="src/ThemeContext.test.tsx" name="ThemeContext &gt; DOM manipulation &gt; applies all supported theme classes correctly" time="0.0323266">
        </testcase>
        <testcase classname="src/ThemeContext.test.tsx" name="ThemeContext &gt; DOM manipulation &gt; cleans up previous theme classes when switching" time="0.0315329">
        </testcase>
        <testcase classname="src/ThemeContext.test.tsx" name="ThemeContext &gt; localStorage edge cases &gt; handles empty string in localStorage" time="0.0009429">
        </testcase>
        <testcase classname="src/ThemeContext.test.tsx" name="ThemeContext &gt; localStorage edge cases &gt; handles whitespace-only string in localStorage" time="0.0005549">
        </testcase>
        <testcase classname="src/ThemeContext.test.tsx" name="ThemeContext &gt; localStorage edge cases &gt; handles invalid theme value in localStorage" time="0.000696">
        </testcase>
        <testcase classname="src/ThemeContext.test.tsx" name="ThemeContext &gt; state consistency &gt; context state matches localStorage after update" time="0.0127981">
        </testcase>
        <testcase classname="src/ThemeContext.test.tsx" name="ThemeContext &gt; state consistency &gt; effectiveTheme reflects current theme setting" time="0.0160899">
        </testcase>
        <testcase classname="src/ThemeContext.test.tsx" name="ThemeContext &gt; state consistency &gt; new hook instances reflect updated theme" time="0.0485544">
        </testcase>
        <testcase classname="src/ThemeContext.test.tsx" name="ThemeContext &gt; system theme edge cases &gt; applies correct theme when system preference is set initially" time="0.015278">
        </testcase>
    </testsuite>
    <testsuite name="src/typescriptBasics.test.ts" timestamp="2026-06-19T13:07:41.555Z" hostname="REC" tests="4" failures="0" errors="0" skipped="0" time="0.0035823">
        <testcase classname="src/typescriptBasics.test.ts" name="TypeScript basic types &gt; should infer string type" time="0.0010125">
        </testcase>
        <testcase classname="src/typescriptBasics.test.ts" name="TypeScript basic types &gt; should infer number type" time="0.0001487">
        </testcase>
        <testcase classname="src/typescriptBasics.test.ts" name="TypeScript basic types &gt; should support arrays" time="0.0002309">
        </testcase>
        <testcase classname="src/typescriptBasics.test.ts" name="TypeScript basic types &gt; should support interfaces" time="0.0002043">
        </testcase>
    </testsuite>
    <testsuite name="src/contexts/AppearanceThemeContext.test.tsx" timestamp="2026-06-19T13:07:41.557Z" hostname="REC" tests="2" failures="0" errors="0" skipped="0" time="0.0158323">
        <testcase classname="src/contexts/AppearanceThemeContext.test.tsx" name="AppearanceThemeContext &gt; exposes default theme and updates DOM attributes when changed" time="0.0123831">
        </testcase>
        <testcase classname="src/contexts/AppearanceThemeContext.test.tsx" name="AppearanceThemeContext &gt; persists the theme selection to localStorage" time="0.0016958">
        </testcase>
    </testsuite>
    <testsuite name="src/contexts/AuthContext.test.tsx" timestamp="2026-06-19T13:07:41.558Z" hostname="REC" tests="19" failures="0" errors="0" skipped="0" time="0.0669041">
        <testcase classname="src/contexts/AuthContext.test.tsx" name="AuthContext &gt; initialization &gt; starts with null user and accessToken when localStorage is empty" time="0.0110834">
        </testcase>
        <testcase classname="src/contexts/AuthContext.test.tsx" name="AuthContext &gt; initialization &gt; restores user from localStorage on mount" time="0.0021965">
        </testcase>
        <testcase classname="src/contexts/AuthContext.test.tsx" name="AuthContext &gt; initialization &gt; handles corrupted localStorage data gracefully" time="0.0016648">
        </testcase>
        <testcase classname="src/contexts/AuthContext.test.tsx" name="AuthContext &gt; initialization &gt; initializes accessToken from authService" time="0.0018474">
        </testcase>
        <testcase classname="src/contexts/AuthContext.test.tsx" name="AuthContext &gt; login &gt; successfully logs in user" time="0.0030605">
        </testcase>
        <testcase classname="src/contexts/AuthContext.test.tsx" name="AuthContext &gt; login &gt; persists user to localStorage after login" time="0.0015164">
        </testcase>
        <testcase classname="src/contexts/AuthContext.test.tsx" name="AuthContext &gt; login &gt; throws error when login fails" time="0.0027873">
        </testcase>
        <testcase classname="src/contexts/AuthContext.test.tsx" name="AuthContext &gt; login &gt; throws error when access_token is missing in response" time="0.0013415">
        </testcase>
        <testcase classname="src/contexts/AuthContext.test.tsx" name="AuthContext &gt; login &gt; fetches user from /auth/me when not in login response" time="0.0021791">
        </testcase>
        <testcase classname="src/contexts/AuthContext.test.tsx" name="AuthContext &gt; logout &gt; successfully logs out user" time="0.0114678">
        </testcase>
        <testcase classname="src/contexts/AuthContext.test.tsx" name="AuthContext &gt; logout &gt; clears state even if API call fails" time="0.0016225">
        </testcase>
        <testcase classname="src/contexts/AuthContext.test.tsx" name="AuthContext &gt; logout &gt; removes user from localStorage on logout" time="0.0016705">
        </testcase>
        <testcase classname="src/contexts/AuthContext.test.tsx" name="AuthContext &gt; refresh &gt; successfully refreshes access token" time="0.001443">
        </testcase>
        <testcase classname="src/contexts/AuthContext.test.tsx" name="AuthContext &gt; refresh &gt; logs out user when refresh fails" time="0.0098973">
        </testcase>
        <testcase classname="src/contexts/AuthContext.test.tsx" name="AuthContext &gt; useAuth hook &gt; throws error when used outside AuthProvider" time="0.0043587">
        </testcase>
        <testcase classname="src/contexts/AuthContext.test.tsx" name="AuthContext &gt; localStorage edge cases &gt; handles localStorage.setItem failure gracefully during login" time="0.0018659">
        </testcase>
        <testcase classname="src/contexts/AuthContext.test.tsx" name="AuthContext &gt; localStorage edge cases &gt; handles localStorage.removeItem failure gracefully during logout" time="0.0015012">
        </testcase>
        <testcase classname="src/contexts/AuthContext.test.tsx" name="AuthContext &gt; state consistency &gt; maintains consistent state across login and logout cycles" time="0.0015955">
        </testcase>
        <testcase classname="src/contexts/AuthContext.test.tsx" name="AuthContext &gt; state consistency &gt; preserves additional user properties" time="0.0013973">
        </testcase>
    </testsuite>
    <testsuite name="src/hooks/useApiWithRecovery.test.tsx" timestamp="2026-06-19T13:07:41.561Z" hostname="REC" tests="27" failures="0" errors="0" skipped="0" time="1.8759452">
        <testcase classname="src/hooks/useApiWithRecovery.test.tsx" name="useApiWithRecovery &gt; useApiQuery &gt; should fetch data successfully" time="0.0854945">
        </testcase>
        <testcase classname="src/hooks/useApiWithRecovery.test.tsx" name="useApiWithRecovery &gt; useApiQuery &gt; should handle query errors" time="0.0761254">
        </testcase>
        <testcase classname="src/hooks/useApiWithRecovery.test.tsx" name="useApiWithRecovery &gt; useApiQuery &gt; should retry failed queries with exponential backoff" time="0.0075471">
        </testcase>
        <testcase classname="src/hooks/useApiWithRecovery.test.tsx" name="useApiWithRecovery &gt; useApiQuery &gt; should not retry with &quot;none&quot; strategy" time="0.0711527">
        </testcase>
        <testcase classname="src/hooks/useApiWithRecovery.test.tsx" name="useApiWithRecovery &gt; useApiQuery &gt; should disable error recovery when errorRecovery.enabled is false" time="0.0779244">
        </testcase>
        <testcase classname="src/hooks/useApiWithRecovery.test.tsx" name="useApiWithRecovery &gt; useApiQuery &gt; should not retry on 401 errors" time="0.0777398">
        </testcase>
        <testcase classname="src/hooks/useApiWithRecovery.test.tsx" name="useApiWithRecovery &gt; useApiQuery &gt; should not retry on 403 errors" time="0.076591">
        </testcase>
        <testcase classname="src/hooks/useApiWithRecovery.test.tsx" name="useApiWithRecovery &gt; useApiQuery &gt; should reset error state on successful retry" time="0.0030588">
        </testcase>
        <testcase classname="src/hooks/useApiWithRecovery.test.tsx" name="useApiWithRecovery &gt; useApiQuery &gt; should respect custom options" time="0.0752326">
        </testcase>
        <testcase classname="src/hooks/useApiWithRecovery.test.tsx" name="useApiWithRecovery &gt; useApiQuery &gt; should use custom error recovery options" time="0.0036282">
        </testcase>
        <testcase classname="src/hooks/useApiWithRecovery.test.tsx" name="useApiWithRecovery &gt; useApiQuery &gt; should handle multiple query keys independently" time="0.073674">
        </testcase>
        <testcase classname="src/hooks/useApiWithRecovery.test.tsx" name="useApiWithRecovery &gt; useApiMutation &gt; should mutate data successfully" time="0.078578">
        </testcase>
        <testcase classname="src/hooks/useApiWithRecovery.test.tsx" name="useApiWithRecovery &gt; useApiMutation &gt; should handle mutation errors" time="0.0786097">
        </testcase>
        <testcase classname="src/hooks/useApiWithRecovery.test.tsx" name="useApiWithRecovery &gt; useApiMutation &gt; should retry failed mutations" time="0.0033496">
        </testcase>
        <testcase classname="src/hooks/useApiWithRecovery.test.tsx" name="useApiWithRecovery &gt; useApiMutation &gt; should pass variables to mutation function" time="0.0754533">
        </testcase>
        <testcase classname="src/hooks/useApiWithRecovery.test.tsx" name="useApiWithRecovery &gt; useApiMutation &gt; should respect maxRetries for mutations" time="0.0021534">
        </testcase>
        <testcase classname="src/hooks/useApiWithRecovery.test.tsx" name="useApiWithRecovery &gt; useApiMutation &gt; should use immediate strategy by default" time="0.0756823">
        </testcase>
        <testcase classname="src/hooks/useApiWithRecovery.test.tsx" name="useApiWithRecovery &gt; useApiMutation &gt; should call onSuccess callback" time="0.0760277">
        </testcase>
        <testcase classname="src/hooks/useApiWithRecovery.test.tsx" name="useApiWithRecovery &gt; useApiMutation &gt; should call onError callback on failure" time="0.0784294">
        </testcase>
        <testcase classname="src/hooks/useApiWithRecovery.test.tsx" name="useApiWithRecovery &gt; useApiMutation &gt; should disable error recovery when errorRecovery.enabled is false" time="0.0770468">
        </testcase>
        <testcase classname="src/hooks/useApiWithRecovery.test.tsx" name="useApiWithRecovery &gt; useApiMutation &gt; should handle sequential mutations" time="0.2333067">
        </testcase>
        <testcase classname="src/hooks/useApiWithRecovery.test.tsx" name="useApiWithRecovery &gt; useApiMutation &gt; should reset mutation state" time="0.1565639">
        </testcase>
        <testcase classname="src/hooks/useApiWithRecovery.test.tsx" name="useApiWithRecovery &gt; error recovery integration &gt; should integrate with useErrorRecovery for queries" time="0.002203">
        </testcase>
        <testcase classname="src/hooks/useApiWithRecovery.test.tsx" name="useApiWithRecovery &gt; error recovery integration &gt; should integrate with useErrorRecovery for mutations" time="0.0765144">
        </testcase>
        <testcase classname="src/hooks/useApiWithRecovery.test.tsx" name="useApiWithRecovery &gt; edge cases &gt; should handle null response" time="0.0780601">
        </testcase>
        <testcase classname="src/hooks/useApiWithRecovery.test.tsx" name="useApiWithRecovery &gt; edge cases &gt; should handle undefined response" time="0.0765355">
        </testcase>
        <testcase classname="src/hooks/useApiWithRecovery.test.tsx" name="useApiWithRecovery &gt; edge cases &gt; should handle large data objects" time="0.0763331">
        </testcase>
    </testsuite>
    <testsuite name="src/hooks/useAutosave.test.ts" timestamp="2026-06-19T13:07:41.566Z" hostname="REC" tests="28" failures="0" errors="0" skipped="0" time="0.0585822">
        <testcase classname="src/hooks/useAutosave.test.ts" name="useAutosave hook &gt; basic functionality &gt; should initialize with default state" time="0.0115576">
        </testcase>
        <testcase classname="src/hooks/useAutosave.test.ts" name="useAutosave hook &gt; basic functionality &gt; should skip initial save by default" time="0.0016868">
        </testcase>
        <testcase classname="src/hooks/useAutosave.test.ts" name="useAutosave hook &gt; basic functionality &gt; should perform initial save when skipInitial is false" time="0.0033807">
        </testcase>
        <testcase classname="src/hooks/useAutosave.test.ts" name="useAutosave hook &gt; debounce behavior &gt; should debounce saves with default delay" time="0.0026643">
        </testcase>
        <testcase classname="src/hooks/useAutosave.test.ts" name="useAutosave hook &gt; debounce behavior &gt; should respect custom delay" time="0.0017301">
        </testcase>
        <testcase classname="src/hooks/useAutosave.test.ts" name="useAutosave hook &gt; debounce behavior &gt; should clear pending state after save" time="0.0018381">
        </testcase>
        <testcase classname="src/hooks/useAutosave.test.ts" name="useAutosave hook &gt; save execution &gt; should call save function when debounce completes" time="0.0014905">
        </testcase>
        <testcase classname="src/hooks/useAutosave.test.ts" name="useAutosave hook &gt; save execution &gt; should update lastSaved timestamp on successful save" time="0.0014451">
        </testcase>
        <testcase classname="src/hooks/useAutosave.test.ts" name="useAutosave hook &gt; save execution &gt; should set isSaving during save" time="0.0019672">
        </testcase>
        <testcase classname="src/hooks/useAutosave.test.ts" name="useAutosave hook &gt; save execution &gt; should prevent concurrent saves" time="0.002122">
        </testcase>
        <testcase classname="src/hooks/useAutosave.test.ts" name="useAutosave hook &gt; saveNow &gt; should save immediately without debounce" time="0.0017888">
        </testcase>
        <testcase classname="src/hooks/useAutosave.test.ts" name="useAutosave hook &gt; saveNow &gt; should clear pending debounce when saveNow is called" time="0.0021754">
        </testcase>
        <testcase classname="src/hooks/useAutosave.test.ts" name="useAutosave hook &gt; saveNow &gt; should handle errors in saveNow" time="0.0025466">
        </testcase>
        <testcase classname="src/hooks/useAutosave.test.ts" name="useAutosave hook &gt; enabled/disabled &gt; should not save when disabled" time="0.0009906">
        </testcase>
        <testcase classname="src/hooks/useAutosave.test.ts" name="useAutosave hook &gt; enabled/disabled &gt; should stop saving when disabled after being enabled" time="0.0017657">
        </testcase>
        <testcase classname="src/hooks/useAutosave.test.ts" name="useAutosave hook &gt; enabled/disabled &gt; should clear pending state when disabled" time="0.0010593">
        </testcase>
        <testcase classname="src/hooks/useAutosave.test.ts" name="useAutosave hook &gt; callbacks &gt; should call onSuccess after successful save" time="0.0009503">
        </testcase>
        <testcase classname="src/hooks/useAutosave.test.ts" name="useAutosave hook &gt; callbacks &gt; should call onError on save failure" time="0.0011348">
        </testcase>
        <testcase classname="src/hooks/useAutosave.test.ts" name="useAutosave hook &gt; callbacks &gt; should not call onSuccess if error occurs" time="0.0015738">
        </testcase>
        <testcase classname="src/hooks/useAutosave.test.ts" name="useAutosave hook &gt; dependency tracking &gt; should trigger save on dependency change" time="0.0014548">
        </testcase>
        <testcase classname="src/hooks/useAutosave.test.ts" name="useAutosave hook &gt; dependency tracking &gt; should not trigger save on unchanged dependencies" time="0.0010524">
        </testcase>
        <testcase classname="src/hooks/useAutosave.test.ts" name="useAutosave hook &gt; dependency tracking &gt; should handle array dependency changes" time="0.0025801">
        </testcase>
        <testcase classname="src/hooks/useAutosave.test.ts" name="useAutosave hook &gt; dependency tracking &gt; should handle object dependency changes" time="0.0012031">
        </testcase>
        <testcase classname="src/hooks/useAutosave.test.ts" name="useAutosave hook &gt; cleanup &gt; should clear timeout on unmount" time="0.0010356">
        </testcase>
        <testcase classname="src/hooks/useAutosave.test.ts" name="useAutosave hook &gt; cleanup &gt; should not execute save after unmount" time="0.0007747">
        </testcase>
        <testcase classname="src/hooks/useAutosave.test.ts" name="useAutosave hook &gt; edge cases &gt; should handle rapid dependency changes" time="0.0016434">
        </testcase>
        <testcase classname="src/hooks/useAutosave.test.ts" name="useAutosave hook &gt; edge cases &gt; should handle empty dependencies" time="0.0010987">
        </testcase>
        <testcase classname="src/hooks/useAutosave.test.ts" name="useAutosave hook &gt; edge cases &gt; should handle null/undefined values in dependencies" time="0.0013777">
        </testcase>
    </testsuite>
    <testsuite name="src/hooks/useCourseModals.test.ts" timestamp="2026-06-19T13:07:41.570Z" hostname="REC" tests="29" failures="0" errors="0" skipped="0" time="0.0430541">
        <testcase classname="src/hooks/useCourseModals.test.ts" name="useCourseModals &gt; Initial State &gt; should initialize with all modals closed" time="0.0101006">
        </testcase>
        <testcase classname="src/hooks/useCourseModals.test.ts" name="useCourseModals &gt; Initial State &gt; should return all required properties" time="0.0014768">
        </testcase>
        <testcase classname="src/hooks/useCourseModals.test.ts" name="useCourseModals &gt; Add Modal &gt; should provide useModal interface for addModal" time="0.0015377">
        </testcase>
        <testcase classname="src/hooks/useCourseModals.test.ts" name="useCourseModals &gt; Add Modal &gt; should open add modal" time="0.0021994">
        </testcase>
        <testcase classname="src/hooks/useCourseModals.test.ts" name="useCourseModals &gt; Add Modal &gt; should close add modal" time="0.0020473">
        </testcase>
        <testcase classname="src/hooks/useCourseModals.test.ts" name="useCourseModals &gt; Add Modal &gt; should toggle add modal" time="0.0017424">
        </testcase>
        <testcase classname="src/hooks/useCourseModals.test.ts" name="useCourseModals &gt; Add Modal &gt; should handle multiple open calls" time="0.0011945">
        </testcase>
        <testcase classname="src/hooks/useCourseModals.test.ts" name="useCourseModals &gt; Add Modal &gt; should handle multiple close calls" time="0.0009306">
        </testcase>
        <testcase classname="src/hooks/useCourseModals.test.ts" name="useCourseModals &gt; Edit Modal &gt; should provide useModal interface for editModal" time="0.001728">
        </testcase>
        <testcase classname="src/hooks/useCourseModals.test.ts" name="useCourseModals &gt; Edit Modal &gt; should open edit modal" time="0.0015832">
        </testcase>
        <testcase classname="src/hooks/useCourseModals.test.ts" name="useCourseModals &gt; Edit Modal &gt; should close edit modal" time="0.0017946">
        </testcase>
        <testcase classname="src/hooks/useCourseModals.test.ts" name="useCourseModals &gt; Edit Modal &gt; should toggle edit modal" time="0.0013748">
        </testcase>
        <testcase classname="src/hooks/useCourseModals.test.ts" name="useCourseModals &gt; Edit Modal &gt; should handle multiple open calls" time="0.0012081">
        </testcase>
        <testcase classname="src/hooks/useCourseModals.test.ts" name="useCourseModals &gt; Edit Modal &gt; should handle multiple close calls" time="0.0010685">
        </testcase>
        <testcase classname="src/hooks/useCourseModals.test.ts" name="useCourseModals &gt; Modal Independence &gt; should allow add and edit modals to be open simultaneously" time="0.0008061">
        </testcase>
        <testcase classname="src/hooks/useCourseModals.test.ts" name="useCourseModals &gt; Modal Independence &gt; should not affect edit modal when closing add modal" time="0.0007544">
        </testcase>
        <testcase classname="src/hooks/useCourseModals.test.ts" name="useCourseModals &gt; Modal Independence &gt; should not affect add modal when closing edit modal" time="0.0005553">
        </testcase>
        <testcase classname="src/hooks/useCourseModals.test.ts" name="useCourseModals &gt; Modal Independence &gt; should not affect add modal when toggling edit modal" time="0.0007347">
        </testcase>
        <testcase classname="src/hooks/useCourseModals.test.ts" name="useCourseModals &gt; Modal Independence &gt; should not affect edit modal when toggling add modal" time="0.0008445">
        </testcase>
        <testcase classname="src/hooks/useCourseModals.test.ts" name="useCourseModals &gt; Complex Workflows &gt; should handle typical add course workflow" time="0.0006141">
        </testcase>
        <testcase classname="src/hooks/useCourseModals.test.ts" name="useCourseModals &gt; Complex Workflows &gt; should handle typical edit course workflow" time="0.0005792">
        </testcase>
        <testcase classname="src/hooks/useCourseModals.test.ts" name="useCourseModals &gt; Complex Workflows &gt; should handle open -&gt; close -&gt; reopen for same modal" time="0.0007689">
        </testcase>
        <testcase classname="src/hooks/useCourseModals.test.ts" name="useCourseModals &gt; Complex Workflows &gt; should handle alternating between add and edit modals" time="0.0006301">
        </testcase>
        <testcase classname="src/hooks/useCourseModals.test.ts" name="useCourseModals &gt; Complex Workflows &gt; should handle rapid toggle operations" time="0.0006223">
        </testcase>
        <testcase classname="src/hooks/useCourseModals.test.ts" name="useCourseModals &gt; Complex Workflows &gt; should handle mixed operations on both modals" time="0.0006257">
        </testcase>
        <testcase classname="src/hooks/useCourseModals.test.ts" name="useCourseModals &gt; Function Stability &gt; should maintain stable function references across re-renders" time="0.000899">
        </testcase>
        <testcase classname="src/hooks/useCourseModals.test.ts" name="useCourseModals &gt; Function Stability &gt; should maintain stable function references after state changes" time="0.0004837">
        </testcase>
        <testcase classname="src/hooks/useCourseModals.test.ts" name="useCourseModals &gt; Multiple Hook Instances &gt; should allow independent hook instances" time="0.0007851">
        </testcase>
        <testcase classname="src/hooks/useCourseModals.test.ts" name="useCourseModals &gt; Multiple Hook Instances &gt; should not share state between instances" time="0.0008727">
        </testcase>
    </testsuite>
    <testsuite name="src/hooks/useCoursesQuery.test.ts" timestamp="2026-06-19T13:07:41.575Z" hostname="REC" tests="15" failures="0" errors="0" skipped="0" time="0.8220102">
        <testcase classname="src/hooks/useCoursesQuery.test.ts" name="useCoursesQuery hooks &gt; useCourses - basic fetching &gt; fetches courses from paginated response and updates store" time="0.0922834">
        </testcase>
        <testcase classname="src/hooks/useCoursesQuery.test.ts" name="useCoursesQuery hooks &gt; useCourses - basic fetching &gt; handles API returning an array directly" time="0.0759189">
        </testcase>
        <testcase classname="src/hooks/useCoursesQuery.test.ts" name="useCoursesQuery hooks &gt; useCourses - basic fetching &gt; handles unexpected response shape (no items) gracefully" time="0.078284">
        </testcase>
        <testcase classname="src/hooks/useCoursesQuery.test.ts" name="useCoursesQuery hooks &gt; useCourses - basic fetching &gt; sets error state on failure" time="0.0772515">
        </testcase>
        <testcase classname="src/hooks/useCoursesQuery.test.ts" name="useCoursesQuery hooks &gt; useCourses - basic fetching &gt; applies search filter (case-insensitive across name and code)" time="0.07874">
        </testcase>
        <testcase classname="src/hooks/useCoursesQuery.test.ts" name="useCoursesQuery hooks &gt; useCourses - basic fetching &gt; applies active filter" time="0.0761951">
        </testcase>
        <testcase classname="src/hooks/useCoursesQuery.test.ts" name="useCoursesQuery hooks &gt; useCourses - basic fetching &gt; applies semester filter" time="0.0785987">
        </testcase>
        <testcase classname="src/hooks/useCoursesQuery.test.ts" name="useCoursesQuery hooks &gt; useCourses - basic fetching &gt; combines filters (search + active + semester)" time="0.078809">
        </testcase>
        <testcase classname="src/hooks/useCoursesQuery.test.ts" name="useCoursesQuery hooks &gt; useCourses - basic fetching &gt; sets loading state during fetch" time="0.0943381">
        </testcase>
        <testcase classname="src/hooks/useCoursesQuery.test.ts" name="useCoursesQuery hooks &gt; useCourse - single fetch &gt; fetches a single course and selects it in store" time="0.077655">
        </testcase>
        <testcase classname="src/hooks/useCoursesQuery.test.ts" name="useCoursesQuery hooks &gt; useCourse - single fetch &gt; does nothing when id is null (disabled query)" time="0.0018282">
        </testcase>
        <testcase classname="src/hooks/useCoursesQuery.test.ts" name="useCoursesQuery hooks &gt; Mutations &gt; creates a course and updates store + invalidates list" time="0.0048871">
        </testcase>
        <testcase classname="src/hooks/useCoursesQuery.test.ts" name="useCoursesQuery hooks &gt; Mutations &gt; updates a course and invalidates list + detail" time="0.0015897">
        </testcase>
        <testcase classname="src/hooks/useCoursesQuery.test.ts" name="useCoursesQuery hooks &gt; Mutations &gt; deletes a course and invalidates list" time="0.0017214">
        </testcase>
        <testcase classname="src/hooks/useCoursesQuery.test.ts" name="useCoursesQuery hooks &gt; Mutations &gt; sets error in store on mutation failure" time="0.0015456">
        </testcase>
    </testsuite>
    <testsuite name="src/hooks/useErrorRecovery.test.ts" timestamp="2026-06-19T13:07:41.578Z" hostname="REC" tests="18" failures="0" errors="0" skipped="0" time="0.0457507">
        <testcase classname="src/hooks/useErrorRecovery.test.ts" name="useErrorRecovery hook &gt; error handling &gt; should handle errors correctly" time="0.011212">
        </testcase>
        <testcase classname="src/hooks/useErrorRecovery.test.ts" name="useErrorRecovery hook &gt; error handling &gt; should initialize with no error" time="0.0012565">
        </testcase>
        <testcase classname="src/hooks/useErrorRecovery.test.ts" name="useErrorRecovery hook &gt; retry strategies &gt; should not retry with &quot;none&quot; strategy" time="0.001795">
        </testcase>
        <testcase classname="src/hooks/useErrorRecovery.test.ts" name="useErrorRecovery hook &gt; retry strategies &gt; should increment retry count with backoff strategy" time="0.0047627">
        </testcase>
        <testcase classname="src/hooks/useErrorRecovery.test.ts" name="useErrorRecovery hook &gt; retry strategies &gt; should respect maxRetries limit" time="0.0025069">
        </testcase>
        <testcase classname="src/hooks/useErrorRecovery.test.ts" name="useErrorRecovery hook &gt; exponential backoff calculation &gt; should calculate correct exponential backoff delays" time="0.0021816">
        </testcase>
        <testcase classname="src/hooks/useErrorRecovery.test.ts" name="useErrorRecovery hook &gt; manual retry &gt; should reset on manual retry" time="0.001405">
        </testcase>
        <testcase classname="src/hooks/useErrorRecovery.test.ts" name="useErrorRecovery hook &gt; reset &gt; should clear all state on reset" time="0.0011">
        </testcase>
        <testcase classname="src/hooks/useErrorRecovery.test.ts" name="useErrorRecovery hook &gt; reset &gt; should clear pending timeouts on reset" time="0.0019409">
        </testcase>
        <testcase classname="src/hooks/useErrorRecovery.test.ts" name="useErrorRecovery hook &gt; onError callback &gt; should call onError callback when error occurs" time="0.0032799">
        </testcase>
        <testcase classname="src/hooks/useErrorRecovery.test.ts" name="useErrorRecovery hook &gt; onError callback &gt; should provide retry function in onError callback" time="0.001671">
        </testcase>
        <testcase classname="src/hooks/useErrorRecovery.test.ts" name="useErrorRecovery hook &gt; shouldRetry &gt; should return true when conditions allow retry" time="0.001827">
        </testcase>
        <testcase classname="src/hooks/useErrorRecovery.test.ts" name="useErrorRecovery hook &gt; shouldRetry &gt; should return false when max retries exceeded" time="0.0017587">
        </testcase>
        <testcase classname="src/hooks/useErrorRecovery.test.ts" name="useErrorRecovery hook &gt; shouldRetry &gt; should return false with &quot;none&quot; strategy" time="0.0009816">
        </testcase>
        <testcase classname="src/hooks/useErrorRecovery.test.ts" name="useErrorRecovery hook &gt; cleanup &gt; should clear timeout on unmount" time="0.0019682">
        </testcase>
        <testcase classname="src/hooks/useErrorRecovery.test.ts" name="useErrorRecovery hook &gt; edge cases &gt; should handle rapid error handling" time="0.0007144">
        </testcase>
        <testcase classname="src/hooks/useErrorRecovery.test.ts" name="useErrorRecovery hook &gt; edge cases &gt; should handle non-Error objects" time="0.0009989">
        </testcase>
        <testcase classname="src/hooks/useErrorRecovery.test.ts" name="useErrorRecovery hook &gt; edge cases &gt; should cap exponential backoff to avoid extremely long delays" time="0.0017842">
        </testcase>
    </testsuite>
    <testsuite name="src/hooks/useFormValidation.test.ts" timestamp="2026-06-19T13:07:41.582Z" hostname="REC" tests="17" failures="0" errors="0" skipped="0" time="0.0401093">
        <testcase classname="src/hooks/useFormValidation.test.ts" name="useFormValidation hook &gt; validate &gt; should return true for valid data" time="0.0113924">
        </testcase>
        <testcase classname="src/hooks/useFormValidation.test.ts" name="useFormValidation hook &gt; validate &gt; should return false for invalid data" time="0.0017935">
        </testcase>
        <testcase classname="src/hooks/useFormValidation.test.ts" name="useFormValidation hook &gt; validate &gt; should populate errors with field-specific messages" time="0.0015428">
        </testcase>
        <testcase classname="src/hooks/useFormValidation.test.ts" name="useFormValidation hook &gt; validate &gt; should clear previous errors on successful validation" time="0.0017981">
        </testcase>
        <testcase classname="src/hooks/useFormValidation.test.ts" name="useFormValidation hook &gt; clearErrors &gt; should clear all errors" time="0.0016309">
        </testcase>
        <testcase classname="src/hooks/useFormValidation.test.ts" name="useFormValidation hook &gt; getFieldError &gt; should return error for specific field" time="0.0011645">
        </testcase>
        <testcase classname="src/hooks/useFormValidation.test.ts" name="useFormValidation hook &gt; getFieldError &gt; should return undefined for field without error" time="0.0010969">
        </testcase>
        <testcase classname="src/hooks/useFormValidation.test.ts" name="useFormValidation hook &gt; hasErrors &gt; should return true when errors exist" time="0.0010504">
        </testcase>
        <testcase classname="src/hooks/useFormValidation.test.ts" name="useFormValidation hook &gt; hasErrors &gt; should return false when no errors exist" time="0.0015433">
        </testcase>
        <testcase classname="src/hooks/useFormValidation.test.ts" name="useFormValidation hook &gt; onValidationError callback &gt; should call onValidationError when validation fails" time="0.0040245">
        </testcase>
        <testcase classname="src/hooks/useFormValidation.test.ts" name="useFormValidation hook &gt; onValidationError callback &gt; should not call onValidationError when validation succeeds" time="0.0015644">
        </testcase>
        <testcase classname="src/hooks/useFormValidation.test.ts" name="useFormValidation hook &gt; complex validation scenarios &gt; should handle partial object validation" time="0.0021057">
        </testcase>
        <testcase classname="src/hooks/useFormValidation.test.ts" name="useFormValidation hook &gt; complex validation scenarios &gt; should handle custom validation errors" time="0.0016754">
        </testcase>
        <testcase classname="src/hooks/useFormValidation.test.ts" name="useFormValidation hook &gt; complex validation scenarios &gt; should handle nested object validation" time="0.0027873">
        </testcase>
        <testcase classname="src/hooks/useFormValidation.test.ts" name="useFormValidation hook &gt; edge cases &gt; should handle undefined values" time="0.0010381">
        </testcase>
        <testcase classname="src/hooks/useFormValidation.test.ts" name="useFormValidation hook &gt; edge cases &gt; should handle null values" time="0.0007519">
        </testcase>
        <testcase classname="src/hooks/useFormValidation.test.ts" name="useFormValidation hook &gt; edge cases &gt; should handle rapid successive validations" time="0.0007951">
        </testcase>
    </testsuite>
    <testsuite name="src/hooks/useModal.test.ts" timestamp="2026-06-19T13:07:41.585Z" hostname="REC" tests="21" failures="0" errors="0" skipped="0" time="0.0387511">
        <testcase classname="src/hooks/useModal.test.ts" name="useModal &gt; Initial State &gt; should initialize with isOpen false by default" time="0.0100098">
        </testcase>
        <testcase classname="src/hooks/useModal.test.ts" name="useModal &gt; Initial State &gt; should initialize with isOpen true when initialState is true" time="0.0010414">
        </testcase>
        <testcase classname="src/hooks/useModal.test.ts" name="useModal &gt; Initial State &gt; should initialize with isOpen false when initialState is explicitly false" time="0.0012439">
        </testcase>
        <testcase classname="src/hooks/useModal.test.ts" name="useModal &gt; Return Interface &gt; should return all required properties" time="0.0012097">
        </testcase>
        <testcase classname="src/hooks/useModal.test.ts" name="useModal &gt; Return Interface &gt; should return functions for open, close, and toggle" time="0.0011997">
        </testcase>
        <testcase classname="src/hooks/useModal.test.ts" name="useModal &gt; open() &gt; should set isOpen to true when initially closed" time="0.001733">
        </testcase>
        <testcase classname="src/hooks/useModal.test.ts" name="useModal &gt; open() &gt; should keep isOpen true when already open" time="0.0012037">
        </testcase>
        <testcase classname="src/hooks/useModal.test.ts" name="useModal &gt; open() &gt; should be callable multiple times safely" time="0.0013639">
        </testcase>
        <testcase classname="src/hooks/useModal.test.ts" name="useModal &gt; close() &gt; should set isOpen to false when initially open" time="0.0015047">
        </testcase>
        <testcase classname="src/hooks/useModal.test.ts" name="useModal &gt; close() &gt; should keep isOpen false when already closed" time="0.0015916">
        </testcase>
        <testcase classname="src/hooks/useModal.test.ts" name="useModal &gt; close() &gt; should be callable multiple times safely" time="0.0014762">
        </testcase>
        <testcase classname="src/hooks/useModal.test.ts" name="useModal &gt; toggle() &gt; should toggle from false to true" time="0.0013935">
        </testcase>
        <testcase classname="src/hooks/useModal.test.ts" name="useModal &gt; toggle() &gt; should toggle from true to false" time="0.0011068">
        </testcase>
        <testcase classname="src/hooks/useModal.test.ts" name="useModal &gt; toggle() &gt; should toggle multiple times correctly" time="0.0015579">
        </testcase>
        <testcase classname="src/hooks/useModal.test.ts" name="useModal &gt; Function Stability &gt; should maintain stable function references across re-renders" time="0.0015869">
        </testcase>
        <testcase classname="src/hooks/useModal.test.ts" name="useModal &gt; Function Stability &gt; should maintain stable function references after state changes" time="0.0008179">
        </testcase>
        <testcase classname="src/hooks/useModal.test.ts" name="useModal &gt; Complex Workflows &gt; should handle open -&gt; close -&gt; open sequence" time="0.0009209">
        </testcase>
        <testcase classname="src/hooks/useModal.test.ts" name="useModal &gt; Complex Workflows &gt; should handle toggle -&gt; open -&gt; close sequence" time="0.0012728">
        </testcase>
        <testcase classname="src/hooks/useModal.test.ts" name="useModal &gt; Complex Workflows &gt; should handle mixed operations correctly" time="0.0008135">
        </testcase>
        <testcase classname="src/hooks/useModal.test.ts" name="useModal &gt; Multiple Instances &gt; should allow independent modal instances" time="0.0015125">
        </testcase>
        <testcase classname="src/hooks/useModal.test.ts" name="useModal &gt; Multiple Instances &gt; should allow different initial states for multiple instances" time="0.0010432">
        </testcase>
    </testsuite>
    <testsuite name="src/hooks/usePerformanceMonitor.test.ts" timestamp="2026-06-19T13:07:41.588Z" hostname="REC" tests="26" failures="0" errors="0" skipped="0" time="0.0566846">
        <testcase classname="src/hooks/usePerformanceMonitor.test.ts" name="usePerformanceMonitor hook &gt; usePerformanceMonitor &gt; should return metrics object with correct properties" time="0.0161634">
        </testcase>
        <testcase classname="src/hooks/usePerformanceMonitor.test.ts" name="usePerformanceMonitor hook &gt; usePerformanceMonitor &gt; should initialize with zero values" time="0.0020005">
        </testcase>
        <testcase classname="src/hooks/usePerformanceMonitor.test.ts" name="usePerformanceMonitor hook &gt; usePerformanceMonitor &gt; should increment render count on re-render" time="0.0022315">
        </testcase>
        <testcase classname="src/hooks/usePerformanceMonitor.test.ts" name="usePerformanceMonitor hook &gt; usePerformanceMonitor &gt; should track total time across renders" time="0.002012">
        </testcase>
        <testcase classname="src/hooks/usePerformanceMonitor.test.ts" name="usePerformanceMonitor hook &gt; usePerformanceMonitor &gt; should not log when render time is below threshold" time="0.0017415">
        </testcase>
        <testcase classname="src/hooks/usePerformanceMonitor.test.ts" name="usePerformanceMonitor hook &gt; usePerformanceMonitor &gt; should log warning when render time exceeds threshold" time="0.0019803">
        </testcase>
        <testcase classname="src/hooks/usePerformanceMonitor.test.ts" name="usePerformanceMonitor hook &gt; usePerformanceMonitor &gt; should include component name in warning message" time="0.0029713">
        </testcase>
        <testcase classname="src/hooks/usePerformanceMonitor.test.ts" name="usePerformanceMonitor hook &gt; usePerformanceMonitor &gt; should include render count in warning object" time="0.0017023">
        </testcase>
        <testcase classname="src/hooks/usePerformanceMonitor.test.ts" name="usePerformanceMonitor hook &gt; usePerformanceMonitor &gt; should track duration in warning object" time="0.0017247">
        </testcase>
        <testcase classname="src/hooks/usePerformanceMonitor.test.ts" name="usePerformanceMonitor hook &gt; usePerformanceMonitor &gt; should send analytics event when available" time="0.0023887">
        </testcase>
        <testcase classname="src/hooks/usePerformanceMonitor.test.ts" name="usePerformanceMonitor hook &gt; usePerformanceMonitor &gt; should not crash when analytics is not available" time="0.0021955">
        </testcase>
        <testcase classname="src/hooks/usePerformanceMonitor.test.ts" name="usePerformanceMonitor hook &gt; usePerformanceMonitor &gt; should use default threshold of 100ms" time="0.001582">
        </testcase>
        <testcase classname="src/hooks/usePerformanceMonitor.test.ts" name="usePerformanceMonitor hook &gt; usePerformanceMonitor &gt; should handle multiple renders with different durations" time="0.0016685">
        </testcase>
        <testcase classname="src/hooks/usePerformanceMonitor.test.ts" name="usePerformanceMonitor hook &gt; usePerformanceMonitor &gt; should calculate render time correctly" time="0.0008805">
        </testcase>
        <testcase classname="src/hooks/usePerformanceMonitor.test.ts" name="usePerformanceMonitor hook &gt; usePerformanceMonitor &gt; should accumulate total time across multiple renders" time="0.0011">
        </testcase>
        <testcase classname="src/hooks/usePerformanceMonitor.test.ts" name="usePerformanceMonitor hook &gt; useApiPerformance &gt; should set up performance observer if available" time="0.0009412">
        </testcase>
        <testcase classname="src/hooks/usePerformanceMonitor.test.ts" name="usePerformanceMonitor hook &gt; useApiPerformance &gt; should not crash when PerformanceObserver is not available" time="0.0007876">
        </testcase>
        <testcase classname="src/hooks/usePerformanceMonitor.test.ts" name="usePerformanceMonitor hook &gt; useApiPerformance &gt; should observe measure and resource entry types" time="0.0012946">
        </testcase>
        <testcase classname="src/hooks/usePerformanceMonitor.test.ts" name="usePerformanceMonitor hook &gt; useApiPerformance &gt; should disconnect observer on cleanup" time="0.0010646">
        </testcase>
        <testcase classname="src/hooks/usePerformanceMonitor.test.ts" name="usePerformanceMonitor hook &gt; useApiPerformance &gt; should use default threshold of 1000ms" time="0.0012021">
        </testcase>
        <testcase classname="src/hooks/usePerformanceMonitor.test.ts" name="usePerformanceMonitor hook &gt; useApiPerformance &gt; should log warning for slow API requests" time="0.0010724">
        </testcase>
        <testcase classname="src/hooks/usePerformanceMonitor.test.ts" name="usePerformanceMonitor hook &gt; useApiPerformance &gt; should not log warning for fast API requests" time="0.0009567">
        </testcase>
        <testcase classname="src/hooks/usePerformanceMonitor.test.ts" name="usePerformanceMonitor hook &gt; useApiPerformance &gt; should filter entries by endpoint name" time="0.0010557">
        </testcase>
        <testcase classname="src/hooks/usePerformanceMonitor.test.ts" name="usePerformanceMonitor hook &gt; useApiPerformance &gt; should send analytics event for slow API requests" time="0.0009892">
        </testcase>
        <testcase classname="src/hooks/usePerformanceMonitor.test.ts" name="usePerformanceMonitor hook &gt; useApiPerformance &gt; should re-setup observer when endpoint changes" time="0.0010293">
        </testcase>
        <testcase classname="src/hooks/usePerformanceMonitor.test.ts" name="usePerformanceMonitor hook &gt; useApiPerformance &gt; should handle multiple entries in single observation" time="0.0009653">
        </testcase>
    </testsuite>
    <testsuite name="src/hooks/useStudentModals.test.ts" timestamp="2026-06-19T13:07:41.592Z" hostname="REC" tests="27" failures="0" errors="0" skipped="0" time="0.0404818">
        <testcase classname="src/hooks/useStudentModals.test.ts" name="useStudentModals &gt; Initial State &gt; should initialize with all modals closed" time="0.010172">
        </testcase>
        <testcase classname="src/hooks/useStudentModals.test.ts" name="useStudentModals &gt; Initial State &gt; should initialize with no viewing student" time="0.0010807">
        </testcase>
        <testcase classname="src/hooks/useStudentModals.test.ts" name="useStudentModals &gt; Initial State &gt; should return all required properties" time="0.0014532">
        </testcase>
        <testcase classname="src/hooks/useStudentModals.test.ts" name="useStudentModals &gt; Add Modal &gt; should provide useModal interface for addModal" time="0.00103">
        </testcase>
        <testcase classname="src/hooks/useStudentModals.test.ts" name="useStudentModals &gt; Add Modal &gt; should open add modal" time="0.0016046">
        </testcase>
        <testcase classname="src/hooks/useStudentModals.test.ts" name="useStudentModals &gt; Add Modal &gt; should close add modal" time="0.0013795">
        </testcase>
        <testcase classname="src/hooks/useStudentModals.test.ts" name="useStudentModals &gt; Add Modal &gt; should toggle add modal" time="0.0011871">
        </testcase>
        <testcase classname="src/hooks/useStudentModals.test.ts" name="useStudentModals &gt; Edit Modal &gt; should provide useModal interface for editModal" time="0.0012467">
        </testcase>
        <testcase classname="src/hooks/useStudentModals.test.ts" name="useStudentModals &gt; Edit Modal &gt; should open edit modal" time="0.0014321">
        </testcase>
        <testcase classname="src/hooks/useStudentModals.test.ts" name="useStudentModals &gt; Edit Modal &gt; should close edit modal" time="0.0017874">
        </testcase>
        <testcase classname="src/hooks/useStudentModals.test.ts" name="useStudentModals &gt; Edit Modal &gt; should toggle edit modal" time="0.0015283">
        </testcase>
        <testcase classname="src/hooks/useStudentModals.test.ts" name="useStudentModals &gt; Profile Viewing &gt; should set viewingStudentId when viewProfile is called" time="0.0012985">
        </testcase>
        <testcase classname="src/hooks/useStudentModals.test.ts" name="useStudentModals &gt; Profile Viewing &gt; should clear viewingStudentId when closeProfile is called" time="0.0014247">
        </testcase>
        <testcase classname="src/hooks/useStudentModals.test.ts" name="useStudentModals &gt; Profile Viewing &gt; should update isViewingProfile when viewing student" time="0.0014575">
        </testcase>
        <testcase classname="src/hooks/useStudentModals.test.ts" name="useStudentModals &gt; Profile Viewing &gt; should handle multiple viewProfile calls" time="0.0010089">
        </testcase>
        <testcase classname="src/hooks/useStudentModals.test.ts" name="useStudentModals &gt; Profile Viewing &gt; should handle closeProfile when no profile is open" time="0.0006437">
        </testcase>
        <testcase classname="src/hooks/useStudentModals.test.ts" name="useStudentModals &gt; Profile Viewing &gt; should accept different student ID types" time="0.0006092">
        </testcase>
        <testcase classname="src/hooks/useStudentModals.test.ts" name="useStudentModals &gt; Modal Independence &gt; should allow add and edit modals to be open simultaneously" time="0.0007567">
        </testcase>
        <testcase classname="src/hooks/useStudentModals.test.ts" name="useStudentModals &gt; Modal Independence &gt; should not affect other modals when closing one" time="0.0008658">
        </testcase>
        <testcase classname="src/hooks/useStudentModals.test.ts" name="useStudentModals &gt; Modal Independence &gt; should not affect modals when viewing profile" time="0.0005861">
        </testcase>
        <testcase classname="src/hooks/useStudentModals.test.ts" name="useStudentModals &gt; Modal Independence &gt; should not affect profile viewing when toggling modals" time="0.0008005">
        </testcase>
        <testcase classname="src/hooks/useStudentModals.test.ts" name="useStudentModals &gt; Complex Workflows &gt; should handle typical add student workflow" time="0.0007087">
        </testcase>
        <testcase classname="src/hooks/useStudentModals.test.ts" name="useStudentModals &gt; Complex Workflows &gt; should handle typical edit student workflow" time="0.000659">
        </testcase>
        <testcase classname="src/hooks/useStudentModals.test.ts" name="useStudentModals &gt; Complex Workflows &gt; should handle typical view profile workflow" time="0.000565">
        </testcase>
        <testcase classname="src/hooks/useStudentModals.test.ts" name="useStudentModals &gt; Complex Workflows &gt; should handle view -&gt; edit workflow" time="0.0006964">
        </testcase>
        <testcase classname="src/hooks/useStudentModals.test.ts" name="useStudentModals &gt; Complex Workflows &gt; should handle switching between different student profiles" time="0.0010304">
        </testcase>
        <testcase classname="src/hooks/useStudentModals.test.ts" name="useStudentModals &gt; Function Stability &gt; should maintain stable modal function references" time="0.0008122">
        </testcase>
    </testsuite>
    <testsuite name="src/hooks/useStudentsQuery.test.ts" timestamp="2026-06-19T13:07:41.597Z" hostname="REC" tests="13" failures="0" errors="0" skipped="0" time="0.5812432">
        <testcase classname="src/hooks/useStudentsQuery.test.ts" name="useStudentsQuery hooks &gt; useStudents - basic fetching &gt; fetches students (array) and updates store" time="0.0944564">
        </testcase>
        <testcase classname="src/hooks/useStudentsQuery.test.ts" name="useStudentsQuery hooks &gt; useStudents - basic fetching &gt; applies search filter across first, last, email (case-insensitive)" time="0.0768633">
        </testcase>
        <testcase classname="src/hooks/useStudentsQuery.test.ts" name="useStudentsQuery hooks &gt; useStudents - basic fetching &gt; applies active filter" time="0.0792455">
        </testcase>
        <testcase classname="src/hooks/useStudentsQuery.test.ts" name="useStudentsQuery hooks &gt; useStudents - basic fetching &gt; combines search + active filters" time="0.0779155">
        </testcase>
        <testcase classname="src/hooks/useStudentsQuery.test.ts" name="useStudentsQuery hooks &gt; useStudents - basic fetching &gt; handles error during fetch and sets store error" time="0.0635444">
        </testcase>
        <testcase classname="src/hooks/useStudentsQuery.test.ts" name="useStudentsQuery hooks &gt; useStudents - basic fetching &gt; sets loading state during fetch lifecycle" time="0.09403">
        </testcase>
        <testcase classname="src/hooks/useStudentsQuery.test.ts" name="useStudentsQuery hooks &gt; useStudent - single fetch &gt; fetches single student and selects in store" time="0.0784892">
        </testcase>
        <testcase classname="src/hooks/useStudentsQuery.test.ts" name="useStudentsQuery hooks &gt; useStudent - single fetch &gt; disabled when id is null" time="0.0018262">
        </testcase>
        <testcase classname="src/hooks/useStudentsQuery.test.ts" name="useStudentsQuery hooks &gt; Mutations &gt; creates student and updates store + invalidates list" time="0.0039801">
        </testcase>
        <testcase classname="src/hooks/useStudentsQuery.test.ts" name="useStudentsQuery hooks &gt; Mutations &gt; updates student and invalidates list + detail" time="0.0028819">
        </testcase>
        <testcase classname="src/hooks/useStudentsQuery.test.ts" name="useStudentsQuery hooks &gt; Mutations &gt; queues student update when offline and updates store optimistically" time="0.0026296">
        </testcase>
        <testcase classname="src/hooks/useStudentsQuery.test.ts" name="useStudentsQuery hooks &gt; Mutations &gt; deletes student and invalidates list" time="0.0018454">
        </testcase>
        <testcase classname="src/hooks/useStudentsQuery.test.ts" name="useStudentsQuery hooks &gt; Mutations &gt; sets error on mutation failure" time="0.0014012">
        </testcase>
    </testsuite>
    <testsuite name="src/hooks/useStudentsQuery.test.tsx" timestamp="2026-06-19T13:07:41.600Z" hostname="REC" tests="12" failures="0" errors="0" skipped="0" time="0.5931007">
        <testcase classname="src/hooks/useStudentsQuery.test.tsx" name="useStudentsQuery hooks &gt; useStudents - basic fetching &gt; fetches students (array) and updates store" time="0.0988858">
        </testcase>
        <testcase classname="src/hooks/useStudentsQuery.test.tsx" name="useStudentsQuery hooks &gt; useStudents - basic fetching &gt; applies search filter across first, last, email (case-insensitive)" time="0.074928">
        </testcase>
        <testcase classname="src/hooks/useStudentsQuery.test.tsx" name="useStudentsQuery hooks &gt; useStudents - basic fetching &gt; applies active filter" time="0.0788906">
        </testcase>
        <testcase classname="src/hooks/useStudentsQuery.test.tsx" name="useStudentsQuery hooks &gt; useStudents - basic fetching &gt; combines search + active filters" time="0.0786919">
        </testcase>
        <testcase classname="src/hooks/useStudentsQuery.test.tsx" name="useStudentsQuery hooks &gt; useStudents - basic fetching &gt; handles error during fetch and sets store error" time="0.0781706">
        </testcase>
        <testcase classname="src/hooks/useStudentsQuery.test.tsx" name="useStudentsQuery hooks &gt; useStudents - basic fetching &gt; sets loading state during fetch lifecycle" time="0.0934981">
        </testcase>
        <testcase classname="src/hooks/useStudentsQuery.test.tsx" name="useStudentsQuery hooks &gt; useStudent - single fetch &gt; fetches single student and selects in store" time="0.0761038">
        </testcase>
        <testcase classname="src/hooks/useStudentsQuery.test.tsx" name="useStudentsQuery hooks &gt; useStudent - single fetch &gt; disabled when id is null" time="0.0017107">
        </testcase>
        <testcase classname="src/hooks/useStudentsQuery.test.tsx" name="useStudentsQuery hooks &gt; Mutations &gt; creates student and updates store + invalidates list" time="0.0035327">
        </testcase>
        <testcase classname="src/hooks/useStudentsQuery.test.tsx" name="useStudentsQuery hooks &gt; Mutations &gt; updates student and invalidates list + detail" time="0.0032175">
        </testcase>
        <testcase classname="src/hooks/useStudentsQuery.test.tsx" name="useStudentsQuery hooks &gt; Mutations &gt; deletes student and invalidates list" time="0.0017171">
        </testcase>
        <testcase classname="src/hooks/useStudentsQuery.test.tsx" name="useStudentsQuery hooks &gt; Mutations &gt; sets error on mutation failure" time="0.0015778">
        </testcase>
    </testsuite>
    <testsuite name="src/hooks/useVirtualScroll.test.ts" timestamp="2026-06-19T13:07:41.603Z" hostname="REC" tests="42" failures="0" errors="0" skipped="0" time="0.0548405">
        <testcase classname="src/hooks/useVirtualScroll.test.ts" name="useVirtualScroll hook &gt; initialization &gt; should return virtualizer and parentRef" time="0.0102948">
        </testcase>
        <testcase classname="src/hooks/useVirtualScroll.test.ts" name="useVirtualScroll hook &gt; initialization &gt; should initialize parentRef as null" time="0.001068">
        </testcase>
        <testcase classname="src/hooks/useVirtualScroll.test.ts" name="useVirtualScroll hook &gt; initialization &gt; should use default itemHeight of 50" time="0.0013052">
        </testcase>
        <testcase classname="src/hooks/useVirtualScroll.test.ts" name="useVirtualScroll hook &gt; initialization &gt; should use default overscan of 10" time="0.0009189">
        </testcase>
        <testcase classname="src/hooks/useVirtualScroll.test.ts" name="useVirtualScroll hook &gt; virtualizer options &gt; should accept custom itemHeight" time="0.001916">
        </testcase>
        <testcase classname="src/hooks/useVirtualScroll.test.ts" name="useVirtualScroll hook &gt; virtualizer options &gt; should accept custom overscan value" time="0.0014954">
        </testcase>
        <testcase classname="src/hooks/useVirtualScroll.test.ts" name="useVirtualScroll hook &gt; virtualizer options &gt; should handle small itemCount" time="0.0016447">
        </testcase>
        <testcase classname="src/hooks/useVirtualScroll.test.ts" name="useVirtualScroll hook &gt; virtualizer options &gt; should handle large itemCount" time="0.0011825">
        </testcase>
        <testcase classname="src/hooks/useVirtualScroll.test.ts" name="useVirtualScroll hook &gt; virtualizer options &gt; should handle zero itemCount" time="0.0019364">
        </testcase>
        <testcase classname="src/hooks/useVirtualScroll.test.ts" name="useVirtualScroll hook &gt; virtualizer options &gt; should handle fractional itemHeight" time="0.0014211">
        </testcase>
        <testcase classname="src/hooks/useVirtualScroll.test.ts" name="useVirtualScroll hook &gt; virtualizer methods &gt; should provide getVirtualItems method" time="0.0013323">
        </testcase>
        <testcase classname="src/hooks/useVirtualScroll.test.ts" name="useVirtualScroll hook &gt; virtualizer methods &gt; should provide getTotalSize method" time="0.0013642">
        </testcase>
        <testcase classname="src/hooks/useVirtualScroll.test.ts" name="useVirtualScroll hook &gt; virtualizer methods &gt; should provide scrollToIndex method" time="0.0014174">
        </testcase>
        <testcase classname="src/hooks/useVirtualScroll.test.ts" name="useVirtualScroll hook &gt; virtualizer methods &gt; should provide getOffsetForIndex method" time="0.0012724">
        </testcase>
        <testcase classname="src/hooks/useVirtualScroll.test.ts" name="useVirtualScroll hook &gt; dependency updates &gt; should update virtualizer when itemCount changes" time="0.0015642">
        </testcase>
        <testcase classname="src/hooks/useVirtualScroll.test.ts" name="useVirtualScroll hook &gt; dependency updates &gt; should update virtualizer when itemHeight changes" time="0.0007293">
        </testcase>
        <testcase classname="src/hooks/useVirtualScroll.test.ts" name="useVirtualScroll hook &gt; dependency updates &gt; should update virtualizer when overscan changes" time="0.0013441">
        </testcase>
        <testcase classname="src/hooks/useVirtualScroll.test.ts" name="useVirtualScroll hook &gt; parentRef &gt; should provide a ref that can be attached to a DOM element" time="0.0010044">
        </testcase>
        <testcase classname="src/hooks/useVirtualScroll.test.ts" name="useVirtualScroll hook &gt; parentRef &gt; should maintain ref identity across renders" time="0.00081">
        </testcase>
        <testcase classname="src/hooks/useVirtualScroll.test.ts" name="useVirtualScroll hook &gt; parentRef &gt; should allow ref to be attached to DOM element" time="0.0005608">
        </testcase>
        <testcase classname="src/hooks/useVirtualScroll.test.ts" name="useVirtualScroll hook &gt; configuration combinations &gt; should handle combination of small count and small itemHeight" time="0.0006106">
        </testcase>
        <testcase classname="src/hooks/useVirtualScroll.test.ts" name="useVirtualScroll hook &gt; configuration combinations &gt; should handle combination of large count and large itemHeight" time="0.0007061">
        </testcase>
        <testcase classname="src/hooks/useVirtualScroll.test.ts" name="useVirtualScroll hook &gt; configuration combinations &gt; should handle combination of large count and small itemHeight" time="0.000531">
        </testcase>
        <testcase classname="src/hooks/useVirtualScroll.test.ts" name="useVirtualScroll hook &gt; configuration combinations &gt; should handle combination of small count and large itemHeight" time="0.0006653">
        </testcase>
        <testcase classname="src/hooks/useVirtualScroll.test.ts" name="useVirtualScroll hook &gt; performance &gt; should memoize virtualizer to prevent unnecessary recreations" time="0.0009084">
        </testcase>
        <testcase classname="src/hooks/useVirtualScroll.test.ts" name="useVirtualScroll hook &gt; performance &gt; should handle rapid itemCount changes" time="0.0012419">
        </testcase>
        <testcase classname="src/hooks/useVirtualScroll.test.ts" name="useVirtualScroll hook &gt; performance &gt; should handle rapid config changes" time="0.0009905">
        </testcase>
        <testcase classname="src/hooks/useVirtualScroll.test.ts" name="useVirtualScroll hook &gt; virtualization behavior &gt; should support virtual item measurement" time="0.0007324">
        </testcase>
        <testcase classname="src/hooks/useVirtualScroll.test.ts" name="useVirtualScroll hook &gt; virtualization behavior &gt; should track total virtual size" time="0.0007335">
        </testcase>
        <testcase classname="src/hooks/useVirtualScroll.test.ts" name="useVirtualScroll hook &gt; virtualization behavior &gt; should support scroll to index" time="0.0014852">
        </testcase>
        <testcase classname="src/hooks/useVirtualScroll.test.ts" name="useVirtualScroll hook &gt; virtualization behavior &gt; should calculate offset for index" time="0.0006573">
        </testcase>
        <testcase classname="src/hooks/useVirtualScroll.test.ts" name="useVirtualScroll hook &gt; edge cases &gt; should handle negative overscan gracefully" time="0.0006372">
        </testcase>
        <testcase classname="src/hooks/useVirtualScroll.test.ts" name="useVirtualScroll hook &gt; edge cases &gt; should handle very large itemHeight" time="0.0009375">
        </testcase>
        <testcase classname="src/hooks/useVirtualScroll.test.ts" name="useVirtualScroll hook &gt; edge cases &gt; should handle very small itemHeight" time="0.0005871">
        </testcase>
        <testcase classname="src/hooks/useVirtualScroll.test.ts" name="useVirtualScroll hook &gt; edge cases &gt; should handle scrollToIndex at boundary" time="0.0006982">
        </testcase>
        <testcase classname="src/hooks/useVirtualScroll.test.ts" name="useVirtualScroll hook &gt; edge cases &gt; should handle scrollToIndex beyond range" time="0.0008658">
        </testcase>
        <testcase classname="src/hooks/useVirtualScroll.test.ts" name="useVirtualScroll hook &gt; cleanup &gt; should not throw on unmount" time="0.0006721">
        </testcase>
        <testcase classname="src/hooks/useVirtualScroll.test.ts" name="useVirtualScroll hook &gt; cleanup &gt; should handle unmount during scroll operations" time="0.0006868">
        </testcase>
        <testcase classname="src/hooks/useVirtualScroll.test.ts" name="useVirtualScroll hook &gt; integration scenarios &gt; should support typical student list scenario (1000 items)" time="0.0006258">
        </testcase>
        <testcase classname="src/hooks/useVirtualScroll.test.ts" name="useVirtualScroll hook &gt; integration scenarios &gt; should support large grade table scenario (10000 items)" time="0.0006354">
        </testcase>
        <testcase classname="src/hooks/useVirtualScroll.test.ts" name="useVirtualScroll hook &gt; integration scenarios &gt; should support course attendance scenario (500 items)" time="0.000892">
        </testcase>
        <testcase classname="src/hooks/useVirtualScroll.test.ts" name="useVirtualScroll hook &gt; integration scenarios &gt; should support search results scenario (variable items)" time="0.0007717">
        </testcase>
    </testsuite>
    <testsuite name="src/schemas/attendance.schema.test.ts" timestamp="2026-06-19T13:07:41.609Z" hostname="REC" tests="53" failures="0" errors="0" skipped="0" time="0.0211238">
        <testcase classname="src/schemas/attendance.schema.test.ts" name="attendanceSchema &gt; student_id validation &gt; accepts valid integer student_id" time="0.002913">
        </testcase>
        <testcase classname="src/schemas/attendance.schema.test.ts" name="attendanceSchema &gt; student_id validation &gt; accepts string student_id and converts to number" time="0.0003403">
        </testcase>
        <testcase classname="src/schemas/attendance.schema.test.ts" name="attendanceSchema &gt; student_id validation &gt; rejects zero student_id" time="0.0010069">
        </testcase>
        <testcase classname="src/schemas/attendance.schema.test.ts" name="attendanceSchema &gt; student_id validation &gt; rejects negative student_id" time="0.0003074">
        </testcase>
        <testcase classname="src/schemas/attendance.schema.test.ts" name="attendanceSchema &gt; student_id validation &gt; rejects non-integer student_id" time="0.0005078">
        </testcase>
        <testcase classname="src/schemas/attendance.schema.test.ts" name="attendanceSchema &gt; student_id validation &gt; rejects invalid string student_id" time="0.0002305">
        </testcase>
        <testcase classname="src/schemas/attendance.schema.test.ts" name="attendanceSchema &gt; course_id validation &gt; accepts valid integer course_id" time="0.0003217">
        </testcase>
        <testcase classname="src/schemas/attendance.schema.test.ts" name="attendanceSchema &gt; course_id validation &gt; accepts string course_id and converts to number" time="0.0002586">
        </testcase>
        <testcase classname="src/schemas/attendance.schema.test.ts" name="attendanceSchema &gt; course_id validation &gt; rejects zero course_id" time="0.0002742">
        </testcase>
        <testcase classname="src/schemas/attendance.schema.test.ts" name="attendanceSchema &gt; course_id validation &gt; rejects negative course_id" time="0.0002725">
        </testcase>
        <testcase classname="src/schemas/attendance.schema.test.ts" name="attendanceSchema &gt; course_id validation &gt; rejects non-integer course_id" time="0.0002843">
        </testcase>
        <testcase classname="src/schemas/attendance.schema.test.ts" name="attendanceSchema &gt; course_id validation &gt; rejects invalid string course_id" time="0.0001817">
        </testcase>
        <testcase classname="src/schemas/attendance.schema.test.ts" name="attendanceSchema &gt; date validation &gt; accepts valid date formats" time="0.0002703">
        </testcase>
        <testcase classname="src/schemas/attendance.schema.test.ts" name="attendanceSchema &gt; date validation &gt; rejects empty date" time="0.0004578">
        </testcase>
        <testcase classname="src/schemas/attendance.schema.test.ts" name="attendanceSchema &gt; date validation &gt; rejects invalid date formats" time="0.0005121">
        </testcase>
        <testcase classname="src/schemas/attendance.schema.test.ts" name="attendanceSchema &gt; status validation &gt; accepts present status" time="0.0001366">
        </testcase>
        <testcase classname="src/schemas/attendance.schema.test.ts" name="attendanceSchema &gt; status validation &gt; accepts absent status" time="0.0001568">
        </testcase>
        <testcase classname="src/schemas/attendance.schema.test.ts" name="attendanceSchema &gt; status validation &gt; accepts late status" time="0.0001466">
        </testcase>
        <testcase classname="src/schemas/attendance.schema.test.ts" name="attendanceSchema &gt; status validation &gt; accepts excused status" time="0.0001277">
        </testcase>
        <testcase classname="src/schemas/attendance.schema.test.ts" name="attendanceSchema &gt; status validation &gt; rejects invalid status values" time="0.0004734">
        </testcase>
        <testcase classname="src/schemas/attendance.schema.test.ts" name="attendanceSchema &gt; notes validation &gt; accepts valid notes" time="0.0003135">
        </testcase>
        <testcase classname="src/schemas/attendance.schema.test.ts" name="attendanceSchema &gt; notes validation &gt; accepts undefined notes" time="0.0001303">
        </testcase>
        <testcase classname="src/schemas/attendance.schema.test.ts" name="attendanceSchema &gt; notes validation &gt; converts empty string to undefined" time="0.0000879">
        </testcase>
        <testcase classname="src/schemas/attendance.schema.test.ts" name="attendanceSchema &gt; notes validation &gt; rejects notes exceeding 500 characters" time="0.0002377">
        </testcase>
        <testcase classname="src/schemas/attendance.schema.test.ts" name="attendanceSchema &gt; notes validation &gt; accepts exactly 500 character notes" time="0.0001149">
        </testcase>
        <testcase classname="src/schemas/attendance.schema.test.ts" name="attendanceSchema &gt; complete valid attendance data &gt; parses complete attendance with all fields" time="0.0001164">
        </testcase>
        <testcase classname="src/schemas/attendance.schema.test.ts" name="attendanceSchema &gt; complete valid attendance data &gt; parses attendance with only required fields" time="0.0001114">
        </testcase>
        <testcase classname="src/schemas/attendance.schema.test.ts" name="bulkAttendanceSchema &gt; course_id validation &gt; accepts valid course_id" time="0.0005435">
        </testcase>
        <testcase classname="src/schemas/attendance.schema.test.ts" name="bulkAttendanceSchema &gt; course_id validation &gt; rejects zero course_id" time="0.0003045">
        </testcase>
        <testcase classname="src/schemas/attendance.schema.test.ts" name="bulkAttendanceSchema &gt; course_id validation &gt; rejects negative course_id" time="0.0003277">
        </testcase>
        <testcase classname="src/schemas/attendance.schema.test.ts" name="bulkAttendanceSchema &gt; course_id validation &gt; rejects non-integer course_id" time="0.0003191">
        </testcase>
        <testcase classname="src/schemas/attendance.schema.test.ts" name="bulkAttendanceSchema &gt; date validation &gt; accepts valid dates" time="0.0001919">
        </testcase>
        <testcase classname="src/schemas/attendance.schema.test.ts" name="bulkAttendanceSchema &gt; date validation &gt; rejects empty date" time="0.0002663">
        </testcase>
        <testcase classname="src/schemas/attendance.schema.test.ts" name="bulkAttendanceSchema &gt; date validation &gt; rejects invalid date formats" time="0.0002795">
        </testcase>
        <testcase classname="src/schemas/attendance.schema.test.ts" name="bulkAttendanceSchema &gt; attendance_records validation &gt; accepts valid attendance records" time="0.0004523">
        </testcase>
        <testcase classname="src/schemas/attendance.schema.test.ts" name="bulkAttendanceSchema &gt; attendance_records validation &gt; accepts single record" time="0.0001681">
        </testcase>
        <testcase classname="src/schemas/attendance.schema.test.ts" name="bulkAttendanceSchema &gt; attendance_records validation &gt; rejects empty attendance_records array" time="0.0002621">
        </testcase>
        <testcase classname="src/schemas/attendance.schema.test.ts" name="bulkAttendanceSchema &gt; attendance_records validation &gt; validates individual record fields" time="0.0003443">
        </testcase>
        <testcase classname="src/schemas/attendance.schema.test.ts" name="bulkAttendanceSchema &gt; attendance_records validation &gt; validates status values in records" time="0.0002909">
        </testcase>
        <testcase classname="src/schemas/attendance.schema.test.ts" name="bulkAttendanceSchema &gt; attendance_records validation &gt; validates notes length in records" time="0.0002805">
        </testcase>
        <testcase classname="src/schemas/attendance.schema.test.ts" name="bulkAttendanceSchema &gt; attendance_records validation &gt; accepts records with optional notes" time="0.0001419">
        </testcase>
        <testcase classname="src/schemas/attendance.schema.test.ts" name="bulkAttendanceSchema &gt; attendance_records validation &gt; accepts many records for bulk operation" time="0.0006105">
        </testcase>
        <testcase classname="src/schemas/attendance.schema.test.ts" name="bulkAttendanceSchema &gt; complete bulk attendance data &gt; parses complete bulk attendance" time="0.0002614">
        </testcase>
[...]
        </testcase>
        <testcase classname="src/features/analytics/components/__tests__/CardComponents.test.tsx" name="Analytics Component Cards &gt; AttendanceCard &gt; shows warning status for low attendance" time="0.0064916">
        </testcase>
        <testcase classname="src/features/analytics/components/__tests__/CardComponents.test.tsx" name="Analytics Component Cards &gt; TrendsChart &gt; renders trends chart with title" time="0.0034713">
        </testcase>
        <testcase classname="src/features/analytics/components/__tests__/CardComponents.test.tsx" name="Analytics Component Cards &gt; TrendsChart &gt; displays trend direction badge for improving" time="0.0027162">
        </testcase>
        <testcase classname="src/features/analytics/components/__tests__/CardComponents.test.tsx" name="Analytics Component Cards &gt; TrendsChart &gt; displays trend direction badge for declining" time="0.0028067">
        </testcase>
        <testcase classname="src/features/analytics/components/__tests__/CardComponents.test.tsx" name="Analytics Component Cards &gt; TrendsChart &gt; displays moving average value" time="0.0019819">
        </testcase>
        <testcase classname="src/features/analytics/components/__tests__/CardComponents.test.tsx" name="Analytics Component Cards &gt; TrendsChart &gt; displays correct data point count" time="0.0019783">
        </testcase>
        <testcase classname="src/features/analytics/components/__tests__/CardComponents.test.tsx" name="Analytics Component Cards &gt; GradeDistributionChart &gt; renders grade distribution chart with title" time="0.0032584">
        </testcase>
        <testcase classname="src/features/analytics/components/__tests__/CardComponents.test.tsx" name="Analytics Component Cards &gt; GradeDistributionChart &gt; displays total grades count" time="0.0027429">
        </testcase>
        <testcase classname="src/features/analytics/components/__tests__/CardComponents.test.tsx" name="Analytics Component Cards &gt; GradeDistributionChart &gt; displays class average" time="0.0034888">
        </testcase>
        <testcase classname="src/features/analytics/components/__tests__/CardComponents.test.tsx" name="Analytics Component Cards &gt; GradeDistributionChart &gt; displays grade range legend" time="0.004868">
        </testcase>
        <testcase classname="src/features/analytics/components/__tests__/CardComponents.test.tsx" name="Analytics Component Cards &gt; GradeDistributionChart &gt; handles empty distribution" time="0.0010893">
        </testcase>
    </testsuite>
    <testsuite name="src/features/attendance/components/__tests__/AttendanceView.specialParticipation.test.tsx" timestamp="2026-06-19T13:07:41.850Z" hostname="REC" tests="1" failures="0" errors="0" skipped="0" time="0.3472382">
        <testcase classname="src/features/attendance/components/__tests__/AttendanceView.specialParticipation.test.tsx" name="AttendanceView - Special Participation Labels &gt; shows a custom applied label when stored special score differs from canonical preset" time="0.3452793">
        </testcase>
    </testsuite>
    <testsuite name="src/features/dashboard/hooks/__tests__/useDashboards.test.tsx" timestamp="2026-06-19T13:07:41.851Z" hostname="REC" tests="12" failures="0" errors="0" skipped="0" time="0.9229013">
        <testcase classname="src/features/dashboard/hooks/__tests__/useDashboards.test.tsx" name="useDashboards hook &gt; Fetching dashboards &gt; fetches all dashboards successfully" time="0.0937971">
        </testcase>
        <testcase classname="src/features/dashboard/hooks/__tests__/useDashboards.test.tsx" name="useDashboards hook &gt; Fetching dashboards &gt; extracts default dashboard from dashboards list" time="0.0766209">
        </testcase>
        <testcase classname="src/features/dashboard/hooks/__tests__/useDashboards.test.tsx" name="useDashboards hook &gt; Fetching dashboards &gt; handles empty dashboards list" time="0.0935579">
        </testcase>
        <testcase classname="src/features/dashboard/hooks/__tests__/useDashboards.test.tsx" name="useDashboards hook &gt; Fetching dashboards &gt; handles API errors gracefully" time="0.0776924">
        </testcase>
        <testcase classname="src/features/dashboard/hooks/__tests__/useDashboards.test.tsx" name="useDashboards hook &gt; Creating dashboards &gt; creates a new dashboard successfully" time="0.0299928">
        </testcase>
        <testcase classname="src/features/dashboard/hooks/__tests__/useDashboards.test.tsx" name="useDashboards hook &gt; Creating dashboards &gt; handles create errors" time="0.0171044">
        </testcase>
        <testcase classname="src/features/dashboard/hooks/__tests__/useDashboards.test.tsx" name="useDashboards hook &gt; Updating dashboards &gt; updates a dashboard successfully" time="0.084559">
        </testcase>
        <testcase classname="src/features/dashboard/hooks/__tests__/useDashboards.test.tsx" name="useDashboards hook &gt; Deleting dashboards &gt; deletes a dashboard successfully" time="0.0787066">
        </testcase>
        <testcase classname="src/features/dashboard/hooks/__tests__/useDashboards.test.tsx" name="useDashboards hook &gt; Setting default dashboard &gt; sets a dashboard as default" time="0.0788605">
        </testcase>
        <testcase classname="src/features/dashboard/hooks/__tests__/useDashboards.test.tsx" name="useDashboards hook &gt; Loading states &gt; provides correct loading states during fetch" time="0.1336981">
        </testcase>
        <testcase classname="src/features/dashboard/hooks/__tests__/useDashboards.test.tsx" name="useDashboards hook &gt; Chart configuration &gt; preserves chart configuration in dashboards" time="0.0770115">
        </testcase>
        <testcase classname="src/features/dashboard/hooks/__tests__/useDashboards.test.tsx" name="useDashboards hook &gt; Chart configuration &gt; supports various chart types in configuration" time="0.0784965">
        </testcase>
    </testsuite>
    <testsuite name="src/features/custom-reports/components/__tests__/ReportBuilder.test.tsx" timestamp="2026-06-19T13:07:41.853Z" hostname="REC" tests="2" failures="0" errors="0" skipped="0" time="0.1035695">
        <testcase classname="src/features/custom-reports/components/__tests__/ReportBuilder.test.tsx" name="ReportBuilder &gt; normalizes legacy grade fields and relational id before save" time="0.0718373">
        </testcase>
        <testcase classname="src/features/custom-reports/components/__tests__/ReportBuilder.test.tsx" name="ReportBuilder &gt; normalizes student attendance templates to user-facing student identifiers before save" time="0.0295327">
        </testcase>
    </testsuite>
    <testsuite name="src/features/custom-reports/components/__tests__/ReportList.test.tsx" timestamp="2026-06-19T13:07:41.854Z" hostname="REC" tests="1" failures="0" errors="0" skipped="0" time="0.1078159">
        <testcase classname="src/features/custom-reports/components/__tests__/ReportList.test.tsx" name="ReportList superseded history toggle &gt; flips include_superseded query and updates visible list when toggle is enabled" time="0.1052328">
        </testcase>
    </testsuite>
    <testsuite name="src/features/dashboard/pages/__tests__/DashboardManager.test.tsx" timestamp="2026-06-19T13:07:41.855Z" hostname="REC" tests="10" failures="0" errors="0" skipped="0" time="0.6143191">
        <testcase classname="src/features/dashboard/pages/__tests__/DashboardManager.test.tsx" name="DashboardManager &gt; renders dashboard manager with title" time="0.0370492">
        </testcase>
        <testcase classname="src/features/dashboard/pages/__tests__/DashboardManager.test.tsx" name="DashboardManager &gt; displays list of dashboards" time="0.0120784">
        </testcase>
        <testcase classname="src/features/dashboard/pages/__tests__/DashboardManager.test.tsx" name="DashboardManager &gt; shows default dashboard badge" time="0.0098693">
        </testcase>
        <testcase classname="src/features/dashboard/pages/__tests__/DashboardManager.test.tsx" name="DashboardManager &gt; displays chart count for each dashboard" time="0.0159007">
        </testcase>
        <testcase classname="src/features/dashboard/pages/__tests__/DashboardManager.test.tsx" name="DashboardManager &gt; shows empty state when no dashboards exist" time="0.0041626">
        </testcase>
        <testcase classname="src/features/dashboard/pages/__tests__/DashboardManager.test.tsx" name="DashboardManager &gt; shows loading state" time="0.0076388">
        </testcase>
        <testcase classname="src/features/dashboard/pages/__tests__/DashboardManager.test.tsx" name="DashboardManager &gt; opens create dialog on new dashboard button click" time="0.1951407">
        </testcase>
        <testcase classname="src/features/dashboard/pages/__tests__/DashboardManager.test.tsx" name="DashboardManager &gt; shows delete confirmation when delete button clicked" time="0.0788563">
        </testcase>
        <testcase classname="src/features/dashboard/pages/__tests__/DashboardManager.test.tsx" name="DashboardManager &gt; calls deleteDashboard when delete confirmed" time="0.1723629">
        </testcase>
        <testcase classname="src/features/dashboard/pages/__tests__/DashboardManager.test.tsx" name="DashboardManager &gt; calls setDefaultDashboard when star button clicked" time="0.0785835">
        </testcase>
    </testsuite>
    <testsuite name="src/features/dashboard/components/__tests__/AnalyticsDashboard.test.tsx" timestamp="2026-06-19T13:07:41.857Z" hostname="REC" tests="7" failures="0" errors="0" skipped="0" time="0.1602712">
        <testcase classname="src/features/dashboard/components/__tests__/AnalyticsDashboard.test.tsx" name="AnalyticsDashboard &gt; renders dashboard without crashing" time="0.0389711">
        </testcase>
        <testcase classname="src/features/dashboard/components/__tests__/AnalyticsDashboard.test.tsx" name="AnalyticsDashboard &gt; renders analytics dashboard without crashing" time="0.0117117">
        </testcase>
        <testcase classname="src/features/dashboard/components/__tests__/AnalyticsDashboard.test.tsx" name="AnalyticsDashboard &gt; displays total students count or placeholder" time="0.0266372">
        </testcase>
        <testcase classname="src/features/dashboard/components/__tests__/AnalyticsDashboard.test.tsx" name="AnalyticsDashboard &gt; displays total courses count or placeholder" time="0.0132319">
        </testcase>
        <testcase classname="src/features/dashboard/components/__tests__/AnalyticsDashboard.test.tsx" name="AnalyticsDashboard &gt; displays average grade or placeholder" time="0.0184341">
        </testcase>
        <testcase classname="src/features/dashboard/components/__tests__/AnalyticsDashboard.test.tsx" name="AnalyticsDashboard &gt; shows loading state or renders content" time="0.012518">
        </testcase>
        <testcase classname="src/features/dashboard/components/__tests__/AnalyticsDashboard.test.tsx" name="AnalyticsDashboard &gt; renders the dashboard when the summary endpoint fails" time="0.036215">
        </testcase>
    </testsuite>
    <testsuite name="src/features/dashboard/components/__tests__/ChartDrillDown.test.tsx" timestamp="2026-06-19T13:07:41.858Z" hostname="REC" tests="4" failures="0" errors="0" skipped="0" time="0.0303425">
        <testcase classname="src/features/dashboard/components/__tests__/ChartDrillDown.test.tsx" name="ChartDrillDown &gt; renders drill-down navigation without crashing" time="0.0136263">
        </testcase>
        <testcase classname="src/features/dashboard/components/__tests__/ChartDrillDown.test.tsx" name="ChartDrillDown &gt; displays current level content" time="0.0064309">
        </testcase>
        <testcase classname="src/features/dashboard/components/__tests__/ChartDrillDown.test.tsx" name="ChartDrillDown &gt; renders title and breadcrumb navigation" time="0.0066188">
        </testcase>
        <testcase classname="src/features/dashboard/components/__tests__/ChartDrillDown.test.tsx" name="ChartDrillDown &gt; handles navigation state changes" time="0.0018164">
        </testcase>
    </testsuite>
    <testsuite name="src/features/dashboard/components/__tests__/CreateEditDashboardDialog.test.tsx" timestamp="2026-06-19T13:07:41.859Z" hostname="REC" tests="13" failures="0" errors="0" skipped="0" time="1.6502464">
        <testcase classname="src/features/dashboard/components/__tests__/CreateEditDashboardDialog.test.tsx" name="CreateEditDashboardDialog &gt; renders create dialog when no dashboard provided" time="0.0389719">
        </testcase>
        <testcase classname="src/features/dashboard/components/__tests__/CreateEditDashboardDialog.test.tsx" name="CreateEditDashboardDialog &gt; renders edit dialog when dashboard provided" time="0.0150443">
        </testcase>
        <testcase classname="src/features/dashboard/components/__tests__/CreateEditDashboardDialog.test.tsx" name="CreateEditDashboardDialog &gt; pre-fills form with dashboard data" time="0.0105212">
        </testcase>
        <testcase classname="src/features/dashboard/components/__tests__/CreateEditDashboardDialog.test.tsx" name="CreateEditDashboardDialog &gt; checks chart checkboxes from configuration" time="0.0072167">
        </testcase>
        <testcase classname="src/features/dashboard/components/__tests__/CreateEditDashboardDialog.test.tsx" name="CreateEditDashboardDialog &gt; requires dashboard name" time="0.1279347">
        </testcase>
        <testcase classname="src/features/dashboard/components/__tests__/CreateEditDashboardDialog.test.tsx" name="CreateEditDashboardDialog &gt; requires at least one chart selected" time="0.3912444">
        </testcase>
        <testcase classname="src/features/dashboard/components/__tests__/CreateEditDashboardDialog.test.tsx" name="CreateEditDashboardDialog &gt; calls onSave with correct data on form submit" time="0.388093">
        </testcase>
        <testcase classname="src/features/dashboard/components/__tests__/CreateEditDashboardDialog.test.tsx" name="CreateEditDashboardDialog &gt; trims whitespace from inputs" time="0.4359897">
        </testcase>
        <testcase classname="src/features/dashboard/components/__tests__/CreateEditDashboardDialog.test.tsx" name="CreateEditDashboardDialog &gt; toggles chart selection on checkbox click" time="0.1086328">
        </testcase>
        <testcase classname="src/features/dashboard/components/__tests__/CreateEditDashboardDialog.test.tsx" name="CreateEditDashboardDialog &gt; calls onClose when close button clicked" time="0.0624163">
        </testcase>
        <testcase classname="src/features/dashboard/components/__tests__/CreateEditDashboardDialog.test.tsx" name="CreateEditDashboardDialog &gt; calls onClose when backdrop clicked" time="0.0084642">
        </testcase>
        <testcase classname="src/features/dashboard/components/__tests__/CreateEditDashboardDialog.test.tsx" name="CreateEditDashboardDialog &gt; displays loading state when isLoading prop is true" time="0.006718">
        </testcase>
        <testcase classname="src/features/dashboard/components/__tests__/CreateEditDashboardDialog.test.tsx" name="CreateEditDashboardDialog &gt; displays chart count" time="0.0467504">
        </testcase>
    </testsuite>
    <testsuite name="src/features/dashboard/components/__tests__/CustomReportBuilder.test.tsx" timestamp="2026-06-19T13:07:41.862Z" hostname="REC" tests="7" failures="0" errors="0" skipped="0" time="0.0710921">
        <testcase classname="src/features/dashboard/components/__tests__/CustomReportBuilder.test.tsx" name="CustomReportBuilder &gt; renders report builder without crashing" time="0.034421">
        </testcase>
        <testcase classname="src/features/dashboard/components/__tests__/CustomReportBuilder.test.tsx" name="CustomReportBuilder &gt; displays builder interface structure" time="0.0107337">
        </testcase>
        <testcase classname="src/features/dashboard/components/__tests__/CustomReportBuilder.test.tsx" name="CustomReportBuilder &gt; has navigation buttons available" time="0.0058505">
        </testcase>
        <testcase classname="src/features/dashboard/components/__tests__/CustomReportBuilder.test.tsx" name="CustomReportBuilder &gt; renders form fields for report configuration" time="0.0045639">
        </testcase>
        <testcase classname="src/features/dashboard/components/__tests__/CustomReportBuilder.test.tsx" name="CustomReportBuilder &gt; receives and displays report name when provided" time="0.0041766">
        </testcase>
        <testcase classname="src/features/dashboard/components/__tests__/CustomReportBuilder.test.tsx" name="CustomReportBuilder &gt; shows form validation feedback" time="0.003335">
        </testcase>
        <testcase classname="src/features/dashboard/components/__tests__/CustomReportBuilder.test.tsx" name="CustomReportBuilder &gt; renders without errors in empty state" time="0.0058863">
        </testcase>
    </testsuite>
    <testsuite name="src/features/dashboard/components/__tests__/PredictiveAnalyticsPanel.test.tsx" timestamp="2026-06-19T13:07:41.863Z" hostname="REC" tests="5" failures="0" errors="0" skipped="0" time="0.0453289">
        <testcase classname="src/features/dashboard/components/__tests__/PredictiveAnalyticsPanel.test.tsx" name="PredictiveAnalyticsPanel &gt; renders predictive panel without crashing" time="0.0181334">
        </testcase>
        <testcase classname="src/features/dashboard/components/__tests__/PredictiveAnalyticsPanel.test.tsx" name="PredictiveAnalyticsPanel &gt; displays risk assessment summary when data provided" time="0.0160945">
        </testcase>
        <testcase classname="src/features/dashboard/components/__tests__/PredictiveAnalyticsPanel.test.tsx" name="PredictiveAnalyticsPanel &gt; shows at-risk students list when data provided" time="0.0031482">
        </testcase>
        <testcase classname="src/features/dashboard/components/__tests__/PredictiveAnalyticsPanel.test.tsx" name="PredictiveAnalyticsPanel &gt; displays recommendations for at-risk students" time="0.0024113">
        </testcase>
        <testcase classname="src/features/dashboard/components/__tests__/PredictiveAnalyticsPanel.test.tsx" name="PredictiveAnalyticsPanel &gt; handles empty data gracefully" time="0.0025719">
        </testcase>
    </testsuite>
    <testsuite name="src/features/grading/components/__tests__/GradingView.decimal.test.tsx" timestamp="2026-06-19T13:07:41.865Z" hostname="REC" tests="6" failures="0" errors="0" skipped="0" time="0.1682412">
        <testcase classname="src/features/grading/components/__tests__/GradingView.decimal.test.tsx" name="GradingView - Decimal Input &gt; allows decimal point input in grade field" time="0.0573266">
        </testcase>
        <testcase classname="src/features/grading/components/__tests__/GradingView.decimal.test.tsx" name="GradingView - Decimal Input &gt; allows decimal point input in maxGrade field" time="0.0133637">
        </testcase>
        <testcase classname="src/features/grading/components/__tests__/GradingView.decimal.test.tsx" name="GradingView - Decimal Input &gt; allows decimal point input in weight field" time="0.0159661">
        </testcase>
        <testcase classname="src/features/grading/components/__tests__/GradingView.decimal.test.tsx" name="GradingView - Decimal Input &gt; accepts comma as decimal separator (European format)" time="0.0110412">
        </testcase>
        <testcase classname="src/features/grading/components/__tests__/GradingView.decimal.test.tsx" name="GradingView - Decimal Input &gt; stores decimal values as strings during typing" time="0.0159413">
        </testcase>
        <testcase classname="src/features/grading/components/__tests__/GradingView.decimal.test.tsx" name="GradingView - Decimal Input &gt; adds a grade and shows it in grade history after refresh" time="0.0523164">
        </testcase>
    </testsuite>
</testsuites>
